#
# A fatal error has been detected by the Java Runtime Environment:
#
#  EXCEPTION_ACCESS_VIOLATION (0xc0000005) at pc=0x00007ffcbfeec3a2, pid=12048, tid=2212
#
# JRE version: OpenJDK Runtime Environment Temurin-21.0.2+13 (21.0.2+13) (build 21.0.2+13-LTS)
# Java VM: OpenJDK 64-Bit Server VM Temurin-21.0.2+13 (21.0.2+13-LTS, mixed mode, sharing, tiered, compressed oops, compressed class ptrs, g1 gc, windows-amd64)
# Problematic frame:
# C  [igxelpicd64.dll+0x2bc3a2]
#
# No core dump will be written. Minidumps are not enabled by default on client versions of Windows
#
# If you would like to submit a bug report, please visit:
#   https://github.com/adoptium/adoptium-support/issues
#

---------------  S U M M A R Y ------------

Command Line: -agentlib:jdwp=transport=dt_socket,server=n,suspend=y,address=localhost:57004 -XX:+ShowCodeDetailsInExceptionMessages Main

Host: 11th Gen Intel(R) Core(TM) i5-1135G7 @ 2.40GHz, 8 cores, 7G,  Windows 11 , 64 bit Build 22621 (10.0.22621.3958)
Time: Tue Oct  8 12:34:06 2024 Romance (zomertijd) elapsed time: 163.722021 seconds (0d 0h 2m 43s)

---------------  T H R E A D  ---------------

Current thread (0x0000017665817890):  VMThread "VM Thread"          [id=2212, stack(0x00000012e4200000,0x00000012e4300000) (1024K)]

Stack: [0x00000012e4200000,0x00000012e4300000],  sp=0x00000012e42fe7a0,  free space=1017k
Native frames: (J=compiled Java code, j=interpreted, Vv=VM code, C=native code)
C  [igxelpicd64.dll+0x2bc3a2]


siginfo: EXCEPTION_ACCESS_VIOLATION (0xc0000005), reading address 0x0000000000035888


Registers:
RAX=0x0000017681ae13c8, RBX=0x0000017681ae11a0, RCX=0x0000000000000000, RDX=0x00000000fffffff4
RSP=0x00000012e42fe7a0, RBP=0x0000000000000000, RSI=0x0000017681ae1770, RDI=0x000001766ce6dbd0
R8 =0x0000000000000014, R9 =0x0000000000000004, R10=0x0000000000000000, R11=0x0000000000000246
R12=0x00000176756b0000, R13=0x0000017681ae0480, R14=0x0000000000063e00, R15=0x0000000000000016
RIP=0x00007ffcbfeec3a2, EFLAGS=0x0000000000010202


Register to memory mapping:

RAX=0x0000017681ae13c8 points into unknown readable memory: 0x0000000000063a6c | 6c 3a 06 00 00 00 00 00
RBX=0x0000017681ae11a0 points into unknown readable memory: 0x000001766a705fa0 | a0 5f 70 6a 76 01 00 00
RCX=0x0 is null
RDX=0x00000000fffffff4 is an unallocated location in the heap
RSP=0x00000012e42fe7a0 points into unknown readable memory: 0x000001766bf6c640 | 40 c6 f6 6b 76 01 00 00
RBP=0x0 is null
RSI=0x0000017681ae1770 points into unknown readable memory: 0x0000017681ae0480 | 80 04 ae 81 76 01 00 00
RDI=0x000001766ce6dbd0 points into unknown readable memory: 0x0000017675483000 | 00 30 48 75 76 01 00 00
R8 =0x0000000000000014 is an unknown value
R9 =0x0000000000000004 is an unknown value
R10=0x0 is null
R11=0x0000000000000246 is an unknown value
R12=0x00000176756b0000 points into unknown readable memory: 0x00000176756afc90 | 90 fc 6a 75 76 01 00 00
R13=0x0000017681ae0480 points into unknown readable memory: 0x000001766a705fa0 | a0 5f 70 6a 76 01 00 00
R14=0x0000000000063e00 is an unknown value
R15=0x0000000000000016 is an unknown value

Top of Stack: (sp=0x00000012e42fe7a0)
0x00000012e42fe7a0:   000001766bf6c640 0000000000000000
0x00000012e42fe7b0:   0000000000000001 00007ffd7c694174
0x00000012e42fe7c0:   000001767567b100 00000176756bb801
0x00000012e42fe7d0:   00000176756b1270 00000176756b5370
0x00000012e42fe7e0:   0000000000000013 0000000000063e64
0x00000012e42fe7f0:   0000b80219170000 00000176756b0058
0x00000012e42fe800:   0000000000000000 0000000000000000
0x00000012e42fe810:   00000012e42fe920 00007ffcbfedbdb7
0x00000012e42fe820:   000001766bf6c640 000001766ce6dbd0
0x00000012e42fe830:   00000176756b0900 000001767567b100
0x00000012e42fe840:   0000001200001698 00007ffc00000000
0x00000012e42fe850:   0000000000000000 0000000000000000
0x00000012e42fe860:   0000000000000000 00000176756bb8d0
0x00000012e42fe870:   00000012e36ba000 00007ffd7c60dce6
0x00000012e42fe880:   0000000000000001 00000176756afc90
0x00000012e42fe890:   00000012e42fea78 00007ffd7c685a21
0x00000012e42fe8a0:   00000012e42fea18 00000012e42fea10
0x00000012e42fe8b0:   00000012e36ba000 00007ffcbfeee1dc
0x00000012e42fe8c0:   0000000000000001 000001767567b100
0x00000012e42fe8d0:   0000b80219170000 0000000000001698
0x00000012e42fe8e0:   0000000000000000 80002cc000000001
0x00000012e42fe8f0:   0000000000000000 0000000000000000
0x00000012e42fe900:   0000000000000000 0000000000000000
0x00000012e42fe910:   0000000000000000 0000000000000000
0x00000012e42fe920:   0000000000000000 0000000000000000
0x00000012e42fe930:   0000000000000000 0000000000000000
0x00000012e42fe940:   0000000000000000 0000000000000000
0x00000012e42fe950:   0000000000000000 0000000000000000
0x00000012e42fe960:   0000000000000000 0000000000000000
0x00000012e42fe970:   0000000000000000 0000000000000000
0x00000012e42fe980:   0000000000000000 0000000000000000
0x00000012e42fe990:   0000000000000000 0000000000000000 

Instructions: (pc=0x00007ffcbfeec3a2)
0x00007ffcbfeec2a2:   8b fa 48 8b e9 48 8b 1d ba e4 c5 00 48 89 58 08
0x00007ffcbfeec2b2:   48 8b cb ff 15 4d ee 7e 00 90 4c 8b af 78 02 00
0x00007ffcbfeec2c2:   00 48 8b 05 16 be b5 00 44 8b b8 90 0b 00 00 45
0x00007ffcbfeec2d2:   33 d2 45 8a f2 4c 89 97 78 02 00 00 44 89 97 80
0x00007ffcbfeec2e2:   02 00 00 4c 89 97 98 02 00 00 4c 89 97 88 02 00
0x00007ffcbfeec2f2:   00 48 85 ed 75 38 8b 35 62 be c5 00 65 48 8b 04
0x00007ffcbfeec302:   25 58 00 00 00 b9 14 00 00 00 48 8b 04 f0 44 38
0x00007ffcbfeec312:   14 01 0f 84 30 4d 6c 00 65 48 8b 04 25 58 00 00
0x00007ffcbfeec322:   00 bd 20 00 00 00 48 8b 04 f0 48 8b 2c 28 48 3b
0x00007ffcbfeec332:   2d b9 e3 c5 00 45 0f 44 fa 4d 85 ed 0f 84 72 01
0x00007ffcbfeec342:   00 00 44 8a a4 24 90 00 00 00 49 8b dd 49 8d b5
0x00007ffcbfeec352:   d0 05 00 00 4c 8b 2e 45 84 e4 0f 85 2c 03 00 00
0x00007ffcbfeec362:   44 8b 8f c8 01 00 00 48 8b 05 70 bd b5 00 83 b8
0x00007ffcbfeec372:   68 03 00 00 02 75 36 41 8d 51 f0 41 83 f9 10 0f
0x00007ffcbfeec382:   83 74 01 00 00 4a 8d 04 cd 21 00 00 00 49 03 c1
0x00007ffcbfeec392:   48 8d 04 c3 48 85 c0 0f 85 4a 01 00 00 49 8b ca
0x00007ffcbfeec3a2:   48 3b 8d 88 58 03 00 0f 87 a8 4c 6c 00 48 8d 93
0x00007ffcbfeec3b2:   08 01 00 00 4c 39 93 48 06 00 00 0f 85 13 4e 6c
0x00007ffcbfeec3c2:   00 44 8b 9f c8 01 00 00 48 8b 87 e0 01 00 00 4c
0x00007ffcbfeec3d2:   8b 10 44 8b 87 c8 01 00 00 41 83 f8 10 0f 83 43
0x00007ffcbfeec3e2:   01 00 00 4b 8d 0c c0 48 8d 04 ca 48 85 c0 0f 85
0x00007ffcbfeec3f2:   fc 00 00 00 33 c9 49 3b ca 0f 86 58 01 00 00 45
0x00007ffcbfeec402:   33 d2 48 8b 87 78 02 00 00 48 89 06 48 89 9f 78
0x00007ffcbfeec412:   02 00 00 ff 87 80 02 00 00 48 8b 43 08 48 8b 88
0x00007ffcbfeec422:   18 01 00 00 48 81 e1 00 00 ff ff 48 81 c1 00 00
0x00007ffcbfeec432:   01 00 48 01 8f 88 02 00 00 48 8b 43 08 48 8b 88
0x00007ffcbfeec442:   18 01 00 00 48 01 8f 98 02 00 00 eb 45 48 8b d3
0x00007ffcbfeec452:   41 8b cb e8 a6 06 ff ff 45 33 d2 84 c0 75 a3 44
0x00007ffcbfeec462:   38 53 1c 0f 84 23 02 00 00 48 8b 87 f8 02 00 00
0x00007ffcbfeec472:   48 03 87 98 02 00 00 48 3b 87 a0 02 00 00 0f 83
0x00007ffcbfeec482:   7c 4d 6c 00 48 8b d3 48 8b cf e8 4f f0 ff ff 45
0x00007ffcbfeec492:   33 d2 4d 85 ed 0f 85 af fe ff ff 45 84 f6 44 8a 


Stack slot to memory mapping:

stack at sp + 0 slots: 0x000001766bf6c640 points into unknown readable memory: 0xffffffffffffffff | ff ff ff ff ff ff ff ff
stack at sp + 1 slots: 0x0 is null
stack at sp + 2 slots: 0x0000000000000001 is an unknown value
stack at sp + 3 slots: 0x00007ffd7c694174 ntdll.dll
stack at sp + 4 slots: 0x000001767567b100 points into unknown readable memory: 0x000001766bf7d040 | 40 d0 f7 6b 76 01 00 00
stack at sp + 5 slots: 0x00000176756bb801 points into unknown readable memory: 00 00 00 00 00 00 00
stack at sp + 6 slots: 0x00000176756b1270 points into unknown readable memory: 0x00000176756b12e0 | e0 12 6b 75 76 01 00 00
stack at sp + 7 slots: 0x00000176756b5370 points into unknown readable memory: 0x0000000000000000 | 00 00 00 00 00 00 00 00

VM_Operation (0x00000012e65fe710): Exit, mode: safepoint, requested by thread 0x000001767583a630


---------------  P R O C E S S  ---------------

Threads class SMR info:
_java_thread_list=0x000001766a680320, length=18, elements={
0x0000017665839040, 0x0000017665839aa0, 0x000001766583beb0, 0x0000017665845a60,
0x0000017665846db0, 0x0000017665847940, 0x00000176658578f0, 0x00000176658783f0,
0x0000017665b157c0, 0x0000017665b1a220, 0x0000017665b1b4d0, 0x0000017665b20090,
0x0000017665b248d0, 0x000001766a436af0, 0x000001766c5cc700, 0x0000017648e19cb0,
0x000001767583a630, 0x000001766c615900
}

Java Threads: ( => current thread )
  0x0000017665839040 JavaThread "Reference Handler"          daemon [_thread_blocked, id=5216, stack(0x00000012e4300000,0x00000012e4400000) (1024K)]
  0x0000017665839aa0 JavaThread "Finalizer"                  daemon [_thread_blocked, id=2264, stack(0x00000012e4400000,0x00000012e4500000) (1024K)]
  0x000001766583beb0 JavaThread "Signal Dispatcher"          daemon [_thread_blocked, id=16016, stack(0x00000012e4500000,0x00000012e4600000) (1024K)]
  0x0000017665845a60 JavaThread "Attach Listener"            daemon [_thread_blocked, id=17100, stack(0x00000012e4600000,0x00000012e4700000) (1024K)]
  0x0000017665846db0 JavaThread "Service Thread"             daemon [_thread_blocked, id=10168, stack(0x00000012e4700000,0x00000012e4800000) (1024K)]
  0x0000017665847940 JavaThread "Monitor Deflation Thread"   daemon [_thread_blocked, id=3652, stack(0x00000012e4800000,0x00000012e4900000) (1024K)]
  0x00000176658578f0 JavaThread "C2 CompilerThread0"         daemon [_thread_blocked, id=17708, stack(0x00000012e4900000,0x00000012e4a00000) (1024K)]
  0x00000176658783f0 JavaThread "C1 CompilerThread0"         daemon [_thread_blocked, id=9792, stack(0x00000012e4a00000,0x00000012e4b00000) (1024K)]
  0x0000017665b157c0 JavaThread "JDWP Transport Listener: dt_socket" daemon [_thread_blocked, id=4544, stack(0x00000012e4b00000,0x00000012e4c00000) (1024K)]
  0x0000017665b1a220 JavaThread "JDWP Event Helper Thread"   daemon [_thread_blocked, id=17980, stack(0x00000012e4c00000,0x00000012e4d00000) (1024K)]
  0x0000017665b1b4d0 JavaThread "JDWP Command Reader"        daemon [_thread_blocked, id=7888, stack(0x00000012e4d00000,0x00000012e4e00000) (1024K)]
  0x0000017665b20090 JavaThread "Notification Thread"        daemon [_thread_blocked, id=16816, stack(0x00000012e4e00000,0x00000012e4f00000) (1024K)]
  0x0000017665b248d0 JavaThread "Common-Cleaner"             daemon [_thread_blocked, id=13600, stack(0x00000012e4f00000,0x00000012e5000000) (1024K)]
  0x000001766a436af0 JavaThread "Java2D Disposer"            daemon [_thread_blocked, id=13624, stack(0x00000012e5100000,0x00000012e5200000) (1024K)]
  0x000001766c5cc700 JavaThread "HighResTimerThread"         daemon [_thread_blocked, id=4768, stack(0x00000012e6000000,0x00000012e6100000) (1024K)]
  0x0000017648e19cb0 JavaThread "DestroyJavaVM"                     [_thread_blocked, id=10992, stack(0x00000012e3b00000,0x00000012e3c00000) (1024K)]
  0x000001767583a630 JavaThread "main-FPSAWTAnimator#00-Timer0-FPSAWTAnimator#00-Timer1"        [_thread_blocked, id=13200, stack(0x00000012e6500000,0x00000012e6600000) (1024K)]
  0x000001766c615900 JavaThread "AWT-Shutdown"                      [_thread_blocked, id=4984, stack(0x00000012e3800000,0x00000012e3900000) (1024K)]
Total: 18

Other Threads:
=>0x0000017665817890 VMThread "VM Thread"                           [id=2212, stack(0x00000012e4200000,0x00000012e4300000) (1024K)]
  0x0000017648e774b0 WorkerThread "GC Thread#0"                     [id=16080, stack(0x00000012e3c00000,0x00000012e3d00000) (1024K)]
  0x000001766c34fde0 WorkerThread "GC Thread#1"                     [id=15216, stack(0x00000012e5900000,0x00000012e5a00000) (1024K)]
  0x000001766c350180 WorkerThread "GC Thread#2"                     [id=17652, stack(0x00000012e5a00000,0x00000012e5b00000) (1024K)]
  0x000001766c350520 WorkerThread "GC Thread#3"                     [id=16344, stack(0x00000012e5b00000,0x00000012e5c00000) (1024K)]
  0x000001766c3508c0 WorkerThread "GC Thread#4"                     [id=980, stack(0x00000012e5c00000,0x00000012e5d00000) (1024K)]
  0x000001766c350c60 WorkerThread "GC Thread#5"                     [id=8252, stack(0x00000012e5d00000,0x00000012e5e00000) (1024K)]
  0x000001766c37ad80 WorkerThread "GC Thread#6"                     [id=17140, stack(0x00000012e5e00000,0x00000012e5f00000) (1024K)]
  0x000001766c37b120 WorkerThread "GC Thread#7"                     [id=5520, stack(0x00000012e5f00000,0x00000012e6000000) (1024K)]
  0x0000017648e88050 ConcurrentGCThread "G1 Main Marker"            terminated
  0x0000017648e88b50 WorkerThread "G1 Conc#0"                       [id=9968, stack(0x00000012e3e00000,0x00000012e3f00000) (1024K)]
  0x000001766c5be3f0 WorkerThread "G1 Conc#1"                       [id=2272, stack(0x00000012e6200000,0x00000012e6300000) (1024K)]
  0x0000017648ede6a0 ConcurrentGCThread "G1 Refine#0"               terminated
  0x00000176656d37e0 ConcurrentGCThread "G1 Service"                terminated
Total: 14

Threads with active compile tasks:
Total: 0

VM state: at safepoint (shutting down)

VM Mutex/Monitor currently owned by a thread:  ([mutex/lock_event])
[0x00007ffcc18b3198] Threads_lock - owner thread: 0x0000017665817890
[0x00007ffcc18b3298] Heap_lock - owner thread: 0x000001767583a630

Heap address: 0x0000000087000000, size: 1936 MB, Compressed Oops mode: 32-bit

CDS archive(s) mapped at: [0x0000017600000000-0x0000017600c90000-0x0000017600c90000), size 13172736, SharedBaseAddress: 0x0000017600000000, ArchiveRelocationMode: 1.
Compressed class space mapped at: 0x0000017601000000-0x0000017641000000, reserved size: 1073741824
Narrow klass base: 0x0000017600000000, Narrow klass shift: 0, Narrow klass range: 0x100000000

GC Precious Log:
 CardTable entry size: 512
 Card Set container configuration: InlinePtr #cards 5 size 8 Array Of Cards #cards 12 size 40 Howl #buckets 4 coarsen threshold 1843 Howl Bitmap #cards 512 size 80 coarsen threshold 460 Card regions per heap region 1 cards per card region 2048
 CPUs: 8 total, 8 available
 Memory: 7739M
 Large Page Support: Disabled
 NUMA Support: Disabled
 Compressed Oops: Enabled (32-bit)
 Heap Region Size: 1M
 Heap Min Capacity: 8M
 Heap Initial Capacity: 122M
 Heap Max Capacity: 1936M
 Pre-touch: Disabled
 Parallel Workers: 8
 Concurrent Workers: 2
 Concurrent Refinement Workers: 8
 Periodic GC: Disabled

Heap:
 garbage-first heap   total 221184K, used 122479K [0x0000000087000000, 0x0000000100000000)
  region size 1024K, 65 young (66560K), 2 survivors (2048K)
 Metaspace       used 15991K, committed 16320K, reserved 1114112K
  class space    used 1177K, committed 1344K, reserved 1048576K

Heap Regions: E=young(eden), S=young(survivor), O=old, HS=humongous(starts), HC=humongous(continues), CS=collection set, F=free, TAMS=top-at-mark-start, PB=parsable bottom
|   0|0x0000000087000000, 0x0000000087100000, 0x0000000087100000|100%| O|  |TAMS 0x0000000087000000| PB 0x0000000087000000| Untracked 
|   1|0x0000000087100000, 0x0000000087200000, 0x0000000087200000|100%|HS|  |TAMS 0x0000000087100000| PB 0x0000000087100000| Complete 
|   2|0x0000000087200000, 0x0000000087300000, 0x0000000087300000|100%| O|  |TAMS 0x0000000087200000| PB 0x0000000087200000| Untracked 
|   3|0x0000000087300000, 0x0000000087400000, 0x0000000087400000|100%| O|  |TAMS 0x0000000087300000| PB 0x0000000087300000| Untracked 
|   4|0x0000000087400000, 0x0000000087500000, 0x0000000087500000|100%| O|  |TAMS 0x0000000087400000| PB 0x0000000087400000| Untracked 
|   5|0x0000000087500000, 0x0000000087600000, 0x0000000087600000|100%| O|  |TAMS 0x0000000087500000| PB 0x0000000087500000| Untracked 
|   6|0x0000000087600000, 0x0000000087700000, 0x0000000087700000|100%| O|  |TAMS 0x0000000087600000| PB 0x0000000087600000| Untracked 
|   7|0x0000000087700000, 0x0000000087800000, 0x0000000087800000|100%| O|  |TAMS 0x0000000087700000| PB 0x0000000087700000| Untracked 
|   8|0x0000000087800000, 0x0000000087900000, 0x0000000087900000|100%| O|  |TAMS 0x0000000087800000| PB 0x0000000087800000| Untracked 
|   9|0x0000000087900000, 0x0000000087a00000, 0x0000000087a00000|100%|HS|  |TAMS 0x0000000087900000| PB 0x0000000087900000| Complete 
|  10|0x0000000087a00000, 0x0000000087b00000, 0x0000000087b00000|100%|HC|  |TAMS 0x0000000087a00000| PB 0x0000000087a00000| Complete 
|  11|0x0000000087b00000, 0x0000000087c00000, 0x0000000087c00000|100%|HS|  |TAMS 0x0000000087b00000| PB 0x0000000087b00000| Complete 
|  12|0x0000000087c00000, 0x0000000087d00000, 0x0000000087d00000|100%| O|  |TAMS 0x0000000087c00000| PB 0x0000000087c00000| Untracked 
|  13|0x0000000087d00000, 0x0000000087d00000, 0x0000000087e00000|  0%| F|  |TAMS 0x0000000087d00000| PB 0x0000000087d00000| Untracked 
|  14|0x0000000087e00000, 0x0000000087f00000, 0x0000000087f00000|100%| O|  |TAMS 0x0000000087e00000| PB 0x0000000087e00000| Untracked 
|  15|0x0000000087f00000, 0x0000000088000000, 0x0000000088000000|100%| O|  |TAMS 0x0000000087f00000| PB 0x0000000087f00000| Untracked 
|  16|0x0000000088000000, 0x000000008806ffd0, 0x0000000088100000| 43%| O|  |TAMS 0x0000000088000000| PB 0x0000000088000000| Untracked 
|  17|0x0000000088100000, 0x0000000088100000, 0x0000000088200000|  0%| F|  |TAMS 0x0000000088100000| PB 0x0000000088100000| Untracked 
|  18|0x0000000088200000, 0x0000000088200000, 0x0000000088300000|  0%| F|  |TAMS 0x0000000088200000| PB 0x0000000088200000| Untracked 
|  19|0x0000000088300000, 0x0000000088400000, 0x0000000088400000|100%| O|  |TAMS 0x0000000088300000| PB 0x0000000088300000| Untracked 
|  20|0x0000000088400000, 0x0000000088400000, 0x0000000088500000|  0%| F|  |TAMS 0x0000000088400000| PB 0x0000000088400000| Untracked 
|  21|0x0000000088500000, 0x0000000088500000, 0x0000000088600000|  0%| F|  |TAMS 0x0000000088500000| PB 0x0000000088500000| Untracked 
|  22|0x0000000088600000, 0x0000000088600000, 0x0000000088700000|  0%| F|  |TAMS 0x0000000088600000| PB 0x0000000088600000| Untracked 
|  23|0x0000000088700000, 0x0000000088700000, 0x0000000088800000|  0%| F|  |TAMS 0x0000000088700000| PB 0x0000000088700000| Untracked 
|  24|0x0000000088800000, 0x0000000088800000, 0x0000000088900000|  0%| F|  |TAMS 0x0000000088800000| PB 0x0000000088800000| Untracked 
|  25|0x0000000088900000, 0x0000000088900000, 0x0000000088a00000|  0%| F|  |TAMS 0x0000000088900000| PB 0x0000000088900000| Untracked 
|  26|0x0000000088a00000, 0x0000000088a00000, 0x0000000088b00000|  0%| F|  |TAMS 0x0000000088a00000| PB 0x0000000088a00000| Untracked 
|  27|0x0000000088b00000, 0x0000000088b00000, 0x0000000088c00000|  0%| F|  |TAMS 0x0000000088b00000| PB 0x0000000088b00000| Untracked 
|  28|0x0000000088c00000, 0x0000000088c00000, 0x0000000088d00000|  0%| F|  |TAMS 0x0000000088c00000| PB 0x0000000088c00000| Untracked 
|  29|0x0000000088d00000, 0x0000000088d00000, 0x0000000088e00000|  0%| F|  |TAMS 0x0000000088d00000| PB 0x0000000088d00000| Untracked 
|  30|0x0000000088e00000, 0x0000000088e00000, 0x0000000088f00000|  0%| F|  |TAMS 0x0000000088e00000| PB 0x0000000088e00000| Untracked 
|  31|0x0000000088f00000, 0x0000000088f00000, 0x0000000089000000|  0%| F|  |TAMS 0x0000000088f00000| PB 0x0000000088f00000| Untracked 
|  32|0x0000000089000000, 0x0000000089000000, 0x0000000089100000|  0%| F|  |TAMS 0x0000000089000000| PB 0x0000000089000000| Untracked 
|  33|0x0000000089100000, 0x0000000089100000, 0x0000000089200000|  0%| F|  |TAMS 0x0000000089100000| PB 0x0000000089100000| Untracked 
|  34|0x0000000089200000, 0x0000000089200000, 0x0000000089300000|  0%| F|  |TAMS 0x0000000089200000| PB 0x0000000089200000| Untracked 
|  35|0x0000000089300000, 0x0000000089300000, 0x0000000089400000|  0%| F|  |TAMS 0x0000000089300000| PB 0x0000000089300000| Untracked 
|  36|0x0000000089400000, 0x0000000089400000, 0x0000000089500000|  0%| F|  |TAMS 0x0000000089400000| PB 0x0000000089400000| Untracked 
|  37|0x0000000089500000, 0x0000000089500000, 0x0000000089600000|  0%| F|  |TAMS 0x0000000089500000| PB 0x0000000089500000| Untracked 
|  38|0x0000000089600000, 0x0000000089600000, 0x0000000089700000|  0%| F|  |TAMS 0x0000000089600000| PB 0x0000000089600000| Untracked 
|  39|0x0000000089700000, 0x0000000089700000, 0x0000000089800000|  0%| F|  |TAMS 0x0000000089700000| PB 0x0000000089700000| Untracked 
|  40|0x0000000089800000, 0x0000000089800000, 0x0000000089900000|  0%| F|  |TAMS 0x0000000089800000| PB 0x0000000089800000| Untracked 
|  41|0x0000000089900000, 0x0000000089900000, 0x0000000089a00000|  0%| F|  |TAMS 0x0000000089900000| PB 0x0000000089900000| Untracked 
|  42|0x0000000089a00000, 0x0000000089a00000, 0x0000000089b00000|  0%| F|  |TAMS 0x0000000089a00000| PB 0x0000000089a00000| Untracked 
|  43|0x0000000089b00000, 0x0000000089b00000, 0x0000000089c00000|  0%| F|  |TAMS 0x0000000089b00000| PB 0x0000000089b00000| Untracked 
|  44|0x0000000089c00000, 0x0000000089c00000, 0x0000000089d00000|  0%| F|  |TAMS 0x0000000089c00000| PB 0x0000000089c00000| Untracked 
|  45|0x0000000089d00000, 0x0000000089d2bdd0, 0x0000000089e00000| 17%| S|CS|TAMS 0x0000000089d00000| PB 0x0000000089d00000| Complete 
|  46|0x0000000089e00000, 0x0000000089e00000, 0x0000000089f00000|  0%| F|  |TAMS 0x0000000089e00000| PB 0x0000000089e00000| Untracked 
|  47|0x0000000089f00000, 0x000000008a000000, 0x000000008a000000|100%| S|CS|TAMS 0x0000000089f00000| PB 0x0000000089f00000| Complete 
|  48|0x000000008a000000, 0x000000008a000000, 0x000000008a100000|  0%| F|  |TAMS 0x000000008a000000| PB 0x000000008a000000| Untracked 
|  49|0x000000008a100000, 0x000000008a100000, 0x000000008a200000|  0%| F|  |TAMS 0x000000008a100000| PB 0x000000008a100000| Untracked 
|  50|0x000000008a200000, 0x000000008a200000, 0x000000008a300000|  0%| F|  |TAMS 0x000000008a200000| PB 0x000000008a200000| Untracked 
|  51|0x000000008a300000, 0x000000008a300000, 0x000000008a400000|  0%| F|  |TAMS 0x000000008a300000| PB 0x000000008a300000| Untracked 
|  52|0x000000008a400000, 0x000000008a400000, 0x000000008a500000|  0%| F|  |TAMS 0x000000008a400000| PB 0x000000008a400000| Untracked 
|  53|0x000000008a500000, 0x000000008a600000, 0x000000008a600000|100%|HS|  |TAMS 0x000000008a500000| PB 0x000000008a500000| Complete 
|  54|0x000000008a600000, 0x000000008a700000, 0x000000008a700000|100%|HC|  |TAMS 0x000000008a600000| PB 0x000000008a600000| Complete 
|  55|0x000000008a700000, 0x000000008a800000, 0x000000008a800000|100%|HC|  |TAMS 0x000000008a700000| PB 0x000000008a700000| Complete 
|  56|0x000000008a800000, 0x000000008a900000, 0x000000008a900000|100%|HC|  |TAMS 0x000000008a800000| PB 0x000000008a800000| Complete 
|  57|0x000000008a900000, 0x000000008aa00000, 0x000000008aa00000|100%|HC|  |TAMS 0x000000008a900000| PB 0x000000008a900000| Complete 
|  58|0x000000008aa00000, 0x000000008ab00000, 0x000000008ab00000|100%|HC|  |TAMS 0x000000008aa00000| PB 0x000000008aa00000| Complete 
|  59|0x000000008ab00000, 0x000000008ac00000, 0x000000008ac00000|100%|HC|  |TAMS 0x000000008ab00000| PB 0x000000008ab00000| Complete 
|  60|0x000000008ac00000, 0x000000008ad00000, 0x000000008ad00000|100%|HC|  |TAMS 0x000000008ac00000| PB 0x000000008ac00000| Complete 
|  61|0x000000008ad00000, 0x000000008ae00000, 0x000000008ae00000|100%|HC|  |TAMS 0x000000008ad00000| PB 0x000000008ad00000| Complete 
|  62|0x000000008ae00000, 0x000000008af00000, 0x000000008af00000|100%|HC|  |TAMS 0x000000008ae00000| PB 0x000000008ae00000| Complete 
|  63|0x000000008af00000, 0x000000008b000000, 0x000000008b000000|100%|HC|  |TAMS 0x000000008af00000| PB 0x000000008af00000| Complete 
|  64|0x000000008b000000, 0x000000008b100000, 0x000000008b100000|100%|HC|  |TAMS 0x000000008b000000| PB 0x000000008b000000| Complete 
|  65|0x000000008b100000, 0x000000008b200000, 0x000000008b200000|100%|HC|  |TAMS 0x000000008b100000| PB 0x000000008b100000| Complete 
|  66|0x000000008b200000, 0x000000008b300000, 0x000000008b300000|100%|HC|  |TAMS 0x000000008b200000| PB 0x000000008b200000| Complete 
|  67|0x000000008b300000, 0x000000008b400000, 0x000000008b400000|100%|HC|  |TAMS 0x000000008b300000| PB 0x000000008b300000| Complete 
|  68|0x000000008b400000, 0x000000008b500000, 0x000000008b500000|100%|HC|  |TAMS 0x000000008b400000| PB 0x000000008b400000| Complete 
|  69|0x000000008b500000, 0x000000008b600000, 0x000000008b600000|100%|HC|  |TAMS 0x000000008b500000| PB 0x000000008b500000| Complete 
|  70|0x000000008b600000, 0x000000008b700000, 0x000000008b700000|100%|HC|  |TAMS 0x000000008b600000| PB 0x000000008b600000| Complete 
|  71|0x000000008b700000, 0x000000008b800000, 0x000000008b800000|100%|HC|  |TAMS 0x000000008b700000| PB 0x000000008b700000| Complete 
|  72|0x000000008b800000, 0x000000008b900000, 0x000000008b900000|100%|HC|  |TAMS 0x000000008b800000| PB 0x000000008b800000| Complete 
|  73|0x000000008b900000, 0x000000008ba00000, 0x000000008ba00000|100%|HC|  |TAMS 0x000000008b900000| PB 0x000000008b900000| Complete 
|  74|0x000000008ba00000, 0x000000008bb00000, 0x000000008bb00000|100%|HC|  |TAMS 0x000000008ba00000| PB 0x000000008ba00000| Complete 
|  75|0x000000008bb00000, 0x000000008bc00000, 0x000000008bc00000|100%|HC|  |TAMS 0x000000008bb00000| PB 0x000000008bb00000| Complete 
|  76|0x000000008bc00000, 0x000000008bd00000, 0x000000008bd00000|100%|HC|  |TAMS 0x000000008bc00000| PB 0x000000008bc00000| Complete 
|  77|0x000000008bd00000, 0x000000008be00000, 0x000000008be00000|100%|HC|  |TAMS 0x000000008bd00000| PB 0x000000008bd00000| Complete 
|  78|0x000000008be00000, 0x000000008bf00000, 0x000000008bf00000|100%|HC|  |TAMS 0x000000008be00000| PB 0x000000008be00000| Complete 
|  79|0x000000008bf00000, 0x000000008c000000, 0x000000008c000000|100%|HC|  |TAMS 0x000000008bf00000| PB 0x000000008bf00000| Complete 
|  80|0x000000008c000000, 0x000000008c100000, 0x000000008c100000|100%|HC|  |TAMS 0x000000008c000000| PB 0x000000008c000000| Complete 
|  81|0x000000008c100000, 0x000000008c200000, 0x000000008c200000|100%|HC|  |TAMS 0x000000008c100000| PB 0x000000008c100000| Complete 
|  82|0x000000008c200000, 0x000000008c300000, 0x000000008c300000|100%|HC|  |TAMS 0x000000008c200000| PB 0x000000008c200000| Complete 
|  83|0x000000008c300000, 0x000000008c400000, 0x000000008c400000|100%|HC|  |TAMS 0x000000008c300000| PB 0x000000008c300000| Complete 
|  84|0x000000008c400000, 0x000000008c500000, 0x000000008c500000|100%|HC|  |TAMS 0x000000008c400000| PB 0x000000008c400000| Complete 
|  85|0x000000008c500000, 0x000000008c600000, 0x000000008c600000|100%|HC|  |TAMS 0x000000008c500000| PB 0x000000008c500000| Complete 
|  86|0x000000008c600000, 0x000000008c700000, 0x000000008c700000|100%|HC|  |TAMS 0x000000008c600000| PB 0x000000008c600000| Complete 
|  87|0x000000008c700000, 0x000000008c800000, 0x000000008c800000|100%|HC|  |TAMS 0x000000008c700000| PB 0x000000008c700000| Complete 
|  88|0x000000008c800000, 0x000000008c900000, 0x000000008c900000|100%|HC|  |TAMS 0x000000008c800000| PB 0x000000008c800000| Complete 
|  89|0x000000008c900000, 0x000000008ca00000, 0x000000008ca00000|100%|HC|  |TAMS 0x000000008c900000| PB 0x000000008c900000| Complete 
|  90|0x000000008ca00000, 0x000000008cb00000, 0x000000008cb00000|100%|HC|  |TAMS 0x000000008ca00000| PB 0x000000008ca00000| Complete 
|  91|0x000000008cb00000, 0x000000008cc00000, 0x000000008cc00000|100%|HC|  |TAMS 0x000000008cb00000| PB 0x000000008cb00000| Complete 
|  92|0x000000008cc00000, 0x000000008cd00000, 0x000000008cd00000|100%|HC|  |TAMS 0x000000008cc00000| PB 0x000000008cc00000| Complete 
|  93|0x000000008cd00000, 0x000000008cd00000, 0x000000008ce00000|  0%| F|  |TAMS 0x000000008cd00000| PB 0x000000008cd00000| Untracked 
|  94|0x000000008ce00000, 0x000000008ce00000, 0x000000008cf00000|  0%| F|  |TAMS 0x000000008ce00000| PB 0x000000008ce00000| Untracked 
|  95|0x000000008cf00000, 0x000000008cf00000, 0x000000008d000000|  0%| F|  |TAMS 0x000000008cf00000| PB 0x000000008cf00000| Untracked 
|  96|0x000000008d000000, 0x000000008d000000, 0x000000008d100000|  0%| F|  |TAMS 0x000000008d000000| PB 0x000000008d000000| Untracked 
|  97|0x000000008d100000, 0x000000008d100000, 0x000000008d200000|  0%| F|  |TAMS 0x000000008d100000| PB 0x000000008d100000| Untracked 
|  98|0x000000008d200000, 0x000000008d200000, 0x000000008d300000|  0%| F|  |TAMS 0x000000008d200000| PB 0x000000008d200000| Untracked 
|  99|0x000000008d300000, 0x000000008d300000, 0x000000008d400000|  0%| F|  |TAMS 0x000000008d300000| PB 0x000000008d300000| Untracked 
| 100|0x000000008d400000, 0x000000008d400000, 0x000000008d500000|  0%| F|  |TAMS 0x000000008d400000| PB 0x000000008d400000| Untracked 
| 101|0x000000008d500000, 0x000000008d500000, 0x000000008d600000|  0%| F|  |TAMS 0x000000008d500000| PB 0x000000008d500000| Untracked 
| 102|0x000000008d600000, 0x000000008d600000, 0x000000008d700000|  0%| F|  |TAMS 0x000000008d600000| PB 0x000000008d600000| Untracked 
| 103|0x000000008d700000, 0x000000008d700000, 0x000000008d800000|  0%| F|  |TAMS 0x000000008d700000| PB 0x000000008d700000| Untracked 
| 104|0x000000008d800000, 0x000000008d800000, 0x000000008d900000|  0%| F|  |TAMS 0x000000008d800000| PB 0x000000008d800000| Untracked 
| 105|0x000000008d900000, 0x000000008d900000, 0x000000008da00000|  0%| F|  |TAMS 0x000000008d900000| PB 0x000000008d900000| Untracked 
| 106|0x000000008da00000, 0x000000008da00000, 0x000000008db00000|  0%| F|  |TAMS 0x000000008da00000| PB 0x000000008da00000| Untracked 
| 107|0x000000008db00000, 0x000000008db00000, 0x000000008dc00000|  0%| F|  |TAMS 0x000000008db00000| PB 0x000000008db00000| Untracked 
| 108|0x000000008dc00000, 0x000000008dc00000, 0x000000008dd00000|  0%| F|  |TAMS 0x000000008dc00000| PB 0x000000008dc00000| Untracked 
| 109|0x000000008dd00000, 0x000000008dd00000, 0x000000008de00000|  0%| F|  |TAMS 0x000000008dd00000| PB 0x000000008dd00000| Untracked 
| 110|0x000000008de00000, 0x000000008de00000, 0x000000008df00000|  0%| F|  |TAMS 0x000000008de00000| PB 0x000000008de00000| Untracked 
| 111|0x000000008df00000, 0x000000008df00000, 0x000000008e000000|  0%| F|  |TAMS 0x000000008df00000| PB 0x000000008df00000| Untracked 
| 112|0x000000008e000000, 0x000000008e000000, 0x000000008e100000|  0%| F|  |TAMS 0x000000008e000000| PB 0x000000008e000000| Untracked 
| 113|0x000000008e100000, 0x000000008e100000, 0x000000008e200000|  0%| F|  |TAMS 0x000000008e100000| PB 0x000000008e100000| Untracked 
| 114|0x000000008e200000, 0x000000008e200000, 0x000000008e300000|  0%| F|  |TAMS 0x000000008e200000| PB 0x000000008e200000| Untracked 
| 115|0x000000008e300000, 0x000000008e300000, 0x000000008e400000|  0%| F|  |TAMS 0x000000008e300000| PB 0x000000008e300000| Untracked 
| 116|0x000000008e400000, 0x000000008e400000, 0x000000008e500000|  0%| F|  |TAMS 0x000000008e400000| PB 0x000000008e400000| Untracked 
| 117|0x000000008e500000, 0x000000008e500000, 0x000000008e600000|  0%| F|  |TAMS 0x000000008e500000| PB 0x000000008e500000| Untracked 
| 118|0x000000008e600000, 0x000000008e600000, 0x000000008e700000|  0%| F|  |TAMS 0x000000008e600000| PB 0x000000008e600000| Untracked 
| 119|0x000000008e700000, 0x000000008e700000, 0x000000008e800000|  0%| F|  |TAMS 0x000000008e700000| PB 0x000000008e700000| Untracked 
| 120|0x000000008e800000, 0x000000008e800000, 0x000000008e900000|  0%| F|  |TAMS 0x000000008e800000| PB 0x000000008e800000| Untracked 
| 121|0x000000008e900000, 0x000000008e900000, 0x000000008ea00000|  0%| F|  |TAMS 0x000000008e900000| PB 0x000000008e900000| Untracked 
| 122|0x000000008ea00000, 0x000000008ea00000, 0x000000008eb00000|  0%| F|  |TAMS 0x000000008ea00000| PB 0x000000008ea00000| Untracked 
| 123|0x000000008eb00000, 0x000000008eb00000, 0x000000008ec00000|  0%| F|  |TAMS 0x000000008eb00000| PB 0x000000008eb00000| Untracked 
| 124|0x000000008ec00000, 0x000000008ec00000, 0x000000008ed00000|  0%| F|  |TAMS 0x000000008ec00000| PB 0x000000008ec00000| Untracked 
| 125|0x000000008ed00000, 0x000000008ed00000, 0x000000008ee00000|  0%| F|  |TAMS 0x000000008ed00000| PB 0x000000008ed00000| Untracked 
| 126|0x000000008ee00000, 0x000000008ee00000, 0x000000008ef00000|  0%| F|  |TAMS 0x000000008ee00000| PB 0x000000008ee00000| Untracked 
| 127|0x000000008ef00000, 0x000000008ef00000, 0x000000008f000000|  0%| F|  |TAMS 0x000000008ef00000| PB 0x000000008ef00000| Untracked 
| 128|0x000000008f000000, 0x000000008f000000, 0x000000008f100000|  0%| F|  |TAMS 0x000000008f000000| PB 0x000000008f000000| Untracked 
| 129|0x000000008f100000, 0x000000008f100000, 0x000000008f200000|  0%| F|  |TAMS 0x000000008f100000| PB 0x000000008f100000| Untracked 
| 130|0x000000008f200000, 0x000000008f200000, 0x000000008f300000|  0%| F|  |TAMS 0x000000008f200000| PB 0x000000008f200000| Untracked 
| 131|0x000000008f300000, 0x000000008f300000, 0x000000008f400000|  0%| F|  |TAMS 0x000000008f300000| PB 0x000000008f300000| Untracked 
| 132|0x000000008f400000, 0x000000008f400000, 0x000000008f500000|  0%| F|  |TAMS 0x000000008f400000| PB 0x000000008f400000| Untracked 
| 133|0x000000008f500000, 0x000000008f500000, 0x000000008f600000|  0%| F|  |TAMS 0x000000008f500000| PB 0x000000008f500000| Untracked 
| 134|0x000000008f600000, 0x000000008f600000, 0x000000008f700000|  0%| F|  |TAMS 0x000000008f600000| PB 0x000000008f600000| Untracked 
| 135|0x000000008f700000, 0x000000008f700000, 0x000000008f800000|  0%| F|  |TAMS 0x000000008f700000| PB 0x000000008f700000| Untracked 
| 136|0x000000008f800000, 0x000000008f800000, 0x000000008f900000|  0%| F|  |TAMS 0x000000008f800000| PB 0x000000008f800000| Untracked 
| 137|0x000000008f900000, 0x000000008f900000, 0x000000008fa00000|  0%| F|  |TAMS 0x000000008f900000| PB 0x000000008f900000| Untracked 
| 138|0x000000008fa00000, 0x000000008fa00000, 0x000000008fb00000|  0%| F|  |TAMS 0x000000008fa00000| PB 0x000000008fa00000| Untracked 
| 139|0x000000008fb00000, 0x000000008fb00000, 0x000000008fc00000|  0%| F|  |TAMS 0x000000008fb00000| PB 0x000000008fb00000| Untracked 
| 140|0x000000008fc00000, 0x000000008fc00000, 0x000000008fd00000|  0%| F|  |TAMS 0x000000008fc00000| PB 0x000000008fc00000| Untracked 
| 141|0x000000008fd00000, 0x000000008fd00000, 0x000000008fe00000|  0%| F|  |TAMS 0x000000008fd00000| PB 0x000000008fd00000| Untracked 
| 142|0x000000008fe00000, 0x000000008fe00000, 0x000000008ff00000|  0%| F|  |TAMS 0x000000008fe00000| PB 0x000000008fe00000| Untracked 
| 143|0x000000008ff00000, 0x000000008ff00000, 0x0000000090000000|  0%| F|  |TAMS 0x000000008ff00000| PB 0x000000008ff00000| Untracked 
| 144|0x0000000090000000, 0x0000000090000000, 0x0000000090100000|  0%| F|  |TAMS 0x0000000090000000| PB 0x0000000090000000| Untracked 
| 145|0x0000000090100000, 0x0000000090100000, 0x0000000090200000|  0%| F|  |TAMS 0x0000000090100000| PB 0x0000000090100000| Untracked 
| 146|0x0000000090200000, 0x0000000090200000, 0x0000000090300000|  0%| F|  |TAMS 0x0000000090200000| PB 0x0000000090200000| Untracked 
| 147|0x0000000090300000, 0x0000000090300000, 0x0000000090400000|  0%| F|  |TAMS 0x0000000090300000| PB 0x0000000090300000| Untracked 
| 148|0x0000000090400000, 0x0000000090400000, 0x0000000090500000|  0%| F|  |TAMS 0x0000000090400000| PB 0x0000000090400000| Untracked 
| 149|0x0000000090500000, 0x0000000090500000, 0x0000000090600000|  0%| F|  |TAMS 0x0000000090500000| PB 0x0000000090500000| Untracked 
| 150|0x0000000090600000, 0x0000000090600000, 0x0000000090700000|  0%| F|  |TAMS 0x0000000090600000| PB 0x0000000090600000| Untracked 
| 151|0x0000000090700000, 0x0000000090700000, 0x0000000090800000|  0%| F|  |TAMS 0x0000000090700000| PB 0x0000000090700000| Untracked 
| 152|0x0000000090800000, 0x0000000090800000, 0x0000000090900000|  0%| F|  |TAMS 0x0000000090800000| PB 0x0000000090800000| Untracked 
| 153|0x0000000090900000, 0x0000000090a00000, 0x0000000090a00000|100%| E|  |TAMS 0x0000000090900000| PB 0x0000000090900000| Complete 
| 154|0x0000000090a00000, 0x0000000090b00000, 0x0000000090b00000|100%| E|CS|TAMS 0x0000000090a00000| PB 0x0000000090a00000| Complete 
| 155|0x0000000090b00000, 0x0000000090c00000, 0x0000000090c00000|100%| E|CS|TAMS 0x0000000090b00000| PB 0x0000000090b00000| Complete 
| 156|0x0000000090c00000, 0x0000000090d00000, 0x0000000090d00000|100%| E|CS|TAMS 0x0000000090c00000| PB 0x0000000090c00000| Complete 
| 157|0x0000000090d00000, 0x0000000090e00000, 0x0000000090e00000|100%| E|CS|TAMS 0x0000000090d00000| PB 0x0000000090d00000| Complete 
| 158|0x0000000090e00000, 0x0000000090f00000, 0x0000000090f00000|100%| E|CS|TAMS 0x0000000090e00000| PB 0x0000000090e00000| Complete 
| 159|0x0000000090f00000, 0x0000000091000000, 0x0000000091000000|100%| E|CS|TAMS 0x0000000090f00000| PB 0x0000000090f00000| Complete 
| 160|0x0000000091000000, 0x0000000091100000, 0x0000000091100000|100%| E|CS|TAMS 0x0000000091000000| PB 0x0000000091000000| Complete 
| 161|0x0000000091100000, 0x0000000091200000, 0x0000000091200000|100%| E|CS|TAMS 0x0000000091100000| PB 0x0000000091100000| Complete 
| 162|0x0000000091200000, 0x0000000091300000, 0x0000000091300000|100%| E|CS|TAMS 0x0000000091200000| PB 0x0000000091200000| Complete 
| 163|0x0000000091300000, 0x0000000091400000, 0x0000000091400000|100%| E|CS|TAMS 0x0000000091300000| PB 0x0000000091300000| Complete 
| 164|0x0000000091400000, 0x0000000091500000, 0x0000000091500000|100%| E|CS|TAMS 0x0000000091400000| PB 0x0000000091400000| Complete 
| 165|0x0000000091500000, 0x0000000091600000, 0x0000000091600000|100%| E|CS|TAMS 0x0000000091500000| PB 0x0000000091500000| Complete 
| 166|0x0000000091600000, 0x0000000091700000, 0x0000000091700000|100%| E|CS|TAMS 0x0000000091600000| PB 0x0000000091600000| Complete 
| 167|0x0000000091700000, 0x0000000091800000, 0x0000000091800000|100%| E|CS|TAMS 0x0000000091700000| PB 0x0000000091700000| Complete 
| 168|0x0000000091800000, 0x0000000091900000, 0x0000000091900000|100%| E|CS|TAMS 0x0000000091800000| PB 0x0000000091800000| Complete 
| 169|0x0000000091900000, 0x0000000091a00000, 0x0000000091a00000|100%| E|CS|TAMS 0x0000000091900000| PB 0x0000000091900000| Complete 
| 170|0x0000000091a00000, 0x0000000091b00000, 0x0000000091b00000|100%| E|CS|TAMS 0x0000000091a00000| PB 0x0000000091a00000| Complete 
| 171|0x0000000091b00000, 0x0000000091c00000, 0x0000000091c00000|100%| E|CS|TAMS 0x0000000091b00000| PB 0x0000000091b00000| Complete 
| 172|0x0000000091c00000, 0x0000000091d00000, 0x0000000091d00000|100%| E|CS|TAMS 0x0000000091c00000| PB 0x0000000091c00000| Complete 
| 173|0x0000000091d00000, 0x0000000091e00000, 0x0000000091e00000|100%| E|CS|TAMS 0x0000000091d00000| PB 0x0000000091d00000| Complete 
| 174|0x0000000091e00000, 0x0000000091f00000, 0x0000000091f00000|100%| E|CS|TAMS 0x0000000091e00000| PB 0x0000000091e00000| Complete 
| 175|0x0000000091f00000, 0x0000000092000000, 0x0000000092000000|100%| E|CS|TAMS 0x0000000091f00000| PB 0x0000000091f00000| Complete 
| 176|0x0000000092000000, 0x0000000092100000, 0x0000000092100000|100%| E|CS|TAMS 0x0000000092000000| PB 0x0000000092000000| Complete 
| 177|0x0000000092100000, 0x0000000092200000, 0x0000000092200000|100%| E|CS|TAMS 0x0000000092100000| PB 0x0000000092100000| Complete 
| 178|0x0000000092200000, 0x0000000092300000, 0x0000000092300000|100%| E|CS|TAMS 0x0000000092200000| PB 0x0000000092200000| Complete 
| 179|0x0000000092300000, 0x0000000092400000, 0x0000000092400000|100%| E|CS|TAMS 0x0000000092300000| PB 0x0000000092300000| Complete 
| 180|0x0000000092400000, 0x0000000092500000, 0x0000000092500000|100%| E|CS|TAMS 0x0000000092400000| PB 0x0000000092400000| Complete 
| 181|0x0000000092500000, 0x0000000092600000, 0x0000000092600000|100%| E|CS|TAMS 0x0000000092500000| PB 0x0000000092500000| Complete 
| 182|0x0000000092600000, 0x0000000092700000, 0x0000000092700000|100%| E|CS|TAMS 0x0000000092600000| PB 0x0000000092600000| Complete 
| 183|0x0000000092700000, 0x0000000092800000, 0x0000000092800000|100%| E|CS|TAMS 0x0000000092700000| PB 0x0000000092700000| Complete 
| 184|0x0000000092800000, 0x0000000092900000, 0x0000000092900000|100%| E|CS|TAMS 0x0000000092800000| PB 0x0000000092800000| Complete 
| 185|0x0000000092900000, 0x0000000092a00000, 0x0000000092a00000|100%| E|CS|TAMS 0x0000000092900000| PB 0x0000000092900000| Complete 
| 186|0x0000000092a00000, 0x0000000092b00000, 0x0000000092b00000|100%| E|CS|TAMS 0x0000000092a00000| PB 0x0000000092a00000| Complete 
| 187|0x0000000092b00000, 0x0000000092c00000, 0x0000000092c00000|100%| E|CS|TAMS 0x0000000092b00000| PB 0x0000000092b00000| Complete 
| 188|0x0000000092c00000, 0x0000000092d00000, 0x0000000092d00000|100%| E|CS|TAMS 0x0000000092c00000| PB 0x0000000092c00000| Complete 
| 189|0x0000000092d00000, 0x0000000092e00000, 0x0000000092e00000|100%| E|CS|TAMS 0x0000000092d00000| PB 0x0000000092d00000| Complete 
| 190|0x0000000092e00000, 0x0000000092f00000, 0x0000000092f00000|100%| E|CS|TAMS 0x0000000092e00000| PB 0x0000000092e00000| Complete 
| 191|0x0000000092f00000, 0x0000000093000000, 0x0000000093000000|100%| E|CS|TAMS 0x0000000092f00000| PB 0x0000000092f00000| Complete 
| 192|0x0000000093000000, 0x0000000093100000, 0x0000000093100000|100%| E|CS|TAMS 0x0000000093000000| PB 0x0000000093000000| Complete 
| 193|0x0000000093100000, 0x0000000093200000, 0x0000000093200000|100%| E|CS|TAMS 0x0000000093100000| PB 0x0000000093100000| Complete 
| 194|0x0000000093200000, 0x0000000093300000, 0x0000000093300000|100%| E|CS|TAMS 0x0000000093200000| PB 0x0000000093200000| Complete 
| 195|0x0000000093300000, 0x0000000093400000, 0x0000000093400000|100%| E|CS|TAMS 0x0000000093300000| PB 0x0000000093300000| Complete 
| 196|0x0000000093400000, 0x0000000093500000, 0x0000000093500000|100%| E|CS|TAMS 0x0000000093400000| PB 0x0000000093400000| Complete 
| 197|0x0000000093500000, 0x0000000093600000, 0x0000000093600000|100%| E|CS|TAMS 0x0000000093500000| PB 0x0000000093500000| Complete 
| 198|0x0000000093600000, 0x0000000093700000, 0x0000000093700000|100%| E|CS|TAMS 0x0000000093600000| PB 0x0000000093600000| Complete 
| 199|0x0000000093700000, 0x0000000093800000, 0x0000000093800000|100%| E|CS|TAMS 0x0000000093700000| PB 0x0000000093700000| Complete 
| 200|0x0000000093800000, 0x0000000093900000, 0x0000000093900000|100%| E|CS|TAMS 0x0000000093800000| PB 0x0000000093800000| Complete 
| 201|0x0000000093900000, 0x0000000093a00000, 0x0000000093a00000|100%| E|CS|TAMS 0x0000000093900000| PB 0x0000000093900000| Complete 
| 202|0x0000000093a00000, 0x0000000093b00000, 0x0000000093b00000|100%| E|CS|TAMS 0x0000000093a00000| PB 0x0000000093a00000| Complete 
| 203|0x0000000093b00000, 0x0000000093c00000, 0x0000000093c00000|100%| E|CS|TAMS 0x0000000093b00000| PB 0x0000000093b00000| Complete 
| 204|0x0000000093c00000, 0x0000000093d00000, 0x0000000093d00000|100%| E|CS|TAMS 0x0000000093c00000| PB 0x0000000093c00000| Complete 
| 205|0x0000000093d00000, 0x0000000093e00000, 0x0000000093e00000|100%| E|CS|TAMS 0x0000000093d00000| PB 0x0000000093d00000| Complete 
| 206|0x0000000093e00000, 0x0000000093f00000, 0x0000000093f00000|100%| E|CS|TAMS 0x0000000093e00000| PB 0x0000000093e00000| Complete 
| 207|0x0000000093f00000, 0x0000000094000000, 0x0000000094000000|100%| E|CS|TAMS 0x0000000093f00000| PB 0x0000000093f00000| Complete 
| 208|0x0000000094000000, 0x0000000094100000, 0x0000000094100000|100%| E|CS|TAMS 0x0000000094000000| PB 0x0000000094000000| Complete 
| 209|0x0000000094100000, 0x0000000094200000, 0x0000000094200000|100%| E|CS|TAMS 0x0000000094100000| PB 0x0000000094100000| Complete 
| 210|0x0000000094200000, 0x0000000094300000, 0x0000000094300000|100%| E|CS|TAMS 0x0000000094200000| PB 0x0000000094200000| Complete 
| 211|0x0000000094300000, 0x0000000094400000, 0x0000000094400000|100%| E|CS|TAMS 0x0000000094300000| PB 0x0000000094300000| Complete 
| 212|0x0000000094400000, 0x0000000094500000, 0x0000000094500000|100%| E|CS|TAMS 0x0000000094400000| PB 0x0000000094400000| Complete 
| 213|0x0000000094500000, 0x0000000094600000, 0x0000000094600000|100%| E|CS|TAMS 0x0000000094500000| PB 0x0000000094500000| Complete 
| 214|0x0000000094600000, 0x0000000094700000, 0x0000000094700000|100%| E|CS|TAMS 0x0000000094600000| PB 0x0000000094600000| Complete 
| 215|0x0000000094700000, 0x0000000094800000, 0x0000000094800000|100%| E|CS|TAMS 0x0000000094700000| PB 0x0000000094700000| Complete 

Card table byte_map: [0x0000017660bf0000,0x0000017660fc0000] _byte_map_base: 0x00000176607b8000

Marking Bits: (CMBitMap*) 0x0000017648e783c0
 Bits: [0x0000017660fc0000, 0x0000017662e00000)

Polling page: 0x0000017646d80000

Metaspace:

Usage:
  Non-class:     14.47 MB used.
      Class:      1.15 MB used.
       Both:     15.62 MB used.

Virtual space:
  Non-class space:       64.00 MB reserved,      14.62 MB ( 23%) committed,  1 nodes.
      Class space:        1.00 GB reserved,       1.31 MB ( <1%) committed,  1 nodes.
             Both:        1.06 GB reserved,      15.94 MB (  1%) committed. 

Chunk freelists:
   Non-Class:  752.00 KB
       Class:  14.72 MB
        Both:  15.46 MB

MaxMetaspaceSize: unlimited
CompressedClassSpaceSize: 1.00 GB
Initial GC threshold: 21.00 MB
Current GC threshold: 25.94 MB
CDS: on
 - commit_granule_bytes: 65536.
 - commit_granule_words: 8192.
 - virtual_space_node_default_size: 8388608.
 - enlarge_chunks_in_place: 1.
 - use_allocation_guard: 0.


Internal statistics:

num_allocs_failed_limit: 0.
num_arena_births: 254.
num_arena_deaths: 0.
num_vsnodes_births: 2.
num_vsnodes_deaths: 0.
num_space_committed: 251.
num_space_uncommitted: 0.
num_chunks_returned_to_freelist: 0.
num_chunks_taken_from_freelist: 645.
num_chunk_merges: 0.
num_chunk_splits: 460.
num_chunks_enlarged: 316.
num_inconsistent_stats: 0.

CodeHeap 'non-profiled nmethods': size=120000Kb used=2055Kb max_used=2055Kb free=117944Kb
 bounds [0x0000017658fc0000, 0x0000017659230000, 0x00000176604f0000]
CodeHeap 'profiled nmethods': size=120000Kb used=3738Kb max_used=4703Kb free=116261Kb
 bounds [0x00000176514f0000, 0x0000017651990000, 0x0000017658a20000]
CodeHeap 'non-nmethods': size=5760Kb used=2399Kb max_used=2421Kb free=3361Kb
 bounds [0x0000017658a20000, 0x0000017658c90000, 0x0000017658fc0000]
 total_blobs=3364 nmethods=2349 adapters=920
 compilation: enabled
              stopped_count=0, restarted_count=0
 full_count=0

Compilation events (20 events):
Event: 153.622 Thread 0x00000176658783f0 2933       1       processing.opengl.Texture::invertedX (5 bytes)
Event: 153.622 Thread 0x00000176658783f0 nmethod 2933 0x00000176591bf590 code [0x00000176591bf720, 0x00000176591bf7f0]
Event: 153.622 Thread 0x00000176658783f0 2934       1       processing.opengl.Texture::invertedY (5 bytes)
Event: 153.622 Thread 0x00000176658783f0 nmethod 2934 0x00000176591bf890 code [0x00000176591bfa20, 0x00000176591bfaf0]
Event: 153.622 Thread 0x00000176658783f0 2927       1       controlP5.Tab::width (5 bytes)
Event: 153.622 Thread 0x00000176658783f0 nmethod 2927 0x00000176591bfb90 code [0x00000176591bfd20, 0x00000176591bfde8]
Event: 153.622 Thread 0x00000176658783f0 2929       1       controlP5.ControlP5::getTooltip (5 bytes)
Event: 153.623 Thread 0x00000176658783f0 nmethod 2929 0x00000176591bfe90 code [0x00000176591c0020, 0x00000176591c00e8]
Event: 153.623 Thread 0x00000176658783f0 2930       1       processing.core.PGraphics::shapeMode (6 bytes)
Event: 153.623 Thread 0x00000176658783f0 nmethod 2930 0x00000176591c0190 code [0x00000176591c0320, 0x00000176591c03f0]
Event: 155.361 Thread 0x00000176658578f0 2935 %     4       java.util.ArrayList::forEach @ 24 (74 bytes)
Event: 155.380 Thread 0x00000176658578f0 nmethod 2935% 0x00000176591c0490 code [0x00000176591c06a0, 0x00000176591c1040]
Event: 163.549 Thread 0x00000176658783f0 2937       1       java.util.logging.Logger::getName (5 bytes)
Event: 163.550 Thread 0x00000176658783f0 nmethod 2937 0x00000176591c1b10 code [0x00000176591c1ca0, 0x00000176591c1d68]
Event: 163.592 Thread 0x00000176658783f0 2938       3       java.util.concurrent.ConcurrentHashMap$ValuesView::iterator (34 bytes)
Event: 163.592 Thread 0x00000176658783f0 nmethod 2938 0x00000176518a0f90 code [0x00000176518a1140, 0x00000176518a1388]
Event: 163.593 Thread 0x00000176658783f0 2939       3       java.util.concurrent.ConcurrentHashMap$ValueIterator::<init> (12 bytes)
Event: 163.593 Thread 0x00000176658783f0 nmethod 2939 0x00000176518a0a90 code [0x00000176518a0c40, 0x00000176518a0db8]
Event: 163.603 Thread 0x00000176658783f0 2940       3       java.util.Arrays::equals (43 bytes)
Event: 163.603 Thread 0x00000176658783f0 nmethod 2940 0x0000017651694390 code [0x0000017651694560, 0x0000017651694858]

GC Heap History (20 events):
Event: 157.438 GC heap before
{Heap before GC invocations=242 (full 0):
 garbage-first heap   total 221184K, used 189583K [0x0000000087000000, 0x0000000100000000)
  region size 1024K, 129 young (132096K), 1 survivors (1024K)
 Metaspace       used 15942K, committed 16256K, reserved 1114112K
  class space    used 1172K, committed 1344K, reserved 1048576K
}
Event: 157.441 GC heap after
{Heap after GC invocations=243 (full 0):
 garbage-first heap   total 221184K, used 58620K [0x0000000087000000, 0x0000000100000000)
  region size 1024K, 1 young (1024K), 1 survivors (1024K)
 Metaspace       used 15942K, committed 16256K, reserved 1114112K
  class space    used 1172K, committed 1344K, reserved 1048576K
}
Event: 157.993 GC heap before
{Heap before GC invocations=243 (full 0):
 garbage-first heap   total 221184K, used 189692K [0x0000000087000000, 0x0000000100000000)
  region size 1024K, 129 young (132096K), 1 survivors (1024K)
 Metaspace       used 15942K, committed 16256K, reserved 1114112K
  class space    used 1172K, committed 1344K, reserved 1048576K
}
Event: 157.994 GC heap after
{Heap after GC invocations=244 (full 0):
 garbage-first heap   total 221184K, used 58803K [0x0000000087000000, 0x0000000100000000)
  region size 1024K, 1 young (1024K), 1 survivors (1024K)
 Metaspace       used 15942K, committed 16256K, reserved 1114112K
  class space    used 1172K, committed 1344K, reserved 1048576K
}
Event: 158.668 GC heap before
{Heap before GC invocations=244 (full 0):
 garbage-first heap   total 221184K, used 189875K [0x0000000087000000, 0x0000000100000000)
  region size 1024K, 129 young (132096K), 1 survivors (1024K)
 Metaspace       used 15942K, committed 16256K, reserved 1114112K
  class space    used 1172K, committed 1344K, reserved 1048576K
}
Event: 158.670 GC heap after
{Heap after GC invocations=245 (full 0):
 garbage-first heap   total 221184K, used 58977K [0x0000000087000000, 0x0000000100000000)
  region size 1024K, 2 young (2048K), 2 survivors (2048K)
 Metaspace       used 15942K, committed 16256K, reserved 1114112K
  class space    used 1172K, committed 1344K, reserved 1048576K
}
Event: 159.260 GC heap before
{Heap before GC invocations=245 (full 0):
 garbage-first heap   total 221184K, used 189025K [0x0000000087000000, 0x0000000100000000)
  region size 1024K, 129 young (132096K), 2 survivors (2048K)
 Metaspace       used 15942K, committed 16256K, reserved 1114112K
  class space    used 1172K, committed 1344K, reserved 1048576K
}
Event: 159.262 GC heap after
{Heap after GC invocations=246 (full 0):
 garbage-first heap   total 221184K, used 58666K [0x0000000087000000, 0x0000000100000000)
  region size 1024K, 1 young (1024K), 1 survivors (1024K)
 Metaspace       used 15942K, committed 16256K, reserved 1114112K
  class space    used 1172K, committed 1344K, reserved 1048576K
}
Event: 159.833 GC heap before
{Heap before GC invocations=246 (full 0):
 garbage-first heap   total 221184K, used 189738K [0x0000000087000000, 0x0000000100000000)
  region size 1024K, 129 young (132096K), 1 survivors (1024K)
 Metaspace       used 15942K, committed 16256K, reserved 1114112K
  class space    used 1172K, committed 1344K, reserved 1048576K
}
Event: 159.835 GC heap after
{Heap after GC invocations=247 (full 0):
 garbage-first heap   total 221184K, used 58693K [0x0000000087000000, 0x0000000100000000)
  region size 1024K, 1 young (1024K), 1 survivors (1024K)
 Metaspace       used 15942K, committed 16256K, reserved 1114112K
  class space    used 1172K, committed 1344K, reserved 1048576K
}
Event: 160.416 GC heap before
{Heap before GC invocations=247 (full 0):
 garbage-first heap   total 221184K, used 189765K [0x0000000087000000, 0x0000000100000000)
  region size 1024K, 129 young (132096K), 1 survivors (1024K)
 Metaspace       used 15942K, committed 16256K, reserved 1114112K
  class space    used 1172K, committed 1344K, reserved 1048576K
}
Event: 160.418 GC heap after
{Heap after GC invocations=248 (full 0):
 garbage-first heap   total 221184K, used 58749K [0x0000000087000000, 0x0000000100000000)
  region size 1024K, 1 young (1024K), 1 survivors (1024K)
 Metaspace       used 15942K, committed 16256K, reserved 1114112K
  class space    used 1172K, committed 1344K, reserved 1048576K
}
Event: 161.003 GC heap before
{Heap before GC invocations=248 (full 0):
 garbage-first heap   total 221184K, used 189821K [0x0000000087000000, 0x0000000100000000)
  region size 1024K, 129 young (132096K), 1 survivors (1024K)
 Metaspace       used 15942K, committed 16256K, reserved 1114112K
  class space    used 1172K, committed 1344K, reserved 1048576K
}
Event: 161.005 GC heap after
{Heap after GC invocations=249 (full 0):
 garbage-first heap   total 221184K, used 59101K [0x0000000087000000, 0x0000000100000000)
  region size 1024K, 2 young (2048K), 2 survivors (2048K)
 Metaspace       used 15942K, committed 16256K, reserved 1114112K
  class space    used 1172K, committed 1344K, reserved 1048576K
}
Event: 161.763 GC heap before
{Heap before GC invocations=249 (full 0):
 garbage-first heap   total 221184K, used 189149K [0x0000000087000000, 0x0000000100000000)
  region size 1024K, 129 young (132096K), 2 survivors (2048K)
 Metaspace       used 15942K, committed 16256K, reserved 1114112K
  class space    used 1172K, committed 1344K, reserved 1048576K
}
Event: 161.765 GC heap after
{Heap after GC invocations=250 (full 0):
 garbage-first heap   total 221184K, used 58659K [0x0000000087000000, 0x0000000100000000)
  region size 1024K, 1 young (1024K), 1 survivors (1024K)
 Metaspace       used 15942K, committed 16256K, reserved 1114112K
  class space    used 1172K, committed 1344K, reserved 1048576K
}
Event: 162.519 GC heap before
{Heap before GC invocations=250 (full 0):
 garbage-first heap   total 221184K, used 189731K [0x0000000087000000, 0x0000000100000000)
  region size 1024K, 129 young (132096K), 1 survivors (1024K)
 Metaspace       used 15942K, committed 16256K, reserved 1114112K
  class space    used 1172K, committed 1344K, reserved 1048576K
}
Event: 162.522 GC heap after
{Heap after GC invocations=251 (full 0):
 garbage-first heap   total 221184K, used 58747K [0x0000000087000000, 0x0000000100000000)
  region size 1024K, 1 young (1024K), 1 survivors (1024K)
 Metaspace       used 15942K, committed 16256K, reserved 1114112K
  class space    used 1172K, committed 1344K, reserved 1048576K
}
Event: 163.253 GC heap before
{Heap before GC invocations=251 (full 0):
 garbage-first heap   total 221184K, used 189819K [0x0000000087000000, 0x0000000100000000)
  region size 1024K, 129 young (132096K), 1 survivors (1024K)
 Metaspace       used 15942K, committed 16256K, reserved 1114112K
  class space    used 1172K, committed 1344K, reserved 1048576K
}
Event: 163.255 GC heap after
{Heap after GC invocations=252 (full 0):
 garbage-first heap   total 221184K, used 58991K [0x0000000087000000, 0x0000000100000000)
  region size 1024K, 2 young (2048K), 2 survivors (2048K)
 Metaspace       used 15942K, committed 16256K, reserved 1114112K
  class space    used 1172K, committed 1344K, reserved 1048576K
}

Dll operation events (14 events):
Event: 0.010 Loaded shared library C:\Program Files\Eclipse Adoptium\jdk-21.0.2.13-hotspot\bin\java.dll
Event: 0.064 Loaded shared library C:\Program Files\Eclipse Adoptium\jdk-21.0.2.13-hotspot\bin\jsvml.dll
Event: 0.169 Loaded shared library C:\Program Files\Eclipse Adoptium\jdk-21.0.2.13-hotspot\bin\net.dll
Event: 0.170 Loaded shared library C:\Program Files\Eclipse Adoptium\jdk-21.0.2.13-hotspot\bin\nio.dll
Event: 0.178 Loaded shared library C:\Program Files\Eclipse Adoptium\jdk-21.0.2.13-hotspot\bin\zip.dll
Event: 0.266 Loaded shared library C:\Program Files\Eclipse Adoptium\jdk-21.0.2.13-hotspot\bin\jimage.dll
Event: 0.269 Loaded shared library C:\Program Files\Eclipse Adoptium\jdk-21.0.2.13-hotspot\bin\awt.dll
Event: 0.621 Loaded shared library C:\Users\Sabien Wyseur\AppData\Local\Temp\jogamp_0000\file_cache\jln6677629819442478768\jln8972906054279326366\natives\windows-amd64\gluegen_rt.dll
Event: 0.630 Loaded shared library C:\Program Files\Eclipse Adoptium\jdk-21.0.2.13-hotspot\bin\jawt.dll
Event: 0.644 Loaded shared library C:\Users\Sabien Wyseur\AppData\Local\Temp\jogamp_0000\file_cache\jln6677629819442478768\jln8972906054279326366\natives\windows-amd64\nativewindow_awt.dll
Event: 0.689 Loaded shared library C:\Users\Sabien Wyseur\AppData\Local\Temp\jogamp_0000\file_cache\jln6677629819442478768\jln8972906054279326366\natives\windows-amd64\nativewindow_win32.dll
Event: 0.851 Loaded shared library C:\Users\Sabien Wyseur\AppData\Local\Temp\jogamp_0000\file_cache\jln6677629819442478768\jln8972906054279326366\natives\windows-amd64\jogl_desktop.dll
Event: 0.924 Loaded shared library C:\Users\Sabien Wyseur\AppData\Local\Temp\jogamp_0000\file_cache\jln6677629819442478768\jln8972906054279326366\natives\windows-amd64\jogl_mobile.dll
Event: 1.765 Loaded shared library C:\Users\Sabien Wyseur\AppData\Local\Temp\jogamp_0000\file_cache\jln6677629819442478768\jln8972906054279326366\natives\windows-amd64\newt_head.dll

Deoptimization events (20 events):
Event: 158.247 Thread 0x000001767583a630 DEOPT PACKING pc=0x00000176516a0c9c sp=0x00000012e65fe970
Event: 158.247 Thread 0x000001767583a630 DEOPT UNPACKING pc=0x0000017658a788e2 sp=0x00000012e65fde28 mode 1
Event: 158.247 Thread 0x000001767583a630 DEOPT PACKING pc=0x00000176516a0c9c sp=0x00000012e65fe9d0
Event: 158.247 Thread 0x000001767583a630 DEOPT UNPACKING pc=0x0000017658a788e2 sp=0x00000012e65fde88 mode 1
Event: 159.300 Thread 0x000001767583a630 DEOPT PACKING pc=0x00000176516a0c9c sp=0x00000012e65fe970
Event: 159.300 Thread 0x000001767583a630 DEOPT UNPACKING pc=0x0000017658a788e2 sp=0x00000012e65fde28 mode 1
Event: 159.300 Thread 0x000001767583a630 DEOPT PACKING pc=0x00000176516a0c9c sp=0x00000012e65fe9d0
Event: 159.300 Thread 0x000001767583a630 DEOPT UNPACKING pc=0x0000017658a788e2 sp=0x00000012e65fde88 mode 1
Event: 160.198 Thread 0x000001767583a630 DEOPT PACKING pc=0x00000176516a0c9c sp=0x00000012e65fe970
Event: 160.199 Thread 0x000001767583a630 DEOPT UNPACKING pc=0x0000017658a788e2 sp=0x00000012e65fde28 mode 1
Event: 160.199 Thread 0x000001767583a630 DEOPT PACKING pc=0x00000176516a0c9c sp=0x00000012e65fe9d0
Event: 160.199 Thread 0x000001767583a630 DEOPT UNPACKING pc=0x0000017658a788e2 sp=0x00000012e65fde88 mode 1
Event: 161.174 Thread 0x000001767583a630 DEOPT PACKING pc=0x00000176516a0c9c sp=0x00000012e65fe970
Event: 161.174 Thread 0x000001767583a630 DEOPT UNPACKING pc=0x0000017658a788e2 sp=0x00000012e65fde28 mode 1
Event: 161.175 Thread 0x000001767583a630 DEOPT PACKING pc=0x00000176516a0c9c sp=0x00000012e65fe9d0
Event: 161.175 Thread 0x000001767583a630 DEOPT UNPACKING pc=0x0000017658a788e2 sp=0x00000012e65fde88 mode 1
Event: 162.412 Thread 0x000001767583a630 DEOPT PACKING pc=0x00000176516a0c9c sp=0x00000012e65fe970
Event: 162.412 Thread 0x000001767583a630 DEOPT UNPACKING pc=0x0000017658a788e2 sp=0x00000012e65fde28 mode 1
Event: 162.412 Thread 0x000001767583a630 DEOPT PACKING pc=0x00000176516a0c9c sp=0x00000012e65fe9d0
Event: 162.412 Thread 0x000001767583a630 DEOPT UNPACKING pc=0x0000017658a788e2 sp=0x00000012e65fde88 mode 1

Classes loaded (20 events):
Event: 21.502 Loading class com/sun/imageio/plugins/png/ChunkStream
Event: 21.502 Loading class com/sun/imageio/plugins/png/ChunkStream done
Event: 21.502 Loading class com/sun/imageio/plugins/png/CRC
Event: 21.502 Loading class com/sun/imageio/plugins/png/CRC done
Event: 21.504 Loading class com/sun/imageio/plugins/png/IDATOutputStream
Event: 21.504 Loading class com/sun/imageio/plugins/png/IDATOutputStream done
Event: 21.504 Loading class java/util/zip/Deflater
Event: 21.505 Loading class java/util/zip/Deflater done
Event: 21.505 Loading class java/util/zip/Deflater$DeflaterZStreamRef
Event: 21.506 Loading class java/util/zip/Deflater$DeflaterZStreamRef done
Event: 21.507 Loading class java/awt/image/PixelInterleavedSampleModel
Event: 21.507 Loading class java/awt/image/ComponentSampleModel
Event: 21.507 Loading class java/awt/image/ComponentSampleModel done
Event: 21.507 Loading class java/awt/image/PixelInterleavedSampleModel done
Event: 163.549 Loading class java/util/WeakHashMap$KeyIterator
Event: 163.550 Loading class java/util/WeakHashMap$HashIterator
Event: 163.550 Loading class java/util/WeakHashMap$HashIterator done
Event: 163.550 Loading class java/util/WeakHashMap$KeyIterator done
Event: 163.551 Loading class java/nio/channels/ClosedChannelException
Event: 163.552 Loading class java/nio/channels/ClosedChannelException done

Classes unloaded (0 events):
No events

Classes redefined (0 events):
No events

Internal exceptions (20 events):
Event: 0.515 Thread 0x0000017648e19cb0 Exception <a 'java/lang/NoSuchMethodError'{0x000000008db33e50}: 'java.lang.Object java.lang.invoke.DirectMethodHandle$Holder.invokeStaticInit(java.lang.Object, long, java.lang.Object)'> (0x000000008db33e50) 
thrown [s\src\hotspot\share\interpreter\linkResolver.cpp, line 773]
Event: 0.622 Thread 0x0000017648e19cb0 Exception <a 'java/lang/NoSuchMethodError'{0x000000008db6e408}: 'int java.lang.invoke.DirectMethodHandle$Holder.invokeStatic(java.lang.Object)'> (0x000000008db6e408) 
thrown [s\src\hotspot\share\interpreter\linkResolver.cpp, line 773]
Event: 0.623 Thread 0x0000017648e19cb0 Exception <a 'java/lang/NoSuchMethodError'{0x000000008db71e78}: 'int java.lang.invoke.DelegatingMethodHandle$Holder.reinvoke_L(java.lang.Object)'> (0x000000008db71e78) 
thrown [s\src\hotspot\share\interpreter\linkResolver.cpp, line 773]
Event: 0.659 Thread 0x0000017648e19cb0 Exception <a 'java/lang/NoSuchMethodError'{0x000000008daa1e08}: 'java.lang.Object java.lang.invoke.DirectMethodHandle$Holder.invokeInterface(java.lang.Object, java.lang.Object)'> (0x000000008daa1e08) 
thrown [s\src\hotspot\share\interpreter\linkResolver.cpp, line 773]
Event: 0.660 Thread 0x0000017648e19cb0 Exception <a 'java/lang/IncompatibleClassChangeError'{0x000000008daa53b0}: Found class java.lang.Object, but interface was expected> (0x000000008daa53b0) 
thrown [s\src\hotspot\share\interpreter\linkResolver.cpp, line 840]
Event: 0.855 Thread 0x0000017648e19cb0 Exception <a 'java/lang/NoSuchMethodError'{0x000000008d5afeb0}: 'long java.lang.invoke.DelegatingMethodHandle$Holder.reinvoke_L(java.lang.Object, java.lang.Object)'> (0x000000008d5afeb0) 
thrown [s\src\hotspot\share\interpreter\linkResolver.cpp, line 773]
Event: 0.856 Thread 0x0000017648e19cb0 Exception <a 'java/lang/NoSuchMethodError'{0x000000008d5b9c70}: 'void java.lang.invoke.DelegatingMethodHandle$Holder.reinvoke_L(java.lang.Object, java.lang.Object, long)'> (0x000000008d5b9c70) 
thrown [s\src\hotspot\share\interpreter\linkResolver.cpp, line 773]
Event: 1.352 Thread 0x000001766beb0060 Implicit null exception at 0x0000017659025e33 to 0x000001765902615c
Event: 1.352 Thread 0x000001766beb0060 Exception <a 'java/lang/NoSuchMethodError'{0x000000008df313d0}: 'void java.lang.invoke.DirectMethodHandle$Holder.invokeSpecial(java.lang.Object, java.lang.Object, java.lang.Object)'> (0x000000008df313d0) 
thrown [s\src\hotspot\share\interpreter\linkResolver.cpp, line 773]
Event: 1.358 Thread 0x000001766beb0060 Exception <a 'java/lang/NoSuchMethodError'{0x000000008df47c60}: 'long java.lang.invoke.Invokers$Holder.invokeExact_MT(java.lang.Object, java.lang.Object, java.lang.Object)'> (0x000000008df47c60) 
thrown [s\src\hotspot\share\interpreter\linkResolver.cpp, line 773]
Event: 1.854 Thread 0x0000017648e19cb0 Exception <a 'java/lang/NoSuchMethodError'{0x000000008d64a4c0}: 'void java.lang.invoke.DirectMethodHandle$Holder.invokeSpecial(java.lang.Object, java.lang.Object, java.lang.Object, java.lang.Object, java.lang.Object)'> (0x000000008d64a4c0) 
thrown [s\src\hotspot\share\interpreter\linkResolver.cpp, line 773]
Event: 1.856 Thread 0x0000017648e19cb0 Exception <a 'java/lang/NoSuchMethodError'{0x000000008d657668}: 'void java.lang.invoke.DirectMethodHandle$Holder.invokeSpecial(java.lang.Object, java.lang.Object, int)'> (0x000000008d657668) 
thrown [s\src\hotspot\share\interpreter\linkResolver.cpp, line 773]
Event: 1.857 Thread 0x0000017648e19cb0 Exception <a 'java/lang/NoSuchMethodError'{0x000000008d65cdc0}: 'java.lang.Object java.lang.invoke.DirectMethodHandle$Holder.newInvokeSpecial(java.lang.Object, java.lang.Object, int)'> (0x000000008d65cdc0) 
thrown [s\src\hotspot\share\interpreter\linkResolver.cpp, line 773]
Event: 2.047 Thread 0x0000017675394910 Exception <a 'java/lang/NoSuchMethodError'{0x000000008cf56528}: 'java.lang.Object java.lang.invoke.DirectMethodHandle$Holder.newInvokeSpecial(java.lang.Object, float)'> (0x000000008cf56528) 
thrown [s\src\hotspot\share\interpreter\linkResolver.cpp, line 773]
Event: 2.080 Thread 0x000001767583a630 Exception <a 'java/lang/NoSuchMethodError'{0x000000008cc1c1a0}: 'void java.lang.invoke.DirectMethodHandle$Holder.invokeVirtual(java.lang.Object, java.lang.Object)'> (0x000000008cc1c1a0) 
thrown [s\src\hotspot\share\interpreter\linkResolver.cpp, line 773]
Event: 9.149 Thread 0x000001767583a630 Implicit null exception at 0x000001765905f43a to 0x000001765905f478
Event: 9.149 Thread 0x000001767583a630 Implicit null exception at 0x000001765905f73a to 0x000001765905f778
Event: 14.042 Thread 0x000001767583a630 Implicit null exception at 0x000001765906fcca to 0x0000017659071460
Event: 32.764 Thread 0x000001767583a630 Implicit null exception at 0x00000176591849e4 to 0x0000017659184ab4
Event: 163.543 Thread 0x00000176753942a0 Exception <a 'java/lang/InterruptedException'{0x0000000090b00000}> (0x0000000090b00000) 
thrown [s\src\hotspot\share\runtime\objectMonitor.cpp, line 1648]

ZGC Phase Switch (0 events):
No events

VM Operations (20 events):
Event: 157.441 Executing VM operation: G1CollectForAllocation (G1 Evacuation Pause) done
Event: 157.993 Executing VM operation: G1CollectForAllocation (G1 Evacuation Pause)
Event: 157.994 Executing VM operation: G1CollectForAllocation (G1 Evacuation Pause) done
Event: 158.668 Executing VM operation: G1CollectForAllocation (G1 Evacuation Pause)
Event: 158.670 Executing VM operation: G1CollectForAllocation (G1 Evacuation Pause) done
Event: 159.260 Executing VM operation: G1CollectForAllocation (G1 Evacuation Pause)
Event: 159.262 Executing VM operation: G1CollectForAllocation (G1 Evacuation Pause) done
Event: 159.833 Executing VM operation: G1CollectForAllocation (G1 Evacuation Pause)
Event: 159.835 Executing VM operation: G1CollectForAllocation (G1 Evacuation Pause) done
Event: 160.416 Executing VM operation: G1CollectForAllocation (G1 Evacuation Pause)
Event: 160.418 Executing VM operation: G1CollectForAllocation (G1 Evacuation Pause) done
Event: 161.003 Executing VM operation: G1CollectForAllocation (G1 Evacuation Pause)
Event: 161.005 Executing VM operation: G1CollectForAllocation (G1 Evacuation Pause) done
Event: 161.763 Executing VM operation: G1CollectForAllocation (G1 Evacuation Pause)
Event: 161.765 Executing VM operation: G1CollectForAllocation (G1 Evacuation Pause) done
Event: 162.519 Executing VM operation: G1CollectForAllocation (G1 Evacuation Pause)
Event: 162.522 Executing VM operation: G1CollectForAllocation (G1 Evacuation Pause) done
Event: 163.253 Executing VM operation: G1CollectForAllocation (G1 Evacuation Pause)
Event: 163.255 Executing VM operation: G1CollectForAllocation (G1 Evacuation Pause) done
Event: 163.655 Executing VM operation: Exit

Events (20 events):
Event: 44.498 Thread 0x0000017665817890 flushing nmethod 0x00000176516d7b10
Event: 44.498 Thread 0x0000017665817890 flushing nmethod 0x00000176516d7610
Event: 44.498 Thread 0x0000017665817890 flushing nmethod 0x00000176591b0090
Event: 45.484 Thread 0x0000017665817890 flushing nmethod 0x00000176518aae10
Event: 46.386 Thread 0x0000017665817890 flushing nmethod 0x00000176518ac890
Event: 163.548 Thread 0x000001766c61b4e0 Thread added: 0x000001766c61b4e0
Event: 163.548 Thread 0x000001766c618d80 Thread added: 0x000001766c618d80
Event: 163.548 Thread 0x000001766c61a130 Thread added: 0x000001766c61a130
Event: 163.548 Thread 0x000001766c616cb0 Thread added: 0x000001766c616cb0
Event: 163.549 Thread 0x00000176753942a0 Thread exited: 0x00000176753942a0
Event: 163.549 Thread 0x000001766c614550 Thread added: 0x000001766c614550
Event: 163.549 Thread 0x000001766c614550 Thread exited: 0x000001766c614550
Event: 163.551 Thread 0x000001766c61b4e0 Thread exited: 0x000001766c61b4e0
Event: 163.552 Thread 0x000001766c616cb0 Thread exited: 0x000001766c616cb0
Event: 163.552 Thread 0x000001766c612360 Thread exited: 0x000001766c612360
Event: 163.552 Thread 0x000001766c615900 Thread added: 0x000001766c615900
Event: 163.561 Thread 0x000001766a4432b0 Thread exited: 0x000001766a4432b0
Event: 163.593 Thread 0x000001766beb0060 Thread exited: 0x000001766beb0060
Event: 163.603 Thread 0x000001766c618d80 Thread exited: 0x000001766c618d80
Event: 163.654 Thread 0x000001766c61a130 Thread exited: 0x000001766c61a130


Dynamic libraries:
0x00007ff757d60000 - 0x00007ff757d6e000 	C:\Program Files\Eclipse Adoptium\jdk-21.0.2.13-hotspot\bin\java.exe
0x00007ffd7c5f0000 - 0x00007ffd7c807000 	C:\WINDOWS\SYSTEM32\ntdll.dll
0x00007ffd7ae50000 - 0x00007ffd7af14000 	C:\WINDOWS\System32\KERNEL32.DLL
0x00007ffd79aa0000 - 0x00007ffd79e4d000 	C:\WINDOWS\System32\KERNELBASE.dll
0x00007ffd79f00000 - 0x00007ffd7a011000 	C:\WINDOWS\System32\ucrtbase.dll
0x00007ffd5dcd0000 - 0x00007ffd5dce8000 	C:\Program Files\Eclipse Adoptium\jdk-21.0.2.13-hotspot\bin\jli.dll
0x00007ffd5d860000 - 0x00007ffd5d87b000 	C:\Program Files\Eclipse Adoptium\jdk-21.0.2.13-hotspot\bin\VCRUNTIME140.dll
0x00007ffd7b880000 - 0x00007ffd7ba2e000 	C:\WINDOWS\System32\USER32.dll
0x00007ffd614b0000 - 0x00007ffd61743000 	C:\WINDOWS\WinSxS\amd64_microsoft.windows.common-controls_6595b64144ccf1df_6.0.22621.3672_none_2713b9d173822955\COMCTL32.dll
0x00007ffd79ed0000 - 0x00007ffd79ef6000 	C:\WINDOWS\System32\win32u.dll
0x00007ffd7aa30000 - 0x00007ffd7aad7000 	C:\WINDOWS\System32\msvcrt.dll
0x00007ffd7b4a0000 - 0x00007ffd7b4c9000 	C:\WINDOWS\System32\GDI32.dll
0x00007ffd7a020000 - 0x00007ffd7a139000 	C:\WINDOWS\System32\gdi32full.dll
0x00007ffd79910000 - 0x00007ffd799aa000 	C:\WINDOWS\System32\msvcp_win.dll
0x00007ffd7ba40000 - 0x00007ffd7ba71000 	C:\WINDOWS\System32\IMM32.DLL
0x00007ffd6cd00000 - 0x00007ffd6cd0c000 	C:\Program Files\Eclipse Adoptium\jdk-21.0.2.13-hotspot\bin\vcruntime140_1.dll
0x00007ffcc8200000 - 0x00007ffcc828e000 	C:\Program Files\Eclipse Adoptium\jdk-21.0.2.13-hotspot\bin\msvcp140.dll
0x00007ffcc0c10000 - 0x00007ffcc1993000 	C:\Program Files\Eclipse Adoptium\jdk-21.0.2.13-hotspot\bin\server\jvm.dll
0x00007ffd7a320000 - 0x00007ffd7a3d2000 	C:\WINDOWS\System32\ADVAPI32.dll
0x00007ffd7ba90000 - 0x00007ffd7bb39000 	C:\WINDOWS\System32\sechost.dll
0x00007ffd79a70000 - 0x00007ffd79a98000 	C:\WINDOWS\System32\bcrypt.dll
0x00007ffd7a8b0000 - 0x00007ffd7a9c4000 	C:\WINDOWS\System32\RPCRT4.dll
0x00007ffd7ab40000 - 0x00007ffd7abb1000 	C:\WINDOWS\System32\WS2_32.dll
0x00007ffd787c0000 - 0x00007ffd7880d000 	C:\WINDOWS\SYSTEM32\POWRPROF.dll
0x00007ffd6f700000 - 0x00007ffd6f734000 	C:\WINDOWS\SYSTEM32\WINMM.dll
0x00007ffd6c280000 - 0x00007ffd6c28a000 	C:\WINDOWS\SYSTEM32\VERSION.dll
0x00007ffd787a0000 - 0x00007ffd787b3000 	C:\WINDOWS\SYSTEM32\UMPDC.dll
0x00007ffd78a50000 - 0x00007ffd78a68000 	C:\WINDOWS\SYSTEM32\kernel.appcore.dll
0x00007ffd6ccb0000 - 0x00007ffd6ccba000 	C:\Program Files\Eclipse Adoptium\jdk-21.0.2.13-hotspot\bin\jimage.dll
0x00007ffd76b60000 - 0x00007ffd76d92000 	C:\WINDOWS\SYSTEM32\DBGHELP.DLL
0x00007ffd7b4f0000 - 0x00007ffd7b87e000 	C:\WINDOWS\System32\combase.dll
0x00007ffd7abc0000 - 0x00007ffd7ac97000 	C:\WINDOWS\System32\OLEAUT32.dll
0x00007ffd5ec90000 - 0x00007ffd5ecc2000 	C:\WINDOWS\SYSTEM32\dbgcore.DLL
0x00007ffd79e50000 - 0x00007ffd79ecb000 	C:\WINDOWS\System32\bcryptPrimitives.dll
0x00007ffce24f0000 - 0x00007ffce252c000 	C:\Program Files\Eclipse Adoptium\jdk-21.0.2.13-hotspot\bin\jdwp.dll
0x00007ffd3c550000 - 0x00007ffd3c56f000 	C:\Program Files\Eclipse Adoptium\jdk-21.0.2.13-hotspot\bin\java.dll
0x00007ffd7bba0000 - 0x00007ffd7c407000 	C:\WINDOWS\System32\SHELL32.dll
0x00007ffd778a0000 - 0x00007ffd7819f000 	C:\WINDOWS\SYSTEM32\windows.storage.dll
0x00007ffd77760000 - 0x00007ffd7789f000 	C:\WINDOWS\SYSTEM32\wintypes.dll
0x00007ffd7af20000 - 0x00007ffd7b019000 	C:\WINDOWS\System32\SHCORE.dll
0x00007ffd7a9d0000 - 0x00007ffd7aa2e000 	C:\WINDOWS\System32\shlwapi.dll
0x00007ffd79840000 - 0x00007ffd79867000 	C:\WINDOWS\SYSTEM32\profapi.dll
0x00007ffcc8000000 - 0x00007ffcc80d7000 	C:\Program Files\Eclipse Adoptium\jdk-21.0.2.13-hotspot\bin\jsvml.dll
0x00007ffd6cc00000 - 0x00007ffd6cc0c000 	C:\Program Files\Eclipse Adoptium\jdk-21.0.2.13-hotspot\bin\dt_socket.dll
0x00007ffd783f0000 - 0x00007ffd7841d000 	C:\WINDOWS\SYSTEM32\IPHLPAPI.DLL
0x00007ffd78ec0000 - 0x00007ffd78f29000 	C:\WINDOWS\system32\mswsock.dll
0x00007ffd78420000 - 0x00007ffd78518000 	C:\WINDOWS\SYSTEM32\DNSAPI.dll
0x00007ffd7ab30000 - 0x00007ffd7ab39000 	C:\WINDOWS\System32\NSI.dll
0x00007ffd70b20000 - 0x00007ffd70b2a000 	C:\Windows\System32\rasadhlp.dll
0x00007ffd6fa60000 - 0x00007ffd6fae3000 	C:\WINDOWS\System32\fwpuclnt.dll
0x00007ffd5f1b0000 - 0x00007ffd5f1c0000 	C:\Program Files\Eclipse Adoptium\jdk-21.0.2.13-hotspot\bin\net.dll
0x00007ffd713f0000 - 0x00007ffd71526000 	C:\WINDOWS\SYSTEM32\WINHTTP.dll
0x00007ffd3c4a0000 - 0x00007ffd3c4b6000 	C:\Program Files\Eclipse Adoptium\jdk-21.0.2.13-hotspot\bin\nio.dll
0x00007ffd3c060000 - 0x00007ffd3c078000 	C:\Program Files\Eclipse Adoptium\jdk-21.0.2.13-hotspot\bin\zip.dll
0x00007ffcc64e0000 - 0x00007ffcc666d000 	C:\Program Files\Eclipse Adoptium\jdk-21.0.2.13-hotspot\bin\awt.dll
0x00007ffd6ed70000 - 0x00007ffd6ee07000 	C:\WINDOWS\SYSTEM32\apphelp.dll
0x00007ffd72ba0000 - 0x00007ffd72c51000 	C:\WINDOWS\system32\uxtheme.dll
0x00007ffd7a5a0000 - 0x00007ffd7a6fe000 	C:\WINDOWS\System32\MSCTF.dll
0x00007ffd7a700000 - 0x00007ffd7a8a5000 	C:\WINDOWS\System32\ole32.dll
0x00007ffd72df0000 - 0x00007ffd72e1b000 	C:\WINDOWS\system32\DWMAPI.DLL
0x00007ffd342e0000 - 0x00007ffd343e0000 	C:\WINDOWS\system32\opengl32.dll
0x00007ffd34270000 - 0x00007ffd3429d000 	C:\WINDOWS\SYSTEM32\GLU32.dll
0x00007ffd76de0000 - 0x00007ffd76e17000 	C:\WINDOWS\SYSTEM32\dxcore.dll
0x00007ffd79110000 - 0x00007ffd7912b000 	C:\WINDOWS\SYSTEM32\CRYPTSP.dll
0x00007ffd789b0000 - 0x00007ffd789e5000 	C:\WINDOWS\system32\rsaenh.dll
0x00007ffd78fb0000 - 0x00007ffd78fd8000 	C:\WINDOWS\SYSTEM32\USERENV.dll
0x00007ffd79130000 - 0x00007ffd7913c000 	C:\WINDOWS\SYSTEM32\CRYPTBASE.dll
0x000000006e8c0000 - 0x000000006e8cd000 	C:\Users\Sabien Wyseur\AppData\Local\Temp\jogamp_0000\file_cache\jln6677629819442478768\jln8972906054279326366\natives\windows-amd64\gluegen_rt.dll
0x00007ffd5d850000 - 0x00007ffd5d857000 	C:\Program Files\Eclipse Adoptium\jdk-21.0.2.13-hotspot\bin\jawt.dll
0x000000006a440000 - 0x000000006a44d000 	C:\Users\Sabien Wyseur\AppData\Local\Temp\jogamp_0000\file_cache\jln6677629819442478768\jln8972906054279326366\natives\windows-amd64\nativewindow_awt.dll
0x000000006c100000 - 0x000000006c110000 	C:\Users\Sabien Wyseur\AppData\Local\Temp\jogamp_0000\file_cache\jln6677629819442478768\jln8972906054279326366\natives\windows-amd64\nativewindow_win32.dll
0x0000000064500000 - 0x0000000064585000 	C:\Users\Sabien Wyseur\AppData\Local\Temp\jogamp_0000\file_cache\jln6677629819442478768\jln8972906054279326366\natives\windows-amd64\jogl_desktop.dll
0x0000000064340000 - 0x0000000064391000 	C:\Users\Sabien Wyseur\AppData\Local\Temp\jogamp_0000\file_cache\jln6677629819442478768\jln8972906054279326366\natives\windows-amd64\jogl_mobile.dll
0x00007ffd6c450000 - 0x00007ffd6c499000 	C:\WINDOWS\SYSTEM32\directxdatabasehelper.dll
0x00007ffd7ad90000 - 0x00007ffd7ae40000 	C:\WINDOWS\System32\clbcatq.dll
0x00007ffcbfc30000 - 0x00007ffcc0c08000 	C:\WINDOWS\System32\DriverStore\FileRepository\iigd_dch.inf_amd64_41eb30dc35333897\igxelpicd64.dll
0x00007ffd72ce0000 - 0x00007ffd72dd7000 	C:\WINDOWS\system32\dxgi.dll
0x00007ffcc6870000 - 0x00007ffcc69ae000 	C:\WINDOWS\System32\DriverStore\FileRepository\iigd_dch.inf_amd64_41eb30dc35333897\igdml64.dll
0x00007ffd65f80000 - 0x00007ffd66370000 	C:\WINDOWS\System32\DriverStore\FileRepository\iigd_dch.inf_amd64_41eb30dc35333897\igdgmm64.dll
0x00007ffd61910000 - 0x00007ffd65f54000 	C:\WINDOWS\System32\DriverStore\FileRepository\iigd_dch.inf_amd64_41eb30dc35333897\igc64.dll
0x0000000070d80000 - 0x0000000070d93000 	C:\Users\Sabien Wyseur\AppData\Local\Temp\jogamp_0000\file_cache\jln6677629819442478768\jln8972906054279326366\natives\windows-amd64\newt_head.dll
0x00007ffd704e0000 - 0x00007ffd7059d000 	C:\WINDOWS\SYSTEM32\mscms.dll
0x00007ffcc9880000 - 0x00007ffcc98ca000 	C:\WINDOWS\SYSTEM32\icm32.dll
0x00007ffd7b020000 - 0x00007ffd7b494000 	C:\WINDOWS\System32\setupapi.dll
0x00007ffd795d0000 - 0x00007ffd795fc000 	C:\WINDOWS\SYSTEM32\DEVOBJ.dll
0x00007ffd79600000 - 0x00007ffd7964e000 	C:\WINDOWS\SYSTEM32\cfgmgr32.dll
0x00007ffd7a140000 - 0x00007ffd7a1ab000 	C:\WINDOWS\System32\WINTRUST.dll
0x00007ffd7a1b0000 - 0x00007ffd7a316000 	C:\WINDOWS\System32\CRYPT32.dll
0x00007ffd79170000 - 0x00007ffd79182000 	C:\WINDOWS\SYSTEM32\MSASN1.dll
0x00007ffd6aa10000 - 0x00007ffd6ab53000 	C:\WINDOWS\SYSTEM32\textinputframework.dll
0x00007ffd6e960000 - 0x00007ffd6ea93000 	C:\WINDOWS\SYSTEM32\CoreMessaging.dll
0x00007ffd6bb20000 - 0x00007ffd6be8d000 	C:\WINDOWS\SYSTEM32\CoreUIComponents.dll
0x00007ffd52e20000 - 0x00007ffd52e89000 	C:\WINDOWS\system32\Oleacc.dll

dbghelp: loaded successfully - version: 4.0.5 - missing functions: none
symbol engine: initialized successfully - sym options: 0x614 - pdb path: .;C:\Program Files\Eclipse Adoptium\jdk-21.0.2.13-hotspot\bin;C:\WINDOWS\SYSTEM32;C:\WINDOWS\WinSxS\amd64_microsoft.windows.common-controls_6595b64144ccf1df_6.0.22621.3672_none_2713b9d173822955;C:\Program Files\Eclipse Adoptium\jdk-21.0.2.13-hotspot\bin\server;C:\Users\Sabien Wyseur\AppData\Local\Temp\jogamp_0000\file_cache\jln6677629819442478768\jln8972906054279326366\natives\windows-amd64;C:\WINDOWS\System32\DriverStore\FileRepository\iigd_dch.inf_amd64_41eb30dc35333897

VM Arguments:
jvm_args: -agentlib:jdwp=transport=dt_socket,server=n,suspend=y,address=localhost:57004 -XX:+ShowCodeDetailsInExceptionMessages 
java_command: Main
java_class_path (initial): C:\Users\Sabien Wyseur\AppData\Roaming\Code\User\workspaceStorage\3562488d343c3856dd70762c0173a47c\redhat.java\jdt_ws\20240425.001-Lines_8ebfa8f6\bin;c:\Users\Sabien Wyseur\OneDrive\Steven\Sketches Processing\_libraries\queasycam\hemesh\library\eclipse-collections-9.0.0.jar;c:\Users\Sabien Wyseur\OneDrive\Steven\Sketches Processing\_libraries\queasycam\hemesh\library\hemesh.jar;c:\Users\Sabien Wyseur\OneDrive\Steven\Sketches Processing\_libraries\processing-4.3\gluegen-rt-natives-linux-amd64.jar;c:\Users\Sabien Wyseur\OneDrive\Steven\Sketches Processing\_libraries\hemesh-2019.0.2\library\eclipse-collections-api-9.0.0.jar;c:\Users\Sabien Wyseur\OneDrive\Steven\Sketches Processing\_libraries\processing-4.3\jogl-all-natives-macosx-universal.jar;c:\Users\Sabien Wyseur\OneDrive\Steven\Sketches Processing\_libraries\hemesh-2019.0.2\library\hemesh-external-6_0_0.jar;c:\Users\Sabien Wyseur\OneDrive\Steven\Sketches Processing\_libraries\processing-4.3\jogl-all-natives-linux-i586.jar;c:\Users\Sabien Wyseur\OneDrive\Steven\Sketches Processing\_libraries\hemesh-2019.0.2\library\eclipse-collections-9.0.0.jar;c:\Users\Sabien Wyseur\OneDrive\Steven\Sketches Processing\_libraries\queasycam\library\queasycam.jar;c:\Users\Sabien Wyseur\OneDrive\Steven\Sketches Processing\_libraries\processing-4.3\jogl-all.jar;c:\Users\Sabien Wyseur\OneDrive\Steven\Sketches Processing\_libraries\queasycam\hemesh\library\javaluator-3.0.2.jar;c:\Users\Sabien Wyseur\OneDrive\Steven\Sketches Processing\_libraries\processing-4.3\gluegen-rt-natives-windows-amd64.jar;c:\Users\Sabien Wyseur\OneDrive\Steven\Sketches Processing\_libraries\hemesh-2019.0.2\library\hemesh.jar;c:\Users\Sabien Wyseur\OneDrive\Steven\Sketches Processing\_libraries\hemesh-2019.0.2\library\hemesh-data-3_0_0.jar;c:\Users\Sabien Wyseur\OneDrive\Steven\Sketches Processing\_libraries\hemesh-2019.0.2\library\javaluator-3.0.2.jar;c:\Users\Sabien Wyseur\OneDrive\Steven\Sketches Processing\_libraries\processing-4.3\gluegen-rt-natives-linux-aarch64.jar;c:\Users\Sabien Wyseur\OneDrive\Steven\Sketches Processing\_libraries\processing-4.3\gluegen-rt-natives-linux-armv6hf.jar;c:\Users\Sabien Wyseur\OneDrive\Steven\Sketches Processing\_libraries\processing-4.3\jogl-all-natives-linux-armv6hf.jar;c:\Users\Sabien Wyseur\OneDrive\Steven\Sketches Processing\_libraries\processing-4.3\jogl-all-natives-windows-amd64.jar;c:\Users\Sabien Wyseur\OneDrive\Steven\Sketches Processing\_libraries\processing-4.3\gluegen-rt.jar;c:\Users\Sabien Wyseur\OneDrive\Steven\Sketches Processing\_libraries\processing-4.3\core.jar;c:\Users\Sabien Wyseur\OneDrive\Steven\Sketches Processing\_libraries\processing-4.3\jogl-all-natives-linux-amd64.jar;c:\Users\Sabien Wyseur\OneDrive\Steven\Sketches Processing\_libraries\queasycam\hemesh\library\eclipse-collections-api-9.0.0.jar;c:\Users\Sabien Wyseur\OneDrive\Steven\Sketches Processing\_libraries\processing-4.3\jogl-all-natives-windows-i586.jar;c:\Users\Sabien Wyseur\OneDrive\Steven\Sketches Processing\_libraries\controlP5\library\controlP5.jar;c:\Users\Sabien Wyseur\OneDrive\Steven\Sketches Processing\_libraries\queasycam\hemesh\library\hemesh-data-3_0_0.jar;c:\Users\Sabien Wyseur\OneDrive\Steven\Sketches Processing\_libraries\processing-4.3\gluegen-rt-natives-macosx-universal.jar;c:\Users\Sabien Wyseur\OneDrive\Steven\Sketches Processing\_libraries\processing-4.3\gluegen-rt-natives-windows-i586.jar;c:\Users\Sabien Wyseur\OneDrive\Steven\Sketches Processing\_libraries\peasycam\library\peasy-math.jar;c:\Users\Sabien Wyseur\OneDrive\Steven\Sketches Processing\_libraries\processing-4.3\jogl-all-natives-linux-aarch64.jar;c:\Users\Sabien Wyseur\OneDrive\Steven\Sketches Processing\_libraries\queasycam\hemesh\library\hemesh-external-6_0_0.jar;c:\Users\Sabien Wyseur\OneDrive\Steven\Sketches Processing\_libraries\queasycam\hemesh\library\hemesh-lab.jar;c:\Users\Sabien Wyseur\OneDrive\Steven\Sketches Processing\_libraries\peasycam\library\peasycam.jar;c:\Users\Sabien Wyseur\OneDrive\Steven\Sketches Processing\_libraries\processing-4.3\gluegen-rt-natives-linux-i586.jar;c:\Users\Sabien Wyseur\OneDrive\Steven\Sketches Processing\_libraries\hemesh-2019.0.2\library\hemesh-lab.jar
Launcher Type: SUN_STANDARD

[Global flags]
     intx CICompilerCount                          = 4                                         {product} {ergonomic}
     uint ConcGCThreads                            = 2                                         {product} {ergonomic}
     uint G1ConcRefinementThreads                  = 8                                         {product} {ergonomic}
   size_t G1HeapRegionSize                         = 1048576                                   {product} {ergonomic}
    uintx GCDrainStackTargetSize                   = 64                                        {product} {ergonomic}
   size_t InitialHeapSize                          = 127926272                                 {product} {ergonomic}
   size_t MarkStackSize                            = 4194304                                   {product} {ergonomic}
   size_t MaxHeapSize                              = 2030043136                                {product} {ergonomic}
   size_t MaxNewSize                               = 1217396736                                {product} {ergonomic}
   size_t MinHeapDeltaBytes                        = 1048576                                   {product} {ergonomic}
   size_t MinHeapSize                              = 8388608                                   {product} {ergonomic}
    uintx NonNMethodCodeHeapSize                   = 5839372                                {pd product} {ergonomic}
    uintx NonProfiledCodeHeapSize                  = 122909434                              {pd product} {ergonomic}
    uintx ProfiledCodeHeapSize                     = 122909434                              {pd product} {ergonomic}
    uintx ReservedCodeCacheSize                    = 251658240                              {pd product} {ergonomic}
     bool SegmentedCodeCache                       = true                                      {product} {ergonomic}
     bool ShowCodeDetailsInExceptionMessages       = true                                   {manageable} {command line}
   size_t SoftMaxHeapSize                          = 2030043136                             {manageable} {ergonomic}
     bool UseCompressedOops                        = true                           {product lp64_product} {ergonomic}
     bool UseG1GC                                  = true                                      {product} {ergonomic}
     bool UseLargePagesIndividualAllocation        = false                                  {pd product} {ergonomic}

Logging:
Log output configuration:
 #0: stdout all=off uptime,level,tags foldmultilines=false
 #1: stderr all=off uptime,level,tags foldmultilines=false

Environment Variables:
JAVA_HOME=C:\Program Files\Eclipse Adoptium\jdk-21.0.2.13-hotspot\
PATH=C:\Program Files\Common Files\Oracle\Java\javapath;C:\Program Files\Eclipse Adoptium\jdk-21.0.2.13-hotspot\bin;C:\Python312\Scripts\;C:\Python312\;C:\WINDOWS\system32;C:\WINDOWS;C:\WINDOWS\System32\Wbem;C:\WINDOWS\System32\WindowsPowerShell\v1.0\;C:\WINDOWS\System32\OpenSSH\;C:\Program Files\Microsoft SQL Server\Client SDK\ODBC\110\Tools\Binn\;C:\Program Files (x86)\Microsoft SQL Server\120\Tools\Binn\;C:\Program Files\Microsoft SQL Server\120\Tools\Binn\;C:\Program Files\Microsoft SQL Server\120\DTS\Binn\;C:\Program Files (x86)\Microsoft SQL Server\120\Tools\Binn\ManagementStudio\;C:\Program Files (x86)\Microsoft SQL Server\120\DTS\Binn\;C:\Program Files\nodejs\;C:\ProgramData\chocolatey\bin;C:\Program Files\Microsoft VS Code\bin;C:\Program Files (x86)\HP\Common\HPDestPlgIn\;C:\Program Files\Git\cmd;C:\Users\Sabien Wyseur\AppData\Local\Microsoft\WindowsApps;C:\Users\Sabien Wyseur\AppData\Roaming\npm;C:\Program Files (x86)\HP\Common\HPDestPlgIn\
USERNAME=Sabien Wyseur
LANG=en_US.UTF-8
OS=Windows_NT
PROCESSOR_IDENTIFIER=Intel64 Family 6 Model 140 Stepping 1, GenuineIntel
TMP=C:\Users\SABIEN~1\AppData\Local\Temp
TEMP=C:\Users\SABIEN~1\AppData\Local\Temp




Periodic native trim disabled

---------------  S Y S T E M  ---------------

OS:
 Windows 11 , 64 bit Build 22621 (10.0.22621.3958)
OS uptime: 0 days 4:04 hours

CPU: total 8 (initial active 8) (4 cores per cpu, 2 threads per core) family 6 model 140 stepping 1 microcode 0x56, cx8, cmov, fxsr, ht, mmx, 3dnowpref, sse, sse2, sse3, ssse3, sse4.1, sse4.2, popcnt, lzcnt, tsc, tscinvbit, avx, avx2, aes, erms, clmul, bmi1, bmi2, adx, avx512f, avx512dq, avx512cd, avx512bw, avx512vl, sha, fma, vzeroupper, avx512_vpopcntdq, avx512_vpclmulqdq, avx512_vaes, avx512_vnni, clflush, clflushopt, clwb, avx512_vbmi2, avx512_vbmi, rdtscp, rdpid, fsrm, gfni, avx512_bitalg, f16c, pku, cet_ibt, cet_ss, avx512_ifma
Processor Information for processor 0
  Max Mhz: 2419, Current Mhz: 2419, Mhz Limit: 2419
Processor Information for processor 1
  Max Mhz: 2419, Current Mhz: 2419, Mhz Limit: 2419
Processor Information for processor 2
  Max Mhz: 2419, Current Mhz: 2419, Mhz Limit: 2419
Processor Information for processor 3
  Max Mhz: 2419, Current Mhz: 2419, Mhz Limit: 2419
Processor Information for processor 4
  Max Mhz: 2419, Current Mhz: 2419, Mhz Limit: 2419
Processor Information for processor 5
  Max Mhz: 2419, Current Mhz: 2419, Mhz Limit: 2419
Processor Information for processor 6
  Max Mhz: 2419, Current Mhz: 1209, Mhz Limit: 2419
Processor Information for processor 7
  Max Mhz: 2419, Current Mhz: 2419, Mhz Limit: 2419

Memory: 4k page, system-wide physical 7739M (563M free)
TotalPageFile size 15333M (AvailPageFile size 2205M)
current process WorkingSet (physical memory assigned to process): 707M, peak: 1531M
current process commit charge ("private bytes"): 639M, peak: 682M

vm_info: OpenJDK 64-Bit Server VM (21.0.2+13-LTS) for windows-amd64 JRE (21.0.2+13-LTS), built on 2024-01-16T00:00:00Z by "admin" with unknown MS VC++:1937

END.
