#
# A fatal error has been detected by the Java Runtime Environment:
#
#  EXCEPTION_ACCESS_VIOLATION (0xc0000005) at pc=0x00007ffcbfeec3a2, pid=4360, tid=11072
#
# JRE version: OpenJDK Runtime Environment Temurin-21.0.2+13 (21.0.2+13) (build 21.0.2+13-LTS)
# Java VM: OpenJDK 64-Bit Server VM Temurin-21.0.2+13 (21.0.2+13-LTS, mixed mode, sharing, tiered, compressed oops, compressed class ptrs, g1 gc, windows-amd64)
# Problematic frame:
# C  [igxelpicd64.dll+0x2bc3a2]
#
# No core dump will be written. Minidumps are not enabled by default on client versions of Windows
#
# If you would like to submit a bug report, please visit:
#   https://github.com/adoptium/adoptium-support/issues
#

---------------  S U M M A R Y ------------

Command Line: -agentlib:jdwp=transport=dt_socket,server=n,suspend=y,address=localhost:60941 -XX:+ShowCodeDetailsInExceptionMessages Main

Host: 11th Gen Intel(R) Core(TM) i5-1135G7 @ 2.40GHz, 8 cores, 7G,  Windows 11 , 64 bit Build 22621 (10.0.22621.3958)
Time: Tue Oct  8 12:48:13 2024 Romance (zomertijd) elapsed time: 60.088516 seconds (0d 0h 1m 0s)

---------------  T H R E A D  ---------------

Current thread (0x00000260ce599a60):  VMThread "VM Thread"          [id=11072, stack(0x000000c2cd000000,0x000000c2cd100000) (1024K)]

Stack: [0x000000c2cd000000,0x000000c2cd100000],  sp=0x000000c2cd0fe5b0,  free space=1017k
Native frames: (J=compiled Java code, j=interpreted, Vv=VM code, C=native code)
C  [igxelpicd64.dll+0x2bc3a2]


siginfo: EXCEPTION_ACCESS_VIOLATION (0xc0000005), reading address 0x0000000000035888


Registers:
RAX=0x0000026131380698, RBX=0x0000026131380470, RCX=0x0000000000022bba, RDX=0x00000000fffffff4
RSP=0x000000c2cd0fe5b0, RBP=0x0000000000000000, RSI=0x0000026131380a40, RDI=0x000002611f267f30
R8 =0x0000000000000014, R9 =0x0000000000000004, R10=0x0000000000000000, R11=0x0000000000000246
R12=0x000002611f61b700, R13=0x0000026137d81b10, R14=0x0000000000022b00, R15=0x0000000000000016
RIP=0x00007ffcbfeec3a2, EFLAGS=0x0000000000010202


Register to memory mapping:

RAX=0x0000026131380698 points into unknown readable memory: 0x0000000000000000 | 00 00 00 00 00 00 00 00
RBX=0x0000026131380470 points into unknown readable memory: 0x0000026114611ac0 | c0 1a 61 14 61 02 00 00
RCX=0x0000000000022bba is an unknown value
RDX=0x00000000fffffff4 is an unallocated location in the heap
RSP=0x000000c2cd0fe5b0 points into unknown readable memory: 0x0000026115c4a670 | 70 a6 c4 15 61 02 00 00
RBP=0x0 is null
RSI=0x0000026131380a40 points into unknown readable memory: 0x0000026137d81b10 | 10 1b d8 37 61 02 00 00
RDI=0x000002611f267f30 points into unknown readable memory: 0x000002611f1e5b00 | 00 5b 1e 1f 61 02 00 00
R8 =0x0000000000000014 is an unknown value
R9 =0x0000000000000004 is an unknown value
R10=0x0 is null
R11=0x0000000000000246 is an unknown value
R12=0x000002611f61b700 points into unknown readable memory: 0x0000000000000000 | 00 00 00 00 00 00 00 00
R13=0x0000026137d81b10 points into unknown readable memory: 0x0000026114611ac0 | c0 1a 61 14 61 02 00 00
R14=0x0000000000022b00 is an unknown value
R15=0x0000000000000016 is an unknown value

Top of Stack: (sp=0x000000c2cd0fe5b0)
0x000000c2cd0fe5b0:   0000026115c4a670 0000000000000000
0x000000c2cd0fe5c0:   00007ffcc182efb0 00007ffd7c694174
0x000000c2cd0fe5d0:   000000000000002e 00007ffd7c685a21
0x000000c2cd0fe5e0:   000000c2cd0feed0 0000000000000040
0x000000c2cd0fe5f0:   0000000000000013 0000000000022bc0
0x000000c2cd0fe600:   0000b80215400000 000002611f61b798
0x000000c2cd0fe610:   0000000000000000 0000000000000000
0x000000c2cd0fe620:   000000c2cd0fe730 00007ffcbfedbdb7
0x000000c2cd0fe630:   0000026115c4a670 000002611f267f30
0x000000c2cd0fe640:   000000c2cd0fe700 00007ffd7c685a00
0x000000c2cd0fe650:   000000c2000003e4 00007ffd00000000
0x000000c2cd0fe660:   0000000000000000 00007ffd7c685a21
0x000000c2cd0fe670:   000000c2cd0fe7e8 00007ffd7c681dd1
0x000000c2cd0fe680:   000000c2cc529000 00007ffd7c60dce6
0x000000c2cd0fe690:   0000000000000001 00007ffd7c681e04
0x000000c2cd0fe6a0:   000000c2cd0fe888 00007ffd7c685a21
0x000000c2cd0fe6b0:   000000c2cd0fe828 000000c2cd0fe820
0x000000c2cd0fe6c0:   000000c2cc529000 00007ffcbfeee1dc
0x000000c2cd0fe6d0:   0000000000000001 00007ffd7c681dd1
0x000000c2cd0fe6e0:   0000b80215400000 00000000000003e4
0x000000c2cd0fe6f0:   0000000000000000 80002d4000000001
0x000000c2cd0fe700:   0000000000000000 0000000000000000
0x000000c2cd0fe710:   0000000000000000 0000000000000000
0x000000c2cd0fe720:   0000000000000000 0000000000000000
0x000000c2cd0fe730:   0000000000000000 0000000000000000
0x000000c2cd0fe740:   0000000000000000 0000000000000000
0x000000c2cd0fe750:   0000000000000000 0000000000000000
0x000000c2cd0fe760:   0000000000000000 0000000000000000
0x000000c2cd0fe770:   0000000000000000 0000000000000000
0x000000c2cd0fe780:   0000000000000000 0000000000000000
0x000000c2cd0fe790:   0000000000000000 0000000000000000
0x000000c2cd0fe7a0:   0000000000000000 0000000000000000 

Instructions: (pc=0x00007ffcbfeec3a2)
0x00007ffcbfeec2a2:   8b fa 48 8b e9 48 8b 1d ba e4 c5 00 48 89 58 08
0x00007ffcbfeec2b2:   48 8b cb ff 15 4d ee 7e 00 90 4c 8b af 78 02 00
0x00007ffcbfeec2c2:   00 48 8b 05 16 be b5 00 44 8b b8 90 0b 00 00 45
0x00007ffcbfeec2d2:   33 d2 45 8a f2 4c 89 97 78 02 00 00 44 89 97 80
0x00007ffcbfeec2e2:   02 00 00 4c 89 97 98 02 00 00 4c 89 97 88 02 00
0x00007ffcbfeec2f2:   00 48 85 ed 75 38 8b 35 62 be c5 00 65 48 8b 04
0x00007ffcbfeec302:   25 58 00 00 00 b9 14 00 00 00 48 8b 04 f0 44 38
0x00007ffcbfeec312:   14 01 0f 84 30 4d 6c 00 65 48 8b 04 25 58 00 00
0x00007ffcbfeec322:   00 bd 20 00 00 00 48 8b 04 f0 48 8b 2c 28 48 3b
0x00007ffcbfeec332:   2d b9 e3 c5 00 45 0f 44 fa 4d 85 ed 0f 84 72 01
0x00007ffcbfeec342:   00 00 44 8a a4 24 90 00 00 00 49 8b dd 49 8d b5
0x00007ffcbfeec352:   d0 05 00 00 4c 8b 2e 45 84 e4 0f 85 2c 03 00 00
0x00007ffcbfeec362:   44 8b 8f c8 01 00 00 48 8b 05 70 bd b5 00 83 b8
0x00007ffcbfeec372:   68 03 00 00 02 75 36 41 8d 51 f0 41 83 f9 10 0f
0x00007ffcbfeec382:   83 74 01 00 00 4a 8d 04 cd 21 00 00 00 49 03 c1
0x00007ffcbfeec392:   48 8d 04 c3 48 85 c0 0f 85 4a 01 00 00 49 8b ca
0x00007ffcbfeec3a2:   48 3b 8d 88 58 03 00 0f 87 a8 4c 6c 00 48 8d 93
0x00007ffcbfeec3b2:   08 01 00 00 4c 39 93 48 06 00 00 0f 85 13 4e 6c
0x00007ffcbfeec3c2:   00 44 8b 9f c8 01 00 00 48 8b 87 e0 01 00 00 4c
0x00007ffcbfeec3d2:   8b 10 44 8b 87 c8 01 00 00 41 83 f8 10 0f 83 43
0x00007ffcbfeec3e2:   01 00 00 4b 8d 0c c0 48 8d 04 ca 48 85 c0 0f 85
0x00007ffcbfeec3f2:   fc 00 00 00 33 c9 49 3b ca 0f 86 58 01 00 00 45
0x00007ffcbfeec402:   33 d2 48 8b 87 78 02 00 00 48 89 06 48 89 9f 78
0x00007ffcbfeec412:   02 00 00 ff 87 80 02 00 00 48 8b 43 08 48 8b 88
0x00007ffcbfeec422:   18 01 00 00 48 81 e1 00 00 ff ff 48 81 c1 00 00
0x00007ffcbfeec432:   01 00 48 01 8f 88 02 00 00 48 8b 43 08 48 8b 88
0x00007ffcbfeec442:   18 01 00 00 48 01 8f 98 02 00 00 eb 45 48 8b d3
0x00007ffcbfeec452:   41 8b cb e8 a6 06 ff ff 45 33 d2 84 c0 75 a3 44
0x00007ffcbfeec462:   38 53 1c 0f 84 23 02 00 00 48 8b 87 f8 02 00 00
0x00007ffcbfeec472:   48 03 87 98 02 00 00 48 3b 87 a0 02 00 00 0f 83
0x00007ffcbfeec482:   7c 4d 6c 00 48 8b d3 48 8b cf e8 4f f0 ff ff 45
0x00007ffcbfeec492:   33 d2 4d 85 ed 0f 85 af fe ff ff 45 84 f6 44 8a 


Stack slot to memory mapping:

stack at sp + 0 slots: 0x0000026115c4a670 points into unknown readable memory: 0xffffffffffffffff | ff ff ff ff ff ff ff ff
stack at sp + 1 slots: 0x0 is null
stack at sp + 2 slots: 0x00007ffcc182efb0 jvm.dll
stack at sp + 3 slots: 0x00007ffd7c694174 ntdll.dll
stack at sp + 4 slots: 0x000000000000002e is an unknown value
stack at sp + 5 slots: 0x00007ffd7c685a21 ntdll.dll
stack at sp + 6 slots: 0x000000c2cd0feed0 points into unknown readable memory: 0x000002611479f210 | 10 f2 79 14 61 02 00 00
stack at sp + 7 slots: 0x0000000000000040 is an unknown value

VM_Operation (0x000000c2cf3feb70): Exit, mode: safepoint, requested by thread 0x000002611f4d6f50


---------------  P R O C E S S  ---------------

Threads class SMR info:
_java_thread_list=0x0000026115eb1320, length=18, elements={
0x00000260ce5bc3a0, 0x00000260ce5bd0c0, 0x00000260ce5bf5a0, 0x00000260ce5c2370,
0x00000260ce5c42f0, 0x00000260ce5cd0c0, 0x00000260ce5ce130, 0x00000260ce5d3c90,
0x00000260ce8c9aa0, 0x00000260ce8cc340, 0x00000260ce8ceae0, 0x00000260ce8d2630,
0x00000260ce8d0bf0, 0x00000260ce8d1280, 0x0000026116841a90, 0x0000026116844880,
0x000002611f4d6f50, 0x0000026131381eb0
}

Java Threads: ( => current thread )
  0x00000260ce5bc3a0 JavaThread "Reference Handler"          daemon [_thread_blocked, id=12868, stack(0x000000c2cd100000,0x000000c2cd200000) (1024K)]
  0x00000260ce5bd0c0 JavaThread "Finalizer"                  daemon [_thread_blocked, id=9152, stack(0x000000c2cd200000,0x000000c2cd300000) (1024K)]
  0x00000260ce5bf5a0 JavaThread "Signal Dispatcher"          daemon [_thread_blocked, id=14732, stack(0x000000c2cd300000,0x000000c2cd400000) (1024K)]
  0x00000260ce5c2370 JavaThread "Attach Listener"            daemon [_thread_blocked, id=17656, stack(0x000000c2cd400000,0x000000c2cd500000) (1024K)]
  0x00000260ce5c42f0 JavaThread "Service Thread"             daemon [_thread_blocked, id=16952, stack(0x000000c2cd500000,0x000000c2cd600000) (1024K)]
  0x00000260ce5cd0c0 JavaThread "Monitor Deflation Thread"   daemon [_thread_blocked, id=6968, stack(0x000000c2cd600000,0x000000c2cd700000) (1024K)]
  0x00000260ce5ce130 JavaThread "C2 CompilerThread0"         daemon [_thread_blocked, id=16492, stack(0x000000c2cd700000,0x000000c2cd800000) (1024K)]
  0x00000260ce5d3c90 JavaThread "C1 CompilerThread0"         daemon [_thread_blocked, id=17488, stack(0x000000c2cd800000,0x000000c2cd900000) (1024K)]
  0x00000260ce8c9aa0 JavaThread "JDWP Transport Listener: dt_socket" daemon [_thread_blocked, id=12920, stack(0x000000c2cd900000,0x000000c2cda00000) (1024K)]
  0x00000260ce8cc340 JavaThread "JDWP Event Helper Thread"   daemon [_thread_blocked, id=12708, stack(0x000000c2cda00000,0x000000c2cdb00000) (1024K)]
  0x00000260ce8ceae0 JavaThread "JDWP Command Reader"        daemon [_thread_blocked, id=16188, stack(0x000000c2cdb00000,0x000000c2cdc00000) (1024K)]
  0x00000260ce8d2630 JavaThread "Notification Thread"        daemon [_thread_blocked, id=4628, stack(0x000000c2cdc00000,0x000000c2cdd00000) (1024K)]
  0x00000260ce8d0bf0 JavaThread "Common-Cleaner"             daemon [_thread_blocked, id=12948, stack(0x000000c2cdd00000,0x000000c2cde00000) (1024K)]
  0x00000260ce8d1280 JavaThread "Java2D Disposer"            daemon [_thread_blocked, id=17660, stack(0x000000c2ce000000,0x000000c2ce100000) (1024K)]
  0x0000026116841a90 JavaThread "HighResTimerThread"         daemon [_thread_blocked, id=11192, stack(0x000000c2cee00000,0x000000c2cef00000) (1024K)]
  0x0000026116844880 JavaThread "DestroyJavaVM"                     [_thread_blocked, id=9876, stack(0x000000c2cc900000,0x000000c2cca00000) (1024K)]
  0x000002611f4d6f50 JavaThread "main-FPSAWTAnimator#00-Timer0-FPSAWTAnimator#00-Timer1"        [_thread_blocked, id=17816, stack(0x000000c2cf300000,0x000000c2cf400000) (1024K)]
  0x0000026131381eb0 JavaThread "AWT-Shutdown"                      [_thread_blocked, id=15080, stack(0x000000c2cf700000,0x000000c2cf800000) (1024K)]
Total: 18

Other Threads:
=>0x00000260ce599a60 VMThread "VM Thread"                           [id=11072, stack(0x000000c2cd000000,0x000000c2cd100000) (1024K)]
  0x00000260b1bd4cc0 WorkerThread "GC Thread#0"                     [id=10968, stack(0x000000c2cca00000,0x000000c2ccb00000) (1024K)]
  0x0000026116054200 WorkerThread "GC Thread#1"                     [id=15096, stack(0x000000c2ce700000,0x000000c2ce800000) (1024K)]
  0x0000026116053e60 WorkerThread "GC Thread#2"                     [id=3768, stack(0x000000c2ce800000,0x000000c2ce900000) (1024K)]
  0x0000026116055080 WorkerThread "GC Thread#3"                     [id=18172, stack(0x000000c2ce900000,0x000000c2cea00000) (1024K)]
  0x00000261160545a0 WorkerThread "GC Thread#4"                     [id=13092, stack(0x000000c2cea00000,0x000000c2ceb00000) (1024K)]
  0x0000026116055420 WorkerThread "GC Thread#5"                     [id=14080, stack(0x000000c2ceb00000,0x000000c2cec00000) (1024K)]
  0x0000026116054940 WorkerThread "GC Thread#6"                     [id=10536, stack(0x000000c2cec00000,0x000000c2ced00000) (1024K)]
  0x00000261160557c0 WorkerThread "GC Thread#7"                     [id=18300, stack(0x000000c2ced00000,0x000000c2cee00000) (1024K)]
  0x00000260b1be56b0 ConcurrentGCThread "G1 Main Marker"            terminated
  0x00000260b1be6360 WorkerThread "G1 Conc#0"                       [id=5592, stack(0x000000c2ccc00000,0x000000c2ccd00000) (1024K)]
  0x00000260ce455d20 ConcurrentGCThread "G1 Refine#0"               terminated
  0x00000260ce459db0 ConcurrentGCThread "G1 Service"                terminated
Total: 13

Threads with active compile tasks:
Total: 0

VM state: at safepoint (shutting down)

VM Mutex/Monitor currently owned by a thread:  ([mutex/lock_event])
[0x00007ffcc18b3198] Threads_lock - owner thread: 0x00000260ce599a60
[0x00007ffcc18b3298] Heap_lock - owner thread: 0x000002611f4d6f50

Heap address: 0x0000000087000000, size: 1936 MB, Compressed Oops mode: 32-bit

CDS archive(s) mapped at: [0x00000260cf000000-0x00000260cfc90000-0x00000260cfc90000), size 13172736, SharedBaseAddress: 0x00000260cf000000, ArchiveRelocationMode: 1.
Compressed class space mapped at: 0x00000260d0000000-0x0000026110000000, reserved size: 1073741824
Narrow klass base: 0x00000260cf000000, Narrow klass shift: 0, Narrow klass range: 0x100000000

GC Precious Log:
 CardTable entry size: 512
 Card Set container configuration: InlinePtr #cards 5 size 8 Array Of Cards #cards 12 size 40 Howl #buckets 4 coarsen threshold 1843 Howl Bitmap #cards 512 size 80 coarsen threshold 460 Card regions per heap region 1 cards per card region 2048
 CPUs: 8 total, 8 available
 Memory: 7739M
 Large Page Support: Disabled
 NUMA Support: Disabled
 Compressed Oops: Enabled (32-bit)
 Heap Region Size: 1M
 Heap Min Capacity: 8M
 Heap Initial Capacity: 122M
 Heap Max Capacity: 1936M
 Pre-touch: Disabled
 Parallel Workers: 8
 Concurrent Workers: 2
 Concurrent Refinement Workers: 8
 Periodic GC: Disabled

Heap:
 garbage-first heap   total 200704K, used 186090K [0x0000000087000000, 0x0000000100000000)
  region size 1024K, 87 young (89088K), 3 survivors (3072K)
 Metaspace       used 15839K, committed 16192K, reserved 1114112K
  class space    used 1174K, committed 1344K, reserved 1048576K

Heap Regions: E=young(eden), S=young(survivor), O=old, HS=humongous(starts), HC=humongous(continues), CS=collection set, F=free, TAMS=top-at-mark-start, PB=parsable bottom
|   0|0x0000000087000000, 0x0000000087100000, 0x0000000087100000|100%| O|  |TAMS 0x0000000087000000| PB 0x0000000087000000| Untracked 
|   1|0x0000000087100000, 0x0000000087200000, 0x0000000087200000|100%|HS|  |TAMS 0x0000000087100000| PB 0x0000000087100000| Complete 
|   2|0x0000000087200000, 0x0000000087300000, 0x0000000087300000|100%| O|  |TAMS 0x0000000087200000| PB 0x0000000087200000| Untracked 
|   3|0x0000000087300000, 0x0000000087400000, 0x0000000087400000|100%| O|  |TAMS 0x0000000087300000| PB 0x0000000087300000| Untracked 
|   4|0x0000000087400000, 0x0000000087500000, 0x0000000087500000|100%| O|  |TAMS 0x0000000087400000| PB 0x0000000087400000| Untracked 
|   5|0x0000000087500000, 0x0000000087600000, 0x0000000087600000|100%| O|  |TAMS 0x0000000087500000| PB 0x0000000087500000| Untracked 
|   6|0x0000000087600000, 0x0000000087700000, 0x0000000087700000|100%| O|  |TAMS 0x0000000087600000| PB 0x0000000087600000| Untracked 
|   7|0x0000000087700000, 0x0000000087800000, 0x0000000087800000|100%| O|  |TAMS 0x0000000087700000| PB 0x0000000087700000| Untracked 
|   8|0x0000000087800000, 0x0000000087900000, 0x0000000087900000|100%| O|  |TAMS 0x0000000087800000| PB 0x0000000087800000| Untracked 
|   9|0x0000000087900000, 0x0000000087a00000, 0x0000000087a00000|100%|HS|  |TAMS 0x0000000087900000| PB 0x0000000087900000| Complete 
|  10|0x0000000087a00000, 0x0000000087b00000, 0x0000000087b00000|100%|HC|  |TAMS 0x0000000087a00000| PB 0x0000000087a00000| Complete 
|  11|0x0000000087b00000, 0x0000000087c00000, 0x0000000087c00000|100%|HS|  |TAMS 0x0000000087b00000| PB 0x0000000087b00000| Complete 
|  12|0x0000000087c00000, 0x0000000087d00000, 0x0000000087d00000|100%| O|  |TAMS 0x0000000087c00000| PB 0x0000000087c00000| Untracked 
|  13|0x0000000087d00000, 0x0000000087e00000, 0x0000000087e00000|100%| O|  |TAMS 0x0000000087d00000| PB 0x0000000087d00000| Untracked 
|  14|0x0000000087e00000, 0x0000000087f00000, 0x0000000087f00000|100%| O|  |TAMS 0x0000000087e00000| PB 0x0000000087e00000| Untracked 
|  15|0x0000000087f00000, 0x0000000087fe5f00, 0x0000000088000000| 89%| O|  |TAMS 0x0000000087f00000| PB 0x0000000087f00000| Untracked 
|  16|0x0000000088000000, 0x0000000088100000, 0x0000000088100000|100%|HS|  |TAMS 0x0000000088000000| PB 0x0000000088000000| Complete 
|  17|0x0000000088100000, 0x0000000088200000, 0x0000000088200000|100%|HC|  |TAMS 0x0000000088100000| PB 0x0000000088100000| Complete 
|  18|0x0000000088200000, 0x0000000088300000, 0x0000000088300000|100%|HC|  |TAMS 0x0000000088200000| PB 0x0000000088200000| Complete 
|  19|0x0000000088300000, 0x0000000088400000, 0x0000000088400000|100%|HC|  |TAMS 0x0000000088300000| PB 0x0000000088300000| Complete 
|  20|0x0000000088400000, 0x0000000088500000, 0x0000000088500000|100%|HC|  |TAMS 0x0000000088400000| PB 0x0000000088400000| Complete 
|  21|0x0000000088500000, 0x0000000088600000, 0x0000000088600000|100%|HC|  |TAMS 0x0000000088500000| PB 0x0000000088500000| Complete 
|  22|0x0000000088600000, 0x0000000088700000, 0x0000000088700000|100%|HC|  |TAMS 0x0000000088600000| PB 0x0000000088600000| Complete 
|  23|0x0000000088700000, 0x0000000088800000, 0x0000000088800000|100%|HC|  |TAMS 0x0000000088700000| PB 0x0000000088700000| Complete 
|  24|0x0000000088800000, 0x0000000088900000, 0x0000000088900000|100%|HC|  |TAMS 0x0000000088800000| PB 0x0000000088800000| Complete 
|  25|0x0000000088900000, 0x0000000088a00000, 0x0000000088a00000|100%|HC|  |TAMS 0x0000000088900000| PB 0x0000000088900000| Complete 
|  26|0x0000000088a00000, 0x0000000088b00000, 0x0000000088b00000|100%|HC|  |TAMS 0x0000000088a00000| PB 0x0000000088a00000| Complete 
|  27|0x0000000088b00000, 0x0000000088c00000, 0x0000000088c00000|100%|HC|  |TAMS 0x0000000088b00000| PB 0x0000000088b00000| Complete 
|  28|0x0000000088c00000, 0x0000000088d00000, 0x0000000088d00000|100%|HC|  |TAMS 0x0000000088c00000| PB 0x0000000088c00000| Complete 
|  29|0x0000000088d00000, 0x0000000088e00000, 0x0000000088e00000|100%|HC|  |TAMS 0x0000000088d00000| PB 0x0000000088d00000| Complete 
|  30|0x0000000088e00000, 0x0000000088f00000, 0x0000000088f00000|100%|HC|  |TAMS 0x0000000088e00000| PB 0x0000000088e00000| Complete 
|  31|0x0000000088f00000, 0x0000000089000000, 0x0000000089000000|100%|HC|  |TAMS 0x0000000088f00000| PB 0x0000000088f00000| Complete 
|  32|0x0000000089000000, 0x0000000089100000, 0x0000000089100000|100%|HC|  |TAMS 0x0000000089000000| PB 0x0000000089000000| Complete 
|  33|0x0000000089100000, 0x0000000089200000, 0x0000000089200000|100%|HC|  |TAMS 0x0000000089100000| PB 0x0000000089100000| Complete 
|  34|0x0000000089200000, 0x0000000089300000, 0x0000000089300000|100%|HC|  |TAMS 0x0000000089200000| PB 0x0000000089200000| Complete 
|  35|0x0000000089300000, 0x0000000089400000, 0x0000000089400000|100%|HC|  |TAMS 0x0000000089300000| PB 0x0000000089300000| Complete 
|  36|0x0000000089400000, 0x0000000089500000, 0x0000000089500000|100%|HC|  |TAMS 0x0000000089400000| PB 0x0000000089400000| Complete 
|  37|0x0000000089500000, 0x0000000089600000, 0x0000000089600000|100%|HC|  |TAMS 0x0000000089500000| PB 0x0000000089500000| Complete 
|  38|0x0000000089600000, 0x0000000089700000, 0x0000000089700000|100%|HC|  |TAMS 0x0000000089600000| PB 0x0000000089600000| Complete 
|  39|0x0000000089700000, 0x0000000089800000, 0x0000000089800000|100%|HC|  |TAMS 0x0000000089700000| PB 0x0000000089700000| Complete 
|  40|0x0000000089800000, 0x0000000089900000, 0x0000000089900000|100%|HC|  |TAMS 0x0000000089800000| PB 0x0000000089800000| Complete 
|  41|0x0000000089900000, 0x0000000089a00000, 0x0000000089a00000|100%|HC|  |TAMS 0x0000000089900000| PB 0x0000000089900000| Complete 
|  42|0x0000000089a00000, 0x0000000089b00000, 0x0000000089b00000|100%|HC|  |TAMS 0x0000000089a00000| PB 0x0000000089a00000| Complete 
|  43|0x0000000089b00000, 0x0000000089c00000, 0x0000000089c00000|100%|HC|  |TAMS 0x0000000089b00000| PB 0x0000000089b00000| Complete 
|  44|0x0000000089c00000, 0x0000000089d00000, 0x0000000089d00000|100%|HC|  |TAMS 0x0000000089c00000| PB 0x0000000089c00000| Complete 
|  45|0x0000000089d00000, 0x0000000089e00000, 0x0000000089e00000|100%|HC|  |TAMS 0x0000000089d00000| PB 0x0000000089d00000| Complete 
|  46|0x0000000089e00000, 0x0000000089f00000, 0x0000000089f00000|100%|HC|  |TAMS 0x0000000089e00000| PB 0x0000000089e00000| Complete 
|  47|0x0000000089f00000, 0x000000008a000000, 0x000000008a000000|100%|HC|  |TAMS 0x0000000089f00000| PB 0x0000000089f00000| Complete 
|  48|0x000000008a000000, 0x000000008a100000, 0x000000008a100000|100%|HC|  |TAMS 0x000000008a000000| PB 0x000000008a000000| Complete 
|  49|0x000000008a100000, 0x000000008a200000, 0x000000008a200000|100%|HC|  |TAMS 0x000000008a100000| PB 0x000000008a100000| Complete 
|  50|0x000000008a200000, 0x000000008a300000, 0x000000008a300000|100%|HC|  |TAMS 0x000000008a200000| PB 0x000000008a200000| Complete 
|  51|0x000000008a300000, 0x000000008a400000, 0x000000008a400000|100%|HC|  |TAMS 0x000000008a300000| PB 0x000000008a300000| Complete 
|  52|0x000000008a400000, 0x000000008a500000, 0x000000008a500000|100%|HC|  |TAMS 0x000000008a400000| PB 0x000000008a400000| Complete 
|  53|0x000000008a500000, 0x000000008a600000, 0x000000008a600000|100%|HC|  |TAMS 0x000000008a500000| PB 0x000000008a500000| Complete 
|  54|0x000000008a600000, 0x000000008a700000, 0x000000008a700000|100%|HC|  |TAMS 0x000000008a600000| PB 0x000000008a600000| Complete 
|  55|0x000000008a700000, 0x000000008a800000, 0x000000008a800000|100%|HC|  |TAMS 0x000000008a700000| PB 0x000000008a700000| Complete 
|  56|0x000000008a800000, 0x000000008a900000, 0x000000008a900000|100%|HS|  |TAMS 0x000000008a800000| PB 0x000000008a800000| Complete 
|  57|0x000000008a900000, 0x000000008aa00000, 0x000000008aa00000|100%|HC|  |TAMS 0x000000008a900000| PB 0x000000008a900000| Complete 
|  58|0x000000008aa00000, 0x000000008ab00000, 0x000000008ab00000|100%|HC|  |TAMS 0x000000008aa00000| PB 0x000000008aa00000| Complete 
|  59|0x000000008ab00000, 0x000000008ac00000, 0x000000008ac00000|100%|HC|  |TAMS 0x000000008ab00000| PB 0x000000008ab00000| Complete 
|  60|0x000000008ac00000, 0x000000008ad00000, 0x000000008ad00000|100%|HC|  |TAMS 0x000000008ac00000| PB 0x000000008ac00000| Complete 
|  61|0x000000008ad00000, 0x000000008ae00000, 0x000000008ae00000|100%|HC|  |TAMS 0x000000008ad00000| PB 0x000000008ad00000| Complete 
|  62|0x000000008ae00000, 0x000000008af00000, 0x000000008af00000|100%|HC|  |TAMS 0x000000008ae00000| PB 0x000000008ae00000| Complete 
|  63|0x000000008af00000, 0x000000008b000000, 0x000000008b000000|100%|HC|  |TAMS 0x000000008af00000| PB 0x000000008af00000| Complete 
|  64|0x000000008b000000, 0x000000008b100000, 0x000000008b100000|100%|HC|  |TAMS 0x000000008b000000| PB 0x000000008b000000| Complete 
|  65|0x000000008b100000, 0x000000008b200000, 0x000000008b200000|100%|HC|  |TAMS 0x000000008b100000| PB 0x000000008b100000| Complete 
|  66|0x000000008b200000, 0x000000008b300000, 0x000000008b300000|100%|HC|  |TAMS 0x000000008b200000| PB 0x000000008b200000| Complete 
|  67|0x000000008b300000, 0x000000008b400000, 0x000000008b400000|100%|HC|  |TAMS 0x000000008b300000| PB 0x000000008b300000| Complete 
|  68|0x000000008b400000, 0x000000008b500000, 0x000000008b500000|100%|HC|  |TAMS 0x000000008b400000| PB 0x000000008b400000| Complete 
|  69|0x000000008b500000, 0x000000008b600000, 0x000000008b600000|100%|HC|  |TAMS 0x000000008b500000| PB 0x000000008b500000| Complete 
|  70|0x000000008b600000, 0x000000008b700000, 0x000000008b700000|100%|HC|  |TAMS 0x000000008b600000| PB 0x000000008b600000| Complete 
|  71|0x000000008b700000, 0x000000008b800000, 0x000000008b800000|100%|HC|  |TAMS 0x000000008b700000| PB 0x000000008b700000| Complete 
|  72|0x000000008b800000, 0x000000008b900000, 0x000000008b900000|100%|HC|  |TAMS 0x000000008b800000| PB 0x000000008b800000| Complete 
|  73|0x000000008b900000, 0x000000008ba00000, 0x000000008ba00000|100%|HC|  |TAMS 0x000000008b900000| PB 0x000000008b900000| Complete 
|  74|0x000000008ba00000, 0x000000008bb00000, 0x000000008bb00000|100%|HC|  |TAMS 0x000000008ba00000| PB 0x000000008ba00000| Complete 
|  75|0x000000008bb00000, 0x000000008bc00000, 0x000000008bc00000|100%|HC|  |TAMS 0x000000008bb00000| PB 0x000000008bb00000| Complete 
|  76|0x000000008bc00000, 0x000000008bd00000, 0x000000008bd00000|100%|HC|  |TAMS 0x000000008bc00000| PB 0x000000008bc00000| Complete 
|  77|0x000000008bd00000, 0x000000008be00000, 0x000000008be00000|100%|HC|  |TAMS 0x000000008bd00000| PB 0x000000008bd00000| Complete 
|  78|0x000000008be00000, 0x000000008bf00000, 0x000000008bf00000|100%|HC|  |TAMS 0x000000008be00000| PB 0x000000008be00000| Complete 
|  79|0x000000008bf00000, 0x000000008c000000, 0x000000008c000000|100%|HC|  |TAMS 0x000000008bf00000| PB 0x000000008bf00000| Complete 
|  80|0x000000008c000000, 0x000000008c100000, 0x000000008c100000|100%|HC|  |TAMS 0x000000008c000000| PB 0x000000008c000000| Complete 
|  81|0x000000008c100000, 0x000000008c200000, 0x000000008c200000|100%|HC|  |TAMS 0x000000008c100000| PB 0x000000008c100000| Complete 
|  82|0x000000008c200000, 0x000000008c300000, 0x000000008c300000|100%|HC|  |TAMS 0x000000008c200000| PB 0x000000008c200000| Complete 
|  83|0x000000008c300000, 0x000000008c400000, 0x000000008c400000|100%|HC|  |TAMS 0x000000008c300000| PB 0x000000008c300000| Complete 
|  84|0x000000008c400000, 0x000000008c500000, 0x000000008c500000|100%|HC|  |TAMS 0x000000008c400000| PB 0x000000008c400000| Complete 
|  85|0x000000008c500000, 0x000000008c600000, 0x000000008c600000|100%|HC|  |TAMS 0x000000008c500000| PB 0x000000008c500000| Complete 
|  86|0x000000008c600000, 0x000000008c700000, 0x000000008c700000|100%|HC|  |TAMS 0x000000008c600000| PB 0x000000008c600000| Complete 
|  87|0x000000008c700000, 0x000000008c800000, 0x000000008c800000|100%|HC|  |TAMS 0x000000008c700000| PB 0x000000008c700000| Complete 
|  88|0x000000008c800000, 0x000000008c900000, 0x000000008c900000|100%|HC|  |TAMS 0x000000008c800000| PB 0x000000008c800000| Complete 
|  89|0x000000008c900000, 0x000000008ca00000, 0x000000008ca00000|100%|HC|  |TAMS 0x000000008c900000| PB 0x000000008c900000| Complete 
|  90|0x000000008ca00000, 0x000000008cb00000, 0x000000008cb00000|100%|HC|  |TAMS 0x000000008ca00000| PB 0x000000008ca00000| Complete 
|  91|0x000000008cb00000, 0x000000008cc00000, 0x000000008cc00000|100%|HC|  |TAMS 0x000000008cb00000| PB 0x000000008cb00000| Complete 
|  92|0x000000008cc00000, 0x000000008cd00000, 0x000000008cd00000|100%|HC|  |TAMS 0x000000008cc00000| PB 0x000000008cc00000| Complete 
|  93|0x000000008cd00000, 0x000000008ce00000, 0x000000008ce00000|100%|HC|  |TAMS 0x000000008cd00000| PB 0x000000008cd00000| Complete 
|  94|0x000000008ce00000, 0x000000008cf00000, 0x000000008cf00000|100%|HC|  |TAMS 0x000000008ce00000| PB 0x000000008ce00000| Complete 
|  95|0x000000008cf00000, 0x000000008d000000, 0x000000008d000000|100%|HC|  |TAMS 0x000000008cf00000| PB 0x000000008cf00000| Complete 
|  96|0x000000008d000000, 0x000000008d000000, 0x000000008d100000|  0%| F|  |TAMS 0x000000008d000000| PB 0x000000008d000000| Untracked 
|  97|0x000000008d100000, 0x000000008d100000, 0x000000008d200000|  0%| F|  |TAMS 0x000000008d100000| PB 0x000000008d100000| Untracked 
|  98|0x000000008d200000, 0x000000008d200000, 0x000000008d300000|  0%| F|  |TAMS 0x000000008d200000| PB 0x000000008d200000| Untracked 
|  99|0x000000008d300000, 0x000000008d300000, 0x000000008d400000|  0%| F|  |TAMS 0x000000008d300000| PB 0x000000008d300000| Untracked 
| 100|0x000000008d400000, 0x000000008d400000, 0x000000008d500000|  0%| F|  |TAMS 0x000000008d400000| PB 0x000000008d400000| Untracked 
| 101|0x000000008d500000, 0x000000008d500000, 0x000000008d600000|  0%| F|  |TAMS 0x000000008d500000| PB 0x000000008d500000| Untracked 
| 102|0x000000008d600000, 0x000000008d600000, 0x000000008d700000|  0%| F|  |TAMS 0x000000008d600000| PB 0x000000008d600000| Untracked 
| 103|0x000000008d700000, 0x000000008d700000, 0x000000008d800000|  0%| F|  |TAMS 0x000000008d700000| PB 0x000000008d700000| Untracked 
| 104|0x000000008d800000, 0x000000008d800000, 0x000000008d900000|  0%| F|  |TAMS 0x000000008d800000| PB 0x000000008d800000| Untracked 
| 105|0x000000008d900000, 0x000000008d900000, 0x000000008da00000|  0%| F|  |TAMS 0x000000008d900000| PB 0x000000008d900000| Untracked 
| 106|0x000000008da00000, 0x000000008da00000, 0x000000008db00000|  0%| F|  |TAMS 0x000000008da00000| PB 0x000000008da00000| Untracked 
| 107|0x000000008db00000, 0x000000008db00000, 0x000000008dc00000|  0%| F|  |TAMS 0x000000008db00000| PB 0x000000008db00000| Untracked 
| 108|0x000000008dc00000, 0x000000008dc00000, 0x000000008dd00000|  0%| F|  |TAMS 0x000000008dc00000| PB 0x000000008dc00000| Untracked 
| 109|0x000000008dd00000, 0x000000008dd80800, 0x000000008de00000| 50%| E|  |TAMS 0x000000008dd00000| PB 0x000000008dd00000| Complete 
| 110|0x000000008de00000, 0x000000008df00000, 0x000000008df00000|100%| E|CS|TAMS 0x000000008de00000| PB 0x000000008de00000| Complete 
| 111|0x000000008df00000, 0x000000008e000000, 0x000000008e000000|100%| E|CS|TAMS 0x000000008df00000| PB 0x000000008df00000| Complete 
| 112|0x000000008e000000, 0x000000008e100000, 0x000000008e100000|100%| E|CS|TAMS 0x000000008e000000| PB 0x000000008e000000| Complete 
| 113|0x000000008e100000, 0x000000008e200000, 0x000000008e200000|100%| E|CS|TAMS 0x000000008e100000| PB 0x000000008e100000| Complete 
| 114|0x000000008e200000, 0x000000008e300000, 0x000000008e300000|100%| E|CS|TAMS 0x000000008e200000| PB 0x000000008e200000| Complete 
| 115|0x000000008e300000, 0x000000008e400000, 0x000000008e400000|100%| E|CS|TAMS 0x000000008e300000| PB 0x000000008e300000| Complete 
| 116|0x000000008e400000, 0x000000008e500000, 0x000000008e500000|100%| E|CS|TAMS 0x000000008e400000| PB 0x000000008e400000| Complete 
| 117|0x000000008e500000, 0x000000008e600000, 0x000000008e600000|100%| E|CS|TAMS 0x000000008e500000| PB 0x000000008e500000| Complete 
| 118|0x000000008e600000, 0x000000008e700000, 0x000000008e700000|100%| E|CS|TAMS 0x000000008e600000| PB 0x000000008e600000| Complete 
| 119|0x000000008e700000, 0x000000008e800000, 0x000000008e800000|100%| E|CS|TAMS 0x000000008e700000| PB 0x000000008e700000| Complete 
| 120|0x000000008e800000, 0x000000008e900000, 0x000000008e900000|100%| E|CS|TAMS 0x000000008e800000| PB 0x000000008e800000| Complete 
| 121|0x000000008e900000, 0x000000008ea00000, 0x000000008ea00000|100%| E|CS|TAMS 0x000000008e900000| PB 0x000000008e900000| Complete 
| 122|0x000000008ea00000, 0x000000008eb00000, 0x000000008eb00000|100%| E|CS|TAMS 0x000000008ea00000| PB 0x000000008ea00000| Complete 
| 123|0x000000008eb00000, 0x000000008ec00000, 0x000000008ec00000|100%| E|CS|TAMS 0x000000008eb00000| PB 0x000000008eb00000| Complete 
| 124|0x000000008ec00000, 0x000000008ed00000, 0x000000008ed00000|100%| E|CS|TAMS 0x000000008ec00000| PB 0x000000008ec00000| Complete 
| 125|0x000000008ed00000, 0x000000008ee00000, 0x000000008ee00000|100%| E|CS|TAMS 0x000000008ed00000| PB 0x000000008ed00000| Complete 
| 126|0x000000008ee00000, 0x000000008ef00000, 0x000000008ef00000|100%| E|CS|TAMS 0x000000008ee00000| PB 0x000000008ee00000| Complete 
| 127|0x000000008ef00000, 0x000000008f000000, 0x000000008f000000|100%| E|CS|TAMS 0x000000008ef00000| PB 0x000000008ef00000| Complete 
| 128|0x000000008f000000, 0x000000008f100000, 0x000000008f100000|100%| E|CS|TAMS 0x000000008f000000| PB 0x000000008f000000| Complete 
| 129|0x000000008f100000, 0x000000008f200000, 0x000000008f200000|100%| E|CS|TAMS 0x000000008f100000| PB 0x000000008f100000| Complete 
| 130|0x000000008f200000, 0x000000008f300000, 0x000000008f300000|100%| E|CS|TAMS 0x000000008f200000| PB 0x000000008f200000| Complete 
| 131|0x000000008f300000, 0x000000008f400000, 0x000000008f400000|100%| E|CS|TAMS 0x000000008f300000| PB 0x000000008f300000| Complete 
| 132|0x000000008f400000, 0x000000008f500000, 0x000000008f500000|100%| E|CS|TAMS 0x000000008f400000| PB 0x000000008f400000| Complete 
| 133|0x000000008f500000, 0x000000008f600000, 0x000000008f600000|100%| E|CS|TAMS 0x000000008f500000| PB 0x000000008f500000| Complete 
| 134|0x000000008f600000, 0x000000008f700000, 0x000000008f700000|100%| E|CS|TAMS 0x000000008f600000| PB 0x000000008f600000| Complete 
| 135|0x000000008f700000, 0x000000008f800000, 0x000000008f800000|100%| E|CS|TAMS 0x000000008f700000| PB 0x000000008f700000| Complete 
| 136|0x000000008f800000, 0x000000008f900000, 0x000000008f900000|100%| E|CS|TAMS 0x000000008f800000| PB 0x000000008f800000| Complete 
| 137|0x000000008f900000, 0x000000008fa00000, 0x000000008fa00000|100%| E|CS|TAMS 0x000000008f900000| PB 0x000000008f900000| Complete 
| 138|0x000000008fa00000, 0x000000008fb00000, 0x000000008fb00000|100%| E|CS|TAMS 0x000000008fa00000| PB 0x000000008fa00000| Complete 
| 139|0x000000008fb00000, 0x000000008fc00000, 0x000000008fc00000|100%| E|CS|TAMS 0x000000008fb00000| PB 0x000000008fb00000| Complete 
| 140|0x000000008fc00000, 0x000000008fd00000, 0x000000008fd00000|100%| E|CS|TAMS 0x000000008fc00000| PB 0x000000008fc00000| Complete 
| 141|0x000000008fd00000, 0x000000008fe00000, 0x000000008fe00000|100%| E|CS|TAMS 0x000000008fd00000| PB 0x000000008fd00000| Complete 
| 142|0x000000008fe00000, 0x000000008ff00000, 0x000000008ff00000|100%| E|CS|TAMS 0x000000008fe00000| PB 0x000000008fe00000| Complete 
| 143|0x000000008ff00000, 0x0000000090000000, 0x0000000090000000|100%| E|CS|TAMS 0x000000008ff00000| PB 0x000000008ff00000| Complete 
| 144|0x0000000090000000, 0x0000000090100000, 0x0000000090100000|100%| E|CS|TAMS 0x0000000090000000| PB 0x0000000090000000| Complete 
| 145|0x0000000090100000, 0x0000000090200000, 0x0000000090200000|100%| E|CS|TAMS 0x0000000090100000| PB 0x0000000090100000| Complete 
| 146|0x0000000090200000, 0x0000000090300000, 0x0000000090300000|100%| E|CS|TAMS 0x0000000090200000| PB 0x0000000090200000| Complete 
| 147|0x0000000090300000, 0x0000000090400000, 0x0000000090400000|100%| E|CS|TAMS 0x0000000090300000| PB 0x0000000090300000| Complete 
| 148|0x0000000090400000, 0x0000000090500000, 0x0000000090500000|100%| E|CS|TAMS 0x0000000090400000| PB 0x0000000090400000| Complete 
| 149|0x0000000090500000, 0x0000000090600000, 0x0000000090600000|100%| E|CS|TAMS 0x0000000090500000| PB 0x0000000090500000| Complete 
| 150|0x0000000090600000, 0x0000000090700000, 0x0000000090700000|100%| E|CS|TAMS 0x0000000090600000| PB 0x0000000090600000| Complete 
| 151|0x0000000090700000, 0x0000000090800000, 0x0000000090800000|100%| E|CS|TAMS 0x0000000090700000| PB 0x0000000090700000| Complete 
| 152|0x0000000090800000, 0x0000000090900000, 0x0000000090900000|100%| E|CS|TAMS 0x0000000090800000| PB 0x0000000090800000| Complete 
| 153|0x0000000090900000, 0x0000000090a00000, 0x0000000090a00000|100%| E|CS|TAMS 0x0000000090900000| PB 0x0000000090900000| Complete 
| 154|0x0000000090a00000, 0x0000000090ad4cb8, 0x0000000090b00000| 83%| S|CS|TAMS 0x0000000090a00000| PB 0x0000000090a00000| Complete 
| 155|0x0000000090b00000, 0x0000000090c00000, 0x0000000090c00000|100%| S|CS|TAMS 0x0000000090b00000| PB 0x0000000090b00000| Complete 
| 156|0x0000000090c00000, 0x0000000090d00000, 0x0000000090d00000|100%| S|CS|TAMS 0x0000000090c00000| PB 0x0000000090c00000| Complete 
| 157|0x0000000090d00000, 0x0000000090e00000, 0x0000000090e00000|100%| E|CS|TAMS 0x0000000090d00000| PB 0x0000000090d00000| Complete 
| 158|0x0000000090e00000, 0x0000000090f00000, 0x0000000090f00000|100%| E|CS|TAMS 0x0000000090e00000| PB 0x0000000090e00000| Complete 
| 159|0x0000000090f00000, 0x0000000091000000, 0x0000000091000000|100%| E|CS|TAMS 0x0000000090f00000| PB 0x0000000090f00000| Complete 
| 160|0x0000000091000000, 0x0000000091100000, 0x0000000091100000|100%| E|CS|TAMS 0x0000000091000000| PB 0x0000000091000000| Complete 
| 161|0x0000000091100000, 0x0000000091200000, 0x0000000091200000|100%| E|CS|TAMS 0x0000000091100000| PB 0x0000000091100000| Complete 
| 162|0x0000000091200000, 0x0000000091300000, 0x0000000091300000|100%| E|CS|TAMS 0x0000000091200000| PB 0x0000000091200000| Complete 
| 163|0x0000000091300000, 0x0000000091400000, 0x0000000091400000|100%| E|CS|TAMS 0x0000000091300000| PB 0x0000000091300000| Complete 
| 164|0x0000000091400000, 0x0000000091500000, 0x0000000091500000|100%| E|CS|TAMS 0x0000000091400000| PB 0x0000000091400000| Complete 
| 165|0x0000000091500000, 0x0000000091600000, 0x0000000091600000|100%| E|CS|TAMS 0x0000000091500000| PB 0x0000000091500000| Complete 
| 166|0x0000000091600000, 0x0000000091700000, 0x0000000091700000|100%| E|CS|TAMS 0x0000000091600000| PB 0x0000000091600000| Complete 
| 167|0x0000000091700000, 0x0000000091800000, 0x0000000091800000|100%| E|CS|TAMS 0x0000000091700000| PB 0x0000000091700000| Complete 
| 168|0x0000000091800000, 0x0000000091900000, 0x0000000091900000|100%| E|CS|TAMS 0x0000000091800000| PB 0x0000000091800000| Complete 
| 169|0x0000000091900000, 0x0000000091a00000, 0x0000000091a00000|100%| E|CS|TAMS 0x0000000091900000| PB 0x0000000091900000| Complete 
| 170|0x0000000091a00000, 0x0000000091b00000, 0x0000000091b00000|100%| E|CS|TAMS 0x0000000091a00000| PB 0x0000000091a00000| Complete 
| 171|0x0000000091b00000, 0x0000000091c00000, 0x0000000091c00000|100%| E|CS|TAMS 0x0000000091b00000| PB 0x0000000091b00000| Complete 
| 172|0x0000000091c00000, 0x0000000091d00000, 0x0000000091d00000|100%| E|CS|TAMS 0x0000000091c00000| PB 0x0000000091c00000| Complete 
| 173|0x0000000091d00000, 0x0000000091e00000, 0x0000000091e00000|100%| E|CS|TAMS 0x0000000091d00000| PB 0x0000000091d00000| Complete 
| 174|0x0000000091e00000, 0x0000000091f00000, 0x0000000091f00000|100%| E|CS|TAMS 0x0000000091e00000| PB 0x0000000091e00000| Complete 
| 175|0x0000000091f00000, 0x0000000092000000, 0x0000000092000000|100%| E|CS|TAMS 0x0000000091f00000| PB 0x0000000091f00000| Complete 
| 176|0x0000000092000000, 0x0000000092100000, 0x0000000092100000|100%| E|CS|TAMS 0x0000000092000000| PB 0x0000000092000000| Complete 
| 177|0x0000000092100000, 0x0000000092200000, 0x0000000092200000|100%| E|CS|TAMS 0x0000000092100000| PB 0x0000000092100000| Complete 
| 178|0x0000000092200000, 0x0000000092300000, 0x0000000092300000|100%| E|CS|TAMS 0x0000000092200000| PB 0x0000000092200000| Complete 
| 179|0x0000000092300000, 0x0000000092400000, 0x0000000092400000|100%| E|CS|TAMS 0x0000000092300000| PB 0x0000000092300000| Complete 
| 180|0x0000000092400000, 0x0000000092500000, 0x0000000092500000|100%| E|CS|TAMS 0x0000000092400000| PB 0x0000000092400000| Complete 
| 181|0x0000000092500000, 0x0000000092600000, 0x0000000092600000|100%| E|CS|TAMS 0x0000000092500000| PB 0x0000000092500000| Complete 
| 182|0x0000000092600000, 0x0000000092700000, 0x0000000092700000|100%| E|CS|TAMS 0x0000000092600000| PB 0x0000000092600000| Complete 
| 183|0x0000000092700000, 0x0000000092800000, 0x0000000092800000|100%| E|CS|TAMS 0x0000000092700000| PB 0x0000000092700000| Complete 
| 184|0x0000000092800000, 0x0000000092900000, 0x0000000092900000|100%| E|CS|TAMS 0x0000000092800000| PB 0x0000000092800000| Complete 
| 185|0x0000000092900000, 0x0000000092a00000, 0x0000000092a00000|100%| E|CS|TAMS 0x0000000092900000| PB 0x0000000092900000| Complete 
| 186|0x0000000092a00000, 0x0000000092b00000, 0x0000000092b00000|100%| E|CS|TAMS 0x0000000092a00000| PB 0x0000000092a00000| Complete 
| 187|0x0000000092b00000, 0x0000000092c00000, 0x0000000092c00000|100%| E|CS|TAMS 0x0000000092b00000| PB 0x0000000092b00000| Complete 
| 188|0x0000000092c00000, 0x0000000092d00000, 0x0000000092d00000|100%| E|CS|TAMS 0x0000000092c00000| PB 0x0000000092c00000| Complete 
| 189|0x0000000092d00000, 0x0000000092e00000, 0x0000000092e00000|100%| E|CS|TAMS 0x0000000092d00000| PB 0x0000000092d00000| Complete 
| 190|0x0000000092e00000, 0x0000000092f00000, 0x0000000092f00000|100%| E|CS|TAMS 0x0000000092e00000| PB 0x0000000092e00000| Complete 
| 191|0x0000000092f00000, 0x0000000093000000, 0x0000000093000000|100%| E|CS|TAMS 0x0000000092f00000| PB 0x0000000092f00000| Complete 
| 192|0x0000000093000000, 0x0000000093100000, 0x0000000093100000|100%| E|CS|TAMS 0x0000000093000000| PB 0x0000000093000000| Complete 
| 193|0x0000000093100000, 0x0000000093200000, 0x0000000093200000|100%| E|CS|TAMS 0x0000000093100000| PB 0x0000000093100000| Complete 
| 194|0x0000000093200000, 0x0000000093300000, 0x0000000093300000|100%| E|CS|TAMS 0x0000000093200000| PB 0x0000000093200000| Complete 
| 195|0x0000000093300000, 0x0000000093400000, 0x0000000093400000|100%| E|CS|TAMS 0x0000000093300000| PB 0x0000000093300000| Complete 

Card table byte_map: [0x00000260c9960000,0x00000260c9d30000] _byte_map_base: 0x00000260c9528000

Marking Bits: (CMBitMap*) 0x00000260b1bd5bd0
 Bits: [0x00000260c9d30000, 0x00000260cbb70000)

Polling page: 0x00000260b1340000

Metaspace:

Usage:
  Non-class:     14.32 MB used.
      Class:      1.15 MB used.
       Both:     15.47 MB used.

Virtual space:
  Non-class space:       64.00 MB reserved,      14.50 MB ( 23%) committed,  1 nodes.
      Class space:        1.00 GB reserved,       1.31 MB ( <1%) committed,  1 nodes.
             Both:        1.06 GB reserved,      15.81 MB (  1%) committed. 

Chunk freelists:
   Non-Class:  992.00 KB
       Class:  14.73 MB
        Both:  15.70 MB

MaxMetaspaceSize: unlimited
CompressedClassSpaceSize: 1.00 GB
Initial GC threshold: 21.00 MB
Current GC threshold: 21.00 MB
CDS: on
 - commit_granule_bytes: 65536.
 - commit_granule_words: 8192.
 - virtual_space_node_default_size: 8388608.
 - enlarge_chunks_in_place: 1.
 - use_allocation_guard: 0.


Internal statistics:

num_allocs_failed_limit: 0.
num_arena_births: 242.
num_arena_deaths: 0.
num_vsnodes_births: 2.
num_vsnodes_deaths: 0.
num_space_committed: 249.
num_space_uncommitted: 0.
num_chunks_returned_to_freelist: 0.
num_chunks_taken_from_freelist: 618.
num_chunk_merges: 0.
num_chunk_splits: 446.
num_chunks_enlarged: 316.
num_inconsistent_stats: 0.

CodeHeap 'non-profiled nmethods': size=120000Kb used=2010Kb max_used=2010Kb free=117989Kb
 bounds [0x00000260c1d20000, 0x00000260c1f90000, 0x00000260c9250000]
CodeHeap 'profiled nmethods': size=120000Kb used=4841Kb max_used=4841Kb free=115158Kb
 bounds [0x00000260ba250000, 0x00000260ba710000, 0x00000260c1780000]
CodeHeap 'non-nmethods': size=5760Kb used=2400Kb max_used=2423Kb free=3359Kb
 bounds [0x00000260c1780000, 0x00000260c19f0000, 0x00000260c1d20000]
 total_blobs=3631 nmethods=2616 adapters=920
 compilation: enabled
              stopped_count=0, restarted_count=0
 full_count=0

Compilation events (20 events):
Event: 59.758 Thread 0x00000260ce5ce130 2607   !   4       java.util.zip.Deflater::deflate (420 bytes)
Event: 59.762 Thread 0x00000260ce5ce130 nmethod 2607 0x00000260c1f13c90 code [0x00000260c1f13e60, 0x00000260c1f144c8]
Event: 59.835 Thread 0x00000260ce5ce130 2608   !   4       java.util.zip.Deflater::setInput (56 bytes)
Event: 59.838 Thread 0x00000260ce5ce130 nmethod 2608 0x00000260c1f14910 code [0x00000260c1f14aa0, 0x00000260c1f14e78]
Event: 59.848 Thread 0x00000260ce5ce130 2609       4       sun.awt.image.IntegerComponentRaster::verify (410 bytes)
Event: 59.852 Thread 0x00000260ce5ce130 nmethod 2609 0x00000260c1f15010 code [0x00000260c1f15200, 0x00000260c1f15720]
Event: 59.939 Thread 0x00000260ce5ce130 2610       4       jogamp.newt.DisplayImpl$7::run (8 bytes)
Event: 59.941 Thread 0x00000260ce5ce130 nmethod 2610 0x00000260c1f15a90 code [0x00000260c1f15c40, 0x00000260c1f15d88]
Event: 59.944 Thread 0x00000260ce5d3c90 2611       1       processing.event.Event::getAction (5 bytes)
Event: 59.944 Thread 0x00000260ce5d3c90 nmethod 2611 0x00000260c1f15f10 code [0x00000260c1f160a0, 0x00000260c1f16168]
Event: 59.944 Thread 0x00000260ce5d3c90 2612  s    1       java.util.Vector::size (5 bytes)
Event: 59.944 Thread 0x00000260ce5d3c90 nmethod 2612 0x00000260c1f16210 code [0x00000260c1f163a0, 0x00000260c1f16528]
Event: 59.944 Thread 0x00000260ce5d3c90 2613       3       java.util.Arrays::equals (43 bytes)
Event: 59.944 Thread 0x00000260ce5d3c90 nmethod 2613 0x00000260ba709590 code [0x00000260ba709760, 0x00000260ba709a58]
Event: 59.946 Thread 0x00000260ce5d3c90 2614       1       java.util.logging.Logger::getName (5 bytes)
Event: 59.947 Thread 0x00000260ce5d3c90 nmethod 2614 0x00000260c1f16590 code [0x00000260c1f16720, 0x00000260c1f167e8]
Event: 59.984 Thread 0x00000260ce5d3c90 2615       3       java.util.concurrent.ConcurrentHashMap$ValuesView::iterator (34 bytes)
Event: 59.985 Thread 0x00000260ce5d3c90 nmethod 2615 0x00000260ba709b90 code [0x00000260ba709d40, 0x00000260ba709f88]
Event: 59.985 Thread 0x00000260ce5d3c90 2616       3       java.util.concurrent.ConcurrentHashMap$ValueIterator::<init> (12 bytes)
Event: 59.985 Thread 0x00000260ce5d3c90 nmethod 2616 0x00000260ba70a090 code [0x00000260ba70a240, 0x00000260ba70a3b8]

GC Heap History (20 events):
Event: 53.913 GC heap before
{Heap before GC invocations=141 (full 0):
 garbage-first heap   total 200704K, used 135260K [0x0000000087000000, 0x0000000100000000)
  region size 1024K, 117 young (119808K), 1 survivors (1024K)
 Metaspace       used 14817K, committed 15040K, reserved 1114112K
  class space    used 1082K, committed 1152K, reserved 1048576K
}
Event: 53.916 GC heap after
{Heap after GC invocations=142 (full 0):
 garbage-first heap   total 200704K, used 16591K [0x0000000087000000, 0x0000000100000000)
  region size 1024K, 1 young (1024K), 1 survivors (1024K)
 Metaspace       used 14817K, committed 15040K, reserved 1114112K
  class space    used 1082K, committed 1152K, reserved 1048576K
}
Event: 54.079 GC heap before
{Heap before GC invocations=142 (full 0):
 garbage-first heap   total 200704K, used 135375K [0x0000000087000000, 0x0000000100000000)
  region size 1024K, 117 young (119808K), 1 survivors (1024K)
 Metaspace       used 14817K, committed 15040K, reserved 1114112K
  class space    used 1082K, committed 1152K, reserved 1048576K
}
Event: 54.080 GC heap after
{Heap after GC invocations=143 (full 0):
 garbage-first heap   total 200704K, used 16468K [0x0000000087000000, 0x0000000100000000)
  region size 1024K, 1 young (1024K), 1 survivors (1024K)
 Metaspace       used 14817K, committed 15040K, reserved 1114112K
  class space    used 1082K, committed 1152K, reserved 1048576K
}
Event: 54.241 GC heap before
{Heap before GC invocations=143 (full 0):
 garbage-first heap   total 200704K, used 135252K [0x0000000087000000, 0x0000000100000000)
  region size 1024K, 117 young (119808K), 1 survivors (1024K)
 Metaspace       used 14817K, committed 15040K, reserved 1114112K
  class space    used 1082K, committed 1152K, reserved 1048576K
}
Event: 54.243 GC heap after
{Heap after GC invocations=144 (full 0):
 garbage-first heap   total 200704K, used 16616K [0x0000000087000000, 0x0000000100000000)
  region size 1024K, 1 young (1024K), 1 survivors (1024K)
 Metaspace       used 14817K, committed 15040K, reserved 1114112K
  class space    used 1082K, committed 1152K, reserved 1048576K
}
Event: 54.712 GC heap before
{Heap before GC invocations=144 (full 0):
 garbage-first heap   total 200704K, used 135400K [0x0000000087000000, 0x0000000100000000)
  region size 1024K, 117 young (119808K), 1 survivors (1024K)
 Metaspace       used 14817K, committed 15040K, reserved 1114112K
  class space    used 1082K, committed 1152K, reserved 1048576K
}
Event: 54.714 GC heap after
{Heap after GC invocations=145 (full 0):
 garbage-first heap   total 200704K, used 17556K [0x0000000087000000, 0x0000000100000000)
  region size 1024K, 2 young (2048K), 2 survivors (2048K)
 Metaspace       used 14817K, committed 15040K, reserved 1114112K
  class space    used 1082K, committed 1152K, reserved 1048576K
}
Event: 55.282 GC heap before
{Heap before GC invocations=145 (full 0):
 garbage-first heap   total 200704K, used 135316K [0x0000000087000000, 0x0000000100000000)
  region size 1024K, 117 young (119808K), 2 survivors (2048K)
 Metaspace       used 14817K, committed 15040K, reserved 1114112K
  class space    used 1082K, committed 1152K, reserved 1048576K
}
Event: 55.285 GC heap after
{Heap after GC invocations=146 (full 0):
 garbage-first heap   total 200704K, used 18115K [0x0000000087000000, 0x0000000100000000)
  region size 1024K, 2 young (2048K), 2 survivors (2048K)
 Metaspace       used 14817K, committed 15040K, reserved 1114112K
  class space    used 1082K, committed 1152K, reserved 1048576K
}
Event: 55.797 GC heap before
{Heap before GC invocations=146 (full 0):
 garbage-first heap   total 200704K, used 135875K [0x0000000087000000, 0x0000000100000000)
  region size 1024K, 117 young (119808K), 2 survivors (2048K)
 Metaspace       used 14817K, committed 15040K, reserved 1114112K
  class space    used 1082K, committed 1152K, reserved 1048576K
}
Event: 55.800 GC heap after
{Heap after GC invocations=147 (full 0):
 garbage-first heap   total 200704K, used 17610K [0x0000000087000000, 0x0000000100000000)
  region size 1024K, 2 young (2048K), 2 survivors (2048K)
 Metaspace       used 14817K, committed 15040K, reserved 1114112K
  class space    used 1082K, committed 1152K, reserved 1048576K
}
Event: 56.269 GC heap before
{Heap before GC invocations=147 (full 0):
 garbage-first heap   total 200704K, used 135370K [0x0000000087000000, 0x0000000100000000)
  region size 1024K, 117 young (119808K), 2 survivors (2048K)
 Metaspace       used 14817K, committed 15040K, reserved 1114112K
  class space    used 1082K, committed 1152K, reserved 1048576K
}
Event: 56.273 GC heap after
{Heap after GC invocations=148 (full 0):
 garbage-first heap   total 200704K, used 18778K [0x0000000087000000, 0x0000000100000000)
  region size 1024K, 3 young (3072K), 3 survivors (3072K)
 Metaspace       used 14817K, committed 15040K, reserved 1114112K
  class space    used 1082K, committed 1152K, reserved 1048576K
}
Event: 56.751 GC heap before
{Heap before GC invocations=148 (full 0):
 garbage-first heap   total 200704K, used 135514K [0x0000000087000000, 0x0000000100000000)
  region size 1024K, 117 young (119808K), 3 survivors (3072K)
 Metaspace       used 14817K, committed 15040K, reserved 1114112K
  class space    used 1082K, committed 1152K, reserved 1048576K
}
Event: 56.754 GC heap after
{Heap after GC invocations=149 (full 0):
 garbage-first heap   total 200704K, used 18169K [0x0000000087000000, 0x0000000100000000)
  region size 1024K, 2 young (2048K), 2 survivors (2048K)
 Metaspace       used 14817K, committed 15040K, reserved 1114112K
  class space    used 1082K, committed 1152K, reserved 1048576K
}
Event: 57.250 GC heap before
{Heap before GC invocations=149 (full 0):
 garbage-first heap   total 200704K, used 135929K [0x0000000087000000, 0x0000000100000000)
  region size 1024K, 117 young (119808K), 2 survivors (2048K)
 Metaspace       used 14817K, committed 15040K, reserved 1114112K
  class space    used 1082K, committed 1152K, reserved 1048576K
}
Event: 57.251 GC heap after
{Heap after GC invocations=150 (full 0):
 garbage-first heap   total 200704K, used 17360K [0x0000000087000000, 0x0000000100000000)
  region size 1024K, 2 young (2048K), 2 survivors (2048K)
 Metaspace       used 14817K, committed 15040K, reserved 1114112K
  class space    used 1082K, committed 1152K, reserved 1048576K
}
Event: 58.821 GC heap before
{Heap before GC invocations=150 (full 0):
 garbage-first heap   total 200704K, used 97232K [0x0000000087000000, 0x0000000100000000)
  region size 1024K, 41 young (41984K), 2 survivors (2048K)
 Metaspace       used 15301K, committed 15616K, reserved 1114112K
  class space    used 1127K, committed 1280K, reserved 1048576K
}
Event: 58.831 GC heap after
{Heap after GC invocations=151 (full 0):
 garbage-first heap   total 200704K, used 60138K [0x0000000087000000, 0x0000000100000000)
  region size 1024K, 3 young (3072K), 3 survivors (3072K)
 Metaspace       used 15301K, committed 15616K, reserved 1114112K
  class space    used 1127K, committed 1280K, reserved 1048576K
}

Dll operation events (14 events):
Event: 0.008 Loaded shared library C:\Program Files\Eclipse Adoptium\jdk-21.0.2.13-hotspot\bin\java.dll
Event: 0.040 Loaded shared library C:\Program Files\Eclipse Adoptium\jdk-21.0.2.13-hotspot\bin\jsvml.dll
Event: 0.112 Loaded shared library C:\Program Files\Eclipse Adoptium\jdk-21.0.2.13-hotspot\bin\net.dll
Event: 0.113 Loaded shared library C:\Program Files\Eclipse Adoptium\jdk-21.0.2.13-hotspot\bin\nio.dll
Event: 0.119 Loaded shared library C:\Program Files\Eclipse Adoptium\jdk-21.0.2.13-hotspot\bin\zip.dll
Event: 0.198 Loaded shared library C:\Program Files\Eclipse Adoptium\jdk-21.0.2.13-hotspot\bin\jimage.dll
Event: 0.201 Loaded shared library C:\Program Files\Eclipse Adoptium\jdk-21.0.2.13-hotspot\bin\awt.dll
Event: 0.516 Loaded shared library C:\Users\Sabien Wyseur\AppData\Local\Temp\jogamp_0000\file_cache\jln11044329481378702326\jln184681893420510917\natives\windows-amd64\gluegen_rt.dll
Event: 0.524 Loaded shared library C:\Program Files\Eclipse Adoptium\jdk-21.0.2.13-hotspot\bin\jawt.dll
Event: 0.537 Loaded shared library C:\Users\Sabien Wyseur\AppData\Local\Temp\jogamp_0000\file_cache\jln11044329481378702326\jln184681893420510917\natives\windows-amd64\nativewindow_awt.dll
Event: 0.566 Loaded shared library C:\Users\Sabien Wyseur\AppData\Local\Temp\jogamp_0000\file_cache\jln11044329481378702326\jln184681893420510917\natives\windows-amd64\nativewindow_win32.dll
Event: 0.694 Loaded shared library C:\Users\Sabien Wyseur\AppData\Local\Temp\jogamp_0000\file_cache\jln11044329481378702326\jln184681893420510917\natives\windows-amd64\jogl_desktop.dll
Event: 0.747 Loaded shared library C:\Users\Sabien Wyseur\AppData\Local\Temp\jogamp_0000\file_cache\jln11044329481378702326\jln184681893420510917\natives\windows-amd64\jogl_mobile.dll
Event: 1.664 Loaded shared library C:\Users\Sabien Wyseur\AppData\Local\Temp\jogamp_0000\file_cache\jln11044329481378702326\jln184681893420510917\natives\windows-amd64\newt_head.dll

Deoptimization events (20 events):
Event: 59.357 Thread 0x000002611f4d6f50 DEOPT PACKING pc=0x00000260ba6e7eb1 sp=0x000000c2cf3fe510
Event: 59.357 Thread 0x000002611f4d6f50 DEOPT UNPACKING pc=0x00000260c17d88e2 sp=0x000000c2cf3fd9a8 mode 0
Event: 59.357 Thread 0x000002611f4d6f50 DEOPT PACKING pc=0x00000260ba6e7eb1 sp=0x000000c2cf3fe510
Event: 59.357 Thread 0x000002611f4d6f50 DEOPT UNPACKING pc=0x00000260c17d88e2 sp=0x000000c2cf3fd9a8 mode 0
Event: 59.357 Thread 0x000002611f4d6f50 DEOPT PACKING pc=0x00000260ba6e7eb1 sp=0x000000c2cf3fe510
Event: 59.357 Thread 0x000002611f4d6f50 DEOPT UNPACKING pc=0x00000260c17d88e2 sp=0x000000c2cf3fd9a8 mode 0
Event: 59.358 Thread 0x000002611f4d6f50 DEOPT PACKING pc=0x00000260ba6e7eb1 sp=0x000000c2cf3fe510
Event: 59.358 Thread 0x000002611f4d6f50 DEOPT UNPACKING pc=0x00000260c17d88e2 sp=0x000000c2cf3fd9a8 mode 0
Event: 59.358 Thread 0x000002611f4d6f50 DEOPT PACKING pc=0x00000260ba6e7eb1 sp=0x000000c2cf3fe510
Event: 59.358 Thread 0x000002611f4d6f50 DEOPT UNPACKING pc=0x00000260c17d88e2 sp=0x000000c2cf3fd9a8 mode 0
Event: 59.358 Thread 0x000002611f4d6f50 DEOPT PACKING pc=0x00000260ba6e7eb1 sp=0x000000c2cf3fe510
Event: 59.358 Thread 0x000002611f4d6f50 DEOPT UNPACKING pc=0x00000260c17d88e2 sp=0x000000c2cf3fd9a8 mode 0
Event: 59.359 Thread 0x000002611f4d6f50 DEOPT PACKING pc=0x00000260ba6e7eb1 sp=0x000000c2cf3fe510
Event: 59.359 Thread 0x000002611f4d6f50 DEOPT UNPACKING pc=0x00000260c17d88e2 sp=0x000000c2cf3fd9a8 mode 0
Event: 59.369 Thread 0x000002611f4d6f50 DEOPT PACKING pc=0x00000260ba6e9a64 sp=0x000000c2cf3fe410
Event: 59.369 Thread 0x000002611f4d6f50 DEOPT UNPACKING pc=0x00000260c17d88e2 sp=0x000000c2cf3fd8e0 mode 0
Event: 59.942 Thread 0x000002611f4d6f50 Uncommon trap: trap_request=0xffffff45 fr.pc=0x00000260c1f1426c relative=0x000000000000040c
Event: 59.942 Thread 0x000002611f4d6f50 Uncommon trap: reason=unstable_if action=reinterpret pc=0x00000260c1f1426c method=java.util.zip.Deflater.deflate([BIII)I @ 58 c2
Event: 59.942 Thread 0x000002611f4d6f50 DEOPT PACKING pc=0x00000260c1f1426c sp=0x000000c2cf3fe600
Event: 59.942 Thread 0x000002611f4d6f50 DEOPT UNPACKING pc=0x00000260c17d7da2 sp=0x000000c2cf3fe570 mode 2

Classes loaded (20 events):
Event: 59.063 Loading class com/sun/imageio/plugins/png/ChunkStream
Event: 59.063 Loading class com/sun/imageio/plugins/png/ChunkStream done
Event: 59.063 Loading class com/sun/imageio/plugins/png/CRC
Event: 59.064 Loading class com/sun/imageio/plugins/png/CRC done
Event: 59.066 Loading class com/sun/imageio/plugins/png/IDATOutputStream
Event: 59.066 Loading class com/sun/imageio/plugins/png/IDATOutputStream done
Event: 59.066 Loading class java/util/zip/Deflater
Event: 59.066 Loading class java/util/zip/Deflater done
Event: 59.067 Loading class java/util/zip/Deflater$DeflaterZStreamRef
Event: 59.067 Loading class java/util/zip/Deflater$DeflaterZStreamRef done
Event: 59.068 Loading class java/awt/image/PixelInterleavedSampleModel
Event: 59.068 Loading class java/awt/image/ComponentSampleModel
Event: 59.069 Loading class java/awt/image/ComponentSampleModel done
Event: 59.069 Loading class java/awt/image/PixelInterleavedSampleModel done
Event: 59.946 Loading class java/util/WeakHashMap$KeyIterator
Event: 59.946 Loading class java/nio/channels/ClosedChannelException
Event: 59.947 Loading class java/util/WeakHashMap$HashIterator
Event: 59.947 Loading class java/nio/channels/ClosedChannelException done
Event: 59.947 Loading class java/util/WeakHashMap$HashIterator done
Event: 59.947 Loading class java/util/WeakHashMap$KeyIterator done

Classes unloaded (0 events):
No events

Classes redefined (0 events):
No events

Internal exceptions (20 events):
Event: 0.432 Thread 0x00000260afa63b60 Exception <a 'java/lang/NoSuchMethodError'{0x000000008db2afd8}: 'java.lang.Object java.lang.invoke.DirectMethodHandle$Holder.invokeStatic(java.lang.Object, long, java.lang.Object)'> (0x000000008db2afd8) 
thrown [s\src\hotspot\share\interpreter\linkResolver.cpp, line 773]
Event: 0.432 Thread 0x00000260afa63b60 Exception <a 'java/lang/NoSuchMethodError'{0x000000008db2e630}: 'java.lang.Object java.lang.invoke.DirectMethodHandle$Holder.invokeStaticInit(java.lang.Object, long, java.lang.Object)'> (0x000000008db2e630) 
thrown [s\src\hotspot\share\interpreter\linkResolver.cpp, line 773]
Event: 0.518 Thread 0x00000260afa63b60 Exception <a 'java/lang/NoSuchMethodError'{0x000000008db68d48}: 'int java.lang.invoke.DirectMethodHandle$Holder.invokeStatic(java.lang.Object)'> (0x000000008db68d48) 
thrown [s\src\hotspot\share\interpreter\linkResolver.cpp, line 773]
Event: 0.518 Thread 0x00000260afa63b60 Exception <a 'java/lang/NoSuchMethodError'{0x000000008db6c7b8}: 'int java.lang.invoke.DelegatingMethodHandle$Holder.reinvoke_L(java.lang.Object)'> (0x000000008db6c7b8) 
thrown [s\src\hotspot\share\interpreter\linkResolver.cpp, line 773]
Event: 0.547 Thread 0x00000260afa63b60 Exception <a 'java/lang/NoSuchMethodError'{0x000000008da9dcf8}: 'java.lang.Object java.lang.invoke.DirectMethodHandle$Holder.invokeInterface(java.lang.Object, java.lang.Object)'> (0x000000008da9dcf8) 
thrown [s\src\hotspot\share\interpreter\linkResolver.cpp, line 773]
Event: 0.548 Thread 0x00000260afa63b60 Exception <a 'java/lang/IncompatibleClassChangeError'{0x000000008daa12a0}: Found class java.lang.Object, but interface was expected> (0x000000008daa12a0) 
thrown [s\src\hotspot\share\interpreter\linkResolver.cpp, line 840]
Event: 0.698 Thread 0x00000260afa63b60 Exception <a 'java/lang/NoSuchMethodError'{0x000000008d5a68f8}: 'long java.lang.invoke.DelegatingMethodHandle$Holder.reinvoke_L(java.lang.Object, java.lang.Object)'> (0x000000008d5a68f8) 
thrown [s\src\hotspot\share\interpreter\linkResolver.cpp, line 773]
Event: 0.698 Thread 0x00000260afa63b60 Exception <a 'java/lang/NoSuchMethodError'{0x000000008d5b06b8}: 'void java.lang.invoke.DelegatingMethodHandle$Holder.reinvoke_L(java.lang.Object, java.lang.Object, long)'> (0x000000008d5b06b8) 
thrown [s\src\hotspot\share\interpreter\linkResolver.cpp, line 773]
Event: 1.202 Thread 0x00000260ce8cf840 Implicit null exception at 0x00000260c1d84933 to 0x00000260c1d84c5c
Event: 1.202 Thread 0x00000260ce8cf840 Exception <a 'java/lang/NoSuchMethodError'{0x000000008df32080}: 'void java.lang.invoke.DirectMethodHandle$Holder.invokeSpecial(java.lang.Object, java.lang.Object, java.lang.Object)'> (0x000000008df32080) 
thrown [s\src\hotspot\share\interpreter\linkResolver.cpp, line 773]
Event: 1.209 Thread 0x00000260ce8cf840 Exception <a 'java/lang/NoSuchMethodError'{0x000000008df48bf8}: 'long java.lang.invoke.Invokers$Holder.invokeExact_MT(java.lang.Object, java.lang.Object, java.lang.Object)'> (0x000000008df48bf8) 
thrown [s\src\hotspot\share\interpreter\linkResolver.cpp, line 773]
Event: 1.754 Thread 0x00000260afa63b60 Exception <a 'java/lang/NoSuchMethodError'{0x000000008d648140}: 'void java.lang.invoke.DirectMethodHandle$Holder.invokeSpecial(java.lang.Object, java.lang.Object, java.lang.Object, java.lang.Object, java.lang.Object)'> (0x000000008d648140) 
thrown [s\src\hotspot\share\interpreter\linkResolver.cpp, line 773]
Event: 1.758 Thread 0x00000260afa63b60 Exception <a 'java/lang/NoSuchMethodError'{0x000000008d6552e8}: 'void java.lang.invoke.DirectMethodHandle$Holder.invokeSpecial(java.lang.Object, java.lang.Object, int)'> (0x000000008d6552e8) 
thrown [s\src\hotspot\share\interpreter\linkResolver.cpp, line 773]
Event: 1.758 Thread 0x00000260afa63b60 Exception <a 'java/lang/NoSuchMethodError'{0x000000008d65aa40}: 'java.lang.Object java.lang.invoke.DirectMethodHandle$Holder.newInvokeSpecial(java.lang.Object, java.lang.Object, int)'> (0x000000008d65aa40) 
thrown [s\src\hotspot\share\interpreter\linkResolver.cpp, line 773]
Event: 1.912 Thread 0x0000026116841400 Exception <a 'java/lang/NoSuchMethodError'{0x000000008cf556a8}: 'java.lang.Object java.lang.invoke.DirectMethodHandle$Holder.newInvokeSpecial(java.lang.Object, float)'> (0x000000008cf556a8) 
thrown [s\src\hotspot\share\interpreter\linkResolver.cpp, line 773]
Event: 1.935 Thread 0x000002611f4d6f50 Exception <a 'java/lang/NoSuchMethodError'{0x000000008cdb5208}: 'void java.lang.invoke.DirectMethodHandle$Holder.invokeVirtual(java.lang.Object, java.lang.Object)'> (0x000000008cdb5208) 
thrown [s\src\hotspot\share\interpreter\linkResolver.cpp, line 773]
Event: 9.206 Thread 0x000002611f4d6f50 Implicit null exception at 0x00000260c1dbd1ba to 0x00000260c1dbd1f8
Event: 9.206 Thread 0x000002611f4d6f50 Implicit null exception at 0x00000260c1dbd4ba to 0x00000260c1dbd4f8
Event: 13.761 Thread 0x000002611f4d6f50 Implicit null exception at 0x00000260c1dcda4a to 0x00000260c1dcf1e0
Event: 59.944 Thread 0x0000026116840d70 Exception <a 'java/lang/InterruptedException'{0x000000008df00000}> (0x000000008df00000) 
thrown [s\src\hotspot\share\runtime\objectMonitor.cpp, line 1648]

ZGC Phase Switch (0 events):
No events

VM Operations (20 events):
Event: 54.714 Executing VM operation: G1CollectForAllocation (G1 Evacuation Pause) done
Event: 55.282 Executing VM operation: G1CollectForAllocation (G1 Evacuation Pause)
Event: 55.285 Executing VM operation: G1CollectForAllocation (G1 Evacuation Pause) done
Event: 55.797 Executing VM operation: G1CollectForAllocation (G1 Evacuation Pause)
Event: 55.800 Executing VM operation: G1CollectForAllocation (G1 Evacuation Pause) done
Event: 56.269 Executing VM operation: G1CollectForAllocation (G1 Evacuation Pause)
Event: 56.273 Executing VM operation: G1CollectForAllocation (G1 Evacuation Pause) done
Event: 56.751 Executing VM operation: G1CollectForAllocation (G1 Evacuation Pause)
Event: 56.754 Executing VM operation: G1CollectForAllocation (G1 Evacuation Pause) done
Event: 57.250 Executing VM operation: G1CollectForAllocation (G1 Evacuation Pause)
Event: 57.251 Executing VM operation: G1CollectForAllocation (G1 Evacuation Pause) done
Event: 57.444 Executing VM operation: HandshakeAllThreads (Deoptimize)
Event: 57.444 Executing VM operation: HandshakeAllThreads (Deoptimize) done
Event: 58.444 Executing VM operation: Cleanup
Event: 58.444 Executing VM operation: Cleanup done
Event: 58.821 Executing VM operation: G1TryInitiateConcMark (G1 Humongous Allocation)
Event: 58.831 Executing VM operation: G1TryInitiateConcMark (G1 Humongous Allocation) done
Event: 59.831 Executing VM operation: Cleanup
Event: 59.831 Executing VM operation: Cleanup done
Event: 60.049 Executing VM operation: Exit

Events (20 events):
Event: 13.776 Thread 0x00000260ce5d5ea0 Thread added: 0x00000260ce5d5ea0
Event: 13.957 Thread 0x00000260ce5d5ea0 Thread exited: 0x00000260ce5d5ea0
Event: 14.277 Thread 0x00000260ce5d4360 Thread exited: 0x00000260ce5d4360
Event: 57.461 Thread 0x00000260ce5d4360 Thread added: 0x00000260ce5d4360
Event: 58.576 Thread 0x00000260ce5d4360 Thread exited: 0x00000260ce5d4360
Event: 59.944 Thread 0x0000026116840d70 Thread exited: 0x0000026116840d70
Event: 59.945 Thread 0x0000026131386050 Thread added: 0x0000026131386050
Event: 59.945 Thread 0x0000026131383260 Thread added: 0x0000026131383260
Event: 59.946 Thread 0x0000026131384ca0 Thread added: 0x0000026131384ca0
Event: 59.946 Thread 0x00000261313838f0 Thread added: 0x00000261313838f0
Event: 59.946 Thread 0x0000026131383f80 Thread added: 0x0000026131383f80
Event: 59.947 Thread 0x0000026131383f80 Thread exited: 0x0000026131383f80
Event: 59.947 Thread 0x0000026131381eb0 Thread added: 0x0000026131381eb0
Event: 59.947 Thread 0x00000261313838f0 Thread exited: 0x00000261313838f0
Event: 59.948 Thread 0x00000261168441f0 Thread exited: 0x00000261168441f0
Event: 59.948 Thread 0x0000026131384ca0 Thread exited: 0x0000026131384ca0
Event: 59.951 Thread 0x00000260ce8d1910 Thread exited: 0x00000260ce8d1910
Event: 59.988 Thread 0x00000260ce8cf840 Thread exited: 0x00000260ce8cf840
Event: 59.998 Thread 0x0000026131383260 Thread exited: 0x0000026131383260
Event: 60.048 Thread 0x0000026131386050 Thread exited: 0x0000026131386050


Dynamic libraries:
0x00007ff757d60000 - 0x00007ff757d6e000 	C:\Program Files\Eclipse Adoptium\jdk-21.0.2.13-hotspot\bin\java.exe
0x00007ffd7c5f0000 - 0x00007ffd7c807000 	C:\WINDOWS\SYSTEM32\ntdll.dll
0x00007ffd7ae50000 - 0x00007ffd7af14000 	C:\WINDOWS\System32\KERNEL32.DLL
0x00007ffd79aa0000 - 0x00007ffd79e4d000 	C:\WINDOWS\System32\KERNELBASE.dll
0x00007ffd79f00000 - 0x00007ffd7a011000 	C:\WINDOWS\System32\ucrtbase.dll
0x00007ffd6fe80000 - 0x00007ffd6fe9b000 	C:\Program Files\Eclipse Adoptium\jdk-21.0.2.13-hotspot\bin\VCRUNTIME140.dll
0x00007ffd6c8b0000 - 0x00007ffd6c8c8000 	C:\Program Files\Eclipse Adoptium\jdk-21.0.2.13-hotspot\bin\jli.dll
0x00007ffd7b880000 - 0x00007ffd7ba2e000 	C:\WINDOWS\System32\USER32.dll
0x00007ffd79ed0000 - 0x00007ffd79ef6000 	C:\WINDOWS\System32\win32u.dll
0x00007ffd614b0000 - 0x00007ffd61743000 	C:\WINDOWS\WinSxS\amd64_microsoft.windows.common-controls_6595b64144ccf1df_6.0.22621.3672_none_2713b9d173822955\COMCTL32.dll
0x00007ffd7b4a0000 - 0x00007ffd7b4c9000 	C:\WINDOWS\System32\GDI32.dll
0x00007ffd7aa30000 - 0x00007ffd7aad7000 	C:\WINDOWS\System32\msvcrt.dll
0x00007ffd7a020000 - 0x00007ffd7a139000 	C:\WINDOWS\System32\gdi32full.dll
0x00007ffd79910000 - 0x00007ffd799aa000 	C:\WINDOWS\System32\msvcp_win.dll
0x00007ffd7ba40000 - 0x00007ffd7ba71000 	C:\WINDOWS\System32\IMM32.DLL
0x00007ffd6cd00000 - 0x00007ffd6cd0c000 	C:\Program Files\Eclipse Adoptium\jdk-21.0.2.13-hotspot\bin\vcruntime140_1.dll
0x00007ffd438e0000 - 0x00007ffd4396e000 	C:\Program Files\Eclipse Adoptium\jdk-21.0.2.13-hotspot\bin\msvcp140.dll
0x00007ffcc0c10000 - 0x00007ffcc1993000 	C:\Program Files\Eclipse Adoptium\jdk-21.0.2.13-hotspot\bin\server\jvm.dll
0x00007ffd7a320000 - 0x00007ffd7a3d2000 	C:\WINDOWS\System32\ADVAPI32.dll
0x00007ffd7ba90000 - 0x00007ffd7bb39000 	C:\WINDOWS\System32\sechost.dll
0x00007ffd79a70000 - 0x00007ffd79a98000 	C:\WINDOWS\System32\bcrypt.dll
0x00007ffd7a8b0000 - 0x00007ffd7a9c4000 	C:\WINDOWS\System32\RPCRT4.dll
0x00007ffd7ab40000 - 0x00007ffd7abb1000 	C:\WINDOWS\System32\WS2_32.dll
0x00007ffd787c0000 - 0x00007ffd7880d000 	C:\WINDOWS\SYSTEM32\POWRPROF.dll
0x00007ffd6f700000 - 0x00007ffd6f734000 	C:\WINDOWS\SYSTEM32\WINMM.dll
0x00007ffd6c280000 - 0x00007ffd6c28a000 	C:\WINDOWS\SYSTEM32\VERSION.dll
0x00007ffd787a0000 - 0x00007ffd787b3000 	C:\WINDOWS\SYSTEM32\UMPDC.dll
0x00007ffd78a50000 - 0x00007ffd78a68000 	C:\WINDOWS\SYSTEM32\kernel.appcore.dll
0x00007ffd6ccb0000 - 0x00007ffd6ccba000 	C:\Program Files\Eclipse Adoptium\jdk-21.0.2.13-hotspot\bin\jimage.dll
0x00007ffd76b60000 - 0x00007ffd76d92000 	C:\WINDOWS\SYSTEM32\DBGHELP.DLL
0x00007ffd7b4f0000 - 0x00007ffd7b87e000 	C:\WINDOWS\System32\combase.dll
0x00007ffd7abc0000 - 0x00007ffd7ac97000 	C:\WINDOWS\System32\OLEAUT32.dll
0x00007ffd5ec90000 - 0x00007ffd5ecc2000 	C:\WINDOWS\SYSTEM32\dbgcore.DLL
0x00007ffd79e50000 - 0x00007ffd79ecb000 	C:\WINDOWS\System32\bcryptPrimitives.dll
0x00007ffd5d860000 - 0x00007ffd5d89c000 	C:\Program Files\Eclipse Adoptium\jdk-21.0.2.13-hotspot\bin\jdwp.dll
0x00007ffd5dcd0000 - 0x00007ffd5dcef000 	C:\Program Files\Eclipse Adoptium\jdk-21.0.2.13-hotspot\bin\java.dll
0x00007ffd7bba0000 - 0x00007ffd7c407000 	C:\WINDOWS\System32\SHELL32.dll
0x00007ffd778a0000 - 0x00007ffd7819f000 	C:\WINDOWS\SYSTEM32\windows.storage.dll
0x00007ffd77760000 - 0x00007ffd7789f000 	C:\WINDOWS\SYSTEM32\wintypes.dll
0x00007ffd7af20000 - 0x00007ffd7b019000 	C:\WINDOWS\System32\SHCORE.dll
0x00007ffd7a9d0000 - 0x00007ffd7aa2e000 	C:\WINDOWS\System32\shlwapi.dll
0x00007ffd79840000 - 0x00007ffd79867000 	C:\WINDOWS\SYSTEM32\profapi.dll
0x00007ffd3bfd0000 - 0x00007ffd3c0a7000 	C:\Program Files\Eclipse Adoptium\jdk-21.0.2.13-hotspot\bin\jsvml.dll
0x00007ffd6cc00000 - 0x00007ffd6cc0c000 	C:\Program Files\Eclipse Adoptium\jdk-21.0.2.13-hotspot\bin\dt_socket.dll
0x00007ffd783f0000 - 0x00007ffd7841d000 	C:\WINDOWS\SYSTEM32\IPHLPAPI.DLL
0x00007ffd78ec0000 - 0x00007ffd78f29000 	C:\WINDOWS\system32\mswsock.dll
0x00007ffd78420000 - 0x00007ffd78518000 	C:\WINDOWS\SYSTEM32\DNSAPI.dll
0x00007ffd7ab30000 - 0x00007ffd7ab39000 	C:\WINDOWS\System32\NSI.dll
0x00007ffd70b20000 - 0x00007ffd70b2a000 	C:\Windows\System32\rasadhlp.dll
0x00007ffd6fa60000 - 0x00007ffd6fae3000 	C:\WINDOWS\System32\fwpuclnt.dll
0x00007ffd5d850000 - 0x00007ffd5d860000 	C:\Program Files\Eclipse Adoptium\jdk-21.0.2.13-hotspot\bin\net.dll
0x00007ffd713f0000 - 0x00007ffd71526000 	C:\WINDOWS\SYSTEM32\WINHTTP.dll
0x00007ffd438c0000 - 0x00007ffd438d6000 	C:\Program Files\Eclipse Adoptium\jdk-21.0.2.13-hotspot\bin\nio.dll
0x00007ffd438a0000 - 0x00007ffd438b8000 	C:\Program Files\Eclipse Adoptium\jdk-21.0.2.13-hotspot\bin\zip.dll
0x00007ffce0940000 - 0x00007ffce0acd000 	C:\Program Files\Eclipse Adoptium\jdk-21.0.2.13-hotspot\bin\awt.dll
0x00007ffd6ed70000 - 0x00007ffd6ee07000 	C:\WINDOWS\SYSTEM32\apphelp.dll
0x00007ffd72ba0000 - 0x00007ffd72c51000 	C:\WINDOWS\system32\uxtheme.dll
0x00007ffd7a5a0000 - 0x00007ffd7a6fe000 	C:\WINDOWS\System32\MSCTF.dll
0x00007ffd7a700000 - 0x00007ffd7a8a5000 	C:\WINDOWS\System32\ole32.dll
0x00007ffd72df0000 - 0x00007ffd72e1b000 	C:\WINDOWS\system32\DWMAPI.DLL
0x00007ffd342e0000 - 0x00007ffd343e0000 	C:\WINDOWS\system32\opengl32.dll
0x00007ffd34270000 - 0x00007ffd3429d000 	C:\WINDOWS\SYSTEM32\GLU32.dll
0x00007ffd76de0000 - 0x00007ffd76e17000 	C:\WINDOWS\SYSTEM32\dxcore.dll
0x00007ffd79110000 - 0x00007ffd7912b000 	C:\WINDOWS\SYSTEM32\CRYPTSP.dll
0x00007ffd789b0000 - 0x00007ffd789e5000 	C:\WINDOWS\system32\rsaenh.dll
0x00007ffd78fb0000 - 0x00007ffd78fd8000 	C:\WINDOWS\SYSTEM32\USERENV.dll
0x00007ffd79130000 - 0x00007ffd7913c000 	C:\WINDOWS\SYSTEM32\CRYPTBASE.dll
0x000000006e8c0000 - 0x000000006e8cd000 	C:\Users\Sabien Wyseur\AppData\Local\Temp\jogamp_0000\file_cache\jln11044329481378702326\jln184681893420510917\natives\windows-amd64\gluegen_rt.dll
0x00007ffd572b0000 - 0x00007ffd572b7000 	C:\Program Files\Eclipse Adoptium\jdk-21.0.2.13-hotspot\bin\jawt.dll
0x000000006a440000 - 0x000000006a44d000 	C:\Users\Sabien Wyseur\AppData\Local\Temp\jogamp_0000\file_cache\jln11044329481378702326\jln184681893420510917\natives\windows-amd64\nativewindow_awt.dll
0x000000006c100000 - 0x000000006c110000 	C:\Users\Sabien Wyseur\AppData\Local\Temp\jogamp_0000\file_cache\jln11044329481378702326\jln184681893420510917\natives\windows-amd64\nativewindow_win32.dll
0x0000000064500000 - 0x0000000064585000 	C:\Users\Sabien Wyseur\AppData\Local\Temp\jogamp_0000\file_cache\jln11044329481378702326\jln184681893420510917\natives\windows-amd64\jogl_desktop.dll
0x0000000064340000 - 0x0000000064391000 	C:\Users\Sabien Wyseur\AppData\Local\Temp\jogamp_0000\file_cache\jln11044329481378702326\jln184681893420510917\natives\windows-amd64\jogl_mobile.dll
0x00007ffd6c450000 - 0x00007ffd6c499000 	C:\WINDOWS\SYSTEM32\directxdatabasehelper.dll
0x00007ffd7ad90000 - 0x00007ffd7ae40000 	C:\WINDOWS\System32\clbcatq.dll
0x00007ffcbfc30000 - 0x00007ffcc0c08000 	C:\WINDOWS\System32\DriverStore\FileRepository\iigd_dch.inf_amd64_41eb30dc35333897\igxelpicd64.dll
0x00007ffd72ce0000 - 0x00007ffd72dd7000 	C:\WINDOWS\system32\dxgi.dll
0x00007ffcc6870000 - 0x00007ffcc69ae000 	C:\WINDOWS\System32\DriverStore\FileRepository\iigd_dch.inf_amd64_41eb30dc35333897\igdml64.dll
0x00007ffd65f80000 - 0x00007ffd66370000 	C:\WINDOWS\System32\DriverStore\FileRepository\iigd_dch.inf_amd64_41eb30dc35333897\igdgmm64.dll
0x00007ffd61910000 - 0x00007ffd65f54000 	C:\WINDOWS\System32\DriverStore\FileRepository\iigd_dch.inf_amd64_41eb30dc35333897\igc64.dll
0x0000000070d80000 - 0x0000000070d93000 	C:\Users\Sabien Wyseur\AppData\Local\Temp\jogamp_0000\file_cache\jln11044329481378702326\jln184681893420510917\natives\windows-amd64\newt_head.dll
0x00007ffd704e0000 - 0x00007ffd7059d000 	C:\WINDOWS\SYSTEM32\mscms.dll
0x00007ffce24e0000 - 0x00007ffce252a000 	C:\WINDOWS\SYSTEM32\icm32.dll
0x00007ffd7b020000 - 0x00007ffd7b494000 	C:\WINDOWS\System32\setupapi.dll
0x00007ffd795d0000 - 0x00007ffd795fc000 	C:\WINDOWS\SYSTEM32\DEVOBJ.dll
0x00007ffd79600000 - 0x00007ffd7964e000 	C:\WINDOWS\SYSTEM32\cfgmgr32.dll
0x00007ffd7a140000 - 0x00007ffd7a1ab000 	C:\WINDOWS\System32\WINTRUST.dll
0x00007ffd7a1b0000 - 0x00007ffd7a316000 	C:\WINDOWS\System32\CRYPT32.dll
0x00007ffd79170000 - 0x00007ffd79182000 	C:\WINDOWS\SYSTEM32\MSASN1.dll
0x00007ffd6aa10000 - 0x00007ffd6ab53000 	C:\WINDOWS\SYSTEM32\textinputframework.dll
0x00007ffd6e960000 - 0x00007ffd6ea93000 	C:\WINDOWS\SYSTEM32\CoreMessaging.dll
0x00007ffd6bb20000 - 0x00007ffd6be8d000 	C:\WINDOWS\SYSTEM32\CoreUIComponents.dll
0x00007ffd52e20000 - 0x00007ffd52e89000 	C:\WINDOWS\system32\Oleacc.dll

dbghelp: loaded successfully - version: 4.0.5 - missing functions: none
symbol engine: initialized successfully - sym options: 0x614 - pdb path: .;C:\Program Files\Eclipse Adoptium\jdk-21.0.2.13-hotspot\bin;C:\WINDOWS\SYSTEM32;C:\WINDOWS\WinSxS\amd64_microsoft.windows.common-controls_6595b64144ccf1df_6.0.22621.3672_none_2713b9d173822955;C:\Program Files\Eclipse Adoptium\jdk-21.0.2.13-hotspot\bin\server;C:\Users\Sabien Wyseur\AppData\Local\Temp\jogamp_0000\file_cache\jln11044329481378702326\jln184681893420510917\natives\windows-amd64;C:\WINDOWS\System32\DriverStore\FileRepository\iigd_dch.inf_amd64_41eb30dc35333897

VM Arguments:
jvm_args: -agentlib:jdwp=transport=dt_socket,server=n,suspend=y,address=localhost:60941 -XX:+ShowCodeDetailsInExceptionMessages 
java_command: Main
java_class_path (initial): C:\Users\Sabien Wyseur\AppData\Roaming\Code\User\workspaceStorage\3562488d343c3856dd70762c0173a47c\redhat.java\jdt_ws\20240425.001-Lines_8ebfa8f6\bin;c:\Users\Sabien Wyseur\OneDrive\Steven\Sketches Processing\_libraries\queasycam\hemesh\library\eclipse-collections-9.0.0.jar;c:\Users\Sabien Wyseur\OneDrive\Steven\Sketches Processing\_libraries\queasycam\hemesh\library\hemesh.jar;c:\Users\Sabien Wyseur\OneDrive\Steven\Sketches Processing\_libraries\processing-4.3\gluegen-rt-natives-linux-amd64.jar;c:\Users\Sabien Wyseur\OneDrive\Steven\Sketches Processing\_libraries\hemesh-2019.0.2\library\eclipse-collections-api-9.0.0.jar;c:\Users\Sabien Wyseur\OneDrive\Steven\Sketches Processing\_libraries\processing-4.3\jogl-all-natives-macosx-universal.jar;c:\Users\Sabien Wyseur\OneDrive\Steven\Sketches Processing\_libraries\hemesh-2019.0.2\library\hemesh-external-6_0_0.jar;c:\Users\Sabien Wyseur\OneDrive\Steven\Sketches Processing\_libraries\processing-4.3\jogl-all-natives-linux-i586.jar;c:\Users\Sabien Wyseur\OneDrive\Steven\Sketches Processing\_libraries\hemesh-2019.0.2\library\eclipse-collections-9.0.0.jar;c:\Users\Sabien Wyseur\OneDrive\Steven\Sketches Processing\_libraries\queasycam\library\queasycam.jar;c:\Users\Sabien Wyseur\OneDrive\Steven\Sketches Processing\_libraries\processing-4.3\jogl-all.jar;c:\Users\Sabien Wyseur\OneDrive\Steven\Sketches Processing\_libraries\queasycam\hemesh\library\javaluator-3.0.2.jar;c:\Users\Sabien Wyseur\OneDrive\Steven\Sketches Processing\_libraries\processing-4.3\gluegen-rt-natives-windows-amd64.jar;c:\Users\Sabien Wyseur\OneDrive\Steven\Sketches Processing\_libraries\hemesh-2019.0.2\library\hemesh.jar;c:\Users\Sabien Wyseur\OneDrive\Steven\Sketches Processing\_libraries\hemesh-2019.0.2\library\hemesh-data-3_0_0.jar;c:\Users\Sabien Wyseur\OneDrive\Steven\Sketches Processing\_libraries\hemesh-2019.0.2\library\javaluator-3.0.2.jar;c:\Users\Sabien Wyseur\OneDrive\Steven\Sketches Processing\_libraries\processing-4.3\gluegen-rt-natives-linux-aarch64.jar;c:\Users\Sabien Wyseur\OneDrive\Steven\Sketches Processing\_libraries\processing-4.3\gluegen-rt-natives-linux-armv6hf.jar;c:\Users\Sabien Wyseur\OneDrive\Steven\Sketches Processing\_libraries\processing-4.3\jogl-all-natives-linux-armv6hf.jar;c:\Users\Sabien Wyseur\OneDrive\Steven\Sketches Processing\_libraries\processing-4.3\jogl-all-natives-windows-amd64.jar;c:\Users\Sabien Wyseur\OneDrive\Steven\Sketches Processing\_libraries\processing-4.3\gluegen-rt.jar;c:\Users\Sabien Wyseur\OneDrive\Steven\Sketches Processing\_libraries\processing-4.3\core.jar;c:\Users\Sabien Wyseur\OneDrive\Steven\Sketches Processing\_libraries\processing-4.3\jogl-all-natives-linux-amd64.jar;c:\Users\Sabien Wyseur\OneDrive\Steven\Sketches Processing\_libraries\queasycam\hemesh\library\eclipse-collections-api-9.0.0.jar;c:\Users\Sabien Wyseur\OneDrive\Steven\Sketches Processing\_libraries\processing-4.3\jogl-all-natives-windows-i586.jar;c:\Users\Sabien Wyseur\OneDrive\Steven\Sketches Processing\_libraries\controlP5\library\controlP5.jar;c:\Users\Sabien Wyseur\OneDrive\Steven\Sketches Processing\_libraries\queasycam\hemesh\library\hemesh-data-3_0_0.jar;c:\Users\Sabien Wyseur\OneDrive\Steven\Sketches Processing\_libraries\processing-4.3\gluegen-rt-natives-macosx-universal.jar;c:\Users\Sabien Wyseur\OneDrive\Steven\Sketches Processing\_libraries\processing-4.3\gluegen-rt-natives-windows-i586.jar;c:\Users\Sabien Wyseur\OneDrive\Steven\Sketches Processing\_libraries\peasycam\library\peasy-math.jar;c:\Users\Sabien Wyseur\OneDrive\Steven\Sketches Processing\_libraries\processing-4.3\jogl-all-natives-linux-aarch64.jar;c:\Users\Sabien Wyseur\OneDrive\Steven\Sketches Processing\_libraries\queasycam\hemesh\library\hemesh-external-6_0_0.jar;c:\Users\Sabien Wyseur\OneDrive\Steven\Sketches Processing\_libraries\queasycam\hemesh\library\hemesh-lab.jar;c:\Users\Sabien Wyseur\OneDrive\Steven\Sketches Processing\_libraries\peasycam\library\peasycam.jar;c:\Users\Sabien Wyseur\OneDrive\Steven\Sketches Processing\_libraries\processing-4.3\gluegen-rt-natives-linux-i586.jar;c:\Users\Sabien Wyseur\OneDrive\Steven\Sketches Processing\_libraries\hemesh-2019.0.2\library\hemesh-lab.jar
Launcher Type: SUN_STANDARD

[Global flags]
     intx CICompilerCount                          = 4                                         {product} {ergonomic}
     uint ConcGCThreads                            = 2                                         {product} {ergonomic}
     uint G1ConcRefinementThreads                  = 8                                         {product} {ergonomic}
   size_t G1HeapRegionSize                         = 1048576                                   {product} {ergonomic}
    uintx GCDrainStackTargetSize                   = 64                                        {product} {ergonomic}
   size_t InitialHeapSize                          = 127926272                                 {product} {ergonomic}
   size_t MarkStackSize                            = 4194304                                   {product} {ergonomic}
   size_t MaxHeapSize                              = 2030043136                                {product} {ergonomic}
   size_t MaxNewSize                               = 1217396736                                {product} {ergonomic}
   size_t MinHeapDeltaBytes                        = 1048576                                   {product} {ergonomic}
   size_t MinHeapSize                              = 8388608                                   {product} {ergonomic}
    uintx NonNMethodCodeHeapSize                   = 5839372                                {pd product} {ergonomic}
    uintx NonProfiledCodeHeapSize                  = 122909434                              {pd product} {ergonomic}
    uintx ProfiledCodeHeapSize                     = 122909434                              {pd product} {ergonomic}
    uintx ReservedCodeCacheSize                    = 251658240                              {pd product} {ergonomic}
     bool SegmentedCodeCache                       = true                                      {product} {ergonomic}
     bool ShowCodeDetailsInExceptionMessages       = true                                   {manageable} {command line}
   size_t SoftMaxHeapSize                          = 2030043136                             {manageable} {ergonomic}
     bool UseCompressedOops                        = true                           {product lp64_product} {ergonomic}
     bool UseG1GC                                  = true                                      {product} {ergonomic}
     bool UseLargePagesIndividualAllocation        = false                                  {pd product} {ergonomic}

Logging:
Log output configuration:
 #0: stdout all=off uptime,level,tags foldmultilines=false
 #1: stderr all=off uptime,level,tags foldmultilines=false

Environment Variables:
JAVA_HOME=C:\Program Files\Eclipse Adoptium\jdk-21.0.2.13-hotspot\
PATH=C:\Program Files\Common Files\Oracle\Java\javapath;C:\Program Files\Eclipse Adoptium\jdk-21.0.2.13-hotspot\bin;C:\Python312\Scripts\;C:\Python312\;C:\WINDOWS\system32;C:\WINDOWS;C:\WINDOWS\System32\Wbem;C:\WINDOWS\System32\WindowsPowerShell\v1.0\;C:\WINDOWS\System32\OpenSSH\;C:\Program Files\Microsoft SQL Server\Client SDK\ODBC\110\Tools\Binn\;C:\Program Files (x86)\Microsoft SQL Server\120\Tools\Binn\;C:\Program Files\Microsoft SQL Server\120\Tools\Binn\;C:\Program Files\Microsoft SQL Server\120\DTS\Binn\;C:\Program Files (x86)\Microsoft SQL Server\120\Tools\Binn\ManagementStudio\;C:\Program Files (x86)\Microsoft SQL Server\120\DTS\Binn\;C:\Program Files\nodejs\;C:\ProgramData\chocolatey\bin;C:\Program Files\Microsoft VS Code\bin;C:\Program Files (x86)\HP\Common\HPDestPlgIn\;C:\Program Files\Git\cmd;C:\Users\Sabien Wyseur\AppData\Local\Microsoft\WindowsApps;C:\Users\Sabien Wyseur\AppData\Roaming\npm;C:\Program Files (x86)\HP\Common\HPDestPlgIn\
USERNAME=Sabien Wyseur
LANG=en_US.UTF-8
OS=Windows_NT
PROCESSOR_IDENTIFIER=Intel64 Family 6 Model 140 Stepping 1, GenuineIntel
TMP=C:\Users\SABIEN~1\AppData\Local\Temp
TEMP=C:\Users\SABIEN~1\AppData\Local\Temp




Periodic native trim disabled

---------------  S Y S T E M  ---------------

OS:
 Windows 11 , 64 bit Build 22621 (10.0.22621.3958)
OS uptime: 0 days 4:18 hours

CPU: total 8 (initial active 8) (4 cores per cpu, 2 threads per core) family 6 model 140 stepping 1 microcode 0x56, cx8, cmov, fxsr, ht, mmx, 3dnowpref, sse, sse2, sse3, ssse3, sse4.1, sse4.2, popcnt, lzcnt, tsc, tscinvbit, avx, avx2, aes, erms, clmul, bmi1, bmi2, adx, avx512f, avx512dq, avx512cd, avx512bw, avx512vl, sha, fma, vzeroupper, avx512_vpopcntdq, avx512_vpclmulqdq, avx512_vaes, avx512_vnni, clflush, clflushopt, clwb, avx512_vbmi2, avx512_vbmi, rdtscp, rdpid, fsrm, gfni, avx512_bitalg, f16c, pku, cet_ibt, cet_ss, avx512_ifma
Processor Information for all 8 processors :
  Max Mhz: 2419, Current Mhz: 2419, Mhz Limit: 2419

Memory: 4k page, system-wide physical 7739M (351M free)
TotalPageFile size 15305M (AvailPageFile size 2330M)
current process WorkingSet (physical memory assigned to process): 2045M, peak: 2104M
current process commit charge ("private bytes"): 847M, peak: 848M

vm_info: OpenJDK 64-Bit Server VM (21.0.2+13-LTS) for windows-amd64 JRE (21.0.2+13-LTS), built on 2024-01-16T00:00:00Z by "admin" with unknown MS VC++:1937

END.
