#
# A fatal error has been detected by the Java Runtime Environment:
#
#  EXCEPTION_ACCESS_VIOLATION (0xc0000005) at pc=0x00007ffcbfeec3a2, pid=6968, tid=16980
#
# JRE version: OpenJDK Runtime Environment Temurin-21.0.2+13 (21.0.2+13) (build 21.0.2+13-LTS)
# Java VM: OpenJDK 64-Bit Server VM Temurin-21.0.2+13 (21.0.2+13-LTS, mixed mode, sharing, tiered, compressed oops, compressed class ptrs, g1 gc, windows-amd64)
# Problematic frame:
# C  [igxelpicd64.dll+0x2bc3a2]
#
# No core dump will be written. Minidumps are not enabled by default on client versions of Windows
#
# If you would like to submit a bug report, please visit:
#   https://github.com/adoptium/adoptium-support/issues
#

---------------  S U M M A R Y ------------

Command Line: -agentlib:jdwp=transport=dt_socket,server=n,suspend=y,address=localhost:57986 -XX:+ShowCodeDetailsInExceptionMessages Main

Host: 11th Gen Intel(R) Core(TM) i5-1135G7 @ 2.40GHz, 8 cores, 7G,  Windows 11 , 64 bit Build 22621 (10.0.22621.3958)
Time: Tue Oct  8 12:38:18 2024 Romance (zomertijd) elapsed time: 216.365411 seconds (0d 0h 3m 36s)

---------------  T H R E A D  ---------------

Current thread (0x00000214c82abb80):  VMThread "VM Thread"          [id=16980, stack(0x00000089f8900000,0x00000089f8a00000) (1024K)]

Stack: [0x00000089f8900000,0x00000089f8a00000],  sp=0x00000089f89fe440,  free space=1017k
Native frames: (J=compiled Java code, j=interpreted, Vv=VM code, C=native code)
C  [igxelpicd64.dll+0x2bc3a2]


siginfo: EXCEPTION_ACCESS_VIOLATION (0xc0000005), reading address 0x0000000000035888


Registers:
RAX=0x000002152ae316a8, RBX=0x000002152ae31480, RCX=0x0000000000000000, RDX=0x00000000fffffff4
RSP=0x00000089f89fe440, RBP=0x0000000000000000, RSI=0x000002152ae31a50, RDI=0x0000021519654f80
R8 =0x0000000000000014, R9 =0x0000000000000004, R10=0x0000000000000000, R11=0x0000000000000246
R12=0x0000021519631700, R13=0x000002152ae29e60, R14=0x0000000000313d00, R15=0x0000000000000016
RIP=0x00007ffcbfeec3a2, EFLAGS=0x0000000000010202


Register to memory mapping:

RAX=0x000002152ae316a8 points into unknown readable memory: 0x00000000003139b2 | b2 39 31 00 00 00 00 00
RBX=0x000002152ae31480 points into unknown readable memory: 0x000002150e624c50 | 50 4c 62 0e 15 02 00 00
RCX=0x0 is null
RDX=0x00000000fffffff4 is an unallocated location in the heap
RSP=0x00000089f89fe440 points into unknown readable memory: 0x000002150e732f50 | 50 2f 73 0e 15 02 00 00
RBP=0x0 is null
RSI=0x000002152ae31a50 points into unknown readable memory: 0x000002152ae29e60 | 60 9e e2 2a 15 02 00 00
RDI=0x0000021519654f80 points into unknown readable memory: 0x0000000000000000 | 00 00 00 00 00 00 00 00
R8 =0x0000000000000014 is an unknown value
R9 =0x0000000000000004 is an unknown value
R10=0x0 is null
R11=0x0000000000000246 is an unknown value
R12=0x0000021519631700 points into unknown readable memory: 0x0000021519631390 | 90 13 63 19 15 02 00 00
R13=0x000002152ae29e60 points into unknown readable memory: 0x000002150e624c50 | 50 4c 62 0e 15 02 00 00
R14=0x0000000000313d00 is an unknown value
R15=0x0000000000000016 is an unknown value

Top of Stack: (sp=0x00000089f89fe440)
0x00000089f89fe440:   000002150e732f50 0000000000000000
0x00000089f89fe450:   0000000000000001 00007ffd7c694174
0x00000089f89fe460:   00000215195fc800 000002151963cf01
0x00000089f89fe470:   0000021519632970 0000021519636a70
0x00000089f89fe480:   0000000000000013 0000000000313daa
0x00000089f89fe490:   0000b80263f50000 0000021519631758
0x00000089f89fe4a0:   0000000000000000 0000000000000000
0x00000089f89fe4b0:   00000089f89fe5c0 00007ffcbfedbdb7
0x00000089f89fe4c0:   000002150e732f50 0000021519654f80
0x00000089f89fe4d0:   0000021519632000 00000215195fc800
0x00000089f89fe4e0:   0000008900001698 00007ffc00000000
0x00000089f89fe4f0:   0000000000000000 0000000000000000
0x00000089f89fe500:   0000000000000000 000002151963cfd0
0x00000089f89fe510:   00000089f7cab000 00007ffd7c60dce6
0x00000089f89fe520:   0000000000000001 0000021519631390
0x00000089f89fe530:   00000089f89fe718 00007ffd7c685a21
0x00000089f89fe540:   00000089f89fe6b8 00000089f89fe6b0
0x00000089f89fe550:   00000089f7cab000 00007ffcbfeee1dc
0x00000089f89fe560:   0000000000000001 00000215195fc800
0x00000089f89fe570:   0000b80263f50000 0000000000001698
0x00000089f89fe580:   0000000000000000 80002d4000000001
0x00000089f89fe590:   0000000000000000 0000000000000000
0x00000089f89fe5a0:   0000000000000000 0000000000000000
0x00000089f89fe5b0:   0000000000000000 0000000000000000
0x00000089f89fe5c0:   0000000000000000 0000000000000000
0x00000089f89fe5d0:   0000000000000000 0000000000000000
0x00000089f89fe5e0:   0000000000000000 0000000000000000
0x00000089f89fe5f0:   0000000000000000 0000000000000000
0x00000089f89fe600:   0000000000000000 0000000000000000
0x00000089f89fe610:   0000000000000000 0000000000000000
0x00000089f89fe620:   0000000000000000 0000000000000000
0x00000089f89fe630:   0000000000000000 0000000000000000 

Instructions: (pc=0x00007ffcbfeec3a2)
0x00007ffcbfeec2a2:   8b fa 48 8b e9 48 8b 1d ba e4 c5 00 48 89 58 08
0x00007ffcbfeec2b2:   48 8b cb ff 15 4d ee 7e 00 90 4c 8b af 78 02 00
0x00007ffcbfeec2c2:   00 48 8b 05 16 be b5 00 44 8b b8 90 0b 00 00 45
0x00007ffcbfeec2d2:   33 d2 45 8a f2 4c 89 97 78 02 00 00 44 89 97 80
0x00007ffcbfeec2e2:   02 00 00 4c 89 97 98 02 00 00 4c 89 97 88 02 00
0x00007ffcbfeec2f2:   00 48 85 ed 75 38 8b 35 62 be c5 00 65 48 8b 04
0x00007ffcbfeec302:   25 58 00 00 00 b9 14 00 00 00 48 8b 04 f0 44 38
0x00007ffcbfeec312:   14 01 0f 84 30 4d 6c 00 65 48 8b 04 25 58 00 00
0x00007ffcbfeec322:   00 bd 20 00 00 00 48 8b 04 f0 48 8b 2c 28 48 3b
0x00007ffcbfeec332:   2d b9 e3 c5 00 45 0f 44 fa 4d 85 ed 0f 84 72 01
0x00007ffcbfeec342:   00 00 44 8a a4 24 90 00 00 00 49 8b dd 49 8d b5
0x00007ffcbfeec352:   d0 05 00 00 4c 8b 2e 45 84 e4 0f 85 2c 03 00 00
0x00007ffcbfeec362:   44 8b 8f c8 01 00 00 48 8b 05 70 bd b5 00 83 b8
0x00007ffcbfeec372:   68 03 00 00 02 75 36 41 8d 51 f0 41 83 f9 10 0f
0x00007ffcbfeec382:   83 74 01 00 00 4a 8d 04 cd 21 00 00 00 49 03 c1
0x00007ffcbfeec392:   48 8d 04 c3 48 85 c0 0f 85 4a 01 00 00 49 8b ca
0x00007ffcbfeec3a2:   48 3b 8d 88 58 03 00 0f 87 a8 4c 6c 00 48 8d 93
0x00007ffcbfeec3b2:   08 01 00 00 4c 39 93 48 06 00 00 0f 85 13 4e 6c
0x00007ffcbfeec3c2:   00 44 8b 9f c8 01 00 00 48 8b 87 e0 01 00 00 4c
0x00007ffcbfeec3d2:   8b 10 44 8b 87 c8 01 00 00 41 83 f8 10 0f 83 43
0x00007ffcbfeec3e2:   01 00 00 4b 8d 0c c0 48 8d 04 ca 48 85 c0 0f 85
0x00007ffcbfeec3f2:   fc 00 00 00 33 c9 49 3b ca 0f 86 58 01 00 00 45
0x00007ffcbfeec402:   33 d2 48 8b 87 78 02 00 00 48 89 06 48 89 9f 78
0x00007ffcbfeec412:   02 00 00 ff 87 80 02 00 00 48 8b 43 08 48 8b 88
0x00007ffcbfeec422:   18 01 00 00 48 81 e1 00 00 ff ff 48 81 c1 00 00
0x00007ffcbfeec432:   01 00 48 01 8f 88 02 00 00 48 8b 43 08 48 8b 88
0x00007ffcbfeec442:   18 01 00 00 48 01 8f 98 02 00 00 eb 45 48 8b d3
0x00007ffcbfeec452:   41 8b cb e8 a6 06 ff ff 45 33 d2 84 c0 75 a3 44
0x00007ffcbfeec462:   38 53 1c 0f 84 23 02 00 00 48 8b 87 f8 02 00 00
0x00007ffcbfeec472:   48 03 87 98 02 00 00 48 3b 87 a0 02 00 00 0f 83
0x00007ffcbfeec482:   7c 4d 6c 00 48 8b d3 48 8b cf e8 4f f0 ff ff 45
0x00007ffcbfeec492:   33 d2 4d 85 ed 0f 85 af fe ff ff 45 84 f6 44 8a 


Stack slot to memory mapping:

stack at sp + 0 slots: 0x000002150e732f50 points into unknown readable memory: 0xffffffffffffffff | ff ff ff ff ff ff ff ff
stack at sp + 1 slots: 0x0 is null
stack at sp + 2 slots: 0x0000000000000001 is an unknown value
stack at sp + 3 slots: 0x00007ffd7c694174 ntdll.dll
stack at sp + 4 slots: 0x00000215195fc800 points into unknown readable memory: 0x000002150fbcff00 | 00 ff bc 0f 15 02 00 00
stack at sp + 5 slots: 0x000002151963cf01 points into unknown readable memory: 00 00 00 00 00 00 00
stack at sp + 6 slots: 0x0000021519632970 points into unknown readable memory: 0x0000021519632980 | 80 29 63 19 15 02 00 00
stack at sp + 7 slots: 0x0000021519636a70 points into unknown readable memory: 0x0000000000000000 | 00 00 00 00 00 00 00 00

VM_Operation (0x00000089facfeb10): Exit, mode: safepoint, requested by thread 0x00000215195220c0


---------------  P R O C E S S  ---------------

Threads class SMR info:
_java_thread_list=0x00000215100144b0, length=18, elements={
0x00000214c82ce2a0, 0x00000214c82cefd0, 0x00000214c82d2ef0, 0x00000214c82d6fd0,
0x00000214c82d7c40, 0x00000214c82e2770, 0x00000214c82e5a10, 0x00000214c82e7f30,
0x00000214c89004a0, 0x00000214c8913450, 0x00000214c8918410, 0x00000214c8919170,
0x00000214c891b8d0, 0x00000214c8919800, 0x00000215107a1800, 0x00000215107a38d0,
0x00000215195220c0, 0x000002152eeadc60
}

Java Threads: ( => current thread )
  0x00000214c82ce2a0 JavaThread "Reference Handler"          daemon [_thread_blocked, id=6056, stack(0x00000089f8a00000,0x00000089f8b00000) (1024K)]
  0x00000214c82cefd0 JavaThread "Finalizer"                  daemon [_thread_blocked, id=5088, stack(0x00000089f8b00000,0x00000089f8c00000) (1024K)]
  0x00000214c82d2ef0 JavaThread "Signal Dispatcher"          daemon [_thread_blocked, id=13072, stack(0x00000089f8c00000,0x00000089f8d00000) (1024K)]
  0x00000214c82d6fd0 JavaThread "Attach Listener"            daemon [_thread_blocked, id=2976, stack(0x00000089f8d00000,0x00000089f8e00000) (1024K)]
  0x00000214c82d7c40 JavaThread "Service Thread"             daemon [_thread_blocked, id=972, stack(0x00000089f8e00000,0x00000089f8f00000) (1024K)]
  0x00000214c82e2770 JavaThread "Monitor Deflation Thread"   daemon [_thread_blocked, id=14140, stack(0x00000089f8f00000,0x00000089f9000000) (1024K)]
  0x00000214c82e5a10 JavaThread "C2 CompilerThread0"         daemon [_thread_blocked, id=13240, stack(0x00000089f9000000,0x00000089f9100000) (1024K)]
  0x00000214c82e7f30 JavaThread "C1 CompilerThread0"         daemon [_thread_blocked, id=4736, stack(0x00000089f9100000,0x00000089f9200000) (1024K)]
  0x00000214c89004a0 JavaThread "JDWP Transport Listener: dt_socket" daemon [_thread_blocked, id=10552, stack(0x00000089f9200000,0x00000089f9300000) (1024K)]
  0x00000214c8913450 JavaThread "JDWP Event Helper Thread"   daemon [_thread_blocked, id=16700, stack(0x00000089f9300000,0x00000089f9400000) (1024K)]
  0x00000214c8918410 JavaThread "JDWP Command Reader"        daemon [_thread_blocked, id=68, stack(0x00000089f9400000,0x00000089f9500000) (1024K)]
  0x00000214c8919170 JavaThread "Notification Thread"        daemon [_thread_blocked, id=10276, stack(0x00000089f9500000,0x00000089f9600000) (1024K)]
  0x00000214c891b8d0 JavaThread "Common-Cleaner"             daemon [_thread_blocked, id=1640, stack(0x00000089f9600000,0x00000089f9700000) (1024K)]
  0x00000214c8919800 JavaThread "Java2D Disposer"            daemon [_thread_blocked, id=13464, stack(0x00000089f9800000,0x00000089f9900000) (1024K)]
  0x00000215107a1800 JavaThread "HighResTimerThread"         daemon [_thread_blocked, id=13620, stack(0x00000089f9b00000,0x00000089f9c00000) (1024K)]
  0x00000215107a38d0 JavaThread "DestroyJavaVM"                     [_thread_blocked, id=18112, stack(0x00000089f8200000,0x00000089f8300000) (1024K)]
  0x00000215195220c0 JavaThread "main-FPSAWTAnimator#00-Timer0-FPSAWTAnimator#00-Timer1"        [_thread_blocked, id=4696, stack(0x00000089fac00000,0x00000089fad00000) (1024K)]
  0x000002152eeadc60 JavaThread "AWT-Shutdown"                      [_thread_blocked, id=7412, stack(0x00000089fab00000,0x00000089fac00000) (1024K)]
Total: 18

Other Threads:
=>0x00000214c82abb80 VMThread "VM Thread"                           [id=16980, stack(0x00000089f8900000,0x00000089f8a00000) (1024K)]
  0x00000214abc1af60 WorkerThread "GC Thread#0"                     [id=4008, stack(0x00000089f8300000,0x00000089f8400000) (1024K)]
  0x000002150ffc6880 WorkerThread "GC Thread#1"                     [id=18092, stack(0x00000089fa000000,0x00000089fa100000) (1024K)]
  0x000002150ffc6c20 WorkerThread "GC Thread#2"                     [id=14080, stack(0x00000089fa100000,0x00000089fa200000) (1024K)]
  0x000002150ffc6fc0 WorkerThread "GC Thread#3"                     [id=10536, stack(0x00000089fa200000,0x00000089fa300000) (1024K)]
  0x000002150ffc7770 WorkerThread "GC Thread#4"                     [id=9756, stack(0x00000089fa300000,0x00000089fa400000) (1024K)]
  0x000002150ffc7b10 WorkerThread "GC Thread#5"                     [id=12612, stack(0x00000089fa400000,0x00000089fa500000) (1024K)]
  0x000002150fffafc0 WorkerThread "GC Thread#6"                     [id=6464, stack(0x00000089fa500000,0x00000089fa600000) (1024K)]
  0x000002150fffb360 WorkerThread "GC Thread#7"                     [id=17196, stack(0x00000089fa600000,0x00000089fa700000) (1024K)]
  0x00000214abc2b2f0 ConcurrentGCThread "G1 Main Marker"            terminated
  0x00000214abc2bdf0 WorkerThread "G1 Conc#0"                       [id=11272, stack(0x00000089f8500000,0x00000089f8600000) (1024K)]
  0x000002150ff9fcb0 WorkerThread "G1 Conc#1"                       [id=1268, stack(0x00000089fa900000,0x00000089faa00000) (1024K)]
  0x00000214abc7e8c0 ConcurrentGCThread "G1 Refine#0"               terminated
  0x00000214abbbded0 ConcurrentGCThread "G1 Service"                terminated
Total: 14

Threads with active compile tasks:
Total: 0

VM state: at safepoint (shutting down)

VM Mutex/Monitor currently owned by a thread:  ([mutex/lock_event])
[0x00007ffcc18b3198] Threads_lock - owner thread: 0x00000214c82abb80
[0x00007ffcc18b3298] Heap_lock - owner thread: 0x00000215195220c0

Heap address: 0x0000000087000000, size: 1936 MB, Compressed Oops mode: 32-bit

CDS archive(s) mapped at: [0x00000214c9000000-0x00000214c9c90000-0x00000214c9c90000), size 13172736, SharedBaseAddress: 0x00000214c9000000, ArchiveRelocationMode: 1.
Compressed class space mapped at: 0x00000214ca000000-0x000002150a000000, reserved size: 1073741824
Narrow klass base: 0x00000214c9000000, Narrow klass shift: 0, Narrow klass range: 0x100000000

GC Precious Log:
 CardTable entry size: 512
 Card Set container configuration: InlinePtr #cards 5 size 8 Array Of Cards #cards 12 size 40 Howl #buckets 4 coarsen threshold 1843 Howl Bitmap #cards 512 size 80 coarsen threshold 460 Card regions per heap region 1 cards per card region 2048
 CPUs: 8 total, 8 available
 Memory: 7739M
 Large Page Support: Disabled
 NUMA Support: Disabled
 Compressed Oops: Enabled (32-bit)
 Heap Region Size: 1M
 Heap Min Capacity: 8M
 Heap Initial Capacity: 122M
 Heap Max Capacity: 1936M
 Pre-touch: Disabled
 Parallel Workers: 8
 Concurrent Workers: 2
 Concurrent Refinement Workers: 8
 Periodic GC: Disabled

Heap:
 garbage-first heap   total 169984K, used 102927K [0x0000000087000000, 0x0000000100000000)
  region size 1024K, 47 young (48128K), 1 survivors (1024K)
 Metaspace       used 16207K, committed 16512K, reserved 1114112K
  class space    used 1174K, committed 1344K, reserved 1048576K

Heap Regions: E=young(eden), S=young(survivor), O=old, HS=humongous(starts), HC=humongous(continues), CS=collection set, F=free, TAMS=top-at-mark-start, PB=parsable bottom
|   0|0x0000000087000000, 0x0000000087100000, 0x0000000087100000|100%|HS|  |TAMS 0x0000000087000000| PB 0x0000000087000000| Complete 
|   1|0x0000000087100000, 0x0000000087200000, 0x0000000087200000|100%|HC|  |TAMS 0x0000000087100000| PB 0x0000000087100000| Complete 
|   2|0x0000000087200000, 0x0000000087300000, 0x0000000087300000|100%| O|  |TAMS 0x0000000087200000| PB 0x0000000087200000| Untracked 
|   3|0x0000000087300000, 0x0000000087400000, 0x0000000087400000|100%| O|  |TAMS 0x0000000087300000| PB 0x0000000087300000| Untracked 
|   4|0x0000000087400000, 0x0000000087500000, 0x0000000087500000|100%| O|  |TAMS 0x0000000087400000| PB 0x0000000087400000| Untracked 
|   5|0x0000000087500000, 0x0000000087600000, 0x0000000087600000|100%| O|  |TAMS 0x0000000087500000| PB 0x0000000087500000| Untracked 
|   6|0x0000000087600000, 0x0000000087700000, 0x0000000087700000|100%| O|  |TAMS 0x0000000087600000| PB 0x0000000087600000| Untracked 
|   7|0x0000000087700000, 0x0000000087800000, 0x0000000087800000|100%| O|  |TAMS 0x0000000087700000| PB 0x0000000087700000| Untracked 
|   8|0x0000000087800000, 0x0000000087900000, 0x0000000087900000|100%| O|  |TAMS 0x0000000087800000| PB 0x0000000087800000| Untracked 
|   9|0x0000000087900000, 0x0000000087a00000, 0x0000000087a00000|100%| O|  |TAMS 0x0000000087900000| PB 0x0000000087900000| Untracked 
|  10|0x0000000087a00000, 0x0000000087b00000, 0x0000000087b00000|100%|HS|  |TAMS 0x0000000087a00000| PB 0x0000000087a00000| Complete 
|  11|0x0000000087b00000, 0x0000000087c00000, 0x0000000087c00000|100%|HS|  |TAMS 0x0000000087b00000| PB 0x0000000087b00000| Complete 
|  12|0x0000000087c00000, 0x0000000087d00000, 0x0000000087d00000|100%| O|  |TAMS 0x0000000087c00000| PB 0x0000000087c00000| Untracked 
|  13|0x0000000087d00000, 0x0000000087e00000, 0x0000000087e00000|100%| O|  |TAMS 0x0000000087d00000| PB 0x0000000087d00000| Untracked 
|  14|0x0000000087e00000, 0x0000000087ebd6f8, 0x0000000087f00000| 73%| O|  |TAMS 0x0000000087e00000| PB 0x0000000087e00000| Untracked 
|  15|0x0000000087f00000, 0x0000000087f00000, 0x0000000088000000|  0%| F|  |TAMS 0x0000000087f00000| PB 0x0000000087f00000| Untracked 
|  16|0x0000000088000000, 0x0000000088000000, 0x0000000088100000|  0%| F|  |TAMS 0x0000000088000000| PB 0x0000000088000000| Untracked 
|  17|0x0000000088100000, 0x0000000088100000, 0x0000000088200000|  0%| F|  |TAMS 0x0000000088100000| PB 0x0000000088100000| Untracked 
|  18|0x0000000088200000, 0x0000000088200000, 0x0000000088300000|  0%| F|  |TAMS 0x0000000088200000| PB 0x0000000088200000| Untracked 
|  19|0x0000000088300000, 0x0000000088300000, 0x0000000088400000|  0%| F|  |TAMS 0x0000000088300000| PB 0x0000000088300000| Untracked 
|  20|0x0000000088400000, 0x0000000088400000, 0x0000000088500000|  0%| F|  |TAMS 0x0000000088400000| PB 0x0000000088400000| Untracked 
|  21|0x0000000088500000, 0x0000000088500000, 0x0000000088600000|  0%| F|  |TAMS 0x0000000088500000| PB 0x0000000088500000| Untracked 
|  22|0x0000000088600000, 0x0000000088600000, 0x0000000088700000|  0%| F|  |TAMS 0x0000000088600000| PB 0x0000000088600000| Untracked 
|  23|0x0000000088700000, 0x0000000088700000, 0x0000000088800000|  0%| F|  |TAMS 0x0000000088700000| PB 0x0000000088700000| Untracked 
|  24|0x0000000088800000, 0x0000000088800000, 0x0000000088900000|  0%| F|  |TAMS 0x0000000088800000| PB 0x0000000088800000| Untracked 
|  25|0x0000000088900000, 0x0000000088900000, 0x0000000088a00000|  0%| F|  |TAMS 0x0000000088900000| PB 0x0000000088900000| Untracked 
|  26|0x0000000088a00000, 0x0000000088a00000, 0x0000000088b00000|  0%| F|  |TAMS 0x0000000088a00000| PB 0x0000000088a00000| Untracked 
|  27|0x0000000088b00000, 0x0000000088bc6790, 0x0000000088c00000| 77%| S|CS|TAMS 0x0000000088b00000| PB 0x0000000088b00000| Complete 
|  28|0x0000000088c00000, 0x0000000088c00000, 0x0000000088d00000|  0%| F|  |TAMS 0x0000000088c00000| PB 0x0000000088c00000| Untracked 
|  29|0x0000000088d00000, 0x0000000088d00000, 0x0000000088e00000|  0%| F|  |TAMS 0x0000000088d00000| PB 0x0000000088d00000| Untracked 
|  30|0x0000000088e00000, 0x0000000088e00000, 0x0000000088f00000|  0%| F|  |TAMS 0x0000000088e00000| PB 0x0000000088e00000| Untracked 
|  31|0x0000000088f00000, 0x0000000088f00000, 0x0000000089000000|  0%| F|  |TAMS 0x0000000088f00000| PB 0x0000000088f00000| Untracked 
|  32|0x0000000089000000, 0x0000000089000000, 0x0000000089100000|  0%| F|  |TAMS 0x0000000089000000| PB 0x0000000089000000| Untracked 
|  33|0x0000000089100000, 0x0000000089100000, 0x0000000089200000|  0%| F|  |TAMS 0x0000000089100000| PB 0x0000000089100000| Untracked 
|  34|0x0000000089200000, 0x0000000089200000, 0x0000000089300000|  0%| F|  |TAMS 0x0000000089200000| PB 0x0000000089200000| Untracked 
|  35|0x0000000089300000, 0x0000000089300000, 0x0000000089400000|  0%| F|  |TAMS 0x0000000089300000| PB 0x0000000089300000| Untracked 
|  36|0x0000000089400000, 0x0000000089400000, 0x0000000089500000|  0%| F|  |TAMS 0x0000000089400000| PB 0x0000000089400000| Untracked 
|  37|0x0000000089500000, 0x0000000089500000, 0x0000000089600000|  0%| F|  |TAMS 0x0000000089500000| PB 0x0000000089500000| Untracked 
|  38|0x0000000089600000, 0x0000000089600000, 0x0000000089700000|  0%| F|  |TAMS 0x0000000089600000| PB 0x0000000089600000| Untracked 
|  39|0x0000000089700000, 0x0000000089700000, 0x0000000089800000|  0%| F|  |TAMS 0x0000000089700000| PB 0x0000000089700000| Untracked 
|  40|0x0000000089800000, 0x0000000089800000, 0x0000000089900000|  0%| F|  |TAMS 0x0000000089800000| PB 0x0000000089800000| Untracked 
|  41|0x0000000089900000, 0x0000000089900000, 0x0000000089a00000|  0%| F|  |TAMS 0x0000000089900000| PB 0x0000000089900000| Untracked 
|  42|0x0000000089a00000, 0x0000000089a00000, 0x0000000089b00000|  0%| F|  |TAMS 0x0000000089a00000| PB 0x0000000089a00000| Untracked 
|  43|0x0000000089b00000, 0x0000000089b00000, 0x0000000089c00000|  0%| F|  |TAMS 0x0000000089b00000| PB 0x0000000089b00000| Untracked 
|  44|0x0000000089c00000, 0x0000000089c00000, 0x0000000089d00000|  0%| F|  |TAMS 0x0000000089c00000| PB 0x0000000089c00000| Untracked 
|  45|0x0000000089d00000, 0x0000000089d00000, 0x0000000089e00000|  0%| F|  |TAMS 0x0000000089d00000| PB 0x0000000089d00000| Untracked 
|  46|0x0000000089e00000, 0x0000000089e00000, 0x0000000089f00000|  0%| F|  |TAMS 0x0000000089e00000| PB 0x0000000089e00000| Untracked 
|  47|0x0000000089f00000, 0x0000000089f00000, 0x000000008a000000|  0%| F|  |TAMS 0x0000000089f00000| PB 0x0000000089f00000| Untracked 
|  48|0x000000008a000000, 0x000000008a000000, 0x000000008a100000|  0%| F|  |TAMS 0x000000008a000000| PB 0x000000008a000000| Untracked 
|  49|0x000000008a100000, 0x000000008a100000, 0x000000008a200000|  0%| F|  |TAMS 0x000000008a100000| PB 0x000000008a100000| Untracked 
|  50|0x000000008a200000, 0x000000008a200000, 0x000000008a300000|  0%| F|  |TAMS 0x000000008a200000| PB 0x000000008a200000| Untracked 
|  51|0x000000008a300000, 0x000000008a300000, 0x000000008a400000|  0%| F|  |TAMS 0x000000008a300000| PB 0x000000008a300000| Untracked 
|  52|0x000000008a400000, 0x000000008a400000, 0x000000008a500000|  0%| F|  |TAMS 0x000000008a400000| PB 0x000000008a400000| Untracked 
|  53|0x000000008a500000, 0x000000008a500000, 0x000000008a600000|  0%| F|  |TAMS 0x000000008a500000| PB 0x000000008a500000| Untracked 
|  54|0x000000008a600000, 0x000000008a600000, 0x000000008a700000|  0%| F|  |TAMS 0x000000008a600000| PB 0x000000008a600000| Untracked 
|  55|0x000000008a700000, 0x000000008a700000, 0x000000008a800000|  0%| F|  |TAMS 0x000000008a700000| PB 0x000000008a700000| Untracked 
|  56|0x000000008a800000, 0x000000008a800000, 0x000000008a900000|  0%| F|  |TAMS 0x000000008a800000| PB 0x000000008a800000| Untracked 
|  57|0x000000008a900000, 0x000000008a900000, 0x000000008aa00000|  0%| F|  |TAMS 0x000000008a900000| PB 0x000000008a900000| Untracked 
|  58|0x000000008aa00000, 0x000000008aa00000, 0x000000008ab00000|  0%| F|  |TAMS 0x000000008aa00000| PB 0x000000008aa00000| Untracked 
|  59|0x000000008ab00000, 0x000000008ab00000, 0x000000008ac00000|  0%| F|  |TAMS 0x000000008ab00000| PB 0x000000008ab00000| Untracked 
|  60|0x000000008ac00000, 0x000000008ac00000, 0x000000008ad00000|  0%| F|  |TAMS 0x000000008ac00000| PB 0x000000008ac00000| Untracked 
|  61|0x000000008ad00000, 0x000000008ad00000, 0x000000008ae00000|  0%| F|  |TAMS 0x000000008ad00000| PB 0x000000008ad00000| Untracked 
|  62|0x000000008ae00000, 0x000000008ae00000, 0x000000008af00000|  0%| F|  |TAMS 0x000000008ae00000| PB 0x000000008ae00000| Untracked 
|  63|0x000000008af00000, 0x000000008af00000, 0x000000008b000000|  0%| F|  |TAMS 0x000000008af00000| PB 0x000000008af00000| Untracked 
|  64|0x000000008b000000, 0x000000008b000000, 0x000000008b100000|  0%| F|  |TAMS 0x000000008b000000| PB 0x000000008b000000| Untracked 
|  65|0x000000008b100000, 0x000000008b100000, 0x000000008b200000|  0%| F|  |TAMS 0x000000008b100000| PB 0x000000008b100000| Untracked 
|  66|0x000000008b200000, 0x000000008b200000, 0x000000008b300000|  0%| F|  |TAMS 0x000000008b200000| PB 0x000000008b200000| Untracked 
|  67|0x000000008b300000, 0x000000008b300000, 0x000000008b400000|  0%| F|  |TAMS 0x000000008b300000| PB 0x000000008b300000| Untracked 
|  68|0x000000008b400000, 0x000000008b400000, 0x000000008b500000|  0%| F|  |TAMS 0x000000008b400000| PB 0x000000008b400000| Untracked 
|  69|0x000000008b500000, 0x000000008b500000, 0x000000008b600000|  0%| F|  |TAMS 0x000000008b500000| PB 0x000000008b500000| Untracked 
|  70|0x000000008b600000, 0x000000008b600000, 0x000000008b700000|  0%| F|  |TAMS 0x000000008b600000| PB 0x000000008b600000| Untracked 
|  71|0x000000008b700000, 0x000000008b700000, 0x000000008b800000|  0%| F|  |TAMS 0x000000008b700000| PB 0x000000008b700000| Untracked 
|  72|0x000000008b800000, 0x000000008b800000, 0x000000008b900000|  0%| F|  |TAMS 0x000000008b800000| PB 0x000000008b800000| Untracked 
|  73|0x000000008b900000, 0x000000008b900000, 0x000000008ba00000|  0%| F|  |TAMS 0x000000008b900000| PB 0x000000008b900000| Untracked 
|  74|0x000000008ba00000, 0x000000008ba00000, 0x000000008bb00000|  0%| F|  |TAMS 0x000000008ba00000| PB 0x000000008ba00000| Untracked 
|  75|0x000000008bb00000, 0x000000008bb00000, 0x000000008bc00000|  0%| F|  |TAMS 0x000000008bb00000| PB 0x000000008bb00000| Untracked 
|  76|0x000000008bc00000, 0x000000008bc00000, 0x000000008bd00000|  0%| F|  |TAMS 0x000000008bc00000| PB 0x000000008bc00000| Untracked 
|  77|0x000000008bd00000, 0x000000008bd00000, 0x000000008be00000|  0%| F|  |TAMS 0x000000008bd00000| PB 0x000000008bd00000| Untracked 
|  78|0x000000008be00000, 0x000000008be00000, 0x000000008bf00000|  0%| F|  |TAMS 0x000000008be00000| PB 0x000000008be00000| Untracked 
|  79|0x000000008bf00000, 0x000000008bf00000, 0x000000008c000000|  0%| F|  |TAMS 0x000000008bf00000| PB 0x000000008bf00000| Untracked 
|  80|0x000000008c000000, 0x000000008c080800, 0x000000008c100000| 50%| E|  |TAMS 0x000000008c000000| PB 0x000000008c000000| Complete 
|  81|0x000000008c100000, 0x000000008c200000, 0x000000008c200000|100%| E|CS|TAMS 0x000000008c100000| PB 0x000000008c100000| Complete 
|  82|0x000000008c200000, 0x000000008c300000, 0x000000008c300000|100%| E|CS|TAMS 0x000000008c200000| PB 0x000000008c200000| Complete 
|  83|0x000000008c300000, 0x000000008c400000, 0x000000008c400000|100%| E|CS|TAMS 0x000000008c300000| PB 0x000000008c300000| Complete 
|  84|0x000000008c400000, 0x000000008c500000, 0x000000008c500000|100%| E|CS|TAMS 0x000000008c400000| PB 0x000000008c400000| Complete 
|  85|0x000000008c500000, 0x000000008c600000, 0x000000008c600000|100%| E|CS|TAMS 0x000000008c500000| PB 0x000000008c500000| Complete 
|  86|0x000000008c600000, 0x000000008c700000, 0x000000008c700000|100%| E|CS|TAMS 0x000000008c600000| PB 0x000000008c600000| Complete 
|  87|0x000000008c700000, 0x000000008c800000, 0x000000008c800000|100%| E|CS|TAMS 0x000000008c700000| PB 0x000000008c700000| Complete 
|  88|0x000000008c800000, 0x000000008c900000, 0x000000008c900000|100%| E|CS|TAMS 0x000000008c800000| PB 0x000000008c800000| Complete 
|  89|0x000000008c900000, 0x000000008ca00000, 0x000000008ca00000|100%| E|CS|TAMS 0x000000008c900000| PB 0x000000008c900000| Complete 
|  90|0x000000008ca00000, 0x000000008cb00000, 0x000000008cb00000|100%| E|CS|TAMS 0x000000008ca00000| PB 0x000000008ca00000| Complete 
|  91|0x000000008cb00000, 0x000000008cc00000, 0x000000008cc00000|100%| E|CS|TAMS 0x000000008cb00000| PB 0x000000008cb00000| Complete 
|  92|0x000000008cc00000, 0x000000008cd00000, 0x000000008cd00000|100%| E|CS|TAMS 0x000000008cc00000| PB 0x000000008cc00000| Complete 
|  93|0x000000008cd00000, 0x000000008ce00000, 0x000000008ce00000|100%| E|CS|TAMS 0x000000008cd00000| PB 0x000000008cd00000| Complete 
|  94|0x000000008ce00000, 0x000000008cf00000, 0x000000008cf00000|100%| E|CS|TAMS 0x000000008ce00000| PB 0x000000008ce00000| Complete 
|  95|0x000000008cf00000, 0x000000008d000000, 0x000000008d000000|100%| E|CS|TAMS 0x000000008cf00000| PB 0x000000008cf00000| Complete 
|  96|0x000000008d000000, 0x000000008d100000, 0x000000008d100000|100%| E|CS|TAMS 0x000000008d000000| PB 0x000000008d000000| Complete 
|  97|0x000000008d100000, 0x000000008d200000, 0x000000008d200000|100%| E|CS|TAMS 0x000000008d100000| PB 0x000000008d100000| Complete 
|  98|0x000000008d200000, 0x000000008d300000, 0x000000008d300000|100%| E|CS|TAMS 0x000000008d200000| PB 0x000000008d200000| Complete 
|  99|0x000000008d300000, 0x000000008d400000, 0x000000008d400000|100%| E|CS|TAMS 0x000000008d300000| PB 0x000000008d300000| Complete 
| 100|0x000000008d400000, 0x000000008d500000, 0x000000008d500000|100%| E|CS|TAMS 0x000000008d400000| PB 0x000000008d400000| Complete 
| 101|0x000000008d500000, 0x000000008d600000, 0x000000008d600000|100%| E|CS|TAMS 0x000000008d500000| PB 0x000000008d500000| Complete 
| 102|0x000000008d600000, 0x000000008d700000, 0x000000008d700000|100%| E|CS|TAMS 0x000000008d600000| PB 0x000000008d600000| Complete 
| 103|0x000000008d700000, 0x000000008d800000, 0x000000008d800000|100%| E|CS|TAMS 0x000000008d700000| PB 0x000000008d700000| Complete 
| 104|0x000000008d800000, 0x000000008d900000, 0x000000008d900000|100%| E|CS|TAMS 0x000000008d800000| PB 0x000000008d800000| Complete 
| 105|0x000000008d900000, 0x000000008da00000, 0x000000008da00000|100%| E|CS|TAMS 0x000000008d900000| PB 0x000000008d900000| Complete 
| 106|0x000000008da00000, 0x000000008db00000, 0x000000008db00000|100%| E|CS|TAMS 0x000000008da00000| PB 0x000000008da00000| Complete 
| 107|0x000000008db00000, 0x000000008dc00000, 0x000000008dc00000|100%| E|CS|TAMS 0x000000008db00000| PB 0x000000008db00000| Complete 
| 108|0x000000008dc00000, 0x000000008dd00000, 0x000000008dd00000|100%| E|CS|TAMS 0x000000008dc00000| PB 0x000000008dc00000| Complete 
| 109|0x000000008dd00000, 0x000000008de00000, 0x000000008de00000|100%| E|CS|TAMS 0x000000008dd00000| PB 0x000000008dd00000| Complete 
| 110|0x000000008de00000, 0x000000008df00000, 0x000000008df00000|100%| E|CS|TAMS 0x000000008de00000| PB 0x000000008de00000| Complete 
| 111|0x000000008df00000, 0x000000008e000000, 0x000000008e000000|100%| E|CS|TAMS 0x000000008df00000| PB 0x000000008df00000| Complete 
| 112|0x000000008e000000, 0x000000008e100000, 0x000000008e100000|100%| E|CS|TAMS 0x000000008e000000| PB 0x000000008e000000| Complete 
| 113|0x000000008e100000, 0x000000008e200000, 0x000000008e200000|100%| E|CS|TAMS 0x000000008e100000| PB 0x000000008e100000| Complete 
| 114|0x000000008e200000, 0x000000008e300000, 0x000000008e300000|100%| E|CS|TAMS 0x000000008e200000| PB 0x000000008e200000| Complete 
| 115|0x000000008e300000, 0x000000008e400000, 0x000000008e400000|100%| E|CS|TAMS 0x000000008e300000| PB 0x000000008e300000| Complete 
| 116|0x000000008e400000, 0x000000008e500000, 0x000000008e500000|100%| E|CS|TAMS 0x000000008e400000| PB 0x000000008e400000| Complete 
| 117|0x000000008e500000, 0x000000008e600000, 0x000000008e600000|100%| E|CS|TAMS 0x000000008e500000| PB 0x000000008e500000| Complete 
| 118|0x000000008e600000, 0x000000008e700000, 0x000000008e700000|100%| E|CS|TAMS 0x000000008e600000| PB 0x000000008e600000| Complete 
| 119|0x000000008e700000, 0x000000008e800000, 0x000000008e800000|100%| E|CS|TAMS 0x000000008e700000| PB 0x000000008e700000| Complete 
| 120|0x000000008e800000, 0x000000008e900000, 0x000000008e900000|100%| E|CS|TAMS 0x000000008e800000| PB 0x000000008e800000| Complete 
| 121|0x000000008e900000, 0x000000008ea00000, 0x000000008ea00000|100%| E|CS|TAMS 0x000000008e900000| PB 0x000000008e900000| Complete 
| 122|0x000000008ea00000, 0x000000008eb00000, 0x000000008eb00000|100%|HS|  |TAMS 0x000000008ea00000| PB 0x000000008ea00000| Complete 
| 123|0x000000008eb00000, 0x000000008ec00000, 0x000000008ec00000|100%|HC|  |TAMS 0x000000008eb00000| PB 0x000000008eb00000| Complete 
| 124|0x000000008ec00000, 0x000000008ed00000, 0x000000008ed00000|100%|HC|  |TAMS 0x000000008ec00000| PB 0x000000008ec00000| Complete 
| 125|0x000000008ed00000, 0x000000008ee00000, 0x000000008ee00000|100%|HC|  |TAMS 0x000000008ed00000| PB 0x000000008ed00000| Complete 
| 126|0x000000008ee00000, 0x000000008ef00000, 0x000000008ef00000|100%|HC|  |TAMS 0x000000008ee00000| PB 0x000000008ee00000| Complete 
| 127|0x000000008ef00000, 0x000000008f000000, 0x000000008f000000|100%|HC|  |TAMS 0x000000008ef00000| PB 0x000000008ef00000| Complete 
| 128|0x000000008f000000, 0x000000008f100000, 0x000000008f100000|100%|HC|  |TAMS 0x000000008f000000| PB 0x000000008f000000| Complete 
| 129|0x000000008f100000, 0x000000008f200000, 0x000000008f200000|100%|HC|  |TAMS 0x000000008f100000| PB 0x000000008f100000| Complete 
| 130|0x000000008f200000, 0x000000008f300000, 0x000000008f300000|100%|HC|  |TAMS 0x000000008f200000| PB 0x000000008f200000| Complete 
| 131|0x000000008f300000, 0x000000008f400000, 0x000000008f400000|100%|HC|  |TAMS 0x000000008f300000| PB 0x000000008f300000| Complete 
| 132|0x000000008f400000, 0x000000008f500000, 0x000000008f500000|100%|HC|  |TAMS 0x000000008f400000| PB 0x000000008f400000| Complete 
| 133|0x000000008f500000, 0x000000008f600000, 0x000000008f600000|100%|HC|  |TAMS 0x000000008f500000| PB 0x000000008f500000| Complete 
| 134|0x000000008f600000, 0x000000008f700000, 0x000000008f700000|100%|HC|  |TAMS 0x000000008f600000| PB 0x000000008f600000| Complete 
| 135|0x000000008f700000, 0x000000008f800000, 0x000000008f800000|100%|HC|  |TAMS 0x000000008f700000| PB 0x000000008f700000| Complete 
| 136|0x000000008f800000, 0x000000008f900000, 0x000000008f900000|100%|HC|  |TAMS 0x000000008f800000| PB 0x000000008f800000| Complete 
| 137|0x000000008f900000, 0x000000008fa00000, 0x000000008fa00000|100%|HC|  |TAMS 0x000000008f900000| PB 0x000000008f900000| Complete 
| 138|0x000000008fa00000, 0x000000008fb00000, 0x000000008fb00000|100%|HC|  |TAMS 0x000000008fa00000| PB 0x000000008fa00000| Complete 
| 139|0x000000008fb00000, 0x000000008fc00000, 0x000000008fc00000|100%|HC|  |TAMS 0x000000008fb00000| PB 0x000000008fb00000| Complete 
| 140|0x000000008fc00000, 0x000000008fd00000, 0x000000008fd00000|100%|HC|  |TAMS 0x000000008fc00000| PB 0x000000008fc00000| Complete 
| 141|0x000000008fd00000, 0x000000008fe00000, 0x000000008fe00000|100%|HC|  |TAMS 0x000000008fd00000| PB 0x000000008fd00000| Complete 
| 142|0x000000008fe00000, 0x000000008ff00000, 0x000000008ff00000|100%|HC|  |TAMS 0x000000008fe00000| PB 0x000000008fe00000| Complete 
| 143|0x000000008ff00000, 0x0000000090000000, 0x0000000090000000|100%|HC|  |TAMS 0x000000008ff00000| PB 0x000000008ff00000| Complete 
| 144|0x0000000090000000, 0x0000000090100000, 0x0000000090100000|100%|HC|  |TAMS 0x0000000090000000| PB 0x0000000090000000| Complete 
| 145|0x0000000090100000, 0x0000000090200000, 0x0000000090200000|100%|HC|  |TAMS 0x0000000090100000| PB 0x0000000090100000| Complete 
| 146|0x0000000090200000, 0x0000000090300000, 0x0000000090300000|100%|HC|  |TAMS 0x0000000090200000| PB 0x0000000090200000| Complete 
| 147|0x0000000090300000, 0x0000000090400000, 0x0000000090400000|100%|HC|  |TAMS 0x0000000090300000| PB 0x0000000090300000| Complete 
| 148|0x0000000090400000, 0x0000000090500000, 0x0000000090500000|100%|HC|  |TAMS 0x0000000090400000| PB 0x0000000090400000| Complete 
| 149|0x0000000090500000, 0x0000000090600000, 0x0000000090600000|100%|HC|  |TAMS 0x0000000090500000| PB 0x0000000090500000| Complete 
| 150|0x0000000090600000, 0x0000000090700000, 0x0000000090700000|100%|HC|  |TAMS 0x0000000090600000| PB 0x0000000090600000| Complete 
| 151|0x0000000090700000, 0x0000000090800000, 0x0000000090800000|100%|HC|  |TAMS 0x0000000090700000| PB 0x0000000090700000| Complete 
| 152|0x0000000090800000, 0x0000000090900000, 0x0000000090900000|100%|HC|  |TAMS 0x0000000090800000| PB 0x0000000090800000| Complete 
| 153|0x0000000090900000, 0x0000000090a00000, 0x0000000090a00000|100%|HC|  |TAMS 0x0000000090900000| PB 0x0000000090900000| Complete 
| 154|0x0000000090a00000, 0x0000000090b00000, 0x0000000090b00000|100%|HC|  |TAMS 0x0000000090a00000| PB 0x0000000090a00000| Complete 
| 155|0x0000000090b00000, 0x0000000090c00000, 0x0000000090c00000|100%|HC|  |TAMS 0x0000000090b00000| PB 0x0000000090b00000| Complete 
| 156|0x0000000090c00000, 0x0000000090d00000, 0x0000000090d00000|100%|HC|  |TAMS 0x0000000090c00000| PB 0x0000000090c00000| Complete 
| 157|0x0000000090d00000, 0x0000000090e00000, 0x0000000090e00000|100%|HC|  |TAMS 0x0000000090d00000| PB 0x0000000090d00000| Complete 
| 158|0x0000000090e00000, 0x0000000090f00000, 0x0000000090f00000|100%|HC|  |TAMS 0x0000000090e00000| PB 0x0000000090e00000| Complete 
| 159|0x0000000090f00000, 0x0000000091000000, 0x0000000091000000|100%|HC|  |TAMS 0x0000000090f00000| PB 0x0000000090f00000| Complete 
| 160|0x0000000091000000, 0x0000000091100000, 0x0000000091100000|100%|HC|  |TAMS 0x0000000091000000| PB 0x0000000091000000| Complete 
| 161|0x0000000091100000, 0x0000000091200000, 0x0000000091200000|100%|HC|  |TAMS 0x0000000091100000| PB 0x0000000091100000| Complete 
| 162|0x0000000091200000, 0x0000000091300000, 0x0000000091300000|100%| E|CS|TAMS 0x0000000091200000| PB 0x0000000091200000| Complete 
| 163|0x0000000091300000, 0x0000000091400000, 0x0000000091400000|100%| E|CS|TAMS 0x0000000091300000| PB 0x0000000091300000| Complete 
| 164|0x0000000091400000, 0x0000000091500000, 0x0000000091500000|100%| E|CS|TAMS 0x0000000091400000| PB 0x0000000091400000| Complete 
| 165|0x0000000091500000, 0x0000000091600000, 0x0000000091600000|100%| E|CS|TAMS 0x0000000091500000| PB 0x0000000091500000| Complete 

Card table byte_map: [0x00000214c3990000,0x00000214c3d60000] _byte_map_base: 0x00000214c3558000

Marking Bits: (CMBitMap*) 0x00000214abc1b660
 Bits: [0x00000214c3d60000, 0x00000214c5ba0000)

Polling page: 0x00000214ab380000

Metaspace:

Usage:
  Non-class:     14.68 MB used.
      Class:      1.15 MB used.
       Both:     15.83 MB used.

Virtual space:
  Non-class space:       64.00 MB reserved,      14.81 MB ( 23%) committed,  1 nodes.
      Class space:        1.00 GB reserved,       1.31 MB ( <1%) committed,  1 nodes.
             Both:        1.06 GB reserved,      16.12 MB (  1%) committed. 

Chunk freelists:
   Non-Class:  576.00 KB
       Class:  14.73 MB
        Both:  15.29 MB

MaxMetaspaceSize: unlimited
CompressedClassSpaceSize: 1.00 GB
Initial GC threshold: 21.00 MB
Current GC threshold: 26.06 MB
CDS: on
 - commit_granule_bytes: 65536.
 - commit_granule_words: 8192.
 - virtual_space_node_default_size: 8388608.
 - enlarge_chunks_in_place: 1.
 - use_allocation_guard: 0.


Internal statistics:

num_allocs_failed_limit: 0.
num_arena_births: 248.
num_arena_deaths: 0.
num_vsnodes_births: 2.
num_vsnodes_deaths: 0.
num_space_committed: 254.
num_space_uncommitted: 0.
num_chunks_returned_to_freelist: 0.
num_chunks_taken_from_freelist: 650.
num_chunk_merges: 0.
num_chunk_splits: 463.
num_chunks_enlarged: 323.
num_inconsistent_stats: 0.

CodeHeap 'non-profiled nmethods': size=120000Kb used=2173Kb max_used=2173Kb free=117826Kb
 bounds [0x00000214bbd60000, 0x00000214bbfd0000, 0x00000214c3290000]
CodeHeap 'profiled nmethods': size=120000Kb used=5963Kb max_used=5963Kb free=114036Kb
 bounds [0x00000214b4290000, 0x00000214b4870000, 0x00000214bb7c0000]
CodeHeap 'non-nmethods': size=5760Kb used=2400Kb max_used=2422Kb free=3360Kb
 bounds [0x00000214bb7c0000, 0x00000214bba30000, 0x00000214bbd60000]
 total_blobs=4093 nmethods=3078 adapters=920
 compilation: enabled
              stopped_count=0, restarted_count=0
 full_count=0

Compilation events (20 events):
Event: 214.670 Thread 0x00000214c82e7f30 3069       1       com.jogamp.newt.event.NEWTEvent::getWhen (5 bytes)
Event: 214.670 Thread 0x00000214c82e7f30 nmethod 3069 0x00000214bbf7de90 code [0x00000214bbf7e020, 0x00000214bbf7e0e8]
Event: 214.670 Thread 0x00000214c82e7f30 3070       1       jogamp.newt.WindowImpl::getSurfaceWidth (5 bytes)
Event: 214.671 Thread 0x00000214c82e7f30 nmethod 3070 0x00000214bbf7e190 code [0x00000214bbf7e320, 0x00000214bbf7e3e8]
Event: 214.718 Thread 0x00000214c82e7f30 3071       1       jogamp.newt.WindowImpl::getSurfaceHeight (5 bytes)
Event: 214.718 Thread 0x00000214c82e7f30 nmethod 3071 0x00000214bbf7e490 code [0x00000214bbf7e620, 0x00000214bbf7e6e8]
Event: 214.765 Thread 0x00000214c82e5a10 3072       4       java.util.concurrent.locks.ReentrantLock$NonfairSync::initialTryLock (58 bytes)
Event: 214.768 Thread 0x00000214c82e5a10 nmethod 3072 0x00000214bbf7e790 code [0x00000214bbf7e920, 0x00000214bbf7eaf0]
Event: 214.924 Thread 0x00000214c82e7f30 3073       1       processing.event.MouseEvent::getX (5 bytes)
Event: 214.924 Thread 0x00000214c82e7f30 nmethod 3073 0x00000214bbf7eb90 code [0x00000214bbf7ed20, 0x00000214bbf7ede8]
Event: 214.924 Thread 0x00000214c82e7f30 3074       1       processing.event.MouseEvent::getY (5 bytes)
Event: 214.924 Thread 0x00000214c82e7f30 nmethod 3074 0x00000214bbf7ee90 code [0x00000214bbf7f020, 0x00000214bbf7f0e8]
Event: 216.186 Thread 0x00000214c82e7f30 3075       1       java.util.logging.Logger::getName (5 bytes)
Event: 216.186 Thread 0x00000214c82e7f30 nmethod 3075 0x00000214bbf7f190 code [0x00000214bbf7f320, 0x00000214bbf7f3e8]
Event: 216.238 Thread 0x00000214c82e7f30 3076       3       java.util.concurrent.ConcurrentHashMap$ValuesView::iterator (34 bytes)
Event: 216.239 Thread 0x00000214c82e7f30 nmethod 3076 0x00000214b4861910 code [0x00000214b4861ac0, 0x00000214b4861d08]
Event: 216.239 Thread 0x00000214c82e7f30 3077       3       java.util.concurrent.ConcurrentHashMap$ValueIterator::<init> (12 bytes)
Event: 216.239 Thread 0x00000214c82e7f30 nmethod 3077 0x00000214b4861e10 code [0x00000214b4861fc0, 0x00000214b4862138]
Event: 216.249 Thread 0x00000214c82e7f30 3078       3       java.lang.AbstractStringBuilder::append (77 bytes)
Event: 216.250 Thread 0x00000214c82e7f30 nmethod 3078 0x00000214b4862210 code [0x00000214b4862420, 0x00000214b4862b00]

GC Heap History (20 events):
Event: 195.690 GC heap before
{Heap before GC invocations=90 (full 0):
 garbage-first heap   total 169984K, used 157235K [0x0000000087000000, 0x0000000100000000)
  region size 1024K, 99 young (101376K), 1 survivors (1024K)
 Metaspace       used 16161K, committed 16512K, reserved 1114112K
  class space    used 1169K, committed 1344K, reserved 1048576K
}
Event: 195.692 GC heap after
{Heap after GC invocations=91 (full 0):
 garbage-first heap   total 169984K, used 56892K [0x0000000087000000, 0x0000000100000000)
  region size 1024K, 1 young (1024K), 1 survivors (1024K)
 Metaspace       used 16161K, committed 16512K, reserved 1114112K
  class space    used 1169K, committed 1344K, reserved 1048576K
}
Event: 197.532 GC heap before
{Heap before GC invocations=91 (full 0):
 garbage-first heap   total 169984K, used 157244K [0x0000000087000000, 0x0000000100000000)
  region size 1024K, 99 young (101376K), 1 survivors (1024K)
 Metaspace       used 16161K, committed 16512K, reserved 1114112K
  class space    used 1169K, committed 1344K, reserved 1048576K
}
Event: 197.535 GC heap after
{Heap after GC invocations=92 (full 0):
 garbage-first heap   total 169984K, used 56905K [0x0000000087000000, 0x0000000100000000)
  region size 1024K, 1 young (1024K), 1 survivors (1024K)
 Metaspace       used 16161K, committed 16512K, reserved 1114112K
  class space    used 1169K, committed 1344K, reserved 1048576K
}
Event: 199.628 GC heap before
{Heap before GC invocations=92 (full 0):
 garbage-first heap   total 169984K, used 157257K [0x0000000087000000, 0x0000000100000000)
  region size 1024K, 99 young (101376K), 1 survivors (1024K)
 Metaspace       used 16161K, committed 16512K, reserved 1114112K
  class space    used 1169K, committed 1344K, reserved 1048576K
}
Event: 199.632 GC heap after
{Heap after GC invocations=93 (full 0):
 garbage-first heap   total 169984K, used 56901K [0x0000000087000000, 0x0000000100000000)
  region size 1024K, 1 young (1024K), 1 survivors (1024K)
 Metaspace       used 16161K, committed 16512K, reserved 1114112K
  class space    used 1169K, committed 1344K, reserved 1048576K
}
Event: 201.344 GC heap before
{Heap before GC invocations=93 (full 0):
 garbage-first heap   total 169984K, used 157253K [0x0000000087000000, 0x0000000100000000)
  region size 1024K, 99 young (101376K), 1 survivors (1024K)
 Metaspace       used 16161K, committed 16512K, reserved 1114112K
  class space    used 1169K, committed 1344K, reserved 1048576K
}
Event: 201.348 GC heap after
{Heap after GC invocations=94 (full 0):
 garbage-first heap   total 169984K, used 56897K [0x0000000087000000, 0x0000000100000000)
  region size 1024K, 1 young (1024K), 1 survivors (1024K)
 Metaspace       used 16161K, committed 16512K, reserved 1114112K
  class space    used 1169K, committed 1344K, reserved 1048576K
}
Event: 203.288 GC heap before
{Heap before GC invocations=94 (full 0):
 garbage-first heap   total 169984K, used 157249K [0x0000000087000000, 0x0000000100000000)
  region size 1024K, 99 young (101376K), 1 survivors (1024K)
 Metaspace       used 16161K, committed 16512K, reserved 1114112K
  class space    used 1169K, committed 1344K, reserved 1048576K
}
Event: 203.291 GC heap after
{Heap after GC invocations=95 (full 0):
 garbage-first heap   total 169984K, used 56893K [0x0000000087000000, 0x0000000100000000)
  region size 1024K, 1 young (1024K), 1 survivors (1024K)
 Metaspace       used 16161K, committed 16512K, reserved 1114112K
  class space    used 1169K, committed 1344K, reserved 1048576K
}
Event: 205.240 GC heap before
{Heap before GC invocations=95 (full 0):
 garbage-first heap   total 169984K, used 157245K [0x0000000087000000, 0x0000000100000000)
  region size 1024K, 99 young (101376K), 1 survivors (1024K)
 Metaspace       used 16161K, committed 16512K, reserved 1114112K
  class space    used 1169K, committed 1344K, reserved 1048576K
}
Event: 205.244 GC heap after
{Heap after GC invocations=96 (full 0):
 garbage-first heap   total 169984K, used 56919K [0x0000000087000000, 0x0000000100000000)
  region size 1024K, 1 young (1024K), 1 survivors (1024K)
 Metaspace       used 16161K, committed 16512K, reserved 1114112K
  class space    used 1169K, committed 1344K, reserved 1048576K
}
Event: 207.587 GC heap before
{Heap before GC invocations=96 (full 0):
 garbage-first heap   total 169984K, used 157271K [0x0000000087000000, 0x0000000100000000)
  region size 1024K, 99 young (101376K), 1 survivors (1024K)
 Metaspace       used 16161K, committed 16512K, reserved 1114112K
  class space    used 1169K, committed 1344K, reserved 1048576K
}
Event: 207.591 GC heap after
{Heap after GC invocations=97 (full 0):
 garbage-first heap   total 169984K, used 56841K [0x0000000087000000, 0x0000000100000000)
  region size 1024K, 1 young (1024K), 1 survivors (1024K)
 Metaspace       used 16161K, committed 16512K, reserved 1114112K
  class space    used 1169K, committed 1344K, reserved 1048576K
}
Event: 210.595 GC heap before
{Heap before GC invocations=97 (full 0):
 garbage-first heap   total 169984K, used 157193K [0x0000000087000000, 0x0000000100000000)
  region size 1024K, 99 young (101376K), 1 survivors (1024K)
 Metaspace       used 16161K, committed 16512K, reserved 1114112K
  class space    used 1169K, committed 1344K, reserved 1048576K
}
Event: 210.599 GC heap after
{Heap after GC invocations=98 (full 0):
 garbage-first heap   total 169984K, used 56853K [0x0000000087000000, 0x0000000100000000)
  region size 1024K, 1 young (1024K), 1 survivors (1024K)
 Metaspace       used 16161K, committed 16512K, reserved 1114112K
  class space    used 1169K, committed 1344K, reserved 1048576K
}
Event: 212.774 GC heap before
{Heap before GC invocations=98 (full 0):
 garbage-first heap   total 169984K, used 157205K [0x0000000087000000, 0x0000000100000000)
  region size 1024K, 99 young (101376K), 1 survivors (1024K)
 Metaspace       used 16161K, committed 16512K, reserved 1114112K
  class space    used 1169K, committed 1344K, reserved 1048576K
}
Event: 212.778 GC heap after
{Heap after GC invocations=99 (full 0):
 garbage-first heap   total 169984K, used 56862K [0x0000000087000000, 0x0000000100000000)
  region size 1024K, 1 young (1024K), 1 survivors (1024K)
 Metaspace       used 16161K, committed 16512K, reserved 1114112K
  class space    used 1169K, committed 1344K, reserved 1048576K
}
Event: 215.198 GC heap before
{Heap before GC invocations=99 (full 0):
 garbage-first heap   total 169984K, used 157214K [0x0000000087000000, 0x0000000100000000)
  region size 1024K, 99 young (101376K), 1 survivors (1024K)
 Metaspace       used 16161K, committed 16512K, reserved 1114112K
  class space    used 1169K, committed 1344K, reserved 1048576K
}
Event: 215.201 GC heap after
{Heap after GC invocations=100 (full 0):
 garbage-first heap   total 169984K, used 56847K [0x0000000087000000, 0x0000000100000000)
  region size 1024K, 1 young (1024K), 1 survivors (1024K)
 Metaspace       used 16161K, committed 16512K, reserved 1114112K
  class space    used 1169K, committed 1344K, reserved 1048576K
}

Dll operation events (14 events):
Event: 0.006 Loaded shared library C:\Program Files\Eclipse Adoptium\jdk-21.0.2.13-hotspot\bin\java.dll
Event: 0.032 Loaded shared library C:\Program Files\Eclipse Adoptium\jdk-21.0.2.13-hotspot\bin\jsvml.dll
Event: 0.090 Loaded shared library C:\Program Files\Eclipse Adoptium\jdk-21.0.2.13-hotspot\bin\net.dll
Event: 0.091 Loaded shared library C:\Program Files\Eclipse Adoptium\jdk-21.0.2.13-hotspot\bin\nio.dll
Event: 0.099 Loaded shared library C:\Program Files\Eclipse Adoptium\jdk-21.0.2.13-hotspot\bin\zip.dll
Event: 0.182 Loaded shared library C:\Program Files\Eclipse Adoptium\jdk-21.0.2.13-hotspot\bin\jimage.dll
Event: 0.184 Loaded shared library C:\Program Files\Eclipse Adoptium\jdk-21.0.2.13-hotspot\bin\awt.dll
Event: 0.526 Loaded shared library C:\Users\Sabien Wyseur\AppData\Local\Temp\jogamp_0000\file_cache\jln4649345235237476015\jln17812001163037949895\natives\windows-amd64\gluegen_rt.dll
Event: 0.534 Loaded shared library C:\Program Files\Eclipse Adoptium\jdk-21.0.2.13-hotspot\bin\jawt.dll
Event: 0.547 Loaded shared library C:\Users\Sabien Wyseur\AppData\Local\Temp\jogamp_0000\file_cache\jln4649345235237476015\jln17812001163037949895\natives\windows-amd64\nativewindow_awt.dll
Event: 0.579 Loaded shared library C:\Users\Sabien Wyseur\AppData\Local\Temp\jogamp_0000\file_cache\jln4649345235237476015\jln17812001163037949895\natives\windows-amd64\nativewindow_win32.dll
Event: 0.718 Loaded shared library C:\Users\Sabien Wyseur\AppData\Local\Temp\jogamp_0000\file_cache\jln4649345235237476015\jln17812001163037949895\natives\windows-amd64\jogl_desktop.dll
Event: 0.828 Loaded shared library C:\Users\Sabien Wyseur\AppData\Local\Temp\jogamp_0000\file_cache\jln4649345235237476015\jln17812001163037949895\natives\windows-amd64\jogl_mobile.dll
Event: 1.655 Loaded shared library C:\Users\Sabien Wyseur\AppData\Local\Temp\jogamp_0000\file_cache\jln4649345235237476015\jln17812001163037949895\natives\windows-amd64\newt_head.dll

Deoptimization events (20 events):
Event: 215.897 Thread 0x00000215195220c0 DEOPT PACKING pc=0x00000214b47b0159 sp=0x00000089facfec20
Event: 215.897 Thread 0x00000215195220c0 DEOPT UNPACKING pc=0x00000214bb8188e2 sp=0x00000089facfe110 mode 1
Event: 215.897 Thread 0x00000215195220c0 DEOPT PACKING pc=0x00000214b476781c sp=0x00000089facfecb0
Event: 215.897 Thread 0x00000215195220c0 DEOPT UNPACKING pc=0x00000214bb8188e2 sp=0x00000089facfe158 mode 1
Event: 215.951 Thread 0x00000215195220c0 DEOPT PACKING pc=0x00000214b47b0159 sp=0x00000089facfeb90
Event: 215.951 Thread 0x00000215195220c0 DEOPT UNPACKING pc=0x00000214bb8188e2 sp=0x00000089facfe080 mode 1
Event: 215.951 Thread 0x00000215195220c0 DEOPT PACKING pc=0x00000214b476781c sp=0x00000089facfec20
Event: 215.951 Thread 0x00000215195220c0 DEOPT UNPACKING pc=0x00000214bb8188e2 sp=0x00000089facfe0c8 mode 1
Event: 215.951 Thread 0x00000215195220c0 DEOPT PACKING pc=0x00000214b47b0159 sp=0x00000089facfec20
Event: 215.951 Thread 0x00000215195220c0 DEOPT UNPACKING pc=0x00000214bb8188e2 sp=0x00000089facfe110 mode 1
Event: 215.951 Thread 0x00000215195220c0 DEOPT PACKING pc=0x00000214b476781c sp=0x00000089facfecb0
Event: 215.951 Thread 0x00000215195220c0 DEOPT UNPACKING pc=0x00000214bb8188e2 sp=0x00000089facfe158 mode 1
Event: 216.136 Thread 0x00000215195220c0 DEOPT PACKING pc=0x00000214b47b0159 sp=0x00000089facfeb90
Event: 216.136 Thread 0x00000215195220c0 DEOPT UNPACKING pc=0x00000214bb8188e2 sp=0x00000089facfe080 mode 1
Event: 216.136 Thread 0x00000215195220c0 DEOPT PACKING pc=0x00000214b476781c sp=0x00000089facfec20
Event: 216.136 Thread 0x00000215195220c0 DEOPT UNPACKING pc=0x00000214bb8188e2 sp=0x00000089facfe0c8 mode 1
Event: 216.136 Thread 0x00000215195220c0 DEOPT PACKING pc=0x00000214b47b0159 sp=0x00000089facfec20
Event: 216.136 Thread 0x00000215195220c0 DEOPT UNPACKING pc=0x00000214bb8188e2 sp=0x00000089facfe110 mode 1
Event: 216.136 Thread 0x00000215195220c0 DEOPT PACKING pc=0x00000214b476781c sp=0x00000089facfecb0
Event: 216.136 Thread 0x00000215195220c0 DEOPT UNPACKING pc=0x00000214bb8188e2 sp=0x00000089facfe158 mode 1

Classes loaded (20 events):
Event: 20.795 Loading class com/sun/imageio/plugins/png/ChunkStream
Event: 20.795 Loading class com/sun/imageio/plugins/png/ChunkStream done
Event: 20.795 Loading class com/sun/imageio/plugins/png/CRC
Event: 20.795 Loading class com/sun/imageio/plugins/png/CRC done
Event: 20.797 Loading class com/sun/imageio/plugins/png/IDATOutputStream
Event: 20.797 Loading class com/sun/imageio/plugins/png/IDATOutputStream done
Event: 20.797 Loading class java/util/zip/Deflater
Event: 20.797 Loading class java/util/zip/Deflater done
Event: 20.798 Loading class java/util/zip/Deflater$DeflaterZStreamRef
Event: 20.798 Loading class java/util/zip/Deflater$DeflaterZStreamRef done
Event: 20.798 Loading class java/awt/image/PixelInterleavedSampleModel
Event: 20.799 Loading class java/awt/image/ComponentSampleModel
Event: 20.799 Loading class java/awt/image/ComponentSampleModel done
Event: 20.799 Loading class java/awt/image/PixelInterleavedSampleModel done
Event: 216.185 Loading class java/util/WeakHashMap$KeyIterator
Event: 216.187 Loading class java/nio/channels/ClosedChannelException
Event: 216.203 Loading class java/util/WeakHashMap$HashIterator
Event: 216.206 Loading class java/nio/channels/ClosedChannelException done
Event: 216.206 Loading class java/util/WeakHashMap$HashIterator done
Event: 216.206 Loading class java/util/WeakHashMap$KeyIterator done

Classes unloaded (0 events):
No events

Classes redefined (0 events):
No events

Internal exceptions (20 events):
Event: 0.435 Thread 0x00000214a99962a0 Exception <a 'java/lang/NoSuchMethodError'{0x000000008db2c888}: 'java.lang.Object java.lang.invoke.DirectMethodHandle$Holder.invokeStatic(java.lang.Object, long, java.lang.Object)'> (0x000000008db2c888) 
thrown [s\src\hotspot\share\interpreter\linkResolver.cpp, line 773]
Event: 0.435 Thread 0x00000214a99962a0 Exception <a 'java/lang/NoSuchMethodError'{0x000000008db2fee0}: 'java.lang.Object java.lang.invoke.DirectMethodHandle$Holder.invokeStaticInit(java.lang.Object, long, java.lang.Object)'> (0x000000008db2fee0) 
thrown [s\src\hotspot\share\interpreter\linkResolver.cpp, line 773]
Event: 0.529 Thread 0x00000214a99962a0 Exception <a 'java/lang/NoSuchMethodError'{0x000000008db6a548}: 'int java.lang.invoke.DirectMethodHandle$Holder.invokeStatic(java.lang.Object)'> (0x000000008db6a548) 
thrown [s\src\hotspot\share\interpreter\linkResolver.cpp, line 773]
Event: 0.529 Thread 0x00000214a99962a0 Exception <a 'java/lang/NoSuchMethodError'{0x000000008db6dfb8}: 'int java.lang.invoke.DelegatingMethodHandle$Holder.reinvoke_L(java.lang.Object)'> (0x000000008db6dfb8) 
thrown [s\src\hotspot\share\interpreter\linkResolver.cpp, line 773]
Event: 0.557 Thread 0x00000214a99962a0 Exception <a 'java/lang/NoSuchMethodError'{0x000000008da9e088}: 'java.lang.Object java.lang.invoke.DirectMethodHandle$Holder.invokeInterface(java.lang.Object, java.lang.Object)'> (0x000000008da9e088) 
thrown [s\src\hotspot\share\interpreter\linkResolver.cpp, line 773]
Event: 0.558 Thread 0x00000214a99962a0 Exception <a 'java/lang/IncompatibleClassChangeError'{0x000000008daa1630}: Found class java.lang.Object, but interface was expected> (0x000000008daa1630) 
thrown [s\src\hotspot\share\interpreter\linkResolver.cpp, line 840]
Event: 0.721 Thread 0x00000214a99962a0 Exception <a 'java/lang/NoSuchMethodError'{0x000000008d59f9d0}: 'long java.lang.invoke.DelegatingMethodHandle$Holder.reinvoke_L(java.lang.Object, java.lang.Object)'> (0x000000008d59f9d0) 
thrown [s\src\hotspot\share\interpreter\linkResolver.cpp, line 773]
Event: 0.722 Thread 0x00000214a99962a0 Exception <a 'java/lang/NoSuchMethodError'{0x000000008d5a9790}: 'void java.lang.invoke.DelegatingMethodHandle$Holder.reinvoke_L(java.lang.Object, java.lang.Object, long)'> (0x000000008d5a9790) 
thrown [s\src\hotspot\share\interpreter\linkResolver.cpp, line 773]
Event: 1.247 Thread 0x00000214c891abb0 Implicit null exception at 0x00000214bbdc6db3 to 0x00000214bbdc70dc
Event: 1.247 Thread 0x00000214c891abb0 Exception <a 'java/lang/NoSuchMethodError'{0x000000008dfb0e00}: 'void java.lang.invoke.DirectMethodHandle$Holder.invokeSpecial(java.lang.Object, java.lang.Object, java.lang.Object)'> (0x000000008dfb0e00) 
thrown [s\src\hotspot\share\interpreter\linkResolver.cpp, line 773]
Event: 1.253 Thread 0x00000214c891abb0 Exception <a 'java/lang/NoSuchMethodError'{0x000000008dfc7438}: 'long java.lang.invoke.Invokers$Holder.invokeExact_MT(java.lang.Object, java.lang.Object, java.lang.Object)'> (0x000000008dfc7438) 
thrown [s\src\hotspot\share\interpreter\linkResolver.cpp, line 773]
Event: 1.751 Thread 0x00000214a99962a0 Exception <a 'java/lang/NoSuchMethodError'{0x000000008d67c9d0}: 'void java.lang.invoke.DirectMethodHandle$Holder.invokeSpecial(java.lang.Object, java.lang.Object, java.lang.Object, java.lang.Object, java.lang.Object)'> (0x000000008d67c9d0) 
thrown [s\src\hotspot\share\interpreter\linkResolver.cpp, line 773]
Event: 1.754 Thread 0x00000214a99962a0 Exception <a 'java/lang/NoSuchMethodError'{0x000000008d689b78}: 'void java.lang.invoke.DirectMethodHandle$Holder.invokeSpecial(java.lang.Object, java.lang.Object, int)'> (0x000000008d689b78) 
thrown [s\src\hotspot\share\interpreter\linkResolver.cpp, line 773]
Event: 1.754 Thread 0x00000214a99962a0 Exception <a 'java/lang/NoSuchMethodError'{0x000000008d68f2d0}: 'java.lang.Object java.lang.invoke.DirectMethodHandle$Holder.newInvokeSpecial(java.lang.Object, java.lang.Object, int)'> (0x000000008d68f2d0) 
thrown [s\src\hotspot\share\interpreter\linkResolver.cpp, line 773]
Event: 1.905 Thread 0x000002151079c940 Exception <a 'java/lang/NoSuchMethodError'{0x000000008cf545b8}: 'java.lang.Object java.lang.invoke.DirectMethodHandle$Holder.newInvokeSpecial(java.lang.Object, float)'> (0x000000008cf545b8) 
thrown [s\src\hotspot\share\interpreter\linkResolver.cpp, line 773]
Event: 1.918 Thread 0x00000215195220c0 Exception <a 'java/lang/NoSuchMethodError'{0x000000008cf8d288}: 'void java.lang.invoke.DirectMethodHandle$Holder.invokeVirtual(java.lang.Object, java.lang.Object)'> (0x000000008cf8d288) 
thrown [s\src\hotspot\share\interpreter\linkResolver.cpp, line 773]
Event: 9.741 Thread 0x00000215195220c0 Implicit null exception at 0x00000214bbdfa03a to 0x00000214bbdfa078
Event: 9.741 Thread 0x00000215195220c0 Implicit null exception at 0x00000214bbdfa33a to 0x00000214bbdfa378
Event: 9.836 Thread 0x00000215195220c0 Implicit null exception at 0x00000214bbe0d5ca to 0x00000214bbe0ed60
Event: 216.181 Thread 0x00000215107a2bb0 Exception <a 'java/lang/InterruptedException'{0x000000008c200000}> (0x000000008c200000) 
thrown [s\src\hotspot\share\runtime\objectMonitor.cpp, line 1648]

ZGC Phase Switch (0 events):
No events

VM Operations (20 events):
Event: 200.645 Executing VM operation: Cleanup done
Event: 201.344 Executing VM operation: G1CollectForAllocation (G1 Evacuation Pause)
Event: 201.348 Executing VM operation: G1CollectForAllocation (G1 Evacuation Pause) done
Event: 203.288 Executing VM operation: G1CollectForAllocation (G1 Evacuation Pause)
Event: 203.291 Executing VM operation: G1CollectForAllocation (G1 Evacuation Pause) done
Event: 205.240 Executing VM operation: G1CollectForAllocation (G1 Evacuation Pause)
Event: 205.244 Executing VM operation: G1CollectForAllocation (G1 Evacuation Pause) done
Event: 207.587 Executing VM operation: G1CollectForAllocation (G1 Evacuation Pause)
Event: 207.591 Executing VM operation: G1CollectForAllocation (G1 Evacuation Pause) done
Event: 210.595 Executing VM operation: G1CollectForAllocation (G1 Evacuation Pause)
Event: 210.599 Executing VM operation: G1CollectForAllocation (G1 Evacuation Pause) done
Event: 212.774 Executing VM operation: G1CollectForAllocation (G1 Evacuation Pause)
Event: 212.778 Executing VM operation: G1CollectForAllocation (G1 Evacuation Pause) done
Event: 214.777 Executing VM operation: Cleanup
Event: 214.777 Executing VM operation: Cleanup done
Event: 215.198 Executing VM operation: G1CollectForAllocation (G1 Evacuation Pause)
Event: 215.201 Executing VM operation: G1CollectForAllocation (G1 Evacuation Pause) done
Event: 216.202 Executing VM operation: Cleanup
Event: 216.207 Executing VM operation: Cleanup done
Event: 216.291 Executing VM operation: Exit

Events (20 events):
Event: 16.010 Thread 0x0000021510a3d5d0 Thread exited: 0x0000021510a3d5d0
Event: 19.959 Thread 0x0000021531e59620 Thread added: 0x0000021531e59620
Event: 20.027 Thread 0x000002152e318830 Thread added: 0x000002152e318830
Event: 20.281 Thread 0x000002152e318830 Thread exited: 0x000002152e318830
Event: 20.281 Thread 0x0000021531e59620 Thread exited: 0x0000021531e59620
Event: 216.181 Thread 0x00000215107a2bb0 Thread exited: 0x00000215107a2bb0
Event: 216.184 Thread 0x000002152eeacf40 Thread added: 0x000002152eeacf40
Event: 216.184 Thread 0x000002152eea8710 Thread added: 0x000002152eea8710
Event: 216.184 Thread 0x000002152eeabb90 Thread added: 0x000002152eeabb90
Event: 216.184 Thread 0x000002152eead5d0 Thread added: 0x000002152eead5d0
Event: 216.184 Thread 0x000002152eeac8b0 Thread added: 0x000002152eeac8b0
Event: 216.186 Thread 0x000002152eeac8b0 Thread exited: 0x000002152eeac8b0
Event: 216.186 Thread 0x000002152eeadc60 Thread added: 0x000002152eeadc60
Event: 216.188 Thread 0x000002151079c2b0 Thread exited: 0x000002151079c2b0
Event: 216.207 Thread 0x000002152eea8710 Thread exited: 0x000002152eea8710
Event: 216.207 Thread 0x000002152eead5d0 Thread exited: 0x000002152eead5d0
Event: 216.209 Thread 0x00000214c891a520 Thread exited: 0x00000214c891a520
Event: 216.242 Thread 0x00000214c891abb0 Thread exited: 0x00000214c891abb0
Event: 216.251 Thread 0x000002152eeacf40 Thread exited: 0x000002152eeacf40
Event: 216.290 Thread 0x000002152eeabb90 Thread exited: 0x000002152eeabb90


Dynamic libraries:
0x00007ff757d60000 - 0x00007ff757d6e000 	C:\Program Files\Eclipse Adoptium\jdk-21.0.2.13-hotspot\bin\java.exe
0x00007ffd7c5f0000 - 0x00007ffd7c807000 	C:\WINDOWS\SYSTEM32\ntdll.dll
0x00007ffd7ae50000 - 0x00007ffd7af14000 	C:\WINDOWS\System32\KERNEL32.DLL
0x00007ffd79aa0000 - 0x00007ffd79e4d000 	C:\WINDOWS\System32\KERNELBASE.dll
0x00007ffd79f00000 - 0x00007ffd7a011000 	C:\WINDOWS\System32\ucrtbase.dll
0x00007ffd6fe80000 - 0x00007ffd6fe98000 	C:\Program Files\Eclipse Adoptium\jdk-21.0.2.13-hotspot\bin\jli.dll
0x00007ffd5f1c0000 - 0x00007ffd5f1db000 	C:\Program Files\Eclipse Adoptium\jdk-21.0.2.13-hotspot\bin\VCRUNTIME140.dll
0x00007ffd7b880000 - 0x00007ffd7ba2e000 	C:\WINDOWS\System32\USER32.dll
0x00007ffd79ed0000 - 0x00007ffd79ef6000 	C:\WINDOWS\System32\win32u.dll
0x00007ffd614b0000 - 0x00007ffd61743000 	C:\WINDOWS\WinSxS\amd64_microsoft.windows.common-controls_6595b64144ccf1df_6.0.22621.3672_none_2713b9d173822955\COMCTL32.dll
0x00007ffd7b4a0000 - 0x00007ffd7b4c9000 	C:\WINDOWS\System32\GDI32.dll
0x00007ffd7aa30000 - 0x00007ffd7aad7000 	C:\WINDOWS\System32\msvcrt.dll
0x00007ffd7a020000 - 0x00007ffd7a139000 	C:\WINDOWS\System32\gdi32full.dll
0x00007ffd79910000 - 0x00007ffd799aa000 	C:\WINDOWS\System32\msvcp_win.dll
0x00007ffd7ba40000 - 0x00007ffd7ba71000 	C:\WINDOWS\System32\IMM32.DLL
0x00007ffd6cd00000 - 0x00007ffd6cd0c000 	C:\Program Files\Eclipse Adoptium\jdk-21.0.2.13-hotspot\bin\vcruntime140_1.dll
0x00007ffd3c0c0000 - 0x00007ffd3c14e000 	C:\Program Files\Eclipse Adoptium\jdk-21.0.2.13-hotspot\bin\msvcp140.dll
0x00007ffcc0c10000 - 0x00007ffcc1993000 	C:\Program Files\Eclipse Adoptium\jdk-21.0.2.13-hotspot\bin\server\jvm.dll
0x00007ffd7a320000 - 0x00007ffd7a3d2000 	C:\WINDOWS\System32\ADVAPI32.dll
0x00007ffd7ba90000 - 0x00007ffd7bb39000 	C:\WINDOWS\System32\sechost.dll
0x00007ffd79a70000 - 0x00007ffd79a98000 	C:\WINDOWS\System32\bcrypt.dll
0x00007ffd7a8b0000 - 0x00007ffd7a9c4000 	C:\WINDOWS\System32\RPCRT4.dll
0x00007ffd7ab40000 - 0x00007ffd7abb1000 	C:\WINDOWS\System32\WS2_32.dll
0x00007ffd787c0000 - 0x00007ffd7880d000 	C:\WINDOWS\SYSTEM32\POWRPROF.dll
0x00007ffd6f700000 - 0x00007ffd6f734000 	C:\WINDOWS\SYSTEM32\WINMM.dll
0x00007ffd6c280000 - 0x00007ffd6c28a000 	C:\WINDOWS\SYSTEM32\VERSION.dll
0x00007ffd787a0000 - 0x00007ffd787b3000 	C:\WINDOWS\SYSTEM32\UMPDC.dll
0x00007ffd78a50000 - 0x00007ffd78a68000 	C:\WINDOWS\SYSTEM32\kernel.appcore.dll
0x00007ffd6ccb0000 - 0x00007ffd6ccba000 	C:\Program Files\Eclipse Adoptium\jdk-21.0.2.13-hotspot\bin\jimage.dll
0x00007ffd76b60000 - 0x00007ffd76d92000 	C:\WINDOWS\SYSTEM32\DBGHELP.DLL
0x00007ffd7b4f0000 - 0x00007ffd7b87e000 	C:\WINDOWS\System32\combase.dll
0x00007ffd7abc0000 - 0x00007ffd7ac97000 	C:\WINDOWS\System32\OLEAUT32.dll
0x00007ffd5ec90000 - 0x00007ffd5ecc2000 	C:\WINDOWS\SYSTEM32\dbgcore.DLL
0x00007ffd79e50000 - 0x00007ffd79ecb000 	C:\WINDOWS\System32\bcryptPrimitives.dll
0x00007ffd3c080000 - 0x00007ffd3c0bc000 	C:\Program Files\Eclipse Adoptium\jdk-21.0.2.13-hotspot\bin\jdwp.dll
0x00007ffd5dcd0000 - 0x00007ffd5dcef000 	C:\Program Files\Eclipse Adoptium\jdk-21.0.2.13-hotspot\bin\java.dll
0x00007ffd7bba0000 - 0x00007ffd7c407000 	C:\WINDOWS\System32\SHELL32.dll
0x00007ffd778a0000 - 0x00007ffd7819f000 	C:\WINDOWS\SYSTEM32\windows.storage.dll
0x00007ffd77760000 - 0x00007ffd7789f000 	C:\WINDOWS\SYSTEM32\wintypes.dll
0x00007ffd7af20000 - 0x00007ffd7b019000 	C:\WINDOWS\System32\SHCORE.dll
0x00007ffd7a9d0000 - 0x00007ffd7aa2e000 	C:\WINDOWS\System32\shlwapi.dll
0x00007ffd79840000 - 0x00007ffd79867000 	C:\WINDOWS\SYSTEM32\profapi.dll
0x00007ffd3bfa0000 - 0x00007ffd3c077000 	C:\Program Files\Eclipse Adoptium\jdk-21.0.2.13-hotspot\bin\jsvml.dll
0x00007ffd6cc00000 - 0x00007ffd6cc0c000 	C:\Program Files\Eclipse Adoptium\jdk-21.0.2.13-hotspot\bin\dt_socket.dll
0x00007ffd783f0000 - 0x00007ffd7841d000 	C:\WINDOWS\SYSTEM32\IPHLPAPI.DLL
0x00007ffd78ec0000 - 0x00007ffd78f29000 	C:\WINDOWS\system32\mswsock.dll
0x00007ffd78420000 - 0x00007ffd78518000 	C:\WINDOWS\SYSTEM32\DNSAPI.dll
0x00007ffd7ab30000 - 0x00007ffd7ab39000 	C:\WINDOWS\System32\NSI.dll
0x00007ffd70b20000 - 0x00007ffd70b2a000 	C:\Windows\System32\rasadhlp.dll
0x00007ffd6fa60000 - 0x00007ffd6fae3000 	C:\WINDOWS\System32\fwpuclnt.dll
0x00007ffd5f1b0000 - 0x00007ffd5f1c0000 	C:\Program Files\Eclipse Adoptium\jdk-21.0.2.13-hotspot\bin\net.dll
0x00007ffd713f0000 - 0x00007ffd71526000 	C:\WINDOWS\SYSTEM32\WINHTTP.dll
0x00007ffd5d860000 - 0x00007ffd5d876000 	C:\Program Files\Eclipse Adoptium\jdk-21.0.2.13-hotspot\bin\nio.dll
0x00007ffd3c550000 - 0x00007ffd3c568000 	C:\Program Files\Eclipse Adoptium\jdk-21.0.2.13-hotspot\bin\zip.dll
0x00007ffcc64e0000 - 0x00007ffcc666d000 	C:\Program Files\Eclipse Adoptium\jdk-21.0.2.13-hotspot\bin\awt.dll
0x00007ffd6ed70000 - 0x00007ffd6ee07000 	C:\WINDOWS\SYSTEM32\apphelp.dll
0x00007ffd72ba0000 - 0x00007ffd72c51000 	C:\WINDOWS\system32\uxtheme.dll
0x00007ffd7a5a0000 - 0x00007ffd7a6fe000 	C:\WINDOWS\System32\MSCTF.dll
0x00007ffd7a700000 - 0x00007ffd7a8a5000 	C:\WINDOWS\System32\ole32.dll
0x00007ffd72df0000 - 0x00007ffd72e1b000 	C:\WINDOWS\system32\DWMAPI.DLL
0x00007ffd342e0000 - 0x00007ffd343e0000 	C:\WINDOWS\system32\opengl32.dll
0x00007ffd34270000 - 0x00007ffd3429d000 	C:\WINDOWS\SYSTEM32\GLU32.dll
0x00007ffd76de0000 - 0x00007ffd76e17000 	C:\WINDOWS\SYSTEM32\dxcore.dll
0x00007ffd79110000 - 0x00007ffd7912b000 	C:\WINDOWS\SYSTEM32\CRYPTSP.dll
0x00007ffd789b0000 - 0x00007ffd789e5000 	C:\WINDOWS\system32\rsaenh.dll
0x00007ffd78fb0000 - 0x00007ffd78fd8000 	C:\WINDOWS\SYSTEM32\USERENV.dll
0x00007ffd79130000 - 0x00007ffd7913c000 	C:\WINDOWS\SYSTEM32\CRYPTBASE.dll
0x000000006e8c0000 - 0x000000006e8cd000 	C:\Users\Sabien Wyseur\AppData\Local\Temp\jogamp_0000\file_cache\jln4649345235237476015\jln17812001163037949895\natives\windows-amd64\gluegen_rt.dll
0x00007ffd5d850000 - 0x00007ffd5d857000 	C:\Program Files\Eclipse Adoptium\jdk-21.0.2.13-hotspot\bin\jawt.dll
0x000000006a440000 - 0x000000006a44d000 	C:\Users\Sabien Wyseur\AppData\Local\Temp\jogamp_0000\file_cache\jln4649345235237476015\jln17812001163037949895\natives\windows-amd64\nativewindow_awt.dll
0x000000006c100000 - 0x000000006c110000 	C:\Users\Sabien Wyseur\AppData\Local\Temp\jogamp_0000\file_cache\jln4649345235237476015\jln17812001163037949895\natives\windows-amd64\nativewindow_win32.dll
0x0000000064500000 - 0x0000000064585000 	C:\Users\Sabien Wyseur\AppData\Local\Temp\jogamp_0000\file_cache\jln4649345235237476015\jln17812001163037949895\natives\windows-amd64\jogl_desktop.dll
0x0000000064340000 - 0x0000000064391000 	C:\Users\Sabien Wyseur\AppData\Local\Temp\jogamp_0000\file_cache\jln4649345235237476015\jln17812001163037949895\natives\windows-amd64\jogl_mobile.dll
0x00007ffd6c450000 - 0x00007ffd6c499000 	C:\WINDOWS\SYSTEM32\directxdatabasehelper.dll
0x00007ffd7ad90000 - 0x00007ffd7ae40000 	C:\WINDOWS\System32\clbcatq.dll
0x00007ffcbfc30000 - 0x00007ffcc0c08000 	C:\WINDOWS\System32\DriverStore\FileRepository\iigd_dch.inf_amd64_41eb30dc35333897\igxelpicd64.dll
0x00007ffd72ce0000 - 0x00007ffd72dd7000 	C:\WINDOWS\system32\dxgi.dll
0x00007ffcc6870000 - 0x00007ffcc69ae000 	C:\WINDOWS\System32\DriverStore\FileRepository\iigd_dch.inf_amd64_41eb30dc35333897\igdml64.dll
0x00007ffd65f80000 - 0x00007ffd66370000 	C:\WINDOWS\System32\DriverStore\FileRepository\iigd_dch.inf_amd64_41eb30dc35333897\igdgmm64.dll
0x00007ffd61910000 - 0x00007ffd65f54000 	C:\WINDOWS\System32\DriverStore\FileRepository\iigd_dch.inf_amd64_41eb30dc35333897\igc64.dll
0x0000000070d80000 - 0x0000000070d93000 	C:\Users\Sabien Wyseur\AppData\Local\Temp\jogamp_0000\file_cache\jln4649345235237476015\jln17812001163037949895\natives\windows-amd64\newt_head.dll
0x00007ffd704e0000 - 0x00007ffd7059d000 	C:\WINDOWS\SYSTEM32\mscms.dll
0x00007ffce24e0000 - 0x00007ffce252a000 	C:\WINDOWS\SYSTEM32\icm32.dll
0x00007ffd7b020000 - 0x00007ffd7b494000 	C:\WINDOWS\System32\setupapi.dll
0x00007ffd795d0000 - 0x00007ffd795fc000 	C:\WINDOWS\SYSTEM32\DEVOBJ.dll
0x00007ffd79600000 - 0x00007ffd7964e000 	C:\WINDOWS\SYSTEM32\cfgmgr32.dll
0x00007ffd7a140000 - 0x00007ffd7a1ab000 	C:\WINDOWS\System32\WINTRUST.dll
0x00007ffd7a1b0000 - 0x00007ffd7a316000 	C:\WINDOWS\System32\CRYPT32.dll
0x00007ffd79170000 - 0x00007ffd79182000 	C:\WINDOWS\SYSTEM32\MSASN1.dll
0x00007ffd6aa10000 - 0x00007ffd6ab53000 	C:\WINDOWS\SYSTEM32\textinputframework.dll
0x00007ffd6e960000 - 0x00007ffd6ea93000 	C:\WINDOWS\SYSTEM32\CoreMessaging.dll
0x00007ffd6bb20000 - 0x00007ffd6be8d000 	C:\WINDOWS\SYSTEM32\CoreUIComponents.dll
0x00007ffd52e20000 - 0x00007ffd52e89000 	C:\WINDOWS\system32\Oleacc.dll

dbghelp: loaded successfully - version: 4.0.5 - missing functions: none
symbol engine: initialized successfully - sym options: 0x614 - pdb path: .;C:\Program Files\Eclipse Adoptium\jdk-21.0.2.13-hotspot\bin;C:\WINDOWS\SYSTEM32;C:\WINDOWS\WinSxS\amd64_microsoft.windows.common-controls_6595b64144ccf1df_6.0.22621.3672_none_2713b9d173822955;C:\Program Files\Eclipse Adoptium\jdk-21.0.2.13-hotspot\bin\server;C:\Users\Sabien Wyseur\AppData\Local\Temp\jogamp_0000\file_cache\jln4649345235237476015\jln17812001163037949895\natives\windows-amd64;C:\WINDOWS\System32\DriverStore\FileRepository\iigd_dch.inf_amd64_41eb30dc35333897

VM Arguments:
jvm_args: -agentlib:jdwp=transport=dt_socket,server=n,suspend=y,address=localhost:57986 -XX:+ShowCodeDetailsInExceptionMessages 
java_command: Main
java_class_path (initial): C:\Users\Sabien Wyseur\AppData\Roaming\Code\User\workspaceStorage\3562488d343c3856dd70762c0173a47c\redhat.java\jdt_ws\20240425.001-Lines_8ebfa8f6\bin;c:\Users\Sabien Wyseur\OneDrive\Steven\Sketches Processing\_libraries\queasycam\hemesh\library\eclipse-collections-9.0.0.jar;c:\Users\Sabien Wyseur\OneDrive\Steven\Sketches Processing\_libraries\queasycam\hemesh\library\hemesh.jar;c:\Users\Sabien Wyseur\OneDrive\Steven\Sketches Processing\_libraries\processing-4.3\gluegen-rt-natives-linux-amd64.jar;c:\Users\Sabien Wyseur\OneDrive\Steven\Sketches Processing\_libraries\hemesh-2019.0.2\library\eclipse-collections-api-9.0.0.jar;c:\Users\Sabien Wyseur\OneDrive\Steven\Sketches Processing\_libraries\processing-4.3\jogl-all-natives-macosx-universal.jar;c:\Users\Sabien Wyseur\OneDrive\Steven\Sketches Processing\_libraries\hemesh-2019.0.2\library\hemesh-external-6_0_0.jar;c:\Users\Sabien Wyseur\OneDrive\Steven\Sketches Processing\_libraries\processing-4.3\jogl-all-natives-linux-i586.jar;c:\Users\Sabien Wyseur\OneDrive\Steven\Sketches Processing\_libraries\hemesh-2019.0.2\library\eclipse-collections-9.0.0.jar;c:\Users\Sabien Wyseur\OneDrive\Steven\Sketches Processing\_libraries\queasycam\library\queasycam.jar;c:\Users\Sabien Wyseur\OneDrive\Steven\Sketches Processing\_libraries\processing-4.3\jogl-all.jar;c:\Users\Sabien Wyseur\OneDrive\Steven\Sketches Processing\_libraries\queasycam\hemesh\library\javaluator-3.0.2.jar;c:\Users\Sabien Wyseur\OneDrive\Steven\Sketches Processing\_libraries\processing-4.3\gluegen-rt-natives-windows-amd64.jar;c:\Users\Sabien Wyseur\OneDrive\Steven\Sketches Processing\_libraries\hemesh-2019.0.2\library\hemesh.jar;c:\Users\Sabien Wyseur\OneDrive\Steven\Sketches Processing\_libraries\hemesh-2019.0.2\library\hemesh-data-3_0_0.jar;c:\Users\Sabien Wyseur\OneDrive\Steven\Sketches Processing\_libraries\hemesh-2019.0.2\library\javaluator-3.0.2.jar;c:\Users\Sabien Wyseur\OneDrive\Steven\Sketches Processing\_libraries\processing-4.3\gluegen-rt-natives-linux-aarch64.jar;c:\Users\Sabien Wyseur\OneDrive\Steven\Sketches Processing\_libraries\processing-4.3\gluegen-rt-natives-linux-armv6hf.jar;c:\Users\Sabien Wyseur\OneDrive\Steven\Sketches Processing\_libraries\processing-4.3\jogl-all-natives-linux-armv6hf.jar;c:\Users\Sabien Wyseur\OneDrive\Steven\Sketches Processing\_libraries\processing-4.3\jogl-all-natives-windows-amd64.jar;c:\Users\Sabien Wyseur\OneDrive\Steven\Sketches Processing\_libraries\processing-4.3\gluegen-rt.jar;c:\Users\Sabien Wyseur\OneDrive\Steven\Sketches Processing\_libraries\processing-4.3\core.jar;c:\Users\Sabien Wyseur\OneDrive\Steven\Sketches Processing\_libraries\processing-4.3\jogl-all-natives-linux-amd64.jar;c:\Users\Sabien Wyseur\OneDrive\Steven\Sketches Processing\_libraries\queasycam\hemesh\library\eclipse-collections-api-9.0.0.jar;c:\Users\Sabien Wyseur\OneDrive\Steven\Sketches Processing\_libraries\processing-4.3\jogl-all-natives-windows-i586.jar;c:\Users\Sabien Wyseur\OneDrive\Steven\Sketches Processing\_libraries\controlP5\library\controlP5.jar;c:\Users\Sabien Wyseur\OneDrive\Steven\Sketches Processing\_libraries\queasycam\hemesh\library\hemesh-data-3_0_0.jar;c:\Users\Sabien Wyseur\OneDrive\Steven\Sketches Processing\_libraries\processing-4.3\gluegen-rt-natives-macosx-universal.jar;c:\Users\Sabien Wyseur\OneDrive\Steven\Sketches Processing\_libraries\processing-4.3\gluegen-rt-natives-windows-i586.jar;c:\Users\Sabien Wyseur\OneDrive\Steven\Sketches Processing\_libraries\peasycam\library\peasy-math.jar;c:\Users\Sabien Wyseur\OneDrive\Steven\Sketches Processing\_libraries\processing-4.3\jogl-all-natives-linux-aarch64.jar;c:\Users\Sabien Wyseur\OneDrive\Steven\Sketches Processing\_libraries\queasycam\hemesh\library\hemesh-external-6_0_0.jar;c:\Users\Sabien Wyseur\OneDrive\Steven\Sketches Processing\_libraries\queasycam\hemesh\library\hemesh-lab.jar;c:\Users\Sabien Wyseur\OneDrive\Steven\Sketches Processing\_libraries\peasycam\library\peasycam.jar;c:\Users\Sabien Wyseur\OneDrive\Steven\Sketches Processing\_libraries\processing-4.3\gluegen-rt-natives-linux-i586.jar;c:\Users\Sabien Wyseur\OneDrive\Steven\Sketches Processing\_libraries\hemesh-2019.0.2\library\hemesh-lab.jar
Launcher Type: SUN_STANDARD

[Global flags]
     intx CICompilerCount                          = 4                                         {product} {ergonomic}
     uint ConcGCThreads                            = 2                                         {product} {ergonomic}
     uint G1ConcRefinementThreads                  = 8                                         {product} {ergonomic}
   size_t G1HeapRegionSize                         = 1048576                                   {product} {ergonomic}
    uintx GCDrainStackTargetSize                   = 64                                        {product} {ergonomic}
   size_t InitialHeapSize                          = 127926272                                 {product} {ergonomic}
   size_t MarkStackSize                            = 4194304                                   {product} {ergonomic}
   size_t MaxHeapSize                              = 2030043136                                {product} {ergonomic}
   size_t MaxNewSize                               = 1217396736                                {product} {ergonomic}
   size_t MinHeapDeltaBytes                        = 1048576                                   {product} {ergonomic}
   size_t MinHeapSize                              = 8388608                                   {product} {ergonomic}
    uintx NonNMethodCodeHeapSize                   = 5839372                                {pd product} {ergonomic}
    uintx NonProfiledCodeHeapSize                  = 122909434                              {pd product} {ergonomic}
    uintx ProfiledCodeHeapSize                     = 122909434                              {pd product} {ergonomic}
    uintx ReservedCodeCacheSize                    = 251658240                              {pd product} {ergonomic}
     bool SegmentedCodeCache                       = true                                      {product} {ergonomic}
     bool ShowCodeDetailsInExceptionMessages       = true                                   {manageable} {command line}
   size_t SoftMaxHeapSize                          = 2030043136                             {manageable} {ergonomic}
     bool UseCompressedOops                        = true                           {product lp64_product} {ergonomic}
     bool UseG1GC                                  = true                                      {product} {ergonomic}
     bool UseLargePagesIndividualAllocation        = false                                  {pd product} {ergonomic}

Logging:
Log output configuration:
 #0: stdout all=off uptime,level,tags foldmultilines=false
 #1: stderr all=off uptime,level,tags foldmultilines=false

Environment Variables:
JAVA_HOME=C:\Program Files\Eclipse Adoptium\jdk-21.0.2.13-hotspot\
PATH=C:\Program Files\Common Files\Oracle\Java\javapath;C:\Program Files\Eclipse Adoptium\jdk-21.0.2.13-hotspot\bin;C:\Python312\Scripts\;C:\Python312\;C:\WINDOWS\system32;C:\WINDOWS;C:\WINDOWS\System32\Wbem;C:\WINDOWS\System32\WindowsPowerShell\v1.0\;C:\WINDOWS\System32\OpenSSH\;C:\Program Files\Microsoft SQL Server\Client SDK\ODBC\110\Tools\Binn\;C:\Program Files (x86)\Microsoft SQL Server\120\Tools\Binn\;C:\Program Files\Microsoft SQL Server\120\Tools\Binn\;C:\Program Files\Microsoft SQL Server\120\DTS\Binn\;C:\Program Files (x86)\Microsoft SQL Server\120\Tools\Binn\ManagementStudio\;C:\Program Files (x86)\Microsoft SQL Server\120\DTS\Binn\;C:\Program Files\nodejs\;C:\ProgramData\chocolatey\bin;C:\Program Files\Microsoft VS Code\bin;C:\Program Files (x86)\HP\Common\HPDestPlgIn\;C:\Program Files\Git\cmd;C:\Users\Sabien Wyseur\AppData\Local\Microsoft\WindowsApps;C:\Users\Sabien Wyseur\AppData\Roaming\npm;C:\Program Files (x86)\HP\Common\HPDestPlgIn\
USERNAME=Sabien Wyseur
LANG=en_US.UTF-8
OS=Windows_NT
PROCESSOR_IDENTIFIER=Intel64 Family 6 Model 140 Stepping 1, GenuineIntel
TMP=C:\Users\SABIEN~1\AppData\Local\Temp
TEMP=C:\Users\SABIEN~1\AppData\Local\Temp




Periodic native trim disabled

---------------  S Y S T E M  ---------------

OS:
 Windows 11 , 64 bit Build 22621 (10.0.22621.3958)
OS uptime: 0 days 4:08 hours

CPU: total 8 (initial active 8) (4 cores per cpu, 2 threads per core) family 6 model 140 stepping 1 microcode 0x56, cx8, cmov, fxsr, ht, mmx, 3dnowpref, sse, sse2, sse3, ssse3, sse4.1, sse4.2, popcnt, lzcnt, tsc, tscinvbit, avx, avx2, aes, erms, clmul, bmi1, bmi2, adx, avx512f, avx512dq, avx512cd, avx512bw, avx512vl, sha, fma, vzeroupper, avx512_vpopcntdq, avx512_vpclmulqdq, avx512_vaes, avx512_vnni, clflush, clflushopt, clwb, avx512_vbmi2, avx512_vbmi, rdtscp, rdpid, fsrm, gfni, avx512_bitalg, f16c, pku, cet_ibt, cet_ss, avx512_ifma
Processor Information for all 8 processors :
  Max Mhz: 2419, Current Mhz: 2419, Mhz Limit: 2419

Memory: 4k page, system-wide physical 7739M (946M free)
TotalPageFile size 15476M (AvailPageFile size 2526M)
current process WorkingSet (physical memory assigned to process): 1909M, peak: 2259M
current process commit charge ("private bytes"): 551M, peak: 662M

vm_info: OpenJDK 64-Bit Server VM (21.0.2+13-LTS) for windows-amd64 JRE (21.0.2+13-LTS), built on 2024-01-16T00:00:00Z by "admin" with unknown MS VC++:1937

END.
