#
# A fatal error has been detected by the Java Runtime Environment:
#
#  EXCEPTION_ACCESS_VIOLATION (0xc0000005) at pc=0x00007ffcbfeec3a2, pid=12388, tid=5504
#
# JRE version: OpenJDK Runtime Environment Temurin-21.0.2+13 (21.0.2+13) (build 21.0.2+13-LTS)
# Java VM: OpenJDK 64-Bit Server VM Temurin-21.0.2+13 (21.0.2+13-LTS, mixed mode, sharing, tiered, compressed oops, compressed class ptrs, g1 gc, windows-amd64)
# Problematic frame:
# C  [igxelpicd64.dll+0x2bc3a2]
#
# No core dump will be written. Minidumps are not enabled by default on client versions of Windows
#
# If you would like to submit a bug report, please visit:
#   https://github.com/adoptium/adoptium-support/issues
#

---------------  S U M M A R Y ------------

Command Line: -agentlib:jdwp=transport=dt_socket,server=n,suspend=y,address=localhost:58512 -XX:+ShowCodeDetailsInExceptionMessages Main

Host: 11th Gen Intel(R) Core(TM) i5-1135G7 @ 2.40GHz, 8 cores, 7G,  Windows 11 , 64 bit Build 22621 (10.0.22621.3958)
Time: Tue Oct  8 12:42:32 2024 Romance (zomertijd) elapsed time: 251.137721 seconds (0d 0h 4m 11s)

---------------  T H R E A D  ---------------

Current thread (0x0000023f7de88fe0):  VMThread "VM Thread"          [id=5504, stack(0x0000008d29600000,0x0000008d29700000) (1024K)]

Stack: [0x0000008d29600000,0x0000008d29700000],  sp=0x0000008d296fe7d0,  free space=1017k
Native frames: (J=compiled Java code, j=interpreted, Vv=VM code, C=native code)
C  [igxelpicd64.dll+0x2bc3a2]


siginfo: EXCEPTION_ACCESS_VIOLATION (0xc0000005), reading address 0x0000000000035888


Registers:
RAX=0x0000023f85976768, RBX=0x0000023f85976540, RCX=0x0000000000000000, RDX=0x00000000fffffff4
RSP=0x0000008d296fe7d0, RBP=0x0000000000000000, RSI=0x0000023f85976b10, RDI=0x0000023f4edf1dd0
R8 =0x0000000000000014, R9 =0x0000000000000004, R10=0x0000000000000000, R11=0x0000000000000246
R12=0x0000023f4ef5e800, R13=0x0000023f8597d4d0, R14=0x0000000000053600, R15=0x0000000000000016
RIP=0x00007ffcbfeec3a2, EFLAGS=0x0000000000010202


Register to memory mapping:

RAX=0x0000023f85976768 points into unknown readable memory: 0x00000000000532d7 | d7 32 05 00 00 00 00 00
RBX=0x0000023f85976540 points into unknown readable memory: 0x0000023f7ecc6d20 | 20 6d cc 7e 3f 02 00 00
RCX=0x0 is null
RDX=0x00000000fffffff4 is an unallocated location in the heap
RSP=0x0000008d296fe7d0 points into unknown readable memory: 0x0000023f458deb90 | 90 eb 8d 45 3f 02 00 00
RBP=0x0 is null
RSI=0x0000023f85976b10 points into unknown readable memory: 0x0000023f8597d4d0 | d0 d4 97 85 3f 02 00 00
RDI=0x0000023f4edf1dd0 points into unknown readable memory: 0x0000023f4f073000 | 00 30 07 4f 3f 02 00 00
R8 =0x0000000000000014 is an unknown value
R9 =0x0000000000000004 is an unknown value
R10=0x0 is null
R11=0x0000000000000246 is an unknown value
R12=0x0000023f4ef5e800 points into unknown readable memory: 0x00007ffcc06ed848 | 48 d8 6e c0 fc 7f 00 00
R13=0x0000023f8597d4d0 points into unknown readable memory: 0x0000023f7ecc6d20 | 20 6d cc 7e 3f 02 00 00
R14=0x0000000000053600 is an unknown value
R15=0x0000000000000016 is an unknown value

Top of Stack: (sp=0x0000008d296fe7d0)
0x0000008d296fe7d0:   0000023f458deb90 0000000000000000
0x0000008d296fe7e0:   0000000000000001 00007ffd7c694174
0x0000008d296fe7f0:   0000023f4ef298c0 0000023f4ef6a001
0x0000008d296fe800:   0000023f4ef5fa30 0000023f4ef63b30
0x0000008d296fe810:   0000000000000013 00000000000536cf
0x0000008d296fe820:   0000b80219960000 0000023f4ef5e818
0x0000008d296fe830:   0000000000000000 0000000000000000
0x0000008d296fe840:   0000008d296fe950 00007ffcbfedbdb7
0x0000008d296fe850:   0000023f458deb90 0000023f4edf1dd0
0x0000008d296fe860:   0000023f4ef5f100 0000023f4ef29800
0x0000008d296fe870:   0000008d00001698 00007ffc00000000
0x0000008d296fe880:   0000000000000000 0000000000000000
0x0000008d296fe890:   0000000000000000 0000023f4ef6a090
0x0000008d296fe8a0:   0000008d28ac2000 00007ffd7c60dce6
0x0000008d296fe8b0:   0000000000000001 0000023f4ef5e450
0x0000008d296fe8c0:   0000008d296feaa8 00007ffd7c685a21
0x0000008d296fe8d0:   0000008d296fea48 0000008d296fea40
0x0000008d296fe8e0:   0000008d28ac2000 00007ffcbfeee1dc
0x0000008d296fe8f0:   0000000000000001 0000023f4ef298c0
0x0000008d296fe900:   0000b80219960000 0000000000001698
0x0000008d296fe910:   0000000000000000 80002d4000000001
0x0000008d296fe920:   0000000000000000 0000000000000000
0x0000008d296fe930:   0000000000000000 0000000000000000
0x0000008d296fe940:   0000000000000000 0000000000000000
0x0000008d296fe950:   0000000000000000 0000000000000000
0x0000008d296fe960:   0000000000000000 0000000000000000
0x0000008d296fe970:   0000000000000000 0000000000000000
0x0000008d296fe980:   0000000000000000 0000000000000000
0x0000008d296fe990:   0000000000000000 0000000000000000
0x0000008d296fe9a0:   0000000000000000 0000000000000000
0x0000008d296fe9b0:   0000000000000000 0000000000000000
0x0000008d296fe9c0:   0000000000000000 0000000000000000 

Instructions: (pc=0x00007ffcbfeec3a2)
0x00007ffcbfeec2a2:   8b fa 48 8b e9 48 8b 1d ba e4 c5 00 48 89 58 08
0x00007ffcbfeec2b2:   48 8b cb ff 15 4d ee 7e 00 90 4c 8b af 78 02 00
0x00007ffcbfeec2c2:   00 48 8b 05 16 be b5 00 44 8b b8 90 0b 00 00 45
0x00007ffcbfeec2d2:   33 d2 45 8a f2 4c 89 97 78 02 00 00 44 89 97 80
0x00007ffcbfeec2e2:   02 00 00 4c 89 97 98 02 00 00 4c 89 97 88 02 00
0x00007ffcbfeec2f2:   00 48 85 ed 75 38 8b 35 62 be c5 00 65 48 8b 04
0x00007ffcbfeec302:   25 58 00 00 00 b9 14 00 00 00 48 8b 04 f0 44 38
0x00007ffcbfeec312:   14 01 0f 84 30 4d 6c 00 65 48 8b 04 25 58 00 00
0x00007ffcbfeec322:   00 bd 20 00 00 00 48 8b 04 f0 48 8b 2c 28 48 3b
0x00007ffcbfeec332:   2d b9 e3 c5 00 45 0f 44 fa 4d 85 ed 0f 84 72 01
0x00007ffcbfeec342:   00 00 44 8a a4 24 90 00 00 00 49 8b dd 49 8d b5
0x00007ffcbfeec352:   d0 05 00 00 4c 8b 2e 45 84 e4 0f 85 2c 03 00 00
0x00007ffcbfeec362:   44 8b 8f c8 01 00 00 48 8b 05 70 bd b5 00 83 b8
0x00007ffcbfeec372:   68 03 00 00 02 75 36 41 8d 51 f0 41 83 f9 10 0f
0x00007ffcbfeec382:   83 74 01 00 00 4a 8d 04 cd 21 00 00 00 49 03 c1
0x00007ffcbfeec392:   48 8d 04 c3 48 85 c0 0f 85 4a 01 00 00 49 8b ca
0x00007ffcbfeec3a2:   48 3b 8d 88 58 03 00 0f 87 a8 4c 6c 00 48 8d 93
0x00007ffcbfeec3b2:   08 01 00 00 4c 39 93 48 06 00 00 0f 85 13 4e 6c
0x00007ffcbfeec3c2:   00 44 8b 9f c8 01 00 00 48 8b 87 e0 01 00 00 4c
0x00007ffcbfeec3d2:   8b 10 44 8b 87 c8 01 00 00 41 83 f8 10 0f 83 43
0x00007ffcbfeec3e2:   01 00 00 4b 8d 0c c0 48 8d 04 ca 48 85 c0 0f 85
0x00007ffcbfeec3f2:   fc 00 00 00 33 c9 49 3b ca 0f 86 58 01 00 00 45
0x00007ffcbfeec402:   33 d2 48 8b 87 78 02 00 00 48 89 06 48 89 9f 78
0x00007ffcbfeec412:   02 00 00 ff 87 80 02 00 00 48 8b 43 08 48 8b 88
0x00007ffcbfeec422:   18 01 00 00 48 81 e1 00 00 ff ff 48 81 c1 00 00
0x00007ffcbfeec432:   01 00 48 01 8f 88 02 00 00 48 8b 43 08 48 8b 88
0x00007ffcbfeec442:   18 01 00 00 48 01 8f 98 02 00 00 eb 45 48 8b d3
0x00007ffcbfeec452:   41 8b cb e8 a6 06 ff ff 45 33 d2 84 c0 75 a3 44
0x00007ffcbfeec462:   38 53 1c 0f 84 23 02 00 00 48 8b 87 f8 02 00 00
0x00007ffcbfeec472:   48 03 87 98 02 00 00 48 3b 87 a0 02 00 00 0f 83
0x00007ffcbfeec482:   7c 4d 6c 00 48 8b d3 48 8b cf e8 4f f0 ff ff 45
0x00007ffcbfeec492:   33 d2 4d 85 ed 0f 85 af fe ff ff 45 84 f6 44 8a 


Stack slot to memory mapping:

stack at sp + 0 slots: 0x0000023f458deb90 points into unknown readable memory: 0xffffffffffffffff | ff ff ff ff ff ff ff ff
stack at sp + 1 slots: 0x0 is null
stack at sp + 2 slots: 0x0000000000000001 is an unknown value
stack at sp + 3 slots: 0x00007ffd7c694174 ntdll.dll
stack at sp + 4 slots: 0x0000023f4ef298c0 points into unknown readable memory: 0x0000023f458e0b00 | 00 0b 8e 45 3f 02 00 00
stack at sp + 5 slots: 0x0000023f4ef6a001 points into unknown readable memory: 00 00 7a 00 00 00 00
stack at sp + 6 slots: 0x0000023f4ef5fa30 points into unknown readable memory: 0x0000023f4ef5fa40 | 40 fa f5 4e 3f 02 00 00
stack at sp + 7 slots: 0x0000023f4ef63b30 points into unknown readable memory: 0x0000000000000000 | 00 00 00 00 00 00 00 00

VM_Operation (0x0000008d2b9fed70): Exit, mode: safepoint, requested by thread 0x0000023f4efdc2a0


---------------  P R O C E S S  ---------------

Threads class SMR info:
_java_thread_list=0x0000023f462856f0, length=18, elements={
0x0000023f7deabb50, 0x0000023f7deac960, 0x0000023f7deb78a0, 0x0000023f7debe4f0,
0x0000023f7debde60, 0x0000023f7debcab0, 0x0000023f7dec20a0, 0x0000023f7dec5fd0,
0x0000023f7e1aeb30, 0x0000023f7e1b15e0, 0x0000023f7e1b4c20, 0x0000023f7debd7d0,
0x0000023f7debd140, 0x0000023f7debeb80, 0x0000023f464aef20, 0x0000023f7ecbf1e0,
0x0000023f4efdc2a0, 0x0000023f4e672420
}

Java Threads: ( => current thread )
  0x0000023f7deabb50 JavaThread "Reference Handler"          daemon [_thread_blocked, id=11196, stack(0x0000008d29700000,0x0000008d29800000) (1024K)]
  0x0000023f7deac960 JavaThread "Finalizer"                  daemon [_thread_blocked, id=4792, stack(0x0000008d29800000,0x0000008d29900000) (1024K)]
  0x0000023f7deb78a0 JavaThread "Signal Dispatcher"          daemon [_thread_blocked, id=2196, stack(0x0000008d29900000,0x0000008d29a00000) (1024K)]
  0x0000023f7debe4f0 JavaThread "Attach Listener"            daemon [_thread_blocked, id=4684, stack(0x0000008d29a00000,0x0000008d29b00000) (1024K)]
  0x0000023f7debde60 JavaThread "Service Thread"             daemon [_thread_blocked, id=9876, stack(0x0000008d29b00000,0x0000008d29c00000) (1024K)]
  0x0000023f7debcab0 JavaThread "Monitor Deflation Thread"   daemon [_thread_blocked, id=6408, stack(0x0000008d29c00000,0x0000008d29d00000) (1024K)]
  0x0000023f7dec20a0 JavaThread "C2 CompilerThread0"         daemon [_thread_blocked, id=16772, stack(0x0000008d29d00000,0x0000008d29e00000) (1024K)]
  0x0000023f7dec5fd0 JavaThread "C1 CompilerThread0"         daemon [_thread_blocked, id=17864, stack(0x0000008d29e00000,0x0000008d29f00000) (1024K)]
  0x0000023f7e1aeb30 JavaThread "JDWP Transport Listener: dt_socket" daemon [_thread_blocked, id=18128, stack(0x0000008d29f00000,0x0000008d2a000000) (1024K)]
  0x0000023f7e1b15e0 JavaThread "JDWP Event Helper Thread"   daemon [_thread_blocked, id=11004, stack(0x0000008d2a000000,0x0000008d2a100000) (1024K)]
  0x0000023f7e1b4c20 JavaThread "JDWP Command Reader"        daemon [_thread_blocked, id=15868, stack(0x0000008d2a100000,0x0000008d2a200000) (1024K)]
  0x0000023f7debd7d0 JavaThread "Notification Thread"        daemon [_thread_blocked, id=9964, stack(0x0000008d2a200000,0x0000008d2a300000) (1024K)]
  0x0000023f7debd140 JavaThread "Common-Cleaner"             daemon [_thread_blocked, id=5216, stack(0x0000008d2a300000,0x0000008d2a400000) (1024K)]
  0x0000023f7debeb80 JavaThread "Java2D Disposer"            daemon [_thread_blocked, id=16184, stack(0x0000008d2a600000,0x0000008d2a700000) (1024K)]
  0x0000023f464aef20 JavaThread "HighResTimerThread"         daemon [_thread_blocked, id=9776, stack(0x0000008d2b400000,0x0000008d2b500000) (1024K)]
  0x0000023f7ecbf1e0 JavaThread "DestroyJavaVM"                     [_thread_blocked, id=16560, stack(0x0000008d28f00000,0x0000008d29000000) (1024K)]
  0x0000023f4efdc2a0 JavaThread "main-FPSAWTAnimator#00-Timer0-FPSAWTAnimator#00-Timer1"        [_thread_blocked, id=3984, stack(0x0000008d2b900000,0x0000008d2ba00000) (1024K)]
  0x0000023f4e672420 JavaThread "AWT-Shutdown"                      [_thread_blocked, id=8520, stack(0x0000008d2b500000,0x0000008d2b600000) (1024K)]
Total: 18

Other Threads:
=>0x0000023f7de88fe0 VMThread "VM Thread"                           [id=5504, stack(0x0000008d29600000,0x0000008d29700000) (1024K)]
  0x0000023f5f539fd0 WorkerThread "GC Thread#0"                     [id=13880, stack(0x0000008d29000000,0x0000008d29100000) (1024K)]
  0x0000023f45cb9ac0 WorkerThread "GC Thread#1"                     [id=13860, stack(0x0000008d2ad00000,0x0000008d2ae00000) (1024K)]
  0x0000023f45cb9e60 WorkerThread "GC Thread#2"                     [id=7476, stack(0x0000008d2ae00000,0x0000008d2af00000) (1024K)]
  0x0000023f45cba200 WorkerThread "GC Thread#3"                     [id=17992, stack(0x0000008d2af00000,0x0000008d2b000000) (1024K)]
  0x0000023f45cba5a0 WorkerThread "GC Thread#4"                     [id=14000, stack(0x0000008d2b000000,0x0000008d2b100000) (1024K)]
  0x0000023f45cba940 WorkerThread "GC Thread#5"                     [id=8348, stack(0x0000008d2b100000,0x0000008d2b200000) (1024K)]
  0x0000023f45cec190 WorkerThread "GC Thread#6"                     [id=15840, stack(0x0000008d2b200000,0x0000008d2b300000) (1024K)]
  0x0000023f45cec530 WorkerThread "GC Thread#7"                     [id=7632, stack(0x0000008d2b300000,0x0000008d2b400000) (1024K)]
  0x0000023f5f54a3c0 ConcurrentGCThread "G1 Main Marker"            terminated
  0x0000023f5f54b470 WorkerThread "G1 Conc#0"                       [id=7152, stack(0x0000008d29200000,0x0000008d29300000) (1024K)]
  0x0000023f7dd46510 ConcurrentGCThread "G1 Refine#0"               terminated
  0x0000023f5f4db260 ConcurrentGCThread "G1 Service"                terminated
Total: 13

Threads with active compile tasks:
Total: 0

VM state: at safepoint (shutting down)

VM Mutex/Monitor currently owned by a thread:  ([mutex/lock_event])
[0x00007ffcc18b3198] Threads_lock - owner thread: 0x0000023f7de88fe0
[0x00007ffcc18b3298] Heap_lock - owner thread: 0x0000023f4efdc2a0

Heap address: 0x0000000087000000, size: 1936 MB, Compressed Oops mode: 32-bit

CDS archive(s) mapped at: [0x0000023f00000000-0x0000023f00c90000-0x0000023f00c90000), size 13172736, SharedBaseAddress: 0x0000023f00000000, ArchiveRelocationMode: 1.
Compressed class space mapped at: 0x0000023f01000000-0x0000023f41000000, reserved size: 1073741824
Narrow klass base: 0x0000023f00000000, Narrow klass shift: 0, Narrow klass range: 0x100000000

GC Precious Log:
 CardTable entry size: 512
 Card Set container configuration: InlinePtr #cards 5 size 8 Array Of Cards #cards 12 size 40 Howl #buckets 4 coarsen threshold 1843 Howl Bitmap #cards 512 size 80 coarsen threshold 460 Card regions per heap region 1 cards per card region 2048
 CPUs: 8 total, 8 available
 Memory: 7739M
 Large Page Support: Disabled
 NUMA Support: Disabled
 Compressed Oops: Enabled (32-bit)
 Heap Region Size: 1M
 Heap Min Capacity: 8M
 Heap Initial Capacity: 122M
 Heap Max Capacity: 1936M
 Pre-touch: Disabled
 Parallel Workers: 8
 Concurrent Workers: 2
 Concurrent Refinement Workers: 8
 Periodic GC: Disabled

Heap:
 garbage-first heap   total 264192K, used 195685K [0x0000000087000000, 0x0000000100000000)
  region size 1024K, 136 young (139264K), 3 survivors (3072K)
 Metaspace       used 16010K, committed 16320K, reserved 1114112K
  class space    used 1176K, committed 1344K, reserved 1048576K

Heap Regions: E=young(eden), S=young(survivor), O=old, HS=humongous(starts), HC=humongous(continues), CS=collection set, F=free, TAMS=top-at-mark-start, PB=parsable bottom
|   0|0x0000000087000000, 0x0000000087100000, 0x0000000087100000|100%|HS|  |TAMS 0x0000000087000000| PB 0x0000000087000000| Complete 
|   1|0x0000000087100000, 0x0000000087200000, 0x0000000087200000|100%|HC|  |TAMS 0x0000000087100000| PB 0x0000000087100000| Complete 
|   2|0x0000000087200000, 0x0000000087300000, 0x0000000087300000|100%| O|  |TAMS 0x0000000087200000| PB 0x0000000087200000| Untracked 
|   3|0x0000000087300000, 0x0000000087400000, 0x0000000087400000|100%| O|  |TAMS 0x0000000087300000| PB 0x0000000087300000| Untracked 
|   4|0x0000000087400000, 0x0000000087500000, 0x0000000087500000|100%| O|  |TAMS 0x0000000087400000| PB 0x0000000087400000| Untracked 
|   5|0x0000000087500000, 0x0000000087600000, 0x0000000087600000|100%| O|  |TAMS 0x0000000087500000| PB 0x0000000087500000| Untracked 
|   6|0x0000000087600000, 0x0000000087700000, 0x0000000087700000|100%| O|  |TAMS 0x0000000087600000| PB 0x0000000087600000| Untracked 
|   7|0x0000000087700000, 0x0000000087800000, 0x0000000087800000|100%| O|  |TAMS 0x0000000087700000| PB 0x0000000087700000| Untracked 
|   8|0x0000000087800000, 0x0000000087900000, 0x0000000087900000|100%| O|  |TAMS 0x0000000087800000| PB 0x0000000087800000| Untracked 
|   9|0x0000000087900000, 0x0000000087a00000, 0x0000000087a00000|100%|HS|  |TAMS 0x0000000087900000| PB 0x0000000087900000| Complete 
|  10|0x0000000087a00000, 0x0000000087b00000, 0x0000000087b00000|100%|HS|  |TAMS 0x0000000087a00000| PB 0x0000000087a00000| Complete 
|  11|0x0000000087b00000, 0x0000000087c00000, 0x0000000087c00000|100%| O|  |TAMS 0x0000000087b00000| PB 0x0000000087b00000| Untracked 
|  12|0x0000000087c00000, 0x0000000087d00000, 0x0000000087d00000|100%| O|  |TAMS 0x0000000087c00000| PB 0x0000000087c00000| Untracked 
|  13|0x0000000087d00000, 0x0000000087e00000, 0x0000000087e00000|100%| O|  |TAMS 0x0000000087d00000| PB 0x0000000087d00000| Untracked 
|  14|0x0000000087e00000, 0x0000000087f00000, 0x0000000087f00000|100%| O|  |TAMS 0x0000000087e00000| PB 0x0000000087e00000| Untracked 
|  15|0x0000000087f00000, 0x0000000088000000, 0x0000000088000000|100%| O|  |TAMS 0x0000000087f00000| PB 0x0000000087f00000| Untracked 
|  16|0x0000000088000000, 0x0000000088100000, 0x0000000088100000|100%|HS|  |TAMS 0x0000000088000000| PB 0x0000000088000000| Complete 
|  17|0x0000000088100000, 0x0000000088200000, 0x0000000088200000|100%|HC|  |TAMS 0x0000000088100000| PB 0x0000000088100000| Complete 
|  18|0x0000000088200000, 0x0000000088300000, 0x0000000088300000|100%|HC|  |TAMS 0x0000000088200000| PB 0x0000000088200000| Complete 
|  19|0x0000000088300000, 0x0000000088400000, 0x0000000088400000|100%|HC|  |TAMS 0x0000000088300000| PB 0x0000000088300000| Complete 
|  20|0x0000000088400000, 0x0000000088500000, 0x0000000088500000|100%|HC|  |TAMS 0x0000000088400000| PB 0x0000000088400000| Complete 
|  21|0x0000000088500000, 0x0000000088600000, 0x0000000088600000|100%|HC|  |TAMS 0x0000000088500000| PB 0x0000000088500000| Complete 
|  22|0x0000000088600000, 0x0000000088700000, 0x0000000088700000|100%|HC|  |TAMS 0x0000000088600000| PB 0x0000000088600000| Complete 
|  23|0x0000000088700000, 0x0000000088800000, 0x0000000088800000|100%|HC|  |TAMS 0x0000000088700000| PB 0x0000000088700000| Complete 
|  24|0x0000000088800000, 0x0000000088900000, 0x0000000088900000|100%|HC|  |TAMS 0x0000000088800000| PB 0x0000000088800000| Complete 
|  25|0x0000000088900000, 0x0000000088a00000, 0x0000000088a00000|100%|HC|  |TAMS 0x0000000088900000| PB 0x0000000088900000| Complete 
|  26|0x0000000088a00000, 0x0000000088b00000, 0x0000000088b00000|100%|HC|  |TAMS 0x0000000088a00000| PB 0x0000000088a00000| Complete 
|  27|0x0000000088b00000, 0x0000000088c00000, 0x0000000088c00000|100%|HC|  |TAMS 0x0000000088b00000| PB 0x0000000088b00000| Complete 
|  28|0x0000000088c00000, 0x0000000088d00000, 0x0000000088d00000|100%|HC|  |TAMS 0x0000000088c00000| PB 0x0000000088c00000| Complete 
|  29|0x0000000088d00000, 0x0000000088e00000, 0x0000000088e00000|100%|HC|  |TAMS 0x0000000088d00000| PB 0x0000000088d00000| Complete 
|  30|0x0000000088e00000, 0x0000000088f00000, 0x0000000088f00000|100%|HC|  |TAMS 0x0000000088e00000| PB 0x0000000088e00000| Complete 
|  31|0x0000000088f00000, 0x0000000089000000, 0x0000000089000000|100%|HC|  |TAMS 0x0000000088f00000| PB 0x0000000088f00000| Complete 
|  32|0x0000000089000000, 0x0000000089100000, 0x0000000089100000|100%|HC|  |TAMS 0x0000000089000000| PB 0x0000000089000000| Complete 
|  33|0x0000000089100000, 0x0000000089200000, 0x0000000089200000|100%|HC|  |TAMS 0x0000000089100000| PB 0x0000000089100000| Complete 
|  34|0x0000000089200000, 0x0000000089300000, 0x0000000089300000|100%|HC|  |TAMS 0x0000000089200000| PB 0x0000000089200000| Complete 
|  35|0x0000000089300000, 0x0000000089400000, 0x0000000089400000|100%|HC|  |TAMS 0x0000000089300000| PB 0x0000000089300000| Complete 
|  36|0x0000000089400000, 0x0000000089500000, 0x0000000089500000|100%|HC|  |TAMS 0x0000000089400000| PB 0x0000000089400000| Complete 
|  37|0x0000000089500000, 0x0000000089600000, 0x0000000089600000|100%|HC|  |TAMS 0x0000000089500000| PB 0x0000000089500000| Complete 
|  38|0x0000000089600000, 0x0000000089700000, 0x0000000089700000|100%|HC|  |TAMS 0x0000000089600000| PB 0x0000000089600000| Complete 
|  39|0x0000000089700000, 0x0000000089800000, 0x0000000089800000|100%|HC|  |TAMS 0x0000000089700000| PB 0x0000000089700000| Complete 
|  40|0x0000000089800000, 0x0000000089900000, 0x0000000089900000|100%|HC|  |TAMS 0x0000000089800000| PB 0x0000000089800000| Complete 
|  41|0x0000000089900000, 0x0000000089a00000, 0x0000000089a00000|100%|HC|  |TAMS 0x0000000089900000| PB 0x0000000089900000| Complete 
|  42|0x0000000089a00000, 0x0000000089b00000, 0x0000000089b00000|100%|HC|  |TAMS 0x0000000089a00000| PB 0x0000000089a00000| Complete 
|  43|0x0000000089b00000, 0x0000000089c00000, 0x0000000089c00000|100%|HC|  |TAMS 0x0000000089b00000| PB 0x0000000089b00000| Complete 
|  44|0x0000000089c00000, 0x0000000089d00000, 0x0000000089d00000|100%|HC|  |TAMS 0x0000000089c00000| PB 0x0000000089c00000| Complete 
|  45|0x0000000089d00000, 0x0000000089e00000, 0x0000000089e00000|100%|HC|  |TAMS 0x0000000089d00000| PB 0x0000000089d00000| Complete 
|  46|0x0000000089e00000, 0x0000000089f00000, 0x0000000089f00000|100%|HC|  |TAMS 0x0000000089e00000| PB 0x0000000089e00000| Complete 
|  47|0x0000000089f00000, 0x000000008a000000, 0x000000008a000000|100%|HC|  |TAMS 0x0000000089f00000| PB 0x0000000089f00000| Complete 
|  48|0x000000008a000000, 0x000000008a100000, 0x000000008a100000|100%|HC|  |TAMS 0x000000008a000000| PB 0x000000008a000000| Complete 
|  49|0x000000008a100000, 0x000000008a200000, 0x000000008a200000|100%|HC|  |TAMS 0x000000008a100000| PB 0x000000008a100000| Complete 
|  50|0x000000008a200000, 0x000000008a300000, 0x000000008a300000|100%|HC|  |TAMS 0x000000008a200000| PB 0x000000008a200000| Complete 
|  51|0x000000008a300000, 0x000000008a400000, 0x000000008a400000|100%|HC|  |TAMS 0x000000008a300000| PB 0x000000008a300000| Complete 
|  52|0x000000008a400000, 0x000000008a500000, 0x000000008a500000|100%|HC|  |TAMS 0x000000008a400000| PB 0x000000008a400000| Complete 
|  53|0x000000008a500000, 0x000000008a600000, 0x000000008a600000|100%|HC|  |TAMS 0x000000008a500000| PB 0x000000008a500000| Complete 
|  54|0x000000008a600000, 0x000000008a700000, 0x000000008a700000|100%|HC|  |TAMS 0x000000008a600000| PB 0x000000008a600000| Complete 
|  55|0x000000008a700000, 0x000000008a800000, 0x000000008a800000|100%|HC|  |TAMS 0x000000008a700000| PB 0x000000008a700000| Complete 
|  56|0x000000008a800000, 0x000000008a8feeb0, 0x000000008a900000| 99%| O|  |TAMS 0x000000008a800000| PB 0x000000008a800000| Untracked 
|  57|0x000000008a900000, 0x000000008a900000, 0x000000008aa00000|  0%| F|  |TAMS 0x000000008a900000| PB 0x000000008a900000| Untracked 
|  58|0x000000008aa00000, 0x000000008aa00000, 0x000000008ab00000|  0%| F|  |TAMS 0x000000008aa00000| PB 0x000000008aa00000| Untracked 
|  59|0x000000008ab00000, 0x000000008ab00000, 0x000000008ac00000|  0%| F|  |TAMS 0x000000008ab00000| PB 0x000000008ab00000| Untracked 
|  60|0x000000008ac00000, 0x000000008ac00000, 0x000000008ad00000|  0%| F|  |TAMS 0x000000008ac00000| PB 0x000000008ac00000| Untracked 
|  61|0x000000008ad00000, 0x000000008ad00000, 0x000000008ae00000|  0%| F|  |TAMS 0x000000008ad00000| PB 0x000000008ad00000| Untracked 
|  62|0x000000008ae00000, 0x000000008ae00000, 0x000000008af00000|  0%| F|  |TAMS 0x000000008ae00000| PB 0x000000008ae00000| Untracked 
|  63|0x000000008af00000, 0x000000008af00000, 0x000000008b000000|  0%| F|  |TAMS 0x000000008af00000| PB 0x000000008af00000| Untracked 
|  64|0x000000008b000000, 0x000000008b000000, 0x000000008b100000|  0%| F|  |TAMS 0x000000008b000000| PB 0x000000008b000000| Untracked 
|  65|0x000000008b100000, 0x000000008b100000, 0x000000008b200000|  0%| F|  |TAMS 0x000000008b100000| PB 0x000000008b100000| Untracked 
|  66|0x000000008b200000, 0x000000008b200000, 0x000000008b300000|  0%| F|  |TAMS 0x000000008b200000| PB 0x000000008b200000| Untracked 
|  67|0x000000008b300000, 0x000000008b300000, 0x000000008b400000|  0%| F|  |TAMS 0x000000008b300000| PB 0x000000008b300000| Untracked 
|  68|0x000000008b400000, 0x000000008b400000, 0x000000008b500000|  0%| F|  |TAMS 0x000000008b400000| PB 0x000000008b400000| Untracked 
|  69|0x000000008b500000, 0x000000008b500000, 0x000000008b600000|  0%| F|  |TAMS 0x000000008b500000| PB 0x000000008b500000| Untracked 
|  70|0x000000008b600000, 0x000000008b600000, 0x000000008b700000|  0%| F|  |TAMS 0x000000008b600000| PB 0x000000008b600000| Untracked 
|  71|0x000000008b700000, 0x000000008b700000, 0x000000008b800000|  0%| F|  |TAMS 0x000000008b700000| PB 0x000000008b700000| Untracked 
|  72|0x000000008b800000, 0x000000008b800000, 0x000000008b900000|  0%| F|  |TAMS 0x000000008b800000| PB 0x000000008b800000| Untracked 
|  73|0x000000008b900000, 0x000000008b900000, 0x000000008ba00000|  0%| F|  |TAMS 0x000000008b900000| PB 0x000000008b900000| Untracked 
|  74|0x000000008ba00000, 0x000000008ba00000, 0x000000008bb00000|  0%| F|  |TAMS 0x000000008ba00000| PB 0x000000008ba00000| Untracked 
|  75|0x000000008bb00000, 0x000000008bb00000, 0x000000008bc00000|  0%| F|  |TAMS 0x000000008bb00000| PB 0x000000008bb00000| Untracked 
|  76|0x000000008bc00000, 0x000000008bc00000, 0x000000008bd00000|  0%| F|  |TAMS 0x000000008bc00000| PB 0x000000008bc00000| Untracked 
|  77|0x000000008bd00000, 0x000000008bd00000, 0x000000008be00000|  0%| F|  |TAMS 0x000000008bd00000| PB 0x000000008bd00000| Untracked 
|  78|0x000000008be00000, 0x000000008be00000, 0x000000008bf00000|  0%| F|  |TAMS 0x000000008be00000| PB 0x000000008be00000| Untracked 
|  79|0x000000008bf00000, 0x000000008bf00000, 0x000000008c000000|  0%| F|  |TAMS 0x000000008bf00000| PB 0x000000008bf00000| Untracked 
|  80|0x000000008c000000, 0x000000008c000000, 0x000000008c100000|  0%| F|  |TAMS 0x000000008c000000| PB 0x000000008c000000| Untracked 
|  81|0x000000008c100000, 0x000000008c100000, 0x000000008c200000|  0%| F|  |TAMS 0x000000008c100000| PB 0x000000008c100000| Untracked 
|  82|0x000000008c200000, 0x000000008c200000, 0x000000008c300000|  0%| F|  |TAMS 0x000000008c200000| PB 0x000000008c200000| Untracked 
|  83|0x000000008c300000, 0x000000008c300000, 0x000000008c400000|  0%| F|  |TAMS 0x000000008c300000| PB 0x000000008c300000| Untracked 
|  84|0x000000008c400000, 0x000000008c400000, 0x000000008c500000|  0%| F|  |TAMS 0x000000008c400000| PB 0x000000008c400000| Untracked 
|  85|0x000000008c500000, 0x000000008c500000, 0x000000008c600000|  0%| F|  |TAMS 0x000000008c500000| PB 0x000000008c500000| Untracked 
|  86|0x000000008c600000, 0x000000008c600000, 0x000000008c700000|  0%| F|  |TAMS 0x000000008c600000| PB 0x000000008c600000| Untracked 
|  87|0x000000008c700000, 0x000000008c700000, 0x000000008c800000|  0%| F|  |TAMS 0x000000008c700000| PB 0x000000008c700000| Untracked 
|  88|0x000000008c800000, 0x000000008c800000, 0x000000008c900000|  0%| F|  |TAMS 0x000000008c800000| PB 0x000000008c800000| Untracked 
|  89|0x000000008c900000, 0x000000008c900000, 0x000000008ca00000|  0%| F|  |TAMS 0x000000008c900000| PB 0x000000008c900000| Untracked 
|  90|0x000000008ca00000, 0x000000008ca00000, 0x000000008cb00000|  0%| F|  |TAMS 0x000000008ca00000| PB 0x000000008ca00000| Untracked 
|  91|0x000000008cb00000, 0x000000008cb00000, 0x000000008cc00000|  0%| F|  |TAMS 0x000000008cb00000| PB 0x000000008cb00000| Untracked 
|  92|0x000000008cc00000, 0x000000008cc00000, 0x000000008cd00000|  0%| F|  |TAMS 0x000000008cc00000| PB 0x000000008cc00000| Untracked 
|  93|0x000000008cd00000, 0x000000008cd00000, 0x000000008ce00000|  0%| F|  |TAMS 0x000000008cd00000| PB 0x000000008cd00000| Untracked 
|  94|0x000000008ce00000, 0x000000008ce00000, 0x000000008cf00000|  0%| F|  |TAMS 0x000000008ce00000| PB 0x000000008ce00000| Untracked 
|  95|0x000000008cf00000, 0x000000008cf00000, 0x000000008d000000|  0%| F|  |TAMS 0x000000008cf00000| PB 0x000000008cf00000| Untracked 
|  96|0x000000008d000000, 0x000000008d000000, 0x000000008d100000|  0%| F|  |TAMS 0x000000008d000000| PB 0x000000008d000000| Untracked 
|  97|0x000000008d100000, 0x000000008d100000, 0x000000008d200000|  0%| F|  |TAMS 0x000000008d100000| PB 0x000000008d100000| Untracked 
|  98|0x000000008d200000, 0x000000008d200000, 0x000000008d300000|  0%| F|  |TAMS 0x000000008d200000| PB 0x000000008d200000| Untracked 
|  99|0x000000008d300000, 0x000000008d300000, 0x000000008d400000|  0%| F|  |TAMS 0x000000008d300000| PB 0x000000008d300000| Untracked 
| 100|0x000000008d400000, 0x000000008d400000, 0x000000008d500000|  0%| F|  |TAMS 0x000000008d400000| PB 0x000000008d400000| Untracked 
| 101|0x000000008d500000, 0x000000008d51a800, 0x000000008d600000| 10%| S|CS|TAMS 0x000000008d500000| PB 0x000000008d500000| Complete 
| 102|0x000000008d600000, 0x000000008d700000, 0x000000008d700000|100%| S|CS|TAMS 0x000000008d600000| PB 0x000000008d600000| Complete 
| 103|0x000000008d700000, 0x000000008d700000, 0x000000008d800000|  0%| F|  |TAMS 0x000000008d700000| PB 0x000000008d700000| Untracked 
| 104|0x000000008d800000, 0x000000008d900000, 0x000000008d900000|100%| S|CS|TAMS 0x000000008d800000| PB 0x000000008d800000| Complete 
| 105|0x000000008d900000, 0x000000008d900000, 0x000000008da00000|  0%| F|  |TAMS 0x000000008d900000| PB 0x000000008d900000| Untracked 
| 106|0x000000008da00000, 0x000000008da00000, 0x000000008db00000|  0%| F|  |TAMS 0x000000008da00000| PB 0x000000008da00000| Untracked 
| 107|0x000000008db00000, 0x000000008db00000, 0x000000008dc00000|  0%| F|  |TAMS 0x000000008db00000| PB 0x000000008db00000| Untracked 
| 108|0x000000008dc00000, 0x000000008dc00000, 0x000000008dd00000|  0%| F|  |TAMS 0x000000008dc00000| PB 0x000000008dc00000| Untracked 
| 109|0x000000008dd00000, 0x000000008dd00000, 0x000000008de00000|  0%| F|  |TAMS 0x000000008dd00000| PB 0x000000008dd00000| Untracked 
| 110|0x000000008de00000, 0x000000008de00000, 0x000000008df00000|  0%| F|  |TAMS 0x000000008de00000| PB 0x000000008de00000| Untracked 
| 111|0x000000008df00000, 0x000000008df00000, 0x000000008e000000|  0%| F|  |TAMS 0x000000008df00000| PB 0x000000008df00000| Untracked 
| 112|0x000000008e000000, 0x000000008e000000, 0x000000008e100000|  0%| F|  |TAMS 0x000000008e000000| PB 0x000000008e000000| Untracked 
| 113|0x000000008e100000, 0x000000008e100000, 0x000000008e200000|  0%| F|  |TAMS 0x000000008e100000| PB 0x000000008e100000| Untracked 
| 114|0x000000008e200000, 0x000000008e200000, 0x000000008e300000|  0%| F|  |TAMS 0x000000008e200000| PB 0x000000008e200000| Untracked 
| 115|0x000000008e300000, 0x000000008e300000, 0x000000008e400000|  0%| F|  |TAMS 0x000000008e300000| PB 0x000000008e300000| Untracked 
| 116|0x000000008e400000, 0x000000008e400000, 0x000000008e500000|  0%| F|  |TAMS 0x000000008e400000| PB 0x000000008e400000| Untracked 
| 117|0x000000008e500000, 0x000000008e500000, 0x000000008e600000|  0%| F|  |TAMS 0x000000008e500000| PB 0x000000008e500000| Untracked 
| 118|0x000000008e600000, 0x000000008e600000, 0x000000008e700000|  0%| F|  |TAMS 0x000000008e600000| PB 0x000000008e600000| Untracked 
| 119|0x000000008e700000, 0x000000008e700000, 0x000000008e800000|  0%| F|  |TAMS 0x000000008e700000| PB 0x000000008e700000| Untracked 
| 120|0x000000008e800000, 0x000000008e800000, 0x000000008e900000|  0%| F|  |TAMS 0x000000008e800000| PB 0x000000008e800000| Untracked 
| 121|0x000000008e900000, 0x000000008e900000, 0x000000008ea00000|  0%| F|  |TAMS 0x000000008e900000| PB 0x000000008e900000| Untracked 
| 122|0x000000008ea00000, 0x000000008ea00000, 0x000000008eb00000|  0%| F|  |TAMS 0x000000008ea00000| PB 0x000000008ea00000| Untracked 
| 123|0x000000008eb00000, 0x000000008eb00000, 0x000000008ec00000|  0%| F|  |TAMS 0x000000008eb00000| PB 0x000000008eb00000| Untracked 
| 124|0x000000008ec00000, 0x000000008ec00000, 0x000000008ed00000|  0%| F|  |TAMS 0x000000008ec00000| PB 0x000000008ec00000| Untracked 
| 125|0x000000008ed00000, 0x000000008ee00000, 0x000000008ee00000|100%| E|  |TAMS 0x000000008ed00000| PB 0x000000008ed00000| Complete 
| 126|0x000000008ee00000, 0x000000008ef00000, 0x000000008ef00000|100%| E|CS|TAMS 0x000000008ee00000| PB 0x000000008ee00000| Complete 
| 127|0x000000008ef00000, 0x000000008f000000, 0x000000008f000000|100%| E|CS|TAMS 0x000000008ef00000| PB 0x000000008ef00000| Complete 
| 128|0x000000008f000000, 0x000000008f100000, 0x000000008f100000|100%| E|CS|TAMS 0x000000008f000000| PB 0x000000008f000000| Complete 
| 129|0x000000008f100000, 0x000000008f200000, 0x000000008f200000|100%| E|CS|TAMS 0x000000008f100000| PB 0x000000008f100000| Complete 
| 130|0x000000008f200000, 0x000000008f300000, 0x000000008f300000|100%| E|CS|TAMS 0x000000008f200000| PB 0x000000008f200000| Complete 
| 131|0x000000008f300000, 0x000000008f400000, 0x000000008f400000|100%| E|CS|TAMS 0x000000008f300000| PB 0x000000008f300000| Complete 
| 132|0x000000008f400000, 0x000000008f500000, 0x000000008f500000|100%| E|CS|TAMS 0x000000008f400000| PB 0x000000008f400000| Complete 
| 133|0x000000008f500000, 0x000000008f600000, 0x000000008f600000|100%| E|CS|TAMS 0x000000008f500000| PB 0x000000008f500000| Complete 
| 134|0x000000008f600000, 0x000000008f700000, 0x000000008f700000|100%| E|CS|TAMS 0x000000008f600000| PB 0x000000008f600000| Complete 
| 135|0x000000008f700000, 0x000000008f800000, 0x000000008f800000|100%| E|CS|TAMS 0x000000008f700000| PB 0x000000008f700000| Complete 
| 136|0x000000008f800000, 0x000000008f900000, 0x000000008f900000|100%| E|CS|TAMS 0x000000008f800000| PB 0x000000008f800000| Complete 
| 137|0x000000008f900000, 0x000000008fa00000, 0x000000008fa00000|100%| E|CS|TAMS 0x000000008f900000| PB 0x000000008f900000| Complete 
| 138|0x000000008fa00000, 0x000000008fb00000, 0x000000008fb00000|100%| E|CS|TAMS 0x000000008fa00000| PB 0x000000008fa00000| Complete 
| 139|0x000000008fb00000, 0x000000008fc00000, 0x000000008fc00000|100%| E|CS|TAMS 0x000000008fb00000| PB 0x000000008fb00000| Complete 
| 140|0x000000008fc00000, 0x000000008fd00000, 0x000000008fd00000|100%| E|CS|TAMS 0x000000008fc00000| PB 0x000000008fc00000| Complete 
| 141|0x000000008fd00000, 0x000000008fe00000, 0x000000008fe00000|100%| E|CS|TAMS 0x000000008fd00000| PB 0x000000008fd00000| Complete 
| 142|0x000000008fe00000, 0x000000008ff00000, 0x000000008ff00000|100%| E|CS|TAMS 0x000000008fe00000| PB 0x000000008fe00000| Complete 
| 143|0x000000008ff00000, 0x0000000090000000, 0x0000000090000000|100%| E|CS|TAMS 0x000000008ff00000| PB 0x000000008ff00000| Complete 
| 144|0x0000000090000000, 0x0000000090100000, 0x0000000090100000|100%| E|CS|TAMS 0x0000000090000000| PB 0x0000000090000000| Complete 
| 145|0x0000000090100000, 0x0000000090200000, 0x0000000090200000|100%| E|CS|TAMS 0x0000000090100000| PB 0x0000000090100000| Complete 
| 146|0x0000000090200000, 0x0000000090300000, 0x0000000090300000|100%| E|CS|TAMS 0x0000000090200000| PB 0x0000000090200000| Complete 
| 147|0x0000000090300000, 0x0000000090400000, 0x0000000090400000|100%| E|CS|TAMS 0x0000000090300000| PB 0x0000000090300000| Complete 
| 148|0x0000000090400000, 0x0000000090500000, 0x0000000090500000|100%| E|CS|TAMS 0x0000000090400000| PB 0x0000000090400000| Complete 
| 149|0x0000000090500000, 0x0000000090600000, 0x0000000090600000|100%| E|CS|TAMS 0x0000000090500000| PB 0x0000000090500000| Complete 
| 150|0x0000000090600000, 0x0000000090700000, 0x0000000090700000|100%| E|CS|TAMS 0x0000000090600000| PB 0x0000000090600000| Complete 
| 151|0x0000000090700000, 0x0000000090800000, 0x0000000090800000|100%| E|CS|TAMS 0x0000000090700000| PB 0x0000000090700000| Complete 
| 152|0x0000000090800000, 0x0000000090900000, 0x0000000090900000|100%| E|CS|TAMS 0x0000000090800000| PB 0x0000000090800000| Complete 
| 153|0x0000000090900000, 0x0000000090a00000, 0x0000000090a00000|100%| E|CS|TAMS 0x0000000090900000| PB 0x0000000090900000| Complete 
| 154|0x0000000090a00000, 0x0000000090b00000, 0x0000000090b00000|100%| E|CS|TAMS 0x0000000090a00000| PB 0x0000000090a00000| Complete 
| 155|0x0000000090b00000, 0x0000000090c00000, 0x0000000090c00000|100%| E|CS|TAMS 0x0000000090b00000| PB 0x0000000090b00000| Complete 
| 156|0x0000000090c00000, 0x0000000090d00000, 0x0000000090d00000|100%| E|CS|TAMS 0x0000000090c00000| PB 0x0000000090c00000| Complete 
| 157|0x0000000090d00000, 0x0000000090e00000, 0x0000000090e00000|100%| E|CS|TAMS 0x0000000090d00000| PB 0x0000000090d00000| Complete 
| 158|0x0000000090e00000, 0x0000000090f00000, 0x0000000090f00000|100%| E|CS|TAMS 0x0000000090e00000| PB 0x0000000090e00000| Complete 
| 159|0x0000000090f00000, 0x0000000091000000, 0x0000000091000000|100%| E|CS|TAMS 0x0000000090f00000| PB 0x0000000090f00000| Complete 
| 160|0x0000000091000000, 0x0000000091100000, 0x0000000091100000|100%| E|CS|TAMS 0x0000000091000000| PB 0x0000000091000000| Complete 
| 161|0x0000000091100000, 0x0000000091200000, 0x0000000091200000|100%| E|CS|TAMS 0x0000000091100000| PB 0x0000000091100000| Complete 
| 162|0x0000000091200000, 0x0000000091300000, 0x0000000091300000|100%| E|CS|TAMS 0x0000000091200000| PB 0x0000000091200000| Complete 
| 163|0x0000000091300000, 0x0000000091400000, 0x0000000091400000|100%| E|CS|TAMS 0x0000000091300000| PB 0x0000000091300000| Complete 
| 164|0x0000000091400000, 0x0000000091500000, 0x0000000091500000|100%| E|CS|TAMS 0x0000000091400000| PB 0x0000000091400000| Complete 
| 165|0x0000000091500000, 0x0000000091600000, 0x0000000091600000|100%| E|CS|TAMS 0x0000000091500000| PB 0x0000000091500000| Complete 
| 166|0x0000000091600000, 0x0000000091700000, 0x0000000091700000|100%| E|CS|TAMS 0x0000000091600000| PB 0x0000000091600000| Complete 
| 167|0x0000000091700000, 0x0000000091800000, 0x0000000091800000|100%| E|CS|TAMS 0x0000000091700000| PB 0x0000000091700000| Complete 
| 168|0x0000000091800000, 0x0000000091900000, 0x0000000091900000|100%| E|CS|TAMS 0x0000000091800000| PB 0x0000000091800000| Complete 
| 169|0x0000000091900000, 0x0000000091a00000, 0x0000000091a00000|100%| E|CS|TAMS 0x0000000091900000| PB 0x0000000091900000| Complete 
| 170|0x0000000091a00000, 0x0000000091b00000, 0x0000000091b00000|100%| E|CS|TAMS 0x0000000091a00000| PB 0x0000000091a00000| Complete 
| 171|0x0000000091b00000, 0x0000000091c00000, 0x0000000091c00000|100%| E|CS|TAMS 0x0000000091b00000| PB 0x0000000091b00000| Complete 
| 172|0x0000000091c00000, 0x0000000091d00000, 0x0000000091d00000|100%| E|CS|TAMS 0x0000000091c00000| PB 0x0000000091c00000| Complete 
| 173|0x0000000091d00000, 0x0000000091e00000, 0x0000000091e00000|100%| E|CS|TAMS 0x0000000091d00000| PB 0x0000000091d00000| Complete 
| 174|0x0000000091e00000, 0x0000000091f00000, 0x0000000091f00000|100%| E|CS|TAMS 0x0000000091e00000| PB 0x0000000091e00000| Complete 
| 175|0x0000000091f00000, 0x0000000092000000, 0x0000000092000000|100%| E|CS|TAMS 0x0000000091f00000| PB 0x0000000091f00000| Complete 
| 176|0x0000000092000000, 0x0000000092100000, 0x0000000092100000|100%| E|CS|TAMS 0x0000000092000000| PB 0x0000000092000000| Complete 
| 177|0x0000000092100000, 0x0000000092200000, 0x0000000092200000|100%| E|CS|TAMS 0x0000000092100000| PB 0x0000000092100000| Complete 
| 178|0x0000000092200000, 0x0000000092300000, 0x0000000092300000|100%| E|CS|TAMS 0x0000000092200000| PB 0x0000000092200000| Complete 
| 179|0x0000000092300000, 0x0000000092400000, 0x0000000092400000|100%| E|CS|TAMS 0x0000000092300000| PB 0x0000000092300000| Complete 
| 180|0x0000000092400000, 0x0000000092500000, 0x0000000092500000|100%| E|CS|TAMS 0x0000000092400000| PB 0x0000000092400000| Complete 
| 181|0x0000000092500000, 0x0000000092600000, 0x0000000092600000|100%| E|CS|TAMS 0x0000000092500000| PB 0x0000000092500000| Complete 
| 182|0x0000000092600000, 0x0000000092700000, 0x0000000092700000|100%| E|CS|TAMS 0x0000000092600000| PB 0x0000000092600000| Complete 
| 183|0x0000000092700000, 0x0000000092800000, 0x0000000092800000|100%| E|CS|TAMS 0x0000000092700000| PB 0x0000000092700000| Complete 
| 184|0x0000000092800000, 0x0000000092900000, 0x0000000092900000|100%| E|CS|TAMS 0x0000000092800000| PB 0x0000000092800000| Complete 
| 185|0x0000000092900000, 0x0000000092a00000, 0x0000000092a00000|100%| E|CS|TAMS 0x0000000092900000| PB 0x0000000092900000| Complete 
| 186|0x0000000092a00000, 0x0000000092b00000, 0x0000000092b00000|100%| E|CS|TAMS 0x0000000092a00000| PB 0x0000000092a00000| Complete 
| 187|0x0000000092b00000, 0x0000000092c00000, 0x0000000092c00000|100%| E|CS|TAMS 0x0000000092b00000| PB 0x0000000092b00000| Complete 
| 188|0x0000000092c00000, 0x0000000092d00000, 0x0000000092d00000|100%| E|CS|TAMS 0x0000000092c00000| PB 0x0000000092c00000| Complete 
| 189|0x0000000092d00000, 0x0000000092e00000, 0x0000000092e00000|100%| E|CS|TAMS 0x0000000092d00000| PB 0x0000000092d00000| Complete 
| 190|0x0000000092e00000, 0x0000000092f00000, 0x0000000092f00000|100%| E|CS|TAMS 0x0000000092e00000| PB 0x0000000092e00000| Complete 
| 191|0x0000000092f00000, 0x0000000093000000, 0x0000000093000000|100%| E|CS|TAMS 0x0000000092f00000| PB 0x0000000092f00000| Complete 
| 192|0x0000000093000000, 0x0000000093100000, 0x0000000093100000|100%| E|CS|TAMS 0x0000000093000000| PB 0x0000000093000000| Complete 
| 193|0x0000000093100000, 0x0000000093200000, 0x0000000093200000|100%| E|CS|TAMS 0x0000000093100000| PB 0x0000000093100000| Complete 
| 194|0x0000000093200000, 0x0000000093300000, 0x0000000093300000|100%| E|CS|TAMS 0x0000000093200000| PB 0x0000000093200000| Complete 
| 195|0x0000000093300000, 0x0000000093400000, 0x0000000093400000|100%| E|CS|TAMS 0x0000000093300000| PB 0x0000000093300000| Complete 
| 196|0x0000000093400000, 0x0000000093500000, 0x0000000093500000|100%| E|CS|TAMS 0x0000000093400000| PB 0x0000000093400000| Complete 
| 197|0x0000000093500000, 0x0000000093600000, 0x0000000093600000|100%| E|CS|TAMS 0x0000000093500000| PB 0x0000000093500000| Complete 
| 198|0x0000000093600000, 0x0000000093700000, 0x0000000093700000|100%| E|CS|TAMS 0x0000000093600000| PB 0x0000000093600000| Complete 
| 199|0x0000000093700000, 0x0000000093800000, 0x0000000093800000|100%| E|CS|TAMS 0x0000000093700000| PB 0x0000000093700000| Complete 
| 200|0x0000000093800000, 0x0000000093900000, 0x0000000093900000|100%| E|CS|TAMS 0x0000000093800000| PB 0x0000000093800000| Complete 
| 201|0x0000000093900000, 0x0000000093a00000, 0x0000000093a00000|100%| E|CS|TAMS 0x0000000093900000| PB 0x0000000093900000| Complete 
| 202|0x0000000093a00000, 0x0000000093b00000, 0x0000000093b00000|100%| E|CS|TAMS 0x0000000093a00000| PB 0x0000000093a00000| Complete 
| 203|0x0000000093b00000, 0x0000000093c00000, 0x0000000093c00000|100%| E|CS|TAMS 0x0000000093b00000| PB 0x0000000093b00000| Complete 
| 204|0x0000000093c00000, 0x0000000093d00000, 0x0000000093d00000|100%| E|CS|TAMS 0x0000000093c00000| PB 0x0000000093c00000| Complete 
| 205|0x0000000093d00000, 0x0000000093e00000, 0x0000000093e00000|100%| E|CS|TAMS 0x0000000093d00000| PB 0x0000000093d00000| Complete 
| 206|0x0000000093e00000, 0x0000000093f00000, 0x0000000093f00000|100%| E|CS|TAMS 0x0000000093e00000| PB 0x0000000093e00000| Complete 
| 207|0x0000000093f00000, 0x0000000094000000, 0x0000000094000000|100%| E|CS|TAMS 0x0000000093f00000| PB 0x0000000093f00000| Complete 
| 208|0x0000000094000000, 0x0000000094100000, 0x0000000094100000|100%| E|CS|TAMS 0x0000000094000000| PB 0x0000000094000000| Complete 
| 209|0x0000000094100000, 0x0000000094200000, 0x0000000094200000|100%| E|CS|TAMS 0x0000000094100000| PB 0x0000000094100000| Complete 
| 210|0x0000000094200000, 0x0000000094300000, 0x0000000094300000|100%| E|CS|TAMS 0x0000000094200000| PB 0x0000000094200000| Complete 
| 211|0x0000000094300000, 0x0000000094400000, 0x0000000094400000|100%| E|CS|TAMS 0x0000000094300000| PB 0x0000000094300000| Complete 
| 212|0x0000000094400000, 0x0000000094500000, 0x0000000094500000|100%| E|CS|TAMS 0x0000000094400000| PB 0x0000000094400000| Complete 
| 213|0x0000000094500000, 0x0000000094600000, 0x0000000094600000|100%| E|CS|TAMS 0x0000000094500000| PB 0x0000000094500000| Complete 
| 214|0x0000000094600000, 0x0000000094700000, 0x0000000094700000|100%| E|CS|TAMS 0x0000000094600000| PB 0x0000000094600000| Complete 
| 215|0x0000000094700000, 0x0000000094800000, 0x0000000094800000|100%| E|CS|TAMS 0x0000000094700000| PB 0x0000000094700000| Complete 
| 216|0x0000000094800000, 0x0000000094900000, 0x0000000094900000|100%| E|CS|TAMS 0x0000000094800000| PB 0x0000000094800000| Complete 
| 217|0x0000000094900000, 0x0000000094a00000, 0x0000000094a00000|100%| E|CS|TAMS 0x0000000094900000| PB 0x0000000094900000| Complete 
| 218|0x0000000094a00000, 0x0000000094b00000, 0x0000000094b00000|100%| E|CS|TAMS 0x0000000094a00000| PB 0x0000000094a00000| Complete 
| 219|0x0000000094b00000, 0x0000000094c00000, 0x0000000094c00000|100%| E|CS|TAMS 0x0000000094b00000| PB 0x0000000094b00000| Complete 
| 220|0x0000000094c00000, 0x0000000094d00000, 0x0000000094d00000|100%| E|CS|TAMS 0x0000000094c00000| PB 0x0000000094c00000| Complete 
| 221|0x0000000094d00000, 0x0000000094e00000, 0x0000000094e00000|100%| E|CS|TAMS 0x0000000094d00000| PB 0x0000000094d00000| Complete 
| 222|0x0000000094e00000, 0x0000000094f00000, 0x0000000094f00000|100%| E|CS|TAMS 0x0000000094e00000| PB 0x0000000094e00000| Complete 
| 223|0x0000000094f00000, 0x0000000095000000, 0x0000000095000000|100%| E|CS|TAMS 0x0000000094f00000| PB 0x0000000094f00000| Complete 
| 224|0x0000000095000000, 0x0000000095100000, 0x0000000095100000|100%| E|CS|TAMS 0x0000000095000000| PB 0x0000000095000000| Complete 
| 225|0x0000000095100000, 0x0000000095200000, 0x0000000095200000|100%| E|CS|TAMS 0x0000000095100000| PB 0x0000000095100000| Complete 
| 226|0x0000000095200000, 0x0000000095300000, 0x0000000095300000|100%| E|CS|TAMS 0x0000000095200000| PB 0x0000000095200000| Complete 
| 227|0x0000000095300000, 0x0000000095400000, 0x0000000095400000|100%| E|CS|TAMS 0x0000000095300000| PB 0x0000000095300000| Complete 
| 228|0x0000000095400000, 0x0000000095500000, 0x0000000095500000|100%| E|CS|TAMS 0x0000000095400000| PB 0x0000000095400000| Complete 
| 229|0x0000000095500000, 0x0000000095600000, 0x0000000095600000|100%| E|CS|TAMS 0x0000000095500000| PB 0x0000000095500000| Complete 
| 230|0x0000000095600000, 0x0000000095700000, 0x0000000095700000|100%| E|CS|TAMS 0x0000000095600000| PB 0x0000000095600000| Complete 
| 231|0x0000000095700000, 0x0000000095800000, 0x0000000095800000|100%| E|CS|TAMS 0x0000000095700000| PB 0x0000000095700000| Complete 
| 232|0x0000000095800000, 0x0000000095900000, 0x0000000095900000|100%| E|CS|TAMS 0x0000000095800000| PB 0x0000000095800000| Complete 
| 233|0x0000000095900000, 0x0000000095a00000, 0x0000000095a00000|100%| E|CS|TAMS 0x0000000095900000| PB 0x0000000095900000| Complete 
| 234|0x0000000095a00000, 0x0000000095b00000, 0x0000000095b00000|100%| E|CS|TAMS 0x0000000095a00000| PB 0x0000000095a00000| Complete 
| 235|0x0000000095b00000, 0x0000000095c00000, 0x0000000095c00000|100%| E|CS|TAMS 0x0000000095b00000| PB 0x0000000095b00000| Complete 
| 236|0x0000000095c00000, 0x0000000095d00000, 0x0000000095d00000|100%| E|CS|TAMS 0x0000000095c00000| PB 0x0000000095c00000| Complete 
| 237|0x0000000095d00000, 0x0000000095e00000, 0x0000000095e00000|100%| E|CS|TAMS 0x0000000095d00000| PB 0x0000000095d00000| Complete 
| 238|0x0000000095e00000, 0x0000000095f00000, 0x0000000095f00000|100%| E|CS|TAMS 0x0000000095e00000| PB 0x0000000095e00000| Complete 
| 239|0x0000000095f00000, 0x0000000096000000, 0x0000000096000000|100%| E|CS|TAMS 0x0000000095f00000| PB 0x0000000095f00000| Complete 
| 240|0x0000000096000000, 0x0000000096100000, 0x0000000096100000|100%| E|CS|TAMS 0x0000000096000000| PB 0x0000000096000000| Complete 
| 241|0x0000000096100000, 0x0000000096200000, 0x0000000096200000|100%| E|CS|TAMS 0x0000000096100000| PB 0x0000000096100000| Complete 
| 242|0x0000000096200000, 0x0000000096300000, 0x0000000096300000|100%| E|CS|TAMS 0x0000000096200000| PB 0x0000000096200000| Complete 
| 243|0x0000000096300000, 0x0000000096400000, 0x0000000096400000|100%| E|CS|TAMS 0x0000000096300000| PB 0x0000000096300000| Complete 
| 244|0x0000000096400000, 0x0000000096500000, 0x0000000096500000|100%| E|CS|TAMS 0x0000000096400000| PB 0x0000000096400000| Complete 
| 245|0x0000000096500000, 0x0000000096600000, 0x0000000096600000|100%| E|CS|TAMS 0x0000000096500000| PB 0x0000000096500000| Complete 
| 246|0x0000000096600000, 0x0000000096700000, 0x0000000096700000|100%| E|CS|TAMS 0x0000000096600000| PB 0x0000000096600000| Complete 
| 247|0x0000000096700000, 0x0000000096800000, 0x0000000096800000|100%| E|CS|TAMS 0x0000000096700000| PB 0x0000000096700000| Complete 
| 248|0x0000000096800000, 0x0000000096900000, 0x0000000096900000|100%| E|CS|TAMS 0x0000000096800000| PB 0x0000000096800000| Complete 
| 249|0x0000000096900000, 0x0000000096a00000, 0x0000000096a00000|100%| E|CS|TAMS 0x0000000096900000| PB 0x0000000096900000| Complete 
| 250|0x0000000096a00000, 0x0000000096b00000, 0x0000000096b00000|100%| E|CS|TAMS 0x0000000096a00000| PB 0x0000000096a00000| Complete 
| 251|0x0000000096b00000, 0x0000000096c00000, 0x0000000096c00000|100%| E|CS|TAMS 0x0000000096b00000| PB 0x0000000096b00000| Complete 
| 252|0x0000000096c00000, 0x0000000096d00000, 0x0000000096d00000|100%| E|CS|TAMS 0x0000000096c00000| PB 0x0000000096c00000| Complete 
| 253|0x0000000096d00000, 0x0000000096e00000, 0x0000000096e00000|100%| E|CS|TAMS 0x0000000096d00000| PB 0x0000000096d00000| Complete 
| 254|0x0000000096e00000, 0x0000000096f00000, 0x0000000096f00000|100%| E|CS|TAMS 0x0000000096e00000| PB 0x0000000096e00000| Complete 
| 255|0x0000000096f00000, 0x0000000097000000, 0x0000000097000000|100%| E|CS|TAMS 0x0000000096f00000| PB 0x0000000096f00000| Complete 
| 256|0x0000000097000000, 0x0000000097100000, 0x0000000097100000|100%| E|CS|TAMS 0x0000000097000000| PB 0x0000000097000000| Complete 
| 257|0x0000000097100000, 0x0000000097200000, 0x0000000097200000|100%| E|CS|TAMS 0x0000000097100000| PB 0x0000000097100000| Complete 

Card table byte_map: [0x0000023f791e0000,0x0000023f795b0000] _byte_map_base: 0x0000023f78da8000

Marking Bits: (CMBitMap*) 0x0000023f5f53a6d0
 Bits: [0x0000023f795b0000, 0x0000023f7b3f0000)

Polling page: 0x0000023f5f5a0000

Metaspace:

Usage:
  Non-class:     14.49 MB used.
      Class:      1.15 MB used.
       Both:     15.64 MB used.

Virtual space:
  Non-class space:       64.00 MB reserved,      14.62 MB ( 23%) committed,  1 nodes.
      Class space:        1.00 GB reserved,       1.31 MB ( <1%) committed,  1 nodes.
             Both:        1.06 GB reserved,      15.94 MB (  1%) committed. 

Chunk freelists:
   Non-Class:  832.00 KB
       Class:  14.73 MB
        Both:  15.54 MB

MaxMetaspaceSize: unlimited
CompressedClassSpaceSize: 1.00 GB
Initial GC threshold: 21.00 MB
Current GC threshold: 21.00 MB
CDS: on
 - commit_granule_bytes: 65536.
 - commit_granule_words: 8192.
 - virtual_space_node_default_size: 8388608.
 - enlarge_chunks_in_place: 1.
 - use_allocation_guard: 0.


Internal statistics:

num_allocs_failed_limit: 0.
num_arena_births: 244.
num_arena_deaths: 0.
num_vsnodes_births: 2.
num_vsnodes_deaths: 0.
num_space_committed: 251.
num_space_uncommitted: 0.
num_chunks_returned_to_freelist: 0.
num_chunks_taken_from_freelist: 630.
num_chunk_merges: 0.
num_chunk_splits: 453.
num_chunks_enlarged: 315.
num_inconsistent_stats: 0.

CodeHeap 'non-profiled nmethods': size=120000Kb used=2490Kb max_used=2490Kb free=117509Kb
 bounds [0x0000023f70e80000, 0x0000023f710f0000, 0x0000023f783b0000]
CodeHeap 'profiled nmethods': size=120000Kb used=5462Kb max_used=5462Kb free=114538Kb
 bounds [0x0000023f693b0000, 0x0000023f69910000, 0x0000023f708e0000]
CodeHeap 'non-nmethods': size=5760Kb used=2400Kb max_used=2456Kb free=3359Kb
 bounds [0x0000023f708e0000, 0x0000023f70b60000, 0x0000023f70e80000]
 total_blobs=3948 nmethods=2933 adapters=920
 compilation: enabled
              stopped_count=0, restarted_count=0
 full_count=0

Compilation events (20 events):
Event: 246.882 Thread 0x0000023f7dec20a0 2925       4       processing.opengl.PGraphicsOpenGL::getPrimaryPG (20 bytes)
Event: 246.885 Thread 0x0000023f7dec20a0 nmethod 2925 0x0000023f710ec190 code [0x0000023f710ec320, 0x0000023f710ec418]
Event: 249.068 Thread 0x0000023f7dec5fd0 2926       3       java.lang.invoke.LambdaForm$MH/0x0000023f0102c400::invoke (35 bytes)
Event: 249.068 Thread 0x0000023f7dec5fd0 nmethod 2926 0x0000023f69900d90 code [0x0000023f69900f80, 0x0000023f69901640]
Event: 250.566 Thread 0x0000023f7dec20a0 2927       4       processing.opengl.PGL::updateFloatBuffer (42 bytes)
Event: 250.572 Thread 0x0000023f7dec20a0 nmethod 2927 0x0000023f710ec510 code [0x0000023f710ec6e0, 0x0000023f710ecce0]
Event: 250.572 Thread 0x0000023f7dec20a0 2928       4       processing.opengl.PShader::setUniformMatrix (79 bytes)
Event: 250.610 Thread 0x0000023f7dec20a0 nmethod 2928 0x0000023f710ed410 code [0x0000023f710ed600, 0x0000023f710eddb8]
Event: 250.985 Thread 0x0000023f7dec5fd0 2929   !   3       java.util.concurrent.ConcurrentHashMap::replaceNode (437 bytes)
Event: 250.987 Thread 0x0000023f7dec5fd0 nmethod 2929 0x0000023f69901810 code [0x0000023f69901bc0, 0x0000023f699036c0]
Event: 250.987 Thread 0x0000023f7dec5fd0 2930       3       java.util.Arrays::equals (43 bytes)
Event: 250.988 Thread 0x0000023f7dec5fd0 nmethod 2930 0x0000023f69904490 code [0x0000023f69904660, 0x0000023f69904958]
Event: 250.991 Thread 0x0000023f7dec5fd0 2931       3       java.util.concurrent.ConcurrentHashMap::containsKey (14 bytes)
Event: 250.991 Thread 0x0000023f7dec5fd0 nmethod 2931 0x0000023f69904a90 code [0x0000023f69904c40, 0x0000023f69904e00]
Event: 250.991 Thread 0x0000023f7dec5fd0 2932       1       java.util.logging.Logger::getName (5 bytes)
Event: 250.991 Thread 0x0000023f7dec5fd0 nmethod 2932 0x0000023f710ee610 code [0x0000023f710ee7a0, 0x0000023f710ee868]
Event: 251.028 Thread 0x0000023f7dec5fd0 2933       3       java.util.concurrent.ConcurrentHashMap$ValuesView::iterator (34 bytes)
Event: 251.028 Thread 0x0000023f7dec5fd0 nmethod 2933 0x0000023f69904f10 code [0x0000023f699050c0, 0x0000023f69905308]
Event: 251.028 Thread 0x0000023f7dec5fd0 2934       3       java.util.concurrent.ConcurrentHashMap$ValueIterator::<init> (12 bytes)
Event: 251.028 Thread 0x0000023f7dec5fd0 nmethod 2934 0x0000023f69905410 code [0x0000023f699055c0, 0x0000023f69905738]

GC Heap History (20 events):
Event: 247.213 GC heap before
{Heap before GC invocations=614 (full 0):
 garbage-first heap   total 264192K, used 215324K [0x0000000087000000, 0x0000000100000000)
  region size 1024K, 154 young (157696K), 1 survivors (1024K)
 Metaspace       used 15955K, committed 16320K, reserved 1114112K
  class space    used 1170K, committed 1344K, reserved 1048576K
}
Event: 247.215 GC heap after
{Heap after GC invocations=615 (full 0):
 garbage-first heap   total 264192K, used 58524K [0x0000000087000000, 0x0000000100000000)
  region size 1024K, 1 young (1024K), 1 survivors (1024K)
 Metaspace       used 15955K, committed 16320K, reserved 1114112K
  class space    used 1170K, committed 1344K, reserved 1048576K
}
Event: 247.412 GC heap before
{Heap before GC invocations=615 (full 0):
 garbage-first heap   total 264192K, used 215196K [0x0000000087000000, 0x0000000100000000)
  region size 1024K, 154 young (157696K), 1 survivors (1024K)
 Metaspace       used 15955K, committed 16320K, reserved 1114112K
  class space    used 1170K, committed 1344K, reserved 1048576K
}
Event: 247.414 GC heap after
{Heap after GC invocations=616 (full 0):
 garbage-first heap   total 264192K, used 58499K [0x0000000087000000, 0x0000000100000000)
  region size 1024K, 1 young (1024K), 1 survivors (1024K)
 Metaspace       used 15955K, committed 16320K, reserved 1114112K
  class space    used 1170K, committed 1344K, reserved 1048576K
}
Event: 247.636 GC heap before
{Heap before GC invocations=616 (full 0):
 garbage-first heap   total 264192K, used 215171K [0x0000000087000000, 0x0000000100000000)
  region size 1024K, 154 young (157696K), 1 survivors (1024K)
 Metaspace       used 15955K, committed 16320K, reserved 1114112K
  class space    used 1170K, committed 1344K, reserved 1048576K
}
Event: 247.637 GC heap after
{Heap after GC invocations=617 (full 0):
 garbage-first heap   total 264192K, used 58495K [0x0000000087000000, 0x0000000100000000)
  region size 1024K, 1 young (1024K), 1 survivors (1024K)
 Metaspace       used 15955K, committed 16320K, reserved 1114112K
  class space    used 1170K, committed 1344K, reserved 1048576K
}
Event: 248.251 GC heap before
{Heap before GC invocations=617 (full 0):
 garbage-first heap   total 264192K, used 215167K [0x0000000087000000, 0x0000000100000000)
  region size 1024K, 154 young (157696K), 1 survivors (1024K)
 Metaspace       used 15955K, committed 16320K, reserved 1114112K
  class space    used 1170K, committed 1344K, reserved 1048576K
}
Event: 248.254 GC heap after
{Heap after GC invocations=618 (full 0):
 garbage-first heap   total 264192K, used 59726K [0x0000000087000000, 0x0000000100000000)
  region size 1024K, 2 young (2048K), 2 survivors (2048K)
 Metaspace       used 15955K, committed 16320K, reserved 1114112K
  class space    used 1170K, committed 1344K, reserved 1048576K
}
Event: 248.998 GC heap before
{Heap before GC invocations=618 (full 0):
 garbage-first heap   total 264192K, used 215374K [0x0000000087000000, 0x0000000100000000)
  region size 1024K, 154 young (157696K), 2 survivors (2048K)
 Metaspace       used 15955K, committed 16320K, reserved 1114112K
  class space    used 1170K, committed 1344K, reserved 1048576K
}
Event: 249.001 GC heap after
{Heap after GC invocations=619 (full 0):
 garbage-first heap   total 264192K, used 60368K [0x0000000087000000, 0x0000000100000000)
  region size 1024K, 2 young (2048K), 2 survivors (2048K)
 Metaspace       used 15955K, committed 16320K, reserved 1114112K
  class space    used 1170K, committed 1344K, reserved 1048576K
}
Event: 249.183 GC heap before
{Heap before GC invocations=619 (full 0):
 garbage-first heap   total 264192K, used 216016K [0x0000000087000000, 0x0000000100000000)
  region size 1024K, 154 young (157696K), 2 survivors (2048K)
 Metaspace       used 15956K, committed 16320K, reserved 1114112K
  class space    used 1170K, committed 1344K, reserved 1048576K
}
Event: 249.184 GC heap after
{Heap after GC invocations=620 (full 0):
 garbage-first heap   total 264192K, used 58686K [0x0000000087000000, 0x0000000100000000)
  region size 1024K, 1 young (1024K), 1 survivors (1024K)
 Metaspace       used 15956K, committed 16320K, reserved 1114112K
  class space    used 1170K, committed 1344K, reserved 1048576K
}
Event: 249.323 GC heap before
{Heap before GC invocations=620 (full 0):
 garbage-first heap   total 264192K, used 215358K [0x0000000087000000, 0x0000000100000000)
  region size 1024K, 154 young (157696K), 1 survivors (1024K)
 Metaspace       used 15956K, committed 16320K, reserved 1114112K
  class space    used 1170K, committed 1344K, reserved 1048576K
}
Event: 249.324 GC heap after
{Heap after GC invocations=621 (full 0):
 garbage-first heap   total 264192K, used 58506K [0x0000000087000000, 0x0000000100000000)
  region size 1024K, 1 young (1024K), 1 survivors (1024K)
 Metaspace       used 15956K, committed 16320K, reserved 1114112K
  class space    used 1170K, committed 1344K, reserved 1048576K
}
Event: 249.476 GC heap before
{Heap before GC invocations=621 (full 0):
 garbage-first heap   total 264192K, used 215178K [0x0000000087000000, 0x0000000100000000)
  region size 1024K, 154 young (157696K), 1 survivors (1024K)
 Metaspace       used 15956K, committed 16320K, reserved 1114112K
  class space    used 1170K, committed 1344K, reserved 1048576K
}
Event: 249.478 GC heap after
{Heap after GC invocations=622 (full 0):
 garbage-first heap   total 264192K, used 58478K [0x0000000087000000, 0x0000000100000000)
  region size 1024K, 1 young (1024K), 1 survivors (1024K)
 Metaspace       used 15956K, committed 16320K, reserved 1114112K
  class space    used 1170K, committed 1344K, reserved 1048576K
}
Event: 249.650 GC heap before
{Heap before GC invocations=622 (full 0):
 garbage-first heap   total 264192K, used 215150K [0x0000000087000000, 0x0000000100000000)
  region size 1024K, 154 young (157696K), 1 survivors (1024K)
 Metaspace       used 15956K, committed 16320K, reserved 1114112K
  class space    used 1170K, committed 1344K, reserved 1048576K
}
Event: 249.652 GC heap after
{Heap after GC invocations=623 (full 0):
 garbage-first heap   total 264192K, used 58473K [0x0000000087000000, 0x0000000100000000)
  region size 1024K, 1 young (1024K), 1 survivors (1024K)
 Metaspace       used 15956K, committed 16320K, reserved 1114112K
  class space    used 1170K, committed 1344K, reserved 1048576K
}
Event: 250.386 GC heap before
{Heap before GC invocations=623 (full 0):
 garbage-first heap   total 264192K, used 215145K [0x0000000087000000, 0x0000000100000000)
  region size 1024K, 154 young (157696K), 1 survivors (1024K)
 Metaspace       used 15956K, committed 16320K, reserved 1114112K
  class space    used 1170K, committed 1344K, reserved 1048576K
}
Event: 250.389 GC heap after
{Heap after GC invocations=624 (full 0):
 garbage-first heap   total 264192K, used 60517K [0x0000000087000000, 0x0000000100000000)
  region size 1024K, 3 young (3072K), 3 survivors (3072K)
 Metaspace       used 15956K, committed 16320K, reserved 1114112K
  class space    used 1170K, committed 1344K, reserved 1048576K
}

Dll operation events (14 events):
Event: 0.009 Loaded shared library C:\Program Files\Eclipse Adoptium\jdk-21.0.2.13-hotspot\bin\java.dll
Event: 0.048 Loaded shared library C:\Program Files\Eclipse Adoptium\jdk-21.0.2.13-hotspot\bin\jsvml.dll
Event: 0.131 Loaded shared library C:\Program Files\Eclipse Adoptium\jdk-21.0.2.13-hotspot\bin\net.dll
Event: 0.133 Loaded shared library C:\Program Files\Eclipse Adoptium\jdk-21.0.2.13-hotspot\bin\nio.dll
Event: 0.146 Loaded shared library C:\Program Files\Eclipse Adoptium\jdk-21.0.2.13-hotspot\bin\zip.dll
Event: 0.263 Loaded shared library C:\Program Files\Eclipse Adoptium\jdk-21.0.2.13-hotspot\bin\jimage.dll
Event: 0.268 Loaded shared library C:\Program Files\Eclipse Adoptium\jdk-21.0.2.13-hotspot\bin\awt.dll
Event: 0.801 Loaded shared library C:\Users\Sabien Wyseur\AppData\Local\Temp\jogamp_0000\file_cache\jln6166754559272819910\jln10633320220731615619\natives\windows-amd64\gluegen_rt.dll
Event: 0.816 Loaded shared library C:\Program Files\Eclipse Adoptium\jdk-21.0.2.13-hotspot\bin\jawt.dll
Event: 0.835 Loaded shared library C:\Users\Sabien Wyseur\AppData\Local\Temp\jogamp_0000\file_cache\jln6166754559272819910\jln10633320220731615619\natives\windows-amd64\nativewindow_awt.dll
Event: 0.885 Loaded shared library C:\Users\Sabien Wyseur\AppData\Local\Temp\jogamp_0000\file_cache\jln6166754559272819910\jln10633320220731615619\natives\windows-amd64\nativewindow_win32.dll
Event: 1.080 Loaded shared library C:\Users\Sabien Wyseur\AppData\Local\Temp\jogamp_0000\file_cache\jln6166754559272819910\jln10633320220731615619\natives\windows-amd64\jogl_desktop.dll
Event: 1.160 Loaded shared library C:\Users\Sabien Wyseur\AppData\Local\Temp\jogamp_0000\file_cache\jln6166754559272819910\jln10633320220731615619\natives\windows-amd64\jogl_mobile.dll
Event: 2.321 Loaded shared library C:\Users\Sabien Wyseur\AppData\Local\Temp\jogamp_0000\file_cache\jln6166754559272819910\jln10633320220731615619\natives\windows-amd64\newt_head.dll

Deoptimization events (20 events):
Event: 216.590 Thread 0x0000023f4efdc2a0 Uncommon trap: trap_request=0xffffff45 fr.pc=0x0000023f70e8ca70 relative=0x0000000000000050
Event: 216.590 Thread 0x0000023f4efdc2a0 Uncommon trap: reason=unstable_if action=reinterpret pc=0x0000023f70e8ca70 method=java.lang.StringLatin1.canEncode(I)Z @ 4 c2
Event: 216.590 Thread 0x0000023f4efdc2a0 DEOPT PACKING pc=0x0000023f70e8ca70 sp=0x0000008d2b9feab0
Event: 216.590 Thread 0x0000023f4efdc2a0 DEOPT UNPACKING pc=0x0000023f70937da2 sp=0x0000008d2b9fea50 mode 2
Event: 216.590 Thread 0x0000023f4efdc2a0 Uncommon trap: trap_request=0xffffffde fr.pc=0x0000023f70ed09f8 relative=0x0000000000000498
Event: 216.590 Thread 0x0000023f4efdc2a0 Uncommon trap: reason=class_check action=maybe_recompile pc=0x0000023f70ed09f8 method=java.lang.String.<init>(Ljava/lang/AbstractStringBuilder;Ljava/lang/Void;)V @ 10 c2
Event: 216.590 Thread 0x0000023f4efdc2a0 DEOPT PACKING pc=0x0000023f70ed09f8 sp=0x0000008d2b9fec60
Event: 216.590 Thread 0x0000023f4efdc2a0 DEOPT UNPACKING pc=0x0000023f70937da2 sp=0x0000008d2b9fec58 mode 2
Event: 217.162 Thread 0x0000023f4efdc2a0 Uncommon trap: trap_request=0xffffff45 fr.pc=0x0000023f71096404 relative=0x0000000000000404
Event: 217.162 Thread 0x0000023f4efdc2a0 Uncommon trap: reason=unstable_if action=reinterpret pc=0x0000023f71096404 method=sun.awt.image.IntegerComponentRaster.verify()V @ 170 c2
Event: 217.162 Thread 0x0000023f4efdc2a0 DEOPT PACKING pc=0x0000023f71096404 sp=0x0000008d2b9fe540
Event: 217.162 Thread 0x0000023f4efdc2a0 DEOPT UNPACKING pc=0x0000023f70937da2 sp=0x0000008d2b9fe4b8 mode 2
Event: 217.162 Thread 0x0000023f4efdc2a0 Uncommon trap: trap_request=0xffffff45 fr.pc=0x0000023f7108324c relative=0x000000000000012c
Event: 217.162 Thread 0x0000023f4efdc2a0 Uncommon trap: reason=unstable_if action=reinterpret pc=0x0000023f7108324c method=java.awt.image.DirectColorModel.getDataElements(ILjava/lang/Object;)Ljava/lang/Object; @ 11 c2
Event: 217.162 Thread 0x0000023f4efdc2a0 DEOPT PACKING pc=0x0000023f7108324c sp=0x0000008d2b9fe960
Event: 217.162 Thread 0x0000023f4efdc2a0 DEOPT UNPACKING pc=0x0000023f70937da2 sp=0x0000008d2b9fe8b0 mode 2
Event: 217.163 Thread 0x0000023f4efdc2a0 DEOPT PACKING pc=0x0000023f6982e3c3 sp=0x0000008d2b9fe9a0
Event: 217.163 Thread 0x0000023f4efdc2a0 DEOPT UNPACKING pc=0x0000023f709388e2 sp=0x0000008d2b9fde70 mode 0
Event: 217.522 Thread 0x0000023f4efdc2a0 DEOPT PACKING pc=0x0000023f6983ae03 sp=0x0000008d2b9fe780
Event: 217.522 Thread 0x0000023f4efdc2a0 DEOPT UNPACKING pc=0x0000023f709388e2 sp=0x0000008d2b9fdcb8 mode 0

Classes loaded (20 events):
Event: 44.138 Loading class com/sun/imageio/plugins/png/ChunkStream
Event: 44.138 Loading class com/sun/imageio/plugins/png/ChunkStream done
Event: 44.138 Loading class com/sun/imageio/plugins/png/CRC
Event: 44.138 Loading class com/sun/imageio/plugins/png/CRC done
Event: 44.140 Loading class com/sun/imageio/plugins/png/IDATOutputStream
Event: 44.140 Loading class com/sun/imageio/plugins/png/IDATOutputStream done
Event: 44.140 Loading class java/util/zip/Deflater
Event: 44.141 Loading class java/util/zip/Deflater done
Event: 44.142 Loading class java/util/zip/Deflater$DeflaterZStreamRef
Event: 44.142 Loading class java/util/zip/Deflater$DeflaterZStreamRef done
Event: 44.143 Loading class java/awt/image/PixelInterleavedSampleModel
Event: 44.143 Loading class java/awt/image/ComponentSampleModel
Event: 44.144 Loading class java/awt/image/ComponentSampleModel done
Event: 44.144 Loading class java/awt/image/PixelInterleavedSampleModel done
Event: 250.991 Loading class java/util/WeakHashMap$KeyIterator
Event: 250.991 Loading class java/util/WeakHashMap$HashIterator
Event: 250.991 Loading class java/nio/channels/ClosedChannelException
Event: 250.991 Loading class java/util/WeakHashMap$HashIterator done
Event: 250.991 Loading class java/util/WeakHashMap$KeyIterator done
Event: 250.992 Loading class java/nio/channels/ClosedChannelException done

Classes unloaded (0 events):
No events

Classes redefined (0 events):
No events

Internal exceptions (20 events):
Event: 0.667 Thread 0x0000023f5f2114e0 Exception <a 'java/lang/NoSuchMethodError'{0x000000008db37d88}: 'java.lang.Object java.lang.invoke.DirectMethodHandle$Holder.invokeStaticInit(java.lang.Object, long, java.lang.Object)'> (0x000000008db37d88) 
thrown [s\src\hotspot\share\interpreter\linkResolver.cpp, line 773]
Event: 0.804 Thread 0x0000023f5f2114e0 Exception <a 'java/lang/NoSuchMethodError'{0x000000008db723f0}: 'int java.lang.invoke.DirectMethodHandle$Holder.invokeStatic(java.lang.Object)'> (0x000000008db723f0) 
thrown [s\src\hotspot\share\interpreter\linkResolver.cpp, line 773]
Event: 0.804 Thread 0x0000023f5f2114e0 Exception <a 'java/lang/NoSuchMethodError'{0x000000008db75e60}: 'int java.lang.invoke.DelegatingMethodHandle$Holder.reinvoke_L(java.lang.Object)'> (0x000000008db75e60) 
thrown [s\src\hotspot\share\interpreter\linkResolver.cpp, line 773]
Event: 0.853 Thread 0x0000023f5f2114e0 Exception <a 'java/lang/NoSuchMethodError'{0x000000008daa5c20}: 'java.lang.Object java.lang.invoke.DirectMethodHandle$Holder.invokeInterface(java.lang.Object, java.lang.Object)'> (0x000000008daa5c20) 
thrown [s\src\hotspot\share\interpreter\linkResolver.cpp, line 773]
Event: 0.853 Thread 0x0000023f5f2114e0 Exception <a 'java/lang/IncompatibleClassChangeError'{0x000000008daa91c8}: Found class java.lang.Object, but interface was expected> (0x000000008daa91c8) 
thrown [s\src\hotspot\share\interpreter\linkResolver.cpp, line 840]
Event: 1.084 Thread 0x0000023f5f2114e0 Exception <a 'java/lang/NoSuchMethodError'{0x000000008d5a3810}: 'long java.lang.invoke.DelegatingMethodHandle$Holder.reinvoke_L(java.lang.Object, java.lang.Object)'> (0x000000008d5a3810) 
thrown [s\src\hotspot\share\interpreter\linkResolver.cpp, line 773]
Event: 1.085 Thread 0x0000023f5f2114e0 Exception <a 'java/lang/NoSuchMethodError'{0x000000008d5ad5d0}: 'void java.lang.invoke.DelegatingMethodHandle$Holder.reinvoke_L(java.lang.Object, java.lang.Object, long)'> (0x000000008d5ad5d0) 
thrown [s\src\hotspot\share\interpreter\linkResolver.cpp, line 773]
Event: 1.752 Thread 0x0000023f7ecbf870 Implicit null exception at 0x0000023f70ee6233 to 0x0000023f70ee655c
Event: 1.752 Thread 0x0000023f7ecbf870 Exception <a 'java/lang/NoSuchMethodError'{0x000000008df30e58}: 'void java.lang.invoke.DirectMethodHandle$Holder.invokeSpecial(java.lang.Object, java.lang.Object, java.lang.Object)'> (0x000000008df30e58) 
thrown [s\src\hotspot\share\interpreter\linkResolver.cpp, line 773]
Event: 1.764 Thread 0x0000023f7ecbf870 Exception <a 'java/lang/NoSuchMethodError'{0x000000008df476e8}: 'long java.lang.invoke.Invokers$Holder.invokeExact_MT(java.lang.Object, java.lang.Object, java.lang.Object)'> (0x000000008df476e8) 
thrown [s\src\hotspot\share\interpreter\linkResolver.cpp, line 773]
Event: 2.439 Thread 0x0000023f5f2114e0 Exception <a 'java/lang/NoSuchMethodError'{0x000000008d6809a0}: 'void java.lang.invoke.DirectMethodHandle$Holder.invokeSpecial(java.lang.Object, java.lang.Object, java.lang.Object, java.lang.Object, java.lang.Object)'> (0x000000008d6809a0) 
thrown [s\src\hotspot\share\interpreter\linkResolver.cpp, line 773]
Event: 2.441 Thread 0x0000023f5f2114e0 Exception <a 'java/lang/NoSuchMethodError'{0x000000008d68db48}: 'void java.lang.invoke.DirectMethodHandle$Holder.invokeSpecial(java.lang.Object, java.lang.Object, int)'> (0x000000008d68db48) 
thrown [s\src\hotspot\share\interpreter\linkResolver.cpp, line 773]
Event: 2.442 Thread 0x0000023f5f2114e0 Exception <a 'java/lang/NoSuchMethodError'{0x000000008d6932a0}: 'java.lang.Object java.lang.invoke.DirectMethodHandle$Holder.newInvokeSpecial(java.lang.Object, java.lang.Object, int)'> (0x000000008d6932a0) 
thrown [s\src\hotspot\share\interpreter\linkResolver.cpp, line 773]
Event: 2.595 Thread 0x0000023f464b0960 Exception <a 'java/lang/NoSuchMethodError'{0x000000008cf57cd0}: 'java.lang.Object java.lang.invoke.DirectMethodHandle$Holder.newInvokeSpecial(java.lang.Object, float)'> (0x000000008cf57cd0) 
thrown [s\src\hotspot\share\interpreter\linkResolver.cpp, line 773]
Event: 2.621 Thread 0x0000023f4efdc2a0 Exception <a 'java/lang/NoSuchMethodError'{0x000000008cc34fa8}: 'void java.lang.invoke.DirectMethodHandle$Holder.invokeVirtual(java.lang.Object, java.lang.Object)'> (0x000000008cc34fa8) 
thrown [s\src\hotspot\share\interpreter\linkResolver.cpp, line 773]
Event: 11.568 Thread 0x0000023f4efdc2a0 Implicit null exception at 0x0000023f70f1e8ba to 0x0000023f70f1e8f8
Event: 11.568 Thread 0x0000023f4efdc2a0 Implicit null exception at 0x0000023f70f1ebba to 0x0000023f70f1ebf8
Event: 20.667 Thread 0x0000023f4efdc2a0 Implicit null exception at 0x0000023f70f3144a to 0x0000023f70f32be0
Event: 217.162 Thread 0x0000023f4efdc2a0 Implicit null exception at 0x0000023f71083164 to 0x0000023f71083234
Event: 250.932 Thread 0x0000023f464afc40 Exception <a 'java/lang/InterruptedException'{0x000000008ef00000}> (0x000000008ef00000) 
thrown [s\src\hotspot\share\runtime\objectMonitor.cpp, line 1648]

ZGC Phase Switch (0 events):
No events

VM Operations (20 events):
Event: 247.215 Executing VM operation: G1CollectForAllocation (G1 Evacuation Pause) done
Event: 247.412 Executing VM operation: G1CollectForAllocation (G1 Evacuation Pause)
Event: 247.414 Executing VM operation: G1CollectForAllocation (G1 Evacuation Pause) done
Event: 247.636 Executing VM operation: G1CollectForAllocation (G1 Evacuation Pause)
Event: 247.637 Executing VM operation: G1CollectForAllocation (G1 Evacuation Pause) done
Event: 248.251 Executing VM operation: G1CollectForAllocation (G1 Evacuation Pause)
Event: 248.254 Executing VM operation: G1CollectForAllocation (G1 Evacuation Pause) done
Event: 248.998 Executing VM operation: G1CollectForAllocation (G1 Evacuation Pause)
Event: 249.001 Executing VM operation: G1CollectForAllocation (G1 Evacuation Pause) done
Event: 249.183 Executing VM operation: G1CollectForAllocation (G1 Evacuation Pause)
Event: 249.184 Executing VM operation: G1CollectForAllocation (G1 Evacuation Pause) done
Event: 249.323 Executing VM operation: G1CollectForAllocation (G1 Evacuation Pause)
Event: 249.324 Executing VM operation: G1CollectForAllocation (G1 Evacuation Pause) done
Event: 249.476 Executing VM operation: G1CollectForAllocation (G1 Evacuation Pause)
Event: 249.478 Executing VM operation: G1CollectForAllocation (G1 Evacuation Pause) done
Event: 249.650 Executing VM operation: G1CollectForAllocation (G1 Evacuation Pause)
Event: 249.652 Executing VM operation: G1CollectForAllocation (G1 Evacuation Pause) done
Event: 250.386 Executing VM operation: G1CollectForAllocation (G1 Evacuation Pause)
Event: 250.389 Executing VM operation: G1CollectForAllocation (G1 Evacuation Pause) done
Event: 251.092 Executing VM operation: Exit

Events (20 events):
Event: 18.601 Thread 0x0000023fe6e3d050 Thread exited: 0x0000023fe6e3d050
Event: 20.700 Thread 0x0000023fe6a0c7e0 Thread added: 0x0000023fe6a0c7e0
Event: 21.643 Thread 0x0000023fe6a0c7e0 Thread exited: 0x0000023fe6a0c7e0
Event: 43.127 Thread 0x0000023f7eac8fd0 Thread added: 0x0000023f7eac8fd0
Event: 43.714 Thread 0x0000023f7eac8fd0 Thread exited: 0x0000023f7eac8fd0
Event: 250.932 Thread 0x0000023f464afc40 Thread exited: 0x0000023f464afc40
Event: 250.990 Thread 0x0000023f4e6737d0 Thread added: 0x0000023f4e6737d0
Event: 250.990 Thread 0x0000023f4e6772e0 Thread added: 0x0000023f4e6772e0
Event: 250.990 Thread 0x0000023f4e673e60 Thread added: 0x0000023f4e673e60
Event: 250.990 Thread 0x0000023f4e6765c0 Thread added: 0x0000023f4e6765c0
Event: 250.990 Thread 0x0000023f4e675f30 Thread added: 0x0000023f4e675f30
Event: 250.991 Thread 0x0000023f4e6765c0 Thread exited: 0x0000023f4e6765c0
Event: 250.991 Thread 0x0000023f4e672420 Thread added: 0x0000023f4e672420
Event: 250.992 Thread 0x0000023f4e675f30 Thread exited: 0x0000023f4e675f30
Event: 250.992 Thread 0x0000023f4e673e60 Thread exited: 0x0000023f4e673e60
Event: 250.993 Thread 0x0000023f464b02d0 Thread exited: 0x0000023f464b02d0
Event: 250.994 Thread 0x0000023f7debb700 Thread exited: 0x0000023f7debb700
Event: 251.028 Thread 0x0000023f7ecbf870 Thread exited: 0x0000023f7ecbf870
Event: 251.036 Thread 0x0000023f4e6772e0 Thread exited: 0x0000023f4e6772e0
Event: 251.091 Thread 0x0000023f4e6737d0 Thread exited: 0x0000023f4e6737d0


Dynamic libraries:
0x00007ff757d60000 - 0x00007ff757d6e000 	C:\Program Files\Eclipse Adoptium\jdk-21.0.2.13-hotspot\bin\java.exe
0x00007ffd7c5f0000 - 0x00007ffd7c807000 	C:\WINDOWS\SYSTEM32\ntdll.dll
0x00007ffd7ae50000 - 0x00007ffd7af14000 	C:\WINDOWS\System32\KERNEL32.DLL
0x00007ffd79aa0000 - 0x00007ffd79e4d000 	C:\WINDOWS\System32\KERNELBASE.dll
0x00007ffd79f00000 - 0x00007ffd7a011000 	C:\WINDOWS\System32\ucrtbase.dll
0x00007ffd6fe80000 - 0x00007ffd6fe9b000 	C:\Program Files\Eclipse Adoptium\jdk-21.0.2.13-hotspot\bin\VCRUNTIME140.dll
0x00007ffd5f1c0000 - 0x00007ffd5f1d8000 	C:\Program Files\Eclipse Adoptium\jdk-21.0.2.13-hotspot\bin\jli.dll
0x00007ffd7b880000 - 0x00007ffd7ba2e000 	C:\WINDOWS\System32\USER32.dll
0x00007ffd79ed0000 - 0x00007ffd79ef6000 	C:\WINDOWS\System32\win32u.dll
0x00007ffd614b0000 - 0x00007ffd61743000 	C:\WINDOWS\WinSxS\amd64_microsoft.windows.common-controls_6595b64144ccf1df_6.0.22621.3672_none_2713b9d173822955\COMCTL32.dll
0x00007ffd7b4a0000 - 0x00007ffd7b4c9000 	C:\WINDOWS\System32\GDI32.dll
0x00007ffd7aa30000 - 0x00007ffd7aad7000 	C:\WINDOWS\System32\msvcrt.dll
0x00007ffd7a020000 - 0x00007ffd7a139000 	C:\WINDOWS\System32\gdi32full.dll
0x00007ffd79910000 - 0x00007ffd799aa000 	C:\WINDOWS\System32\msvcp_win.dll
0x00007ffd7ba40000 - 0x00007ffd7ba71000 	C:\WINDOWS\System32\IMM32.DLL
0x00007ffd6cd00000 - 0x00007ffd6cd0c000 	C:\Program Files\Eclipse Adoptium\jdk-21.0.2.13-hotspot\bin\vcruntime140_1.dll
0x00007ffd3c0c0000 - 0x00007ffd3c14e000 	C:\Program Files\Eclipse Adoptium\jdk-21.0.2.13-hotspot\bin\msvcp140.dll
0x00007ffcc0c10000 - 0x00007ffcc1993000 	C:\Program Files\Eclipse Adoptium\jdk-21.0.2.13-hotspot\bin\server\jvm.dll
0x00007ffd7a320000 - 0x00007ffd7a3d2000 	C:\WINDOWS\System32\ADVAPI32.dll
0x00007ffd7ba90000 - 0x00007ffd7bb39000 	C:\WINDOWS\System32\sechost.dll
0x00007ffd79a70000 - 0x00007ffd79a98000 	C:\WINDOWS\System32\bcrypt.dll
0x00007ffd7a8b0000 - 0x00007ffd7a9c4000 	C:\WINDOWS\System32\RPCRT4.dll
0x00007ffd7ab40000 - 0x00007ffd7abb1000 	C:\WINDOWS\System32\WS2_32.dll
0x00007ffd787c0000 - 0x00007ffd7880d000 	C:\WINDOWS\SYSTEM32\POWRPROF.dll
0x00007ffd6f700000 - 0x00007ffd6f734000 	C:\WINDOWS\SYSTEM32\WINMM.dll
0x00007ffd6c280000 - 0x00007ffd6c28a000 	C:\WINDOWS\SYSTEM32\VERSION.dll
0x00007ffd787a0000 - 0x00007ffd787b3000 	C:\WINDOWS\SYSTEM32\UMPDC.dll
0x00007ffd78a50000 - 0x00007ffd78a68000 	C:\WINDOWS\SYSTEM32\kernel.appcore.dll
0x00007ffd6ccb0000 - 0x00007ffd6ccba000 	C:\Program Files\Eclipse Adoptium\jdk-21.0.2.13-hotspot\bin\jimage.dll
0x00007ffd76b60000 - 0x00007ffd76d92000 	C:\WINDOWS\SYSTEM32\DBGHELP.DLL
0x00007ffd7b4f0000 - 0x00007ffd7b87e000 	C:\WINDOWS\System32\combase.dll
0x00007ffd7abc0000 - 0x00007ffd7ac97000 	C:\WINDOWS\System32\OLEAUT32.dll
0x00007ffd5ec90000 - 0x00007ffd5ecc2000 	C:\WINDOWS\SYSTEM32\dbgcore.DLL
0x00007ffd79e50000 - 0x00007ffd79ecb000 	C:\WINDOWS\System32\bcryptPrimitives.dll
0x00007ffd3c080000 - 0x00007ffd3c0bc000 	C:\Program Files\Eclipse Adoptium\jdk-21.0.2.13-hotspot\bin\jdwp.dll
0x00007ffd5dcd0000 - 0x00007ffd5dcef000 	C:\Program Files\Eclipse Adoptium\jdk-21.0.2.13-hotspot\bin\java.dll
0x00007ffd7bba0000 - 0x00007ffd7c407000 	C:\WINDOWS\System32\SHELL32.dll
0x00007ffd778a0000 - 0x00007ffd7819f000 	C:\WINDOWS\SYSTEM32\windows.storage.dll
0x00007ffd77760000 - 0x00007ffd7789f000 	C:\WINDOWS\SYSTEM32\wintypes.dll
0x00007ffd7af20000 - 0x00007ffd7b019000 	C:\WINDOWS\System32\SHCORE.dll
0x00007ffd7a9d0000 - 0x00007ffd7aa2e000 	C:\WINDOWS\System32\shlwapi.dll
0x00007ffd79840000 - 0x00007ffd79867000 	C:\WINDOWS\SYSTEM32\profapi.dll
0x00007ffd3bfa0000 - 0x00007ffd3c077000 	C:\Program Files\Eclipse Adoptium\jdk-21.0.2.13-hotspot\bin\jsvml.dll
0x00007ffd6cc00000 - 0x00007ffd6cc0c000 	C:\Program Files\Eclipse Adoptium\jdk-21.0.2.13-hotspot\bin\dt_socket.dll
0x00007ffd783f0000 - 0x00007ffd7841d000 	C:\WINDOWS\SYSTEM32\IPHLPAPI.DLL
0x00007ffd78ec0000 - 0x00007ffd78f29000 	C:\WINDOWS\system32\mswsock.dll
0x00007ffd78420000 - 0x00007ffd78518000 	C:\WINDOWS\SYSTEM32\DNSAPI.dll
0x00007ffd7ab30000 - 0x00007ffd7ab39000 	C:\WINDOWS\System32\NSI.dll
0x00007ffd70b20000 - 0x00007ffd70b2a000 	C:\Windows\System32\rasadhlp.dll
0x00007ffd6fa60000 - 0x00007ffd6fae3000 	C:\WINDOWS\System32\fwpuclnt.dll
0x00007ffd5f1b0000 - 0x00007ffd5f1c0000 	C:\Program Files\Eclipse Adoptium\jdk-21.0.2.13-hotspot\bin\net.dll
0x00007ffd713f0000 - 0x00007ffd71526000 	C:\WINDOWS\SYSTEM32\WINHTTP.dll
0x00007ffd5d860000 - 0x00007ffd5d876000 	C:\Program Files\Eclipse Adoptium\jdk-21.0.2.13-hotspot\bin\nio.dll
0x00007ffd3c550000 - 0x00007ffd3c568000 	C:\Program Files\Eclipse Adoptium\jdk-21.0.2.13-hotspot\bin\zip.dll
0x00007ffcc64e0000 - 0x00007ffcc666d000 	C:\Program Files\Eclipse Adoptium\jdk-21.0.2.13-hotspot\bin\awt.dll
0x00007ffd6ed70000 - 0x00007ffd6ee07000 	C:\WINDOWS\SYSTEM32\apphelp.dll
0x00007ffd72ba0000 - 0x00007ffd72c51000 	C:\WINDOWS\system32\uxtheme.dll
0x00007ffd7a5a0000 - 0x00007ffd7a6fe000 	C:\WINDOWS\System32\MSCTF.dll
0x00007ffd7a700000 - 0x00007ffd7a8a5000 	C:\WINDOWS\System32\ole32.dll
0x00007ffd72df0000 - 0x00007ffd72e1b000 	C:\WINDOWS\system32\DWMAPI.DLL
0x00007ffd342e0000 - 0x00007ffd343e0000 	C:\WINDOWS\system32\opengl32.dll
0x00007ffd34270000 - 0x00007ffd3429d000 	C:\WINDOWS\SYSTEM32\GLU32.dll
0x00007ffd76de0000 - 0x00007ffd76e17000 	C:\WINDOWS\SYSTEM32\dxcore.dll
0x00007ffd79110000 - 0x00007ffd7912b000 	C:\WINDOWS\SYSTEM32\CRYPTSP.dll
0x00007ffd789b0000 - 0x00007ffd789e5000 	C:\WINDOWS\system32\rsaenh.dll
0x00007ffd78fb0000 - 0x00007ffd78fd8000 	C:\WINDOWS\SYSTEM32\USERENV.dll
0x00007ffd79130000 - 0x00007ffd7913c000 	C:\WINDOWS\SYSTEM32\CRYPTBASE.dll
0x000000006e8c0000 - 0x000000006e8cd000 	C:\Users\Sabien Wyseur\AppData\Local\Temp\jogamp_0000\file_cache\jln6166754559272819910\jln10633320220731615619\natives\windows-amd64\gluegen_rt.dll
0x00007ffd5d850000 - 0x00007ffd5d857000 	C:\Program Files\Eclipse Adoptium\jdk-21.0.2.13-hotspot\bin\jawt.dll
0x000000006a440000 - 0x000000006a44d000 	C:\Users\Sabien Wyseur\AppData\Local\Temp\jogamp_0000\file_cache\jln6166754559272819910\jln10633320220731615619\natives\windows-amd64\nativewindow_awt.dll
0x000000006c100000 - 0x000000006c110000 	C:\Users\Sabien Wyseur\AppData\Local\Temp\jogamp_0000\file_cache\jln6166754559272819910\jln10633320220731615619\natives\windows-amd64\nativewindow_win32.dll
0x0000000064500000 - 0x0000000064585000 	C:\Users\Sabien Wyseur\AppData\Local\Temp\jogamp_0000\file_cache\jln6166754559272819910\jln10633320220731615619\natives\windows-amd64\jogl_desktop.dll
0x0000000064340000 - 0x0000000064391000 	C:\Users\Sabien Wyseur\AppData\Local\Temp\jogamp_0000\file_cache\jln6166754559272819910\jln10633320220731615619\natives\windows-amd64\jogl_mobile.dll
0x00007ffd6c450000 - 0x00007ffd6c499000 	C:\WINDOWS\SYSTEM32\directxdatabasehelper.dll
0x00007ffd7ad90000 - 0x00007ffd7ae40000 	C:\WINDOWS\System32\clbcatq.dll
0x00007ffcbfc30000 - 0x00007ffcc0c08000 	C:\WINDOWS\System32\DriverStore\FileRepository\iigd_dch.inf_amd64_41eb30dc35333897\igxelpicd64.dll
0x00007ffd72ce0000 - 0x00007ffd72dd7000 	C:\WINDOWS\system32\dxgi.dll
0x00007ffcc6870000 - 0x00007ffcc69ae000 	C:\WINDOWS\System32\DriverStore\FileRepository\iigd_dch.inf_amd64_41eb30dc35333897\igdml64.dll
0x00007ffd65f80000 - 0x00007ffd66370000 	C:\WINDOWS\System32\DriverStore\FileRepository\iigd_dch.inf_amd64_41eb30dc35333897\igdgmm64.dll
0x00007ffd61910000 - 0x00007ffd65f54000 	C:\WINDOWS\System32\DriverStore\FileRepository\iigd_dch.inf_amd64_41eb30dc35333897\igc64.dll
0x0000000070d80000 - 0x0000000070d93000 	C:\Users\Sabien Wyseur\AppData\Local\Temp\jogamp_0000\file_cache\jln6166754559272819910\jln10633320220731615619\natives\windows-amd64\newt_head.dll
0x00007ffd704e0000 - 0x00007ffd7059d000 	C:\WINDOWS\SYSTEM32\mscms.dll
0x00007ffce24e0000 - 0x00007ffce252a000 	C:\WINDOWS\SYSTEM32\icm32.dll
0x00007ffd7b020000 - 0x00007ffd7b494000 	C:\WINDOWS\System32\setupapi.dll
0x00007ffd795d0000 - 0x00007ffd795fc000 	C:\WINDOWS\SYSTEM32\DEVOBJ.dll
0x00007ffd79600000 - 0x00007ffd7964e000 	C:\WINDOWS\SYSTEM32\cfgmgr32.dll
0x00007ffd7a140000 - 0x00007ffd7a1ab000 	C:\WINDOWS\System32\WINTRUST.dll
0x00007ffd7a1b0000 - 0x00007ffd7a316000 	C:\WINDOWS\System32\CRYPT32.dll
0x00007ffd79170000 - 0x00007ffd79182000 	C:\WINDOWS\SYSTEM32\MSASN1.dll
0x00007ffd6aa10000 - 0x00007ffd6ab53000 	C:\WINDOWS\SYSTEM32\textinputframework.dll
0x00007ffd6e960000 - 0x00007ffd6ea93000 	C:\WINDOWS\SYSTEM32\CoreMessaging.dll
0x00007ffd6bb20000 - 0x00007ffd6be8d000 	C:\WINDOWS\SYSTEM32\CoreUIComponents.dll
0x00007ffd52e20000 - 0x00007ffd52e89000 	C:\WINDOWS\system32\Oleacc.dll

dbghelp: loaded successfully - version: 4.0.5 - missing functions: none
symbol engine: initialized successfully - sym options: 0x614 - pdb path: .;C:\Program Files\Eclipse Adoptium\jdk-21.0.2.13-hotspot\bin;C:\WINDOWS\SYSTEM32;C:\WINDOWS\WinSxS\amd64_microsoft.windows.common-controls_6595b64144ccf1df_6.0.22621.3672_none_2713b9d173822955;C:\Program Files\Eclipse Adoptium\jdk-21.0.2.13-hotspot\bin\server;C:\Users\Sabien Wyseur\AppData\Local\Temp\jogamp_0000\file_cache\jln6166754559272819910\jln10633320220731615619\natives\windows-amd64;C:\WINDOWS\System32\DriverStore\FileRepository\iigd_dch.inf_amd64_41eb30dc35333897

VM Arguments:
jvm_args: -agentlib:jdwp=transport=dt_socket,server=n,suspend=y,address=localhost:58512 -XX:+ShowCodeDetailsInExceptionMessages 
java_command: Main
java_class_path (initial): C:\Users\Sabien Wyseur\AppData\Roaming\Code\User\workspaceStorage\3562488d343c3856dd70762c0173a47c\redhat.java\jdt_ws\20240425.001-Lines_8ebfa8f6\bin;c:\Users\Sabien Wyseur\OneDrive\Steven\Sketches Processing\_libraries\queasycam\hemesh\library\eclipse-collections-9.0.0.jar;c:\Users\Sabien Wyseur\OneDrive\Steven\Sketches Processing\_libraries\queasycam\hemesh\library\hemesh.jar;c:\Users\Sabien Wyseur\OneDrive\Steven\Sketches Processing\_libraries\processing-4.3\gluegen-rt-natives-linux-amd64.jar;c:\Users\Sabien Wyseur\OneDrive\Steven\Sketches Processing\_libraries\hemesh-2019.0.2\library\eclipse-collections-api-9.0.0.jar;c:\Users\Sabien Wyseur\OneDrive\Steven\Sketches Processing\_libraries\processing-4.3\jogl-all-natives-macosx-universal.jar;c:\Users\Sabien Wyseur\OneDrive\Steven\Sketches Processing\_libraries\hemesh-2019.0.2\library\hemesh-external-6_0_0.jar;c:\Users\Sabien Wyseur\OneDrive\Steven\Sketches Processing\_libraries\processing-4.3\jogl-all-natives-linux-i586.jar;c:\Users\Sabien Wyseur\OneDrive\Steven\Sketches Processing\_libraries\hemesh-2019.0.2\library\eclipse-collections-9.0.0.jar;c:\Users\Sabien Wyseur\OneDrive\Steven\Sketches Processing\_libraries\queasycam\library\queasycam.jar;c:\Users\Sabien Wyseur\OneDrive\Steven\Sketches Processing\_libraries\processing-4.3\jogl-all.jar;c:\Users\Sabien Wyseur\OneDrive\Steven\Sketches Processing\_libraries\queasycam\hemesh\library\javaluator-3.0.2.jar;c:\Users\Sabien Wyseur\OneDrive\Steven\Sketches Processing\_libraries\processing-4.3\gluegen-rt-natives-windows-amd64.jar;c:\Users\Sabien Wyseur\OneDrive\Steven\Sketches Processing\_libraries\hemesh-2019.0.2\library\hemesh.jar;c:\Users\Sabien Wyseur\OneDrive\Steven\Sketches Processing\_libraries\hemesh-2019.0.2\library\hemesh-data-3_0_0.jar;c:\Users\Sabien Wyseur\OneDrive\Steven\Sketches Processing\_libraries\hemesh-2019.0.2\library\javaluator-3.0.2.jar;c:\Users\Sabien Wyseur\OneDrive\Steven\Sketches Processing\_libraries\processing-4.3\gluegen-rt-natives-linux-aarch64.jar;c:\Users\Sabien Wyseur\OneDrive\Steven\Sketches Processing\_libraries\processing-4.3\gluegen-rt-natives-linux-armv6hf.jar;c:\Users\Sabien Wyseur\OneDrive\Steven\Sketches Processing\_libraries\processing-4.3\jogl-all-natives-linux-armv6hf.jar;c:\Users\Sabien Wyseur\OneDrive\Steven\Sketches Processing\_libraries\processing-4.3\jogl-all-natives-windows-amd64.jar;c:\Users\Sabien Wyseur\OneDrive\Steven\Sketches Processing\_libraries\processing-4.3\gluegen-rt.jar;c:\Users\Sabien Wyseur\OneDrive\Steven\Sketches Processing\_libraries\processing-4.3\core.jar;c:\Users\Sabien Wyseur\OneDrive\Steven\Sketches Processing\_libraries\processing-4.3\jogl-all-natives-linux-amd64.jar;c:\Users\Sabien Wyseur\OneDrive\Steven\Sketches Processing\_libraries\queasycam\hemesh\library\eclipse-collections-api-9.0.0.jar;c:\Users\Sabien Wyseur\OneDrive\Steven\Sketches Processing\_libraries\processing-4.3\jogl-all-natives-windows-i586.jar;c:\Users\Sabien Wyseur\OneDrive\Steven\Sketches Processing\_libraries\controlP5\library\controlP5.jar;c:\Users\Sabien Wyseur\OneDrive\Steven\Sketches Processing\_libraries\queasycam\hemesh\library\hemesh-data-3_0_0.jar;c:\Users\Sabien Wyseur\OneDrive\Steven\Sketches Processing\_libraries\processing-4.3\gluegen-rt-natives-macosx-universal.jar;c:\Users\Sabien Wyseur\OneDrive\Steven\Sketches Processing\_libraries\processing-4.3\gluegen-rt-natives-windows-i586.jar;c:\Users\Sabien Wyseur\OneDrive\Steven\Sketches Processing\_libraries\peasycam\library\peasy-math.jar;c:\Users\Sabien Wyseur\OneDrive\Steven\Sketches Processing\_libraries\processing-4.3\jogl-all-natives-linux-aarch64.jar;c:\Users\Sabien Wyseur\OneDrive\Steven\Sketches Processing\_libraries\queasycam\hemesh\library\hemesh-external-6_0_0.jar;c:\Users\Sabien Wyseur\OneDrive\Steven\Sketches Processing\_libraries\queasycam\hemesh\library\hemesh-lab.jar;c:\Users\Sabien Wyseur\OneDrive\Steven\Sketches Processing\_libraries\peasycam\library\peasycam.jar;c:\Users\Sabien Wyseur\OneDrive\Steven\Sketches Processing\_libraries\processing-4.3\gluegen-rt-natives-linux-i586.jar;c:\Users\Sabien Wyseur\OneDrive\Steven\Sketches Processing\_libraries\hemesh-2019.0.2\library\hemesh-lab.jar
Launcher Type: SUN_STANDARD

[Global flags]
     intx CICompilerCount                          = 4                                         {product} {ergonomic}
     uint ConcGCThreads                            = 2                                         {product} {ergonomic}
     uint G1ConcRefinementThreads                  = 8                                         {product} {ergonomic}
   size_t G1HeapRegionSize                         = 1048576                                   {product} {ergonomic}
    uintx GCDrainStackTargetSize                   = 64                                        {product} {ergonomic}
   size_t InitialHeapSize                          = 127926272                                 {product} {ergonomic}
   size_t MarkStackSize                            = 4194304                                   {product} {ergonomic}
   size_t MaxHeapSize                              = 2030043136                                {product} {ergonomic}
   size_t MaxNewSize                               = 1217396736                                {product} {ergonomic}
   size_t MinHeapDeltaBytes                        = 1048576                                   {product} {ergonomic}
   size_t MinHeapSize                              = 8388608                                   {product} {ergonomic}
    uintx NonNMethodCodeHeapSize                   = 5839372                                {pd product} {ergonomic}
    uintx NonProfiledCodeHeapSize                  = 122909434                              {pd product} {ergonomic}
    uintx ProfiledCodeHeapSize                     = 122909434                              {pd product} {ergonomic}
    uintx ReservedCodeCacheSize                    = 251658240                              {pd product} {ergonomic}
     bool SegmentedCodeCache                       = true                                      {product} {ergonomic}
     bool ShowCodeDetailsInExceptionMessages       = true                                   {manageable} {command line}
   size_t SoftMaxHeapSize                          = 2030043136                             {manageable} {ergonomic}
     bool UseCompressedOops                        = true                           {product lp64_product} {ergonomic}
     bool UseG1GC                                  = true                                      {product} {ergonomic}
     bool UseLargePagesIndividualAllocation        = false                                  {pd product} {ergonomic}

Logging:
Log output configuration:
 #0: stdout all=off uptime,level,tags foldmultilines=false
 #1: stderr all=off uptime,level,tags foldmultilines=false

Environment Variables:
JAVA_HOME=C:\Program Files\Eclipse Adoptium\jdk-21.0.2.13-hotspot\
PATH=C:\Program Files\Common Files\Oracle\Java\javapath;C:\Program Files\Eclipse Adoptium\jdk-21.0.2.13-hotspot\bin;C:\Python312\Scripts\;C:\Python312\;C:\WINDOWS\system32;C:\WINDOWS;C:\WINDOWS\System32\Wbem;C:\WINDOWS\System32\WindowsPowerShell\v1.0\;C:\WINDOWS\System32\OpenSSH\;C:\Program Files\Microsoft SQL Server\Client SDK\ODBC\110\Tools\Binn\;C:\Program Files (x86)\Microsoft SQL Server\120\Tools\Binn\;C:\Program Files\Microsoft SQL Server\120\Tools\Binn\;C:\Program Files\Microsoft SQL Server\120\DTS\Binn\;C:\Program Files (x86)\Microsoft SQL Server\120\Tools\Binn\ManagementStudio\;C:\Program Files (x86)\Microsoft SQL Server\120\DTS\Binn\;C:\Program Files\nodejs\;C:\ProgramData\chocolatey\bin;C:\Program Files\Microsoft VS Code\bin;C:\Program Files (x86)\HP\Common\HPDestPlgIn\;C:\Program Files\Git\cmd;C:\Users\Sabien Wyseur\AppData\Local\Microsoft\WindowsApps;C:\Users\Sabien Wyseur\AppData\Roaming\npm;C:\Program Files (x86)\HP\Common\HPDestPlgIn\
USERNAME=Sabien Wyseur
LANG=en_US.UTF-8
OS=Windows_NT
PROCESSOR_IDENTIFIER=Intel64 Family 6 Model 140 Stepping 1, GenuineIntel
TMP=C:\Users\SABIEN~1\AppData\Local\Temp
TEMP=C:\Users\SABIEN~1\AppData\Local\Temp




Periodic native trim disabled

---------------  S Y S T E M  ---------------

OS:
 Windows 11 , 64 bit Build 22621 (10.0.22621.3958)
OS uptime: 0 days 4:12 hours

CPU: total 8 (initial active 8) (4 cores per cpu, 2 threads per core) family 6 model 140 stepping 1 microcode 0x56, cx8, cmov, fxsr, ht, mmx, 3dnowpref, sse, sse2, sse3, ssse3, sse4.1, sse4.2, popcnt, lzcnt, tsc, tscinvbit, avx, avx2, aes, erms, clmul, bmi1, bmi2, adx, avx512f, avx512dq, avx512cd, avx512bw, avx512vl, sha, fma, vzeroupper, avx512_vpopcntdq, avx512_vpclmulqdq, avx512_vaes, avx512_vnni, clflush, clflushopt, clwb, avx512_vbmi2, avx512_vbmi, rdtscp, rdpid, fsrm, gfni, avx512_bitalg, f16c, pku, cet_ibt, cet_ss, avx512_ifma
Processor Information for all 8 processors :
  Max Mhz: 2419, Current Mhz: 2419, Mhz Limit: 2419

Memory: 4k page, system-wide physical 7739M (915M free)
TotalPageFile size 15726M (AvailPageFile size 2262M)
current process WorkingSet (physical memory assigned to process): 1937M, peak: 2168M
current process commit charge ("private bytes"): 727M, peak: 807M

vm_info: OpenJDK 64-Bit Server VM (21.0.2+13-LTS) for windows-amd64 JRE (21.0.2+13-LTS), built on 2024-01-16T00:00:00Z by "admin" with unknown MS VC++:1937

END.
